number,value,datetime_start,datetime_complete,duration,params_batch_size,params_class_dim,params_epochs,params_l2scale,params_num_channels,params_random_dim,user_attrs_corr_similarity,user_attrs_dcr,user_attrs_dcr_norm,user_attrs_fidelity,user_attrs_ks_similarity,user_attrs_mean_f1_gap,user_attrs_mean_trtr_f1,user_attrs_mean_tstr_f1,user_attrs_mia_auc,user_attrs_nndr,user_attrs_nndr_norm,user_attrs_objective,user_attrs_privacy_risk,user_attrs_sdv_quality,user_attrs_utility,user_attrs_w_fidelity,user_attrs_w_privacy_risk,user_attrs_w_utility,state
0,0.49446528260368033,2026-09-02 18:04:03.039243,2026-09-02 18:04:15.607503,0 days 00:00:12.568260,50,"[256, 256, 256, 256]",175,2.6587543983272713e-06,32,50,0.8040926636311514,2.108920254393097,0.0,0.7764213318155757,0.74875,0.18586912195147023,0.32320184383699385,0.1373327218855236,0.9871527777777778,0.949327940596931,0.949327940596931,0.49446528260368033,0.7087780067098095,,0.8141308780485298,0.4,0.2,0.4,COMPLETE
1,0.5211142685764194,2026-09-02 18:04:15.607912,2026-09-02 18:05:41.174306,0 days 00:01:25.566394,500,"[256, 256, 256, 256]",125,1.0677482709481361e-05,128,150,0.8742848111361243,2.0214400891503828,0.0,0.8250401328407895,0.7757954545454545,0.16874215485002408,0.32320184383699385,0.15445968898696974,0.9838888888888888,0.9497327711500346,0.9497327711500346,0.5211142685764194,0.707024613099434,,0.8312578451499759,0.4,0.2,0.4,COMPLETE
2,0.48645876116699016,2026-09-02 18:05:41.174713,2026-09-02 18:05:57.733863,0 days 00:00:16.559150,100,"[128, 128, 128]",225,9.780337016659406e-06,32,150,0.8202001682796164,2.141378065199335,0.0,0.8020887205034446,0.7839772727272727,0.2335429170818922,0.32320184383699385,0.08965892675510166,0.9842708333333333,0.9577920521950424,0.9577920521950424,0.48645876116699016,0.7047978010081539,,0.7664570829181078,0.4,0.2,0.4,COMPLETE
3,0.4959913902804388,2026-09-02 18:05:57.734314,2026-09-02 18:06:07.564363,0 days 00:00:09.830049,50,"[128, 128, 128]",100,6.97828126512603e-05,64,150,0.8123188605186008,2.0161512503491084,0.0,0.7903071575320277,0.7682954545454546,0.20059440417078442,0.32320184383699385,0.12260743966620939,0.968888888888889,0.9499196304138389,0.9499196304138389,0.4959913902804388,0.6994685553202928,,0.7994055958292156,0.4,0.2,0.4,COMPLETE
4,0.5393797250143552,2026-09-02 18:06:07.564766,2026-09-02 18:07:17.282641,0 days 00:01:09.717875,500,"[256, 256, 256, 256]",100,9.413993046829939e-05,128,150,0.8858888905484364,1.940463498175796,0.0,0.8501603543651273,0.8144318181818182,0.15235199652464348,0.32320184383699385,0.1708498473123503,0.9669965277777778,0.9492672442656556,0.9492672442656556,0.5393797250143552,0.6987180906091922,,0.8476480034753565,0.4,0.2,0.4,COMPLETE
5,0.574391910506191,2026-09-02 18:07:17.283151,2026-09-02 18:08:15.500274,0 days 00:00:58.217123,500,"[128, 128, 128]",250,1.3400367243354813e-06,64,150,0.8896367527804634,1.7151988931141484,0.0,0.8760683763902317,0.8625,0.1043310698828489,0.32320184383699385,0.21887077395414492,0.910329861111111,0.9454995669058173,0.9454995669058173,0.574391910506191,0.6715150604838103,,0.8956689301171511,0.4,0.2,0.4,COMPLETE
6,0.5381734278100985,2026-09-02 18:08:15.500703,2026-09-02 18:08:31.346346,0 days 00:00:15.845643,100,"[128, 128, 128]",150,7.1627869998973385e-06,64,50,0.8573145325511874,1.8724995607585848,0.0,0.8417822662755937,0.82625,0.15201168831419812,0.32320184383699385,0.17119015552279568,0.9489756944444445,0.9527127678330763,0.9527127678330763,0.5381734278100985,0.6886740168722993,,0.8479883116858019,0.4,0.2,0.4,COMPLETE
7,0.5067147568175464,2026-09-02 18:08:31.346694,2026-09-02 18:09:39.772215,0 days 00:01:08.425521,500,"[512, 512, 512]",100,2.101079931010356e-06,128,150,0.8654293947351868,2.0602002222095455,0.0,0.8152715155494117,0.7651136363636365,0.19493916835630162,0.32320184383699385,0.12826267548069223,0.9859027777777778,0.9528682619680016,0.9528682619680016,0.5067147568175464,0.7070909102984884,,0.8050608316436983,0.4,0.2,0.4,COMPLETE
8,0.5549400365786901,2026-09-02 18:09:39.772655,2026-09-02 18:12:58.861445,0 days 00:03:19.088790,500,"[128, 128, 128]",300,7.1485107935129825e-06,128,150,0.9061213781509772,1.8004836618353404,0.0,0.8556743254391249,0.8052272727272727,0.12108844056896388,0.32320184383699385,0.20211340326802996,0.9542708333333334,0.942212766065982,0.942212766065982,0.5549400365786901,0.694471586846872,,0.8789115594310362,0.4,0.2,0.4,COMPLETE
9,0.5310593693933944,2026-09-02 18:12:58.861853,2026-09-02 18:13:22.065729,0 days 00:00:23.203876,50,"[256, 256, 256, 256]",275,8.781408196485981e-05,64,50,0.8977718432127865,1.9114228386726824,0.0,0.8490563761518477,0.800340909090909,0.17279680348231888,0.32320184383699385,0.15040504035467492,0.9634027777777778,0.9482636350560094,0.9482636350560094,0.5310593693933944,0.6972222983720862,,0.8272031965176811,0.4,0.2,0.4,COMPLETE
10,0.5439742407338419,2026-09-02 18:13:22.066107,2026-09-02 18:14:14.920346,0 days 00:00:52.854239,500,"[512, 512, 512]",225,2.9268245473084264e-05,64,100,0.8999185181601171,1.8748752142852165,0.0,0.8442206227164222,0.7885227272727273,0.13700572034496108,0.32320184383699385,0.18619612349203274,0.9542534722222222,0.9418937834579943,0.9418937834579943,0.5439742407338419,0.6945586010737128,,0.8629942796550389,0.4,0.2,0.4,COMPLETE
11,0.5676904855482479,2026-09-02 18:14:14.920794,2026-09-02 18:17:33.601109,0 days 00:03:18.680315,500,"[128, 128, 128]",300,1.0355357129930144e-06,128,100,0.9128955932293005,1.7769474879297158,0.0,0.8464477966146502,0.78,0.0845330750236446,0.32320184383699385,0.23866876881334922,0.9350694444444445,0.9405256892714992,0.9405256892714992,0.5676904855482479,0.6853770154407726,,0.9154669249763554,0.4,0.2,0.4,COMPLETE
12,0.5646847585477888,2026-09-02 18:17:33.601513,2026-09-02 18:20:18.472492,0 days 00:02:44.870979,500,"[128, 128, 128]",250,1.0195436173357483e-06,128,100,0.9015786591257435,1.5930739104624427,0.0,0.8904484204719627,0.8793181818181818,0.14029887945558664,0.32320184383699385,0.18290296438140718,0.9157118055555555,0.9366020449465651,0.9366020449465651,0.5646847585477888,0.6768752892938082,,0.8597011205444134,0.4,0.2,0.4,COMPLETE
13,0.5534149043895743,2026-09-02 18:20:18.472907,2026-09-02 18:21:25.977878,0 days 00:01:07.504971,500,"[128, 128, 128]",300,1.143968919663086e-06,64,100,0.8954386128629525,1.7146847334511897,0.0,0.8634579427951126,0.8314772727272728,0.13326891023685017,0.32320184383699385,0.18993293360014366,0.9529687499999999,0.9439361061044884,0.9439361061044884,0.5534149043895743,0.6933035431686534,,0.8667310897631498,0.4,0.2,0.4,COMPLETE
14,0.5460266704060593,2026-09-02 18:21:25.978273,2026-09-02 18:21:56.490740,0 days 00:00:30.512467,500,"[128, 128, 128]",250,2.484676499916695e-06,32,100,0.8805821400508392,1.805657915721023,0.0,0.8389842518436015,0.7973863636363636,0.1214898900684902,0.32320184383699385,0.2017119537685036,0.97859375,0.9481383449335788,0.9481383449335788,0.5460266704060593,0.7048553715199264,,0.8785101099315098,0.4,0.2,0.4,COMPLETE
15,0.550291719538908,2026-09-02 18:21:56.491228,2026-09-02 18:22:48.509672,0 days 00:00:52.018444,100,"[128, 128, 128]",275,1.6747586670819938e-06,128,100,0.8904539991909295,1.8030410350013384,0.0,0.8498292723227375,0.8092045454545456,0.1330656072920283,0.32320184383699385,0.19013623654496556,0.9344097222222223,0.9504537624807736,0.9504537624807736,0.550291719538908,0.682068732366879,,0.8669343927079717,0.4,0.2,0.4,COMPLETE
16,0.5550636811737104,2026-09-02 18:22:48.509899,2026-09-02 18:23:35.445597,0 days 00:00:46.935698,500,"[512, 512, 512]",200,4.139615895605679e-06,64,100,0.9047497219650859,1.7541789077925074,0.0,0.8688521337098157,0.8329545454545456,0.13310653817249896,0.32320184383699385,0.19009530566449487,0.9584201388888889,0.9434576141278758,0.9434576141278758,0.5550636811737104,0.6961727852060817,,0.866893461827501,0.4,0.2,0.4,COMPLETE
17,0.5359178814791452,2026-09-02 18:23:35.445893,2026-09-02 18:26:37.203683,0 days 00:03:01.757790,500,"[128, 128, 128]",275,3.7654648590342243e-06,128,150,0.899672386761388,1.767447908472254,0.0,0.8312566479261485,0.7628409090909091,0.13746347847345422,0.32320184383699385,0.1857383653635396,0.9841493055555556,0.9469257375603843,0.9469257375603843,0.5359178814791452,0.7079969315096626,,0.8625365215265458,0.4,0.2,0.4,COMPLETE
18,0.5525469537825886,2026-09-02 18:26:37.204234,2026-09-02 18:27:05.986167,0 days 00:00:28.781933,100,"[128, 128, 128]",300,1.4359968535309522e-06,64,100,0.8950976567981132,1.904975921064643,0.0,0.8665829193081475,0.8380681818181818,0.13361893501566996,0.32320184383699385,0.18958290882132386,0.9764930555555555,0.9501777603525514,0.9501777603525514,0.5525469537825886,0.7031931996720124,,0.86638106498433,0.4,0.2,0.4,COMPLETE
19,0.4785427268734438,2026-09-02 18:27:05.986607,2026-09-02 18:27:22.857517,0 days 00:00:16.870910,50,"[512, 512, 512]",250,4.1862808189515845e-06,32,50,0.8057963018696754,2.1938642971254576,0.0,0.7701140600257468,0.7344318181818182,0.22242276679563835,0.32320184383699385,0.10077907704135547,0.9795659722222222,0.9570467800603768,0.9570467800603768,0.4785427268734438,0.7026689520929981,,0.7775772332043617,0.4,0.2,0.4,COMPLETE
