number,value,datetime_start,datetime_complete,duration,params_batch_size,params_compress_dims,params_decompress_dims,params_embedding_dim,params_epochs,params_l2scale,params_loss_factor,user_attrs_corr_similarity,user_attrs_dcr,user_attrs_dcr_norm,user_attrs_fidelity,user_attrs_ks_similarity,user_attrs_mean_f1_gap,user_attrs_mean_trtr_f1,user_attrs_mean_tstr_f1,user_attrs_mia_auc,user_attrs_nndr,user_attrs_nndr_norm,user_attrs_objective,user_attrs_privacy_risk,user_attrs_sdv_quality,user_attrs_utility,user_attrs_w_fidelity,user_attrs_w_privacy_risk,user_attrs_w_utility,state
0,0.6174375718752256,2026-09-02 14:21:51.938283,2026-09-02 14:22:27.772488,0 days 00:00:35.834205,100,"[256, 256]","[128, 128, 128]",128,450,3.752055855124284e-05,5,0.9232838477600525,1.726725954895417,0.0,0.9094097810228834,0.8955357142857142,0.046105667344625324,0.8252703000882612,0.7791646327436359,0.8232465277777778,0.9073429863616679,0.9073429863616679,0.6174375718752256,0.6394203679803886,,0.9538943326553747,0.4,0.2,0.4,COMPLETE
1,0.574484007555879,2026-09-02 14:22:27.772745,2026-09-02 14:22:42.420023,0 days 00:00:14.647278,500,"[128, 128, 128]","[64, 64]",256,350,2.091498132903561e-05,10,0.9252637461640811,1.5364379023616808,0.0,0.8455783016534691,0.7658928571428572,0.05421881401236176,0.8252703000882612,0.7710514860758995,0.9700868055555557,0.9158148842498597,0.9158148842498597,0.574484007555879,0.7102989375028199,,0.9457811859876383,0.4,0.2,0.4,COMPLETE
2,0.46251480397899836,2026-09-02 14:22:42.420309,2026-09-02 14:23:03.617623,0 days 00:00:21.197314,100,"[256, 256]","[128, 128, 128]",64,300,6.516990611177181e-06,1,0.8090576719250716,1.5280265477779502,0.0,0.756046693105393,0.7030357142857143,0.23615044298059926,0.8252703000882612,0.589119857107662,0.9910243055555555,0.894312241410608,0.894312241410608,0.46251480397899836,0.7272184803545954,,0.7638495570194007,0.4,0.2,0.4,COMPLETE
3,0.5726828981671601,2026-09-02 14:23:03.617948,2026-09-02 14:23:12.386918,0 days 00:00:08.768970,500,"[128, 128]","[128, 128]",128,200,1.5512259126484753e-06,5,0.9157855765913347,1.5447852636950097,0.0,0.8659285025813817,0.8160714285714287,0.0830485658375415,0.8252703000882612,0.7422217342507197,0.9482812500000001,0.9059841411604008,0.9059841411604008,0.5726828981671601,0.7023453826518797,,0.9169514341624585,0.4,0.2,0.4,COMPLETE
4,0.5707593536050323,2026-09-02 14:23:12.387161,2026-09-02 14:23:28.601123,0 days 00:00:16.213962,1000,"[64, 64]","[128, 128, 128]",64,900,5.595986878006084e-06,2,0.9077928049720834,1.5677287537634548,0.0,0.8452356882003275,0.7826785714285716,0.05911323259492359,0.8252703000882612,0.7661570674933378,0.9747222222222223,0.8963765597515485,0.8963765597515485,0.5707593536050323,0.7184481431856466,,0.9408867674050764,0.4,0.2,0.4,COMPLETE
5,0.5838843593846725,2026-09-02 14:23:28.601357,2026-09-02 14:23:45.050007,0 days 00:00:16.448650,200,"[256, 256]","[128, 128, 128]",256,350,0.00038211294416912254,2,0.9234231583850455,1.5338678613957044,0.0,0.8754615791925228,0.8275,0.06608942719771098,0.8252703000882612,0.7591808728905503,0.9455729166666667,0.9115465042235736,0.9115465042235736,0.5838843593846725,0.6993225070662612,,0.9339105728022891,0.4,0.2,0.4,COMPLETE
6,0.5097622464659864,2026-09-02 14:23:45.050252,2026-09-02 14:23:56.816477,0 days 00:00:11.766225,200,"[128, 128]","[128, 128]",128,200,6.85392570885306e-06,1,0.9017787248215622,1.7060634998324802,0.0,0.7821393624107811,0.6624999999999999,0.14380260573811923,0.8252703000882612,0.681467694350142,0.9998090277777777,0.9068074429116573,0.9068074429116573,0.5097622464659864,0.7278622810153916,,0.8561973942618808,0.4,0.2,0.4,COMPLETE
7,0.6006421613921222,2026-09-02 14:23:56.816917,2026-09-02 14:24:21.189900,0 days 00:00:24.372983,500,"[256, 256]","[128, 128, 128]",32,1000,1.1214075785991133e-06,5,0.9239039872501948,1.6360844973389366,0.0,0.8951662793393833,0.8664285714285717,0.054238817727875234,0.8252703000882612,0.7710314823603861,0.9008854166666665,0.9059953069030945,0.9059953069030945,0.6006421613921222,0.678644116262405,,0.9457611822721248,0.4,0.2,0.4,COMPLETE
8,0.5778048688554951,2026-09-02 14:24:21.190391,2026-09-02 14:24:52.613911,0 days 00:00:31.423520,200,"[128, 128]","[128, 128, 128]",64,750,7.930569433855143e-05,10,0.9097650964993819,1.6070116800310226,0.0,0.8805075482496909,0.8512500000000001,0.09552951923473892,0.8252703000882612,0.7297407808535223,0.9097395833333333,0.9131269263807937,0.9131269263807937,0.5778048688554951,0.6809317137524284,,0.904470480765261,0.4,0.2,0.4,COMPLETE
9,0.6069143404261382,2026-09-02 14:24:52.614407,2026-09-02 14:26:02.221697,0 days 00:01:09.607290,100,"[64, 64]","[128, 128, 128]",32,900,5.149288946949016e-06,10,0.9335263616531453,1.8025701722334528,0.0,0.8933703236837155,0.8532142857142857,0.058683783034204774,0.8252703000882612,0.7665865170540566,0.8200347222222222,0.9173866064759358,0.9173866064759358,0.6069143404261382,0.6348013791683303,,0.9413162169657953,0.4,0.2,0.4,COMPLETE
10,0.618286810976799,2026-09-02 14:26:02.222216,2026-09-02 14:26:49.270684,0 days 00:00:47.048468,100,"[128, 128, 128]","[256, 256]",128,600,0.0005284384205738843,5,0.9483617569088516,1.8212352654050616,0.0,0.9155201641687116,0.8826785714285715,0.06918498380686655,0.8252703000882612,0.7560853162813946,0.7509895833333333,0.9141949527565731,0.9141949527565731,0.618286810976799,0.6012363058396948,,0.9308150161931334,0.4,0.2,0.4,COMPLETE
11,0.6288782096629741,2026-09-02 14:26:49.271267,2026-09-02 14:27:32.494682,0 days 00:00:43.223415,100,"[128, 128, 128]","[256, 256]",128,550,0.0007312860779580505,5,0.9396972552596999,1.7978249600113165,0.0,0.9102950562012786,0.8808928571428571,0.0471472543865562,0.8252703000882612,0.7781230457017051,0.7107812499999999,0.9116202322847525,0.9116202322847525,0.6288782096629741,0.5819045553145742,,0.9528527456134438,0.4,0.2,0.4,COMPLETE
12,0.6235223974164195,2026-09-02 14:27:32.495120,2026-09-02 14:28:19.099782,0 days 00:00:46.604662,100,"[128, 128, 128]","[256, 256]",128,600,0.0008075174039231561,5,0.9535916079470228,1.7355816328638514,0.0,0.9354565182592257,0.9173214285714286,0.0812542857223159,0.8252703000882612,0.7440160143659454,0.7276562500000001,0.910118823360925,0.910118823360925,0.6235223974164195,0.5907924779917226,,0.9187457142776841,0.4,0.2,0.4,COMPLETE
13,0.6496931665441271,2026-09-02 14:28:19.100268,2026-09-02 14:29:05.902410,0 days 00:00:46.802142,100,"[128, 128, 128]","[256, 256]",128,600,0.0009670505629097786,5,0.9564688627871762,1.7354363526399084,0.0,0.9298415742507309,0.9032142857142856,0.01836114003970409,0.8252703000882612,0.8069091600485572,0.6944618055555557,0.9091195569211986,0.9091195569211986,0.6496931665441271,0.5744950357014182,,0.9816388599602959,0.4,0.2,0.4,COMPLETE
14,0.5603436999246453,2026-09-02 14:29:05.902818,2026-09-02 14:29:15.897805,0 days 00:00:09.994987,1000,"[128, 128, 128]","[256, 256]",128,550,0.0002486397203803426,5,0.9172044750856205,1.5369388541238926,0.0,0.8584236661142388,0.7996428571428572,0.10703433289653393,0.8252703000882612,0.7182359671917272,0.9501388888888889,0.913364258774203,0.913364258774203,0.5603436999246453,0.7010601668121836,,0.892965667103466,0.4,0.2,0.4,COMPLETE
15,0.6323073564969578,2026-09-02 14:29:15.898095,2026-09-02 14:30:10.424858,0 days 00:00:54.526763,100,"[128, 128, 128]","[256, 256]",128,700,0.0001922280863901384,5,0.9512733864312432,1.7151747527044723,0.0,0.9370652646441929,0.9228571428571427,0.06784182896310764,0.8252703000882612,0.7574284711251537,0.7047569444444445,0.9182279444828003,0.9182279444828003,0.6323073564969578,0.5769100888773822,,0.9321581710368924,0.4,0.2,0.4,COMPLETE
16,0.6332807015992516,2026-09-02 14:30:10.425321,2026-09-02 14:31:08.113542,0 days 00:00:57.688221,100,"[128, 128, 128]","[256, 256]",128,750,0.0001603355857859286,5,0.9523112273282771,1.8555530723324625,0.0,0.9237448993784243,0.8951785714285715,0.050385811639416356,0.8252703000882612,0.7748844884488449,0.7064236111111111,0.9096571269126594,0.9096571269126594,0.6332807015992516,0.5803146674817576,,0.9496141883605836,0.4,0.2,0.4,COMPLETE
17,0.5703342036898599,2026-09-02 14:31:08.113948,2026-09-02 14:32:06.288983,0 days 00:00:58.175035,100,"[128, 128, 128]","[64, 64]",256,750,0.00013116452991056198,1,0.8919906505539843,1.6352983728185446,0.0,0.833227468134135,0.7744642857142857,0.05022876560327142,0.8252703000882612,0.7750415344849898,0.9779166666666668,0.9154398224030194,0.9154398224030194,0.5703342036898599,0.7143263866124276,,0.9497712343967286,0.4,0.2,0.4,COMPLETE
18,0.5957303518270061,2026-09-02 14:32:06.289418,2026-09-02 14:32:22.323442,0 days 00:00:16.034024,1000,"[128, 128, 128]","[256, 256]",32,850,7.034547569976803e-05,2,0.907703867182693,1.6139507378242381,0.0,0.8812626478770609,0.8548214285714286,0.05017037716598264,0.8252703000882612,0.7750999229222786,0.9186458333333333,0.9193004479318005,0.9193004479318005,0.5957303518270061,0.6835327822871264,,0.9498296228340174,0.4,0.2,0.4,COMPLETE
19,0.6223172439347056,2026-09-02 14:32:22.323811,2026-09-02 14:33:15.860452,0 days 00:00:53.536641,100,"[64, 64]","[256, 256]",128,700,0.0009822652868778617,5,0.9381418116300179,1.8471238213168502,0.0,0.9227316201007232,0.9073214285714286,0.07511787791407976,0.8252703000882612,0.7501524221741814,0.7203993055555556,0.9218612935933965,0.9218612935933965,0.6223172439347056,0.5836412646997589,,0.9248821220859202,0.4,0.2,0.4,COMPLETE
