number,value,datetime_start,datetime_complete,duration,params_batch_size,params_compress_dims,params_decompress_dims,params_embedding_dim,params_epochs,params_l2scale,params_loss_factor,user_attrs_corr_similarity,user_attrs_dcr,user_attrs_dcr_norm,user_attrs_fidelity,user_attrs_ks_similarity,user_attrs_mean_f1_gap,user_attrs_mean_trtr_f1,user_attrs_mean_tstr_f1,user_attrs_mia_auc,user_attrs_nndr,user_attrs_nndr_norm,user_attrs_objective,user_attrs_privacy_risk,user_attrs_sdv_quality,user_attrs_utility,user_attrs_w_fidelity,user_attrs_w_privacy_risk,user_attrs_w_utility,state
0,0.5809661820786314,2026-08-24 14:03:22.415165,2026-08-24 14:03:53.928661,0 days 00:00:31.513496,100,"[256, 256]","[128, 128, 128]",128,450,3.752055855124284e-05,5,0.9124320133121486,1.4321567193963416,0.0,0.8646981495132171,0.8169642857142857,0.06299675186818361,0.8377876505675849,0.7747908986994013,0.9222222222222222,0.8751307540473356,0.8751307540473356,0.5809661820786314,0.6985718848969105,,0.9370032481318163,0.4,0.2,0.4,COMPLETE
1,0.5601998755586676,2026-08-24 14:03:53.928899,2026-08-24 14:04:04.729408,0 days 00:00:10.800509,500,"[128, 128, 128]","[64, 64]",256,350,2.091498132903561e-05,10,0.9099270798372848,1.012296521077634,0.0,0.8514813970614996,0.7930357142857144,0.08885101030800158,0.8377876505675849,0.7489366402595833,0.9693229166666667,0.8680002087322501,0.8680002087322501,0.5601998755586676,0.7242613957136583,,0.9111489896919984,0.4,0.2,0.4,COMPLETE
2,0.5576613139491178,2026-08-24 14:04:04.729674,2026-08-24 14:04:26.749577,0 days 00:00:22.019903,100,"[256, 256]","[128, 128, 128]",64,300,6.516990611177181e-06,1,0.8731580232339187,0.8898965278405988,0.0,0.8361325830455308,0.7991071428571429,0.06677385112063365,0.8377876505675849,0.7710137994469513,0.9806944444444445,0.7997877603933902,0.7997877603933902,0.5576613139491178,0.7504108941042051,,0.9332261488793664,0.4,0.2,0.4,COMPLETE
3,0.5421319956825899,2026-08-24 14:04:26.750001,2026-08-24 14:04:34.351606,0 days 00:00:07.601605,500,"[128, 128]","[128, 128]",128,200,1.5512259126484753e-06,5,0.9272431696301445,0.9375755278451029,0.0,0.8428180133865009,0.7583928571428571,0.11480523727447238,0.8377876505675849,0.7229824132931125,0.9923263888888889,0.8359920687777892,0.8359920687777892,0.5421319956825899,0.7453655738111078,,0.8851947627255277,0.4,0.2,0.4,COMPLETE
4,0.5644528860511002,2026-08-24 14:04:34.351833,2026-08-24 14:04:48.739682,0 days 00:00:14.387849,1000,"[64, 64]","[128, 128, 128]",64,900,5.595986878006084e-06,2,0.8936868330300145,1.384190431668174,0.0,0.8502362736578644,0.8067857142857143,0.07744823851307236,0.8377876505675849,0.7603394120545125,0.9736805555555557,0.8784287924789818,0.8784287924789818,0.5644528860511002,0.7233116400340833,,0.9225517614869276,0.4,0.2,0.4,COMPLETE
5,0.5494794800262189,2026-08-24 14:04:48.739923,2026-08-24 14:05:01.185017,0 days 00:00:12.445094,200,"[256, 256]","[128, 128, 128]",256,350,0.00038211294416912254,2,0.8653608869791382,0.9729514485781197,0.0,0.8302697292038548,0.7951785714285713,0.0888043389483583,0.8377876505675849,0.7489833116192267,0.9729861111111111,0.8365322505855236,0.8365322505855236,0.5494794800262189,0.7355333803798985,,0.9111956610516417,0.4,0.2,0.4,COMPLETE
6,0.5342757924572106,2026-08-24 14:05:01.185247,2026-08-24 14:05:08.904695,0 days 00:00:07.719448,200,"[128, 128]","[128, 128]",128,200,6.85392570885306e-06,1,0.889130439284601,0.7564461970341172,0.0,0.8217973624994434,0.7544642857142857,0.10797697435241431,0.8377876505675849,0.7298106762151706,0.9941493055555555,0.8027094625659057,0.8027094625659057,0.5342757924572106,0.756261814008006,,0.8920230256475857,0.4,0.2,0.4,COMPLETE
7,0.5925200090754463,2026-08-24 14:05:08.904919,2026-08-24 14:05:29.670832,0 days 00:00:20.765913,500,"[256, 256]","[128, 128, 128]",32,1000,1.1214075785991133e-06,5,0.8950250078542885,1.3332213150073913,0.0,0.8677803610700014,0.8405357142857143,0.04179555242138566,0.8377876505675849,0.7959920981461992,0.9040711805555557,0.8755533945259266,0.8755533945259266,0.5925200090754463,0.6893695719199999,,0.9582044475786143,0.4,0.2,0.4,COMPLETE
8,0.6040352395986149,2026-08-24 14:05:29.671063,2026-08-24 14:05:55.610471,0 days 00:00:25.939408,200,"[128, 128]","[128, 128, 128]",64,750,7.930569433855143e-05,10,0.9171041136389844,1.2547217334126757,0.0,0.8748020568194921,0.8324999999999998,0.015087627021208064,0.8377876505675849,0.822700023546377,0.9210763888888889,0.8709517761365019,0.8709517761365019,0.6040352395986149,0.6992526616034939,,0.984912372978792,0.4,0.2,0.4,COMPLETE
9,0.5870874230945187,2026-08-24 14:05:55.610905,2026-08-24 14:06:51.008236,0 days 00:00:55.397331,100,"[64, 64]","[128, 128, 128]",32,900,5.149288946949016e-06,10,0.9316130863177364,1.5340881895566478,0.0,0.8786636860160111,0.8257142857142857,0.06830692768372067,0.8377876505675849,0.7694807228838642,0.910642361111111,0.9001492645452266,0.9001492645452266,0.5870874230945187,0.6852764011919875,,0.9316930723162793,0.4,0.2,0.4,COMPLETE
10,0.6321713658620507,2026-08-24 14:06:51.008468,2026-08-24 14:07:12.905031,0 days 00:00:21.896563,200,"[128, 128]","[256, 256]",64,650,0.0005284384205738843,10,0.9510624133583401,1.584018651364721,0.0,0.90490620667917,0.8587499999999999,-0.003272291606548442,0.8377876505675849,0.8410599421741333,0.8429774305555555,0.9084437707656381,0.9084437707656381,0.6321713658620507,0.6489555840480863,,1.0,0.4,0.2,0.4,COMPLETE
11,0.6099805144147841,2026-08-24 14:07:12.905294,2026-08-24 14:07:34.869604,0 days 00:00:21.964310,200,"[128, 128]","[256, 256]",64,650,0.0007815236897753036,10,0.9553112206348667,1.5410863573575897,0.0,0.9161377531745762,0.8769642857142858,0.06104126265814539,0.8377876505675849,0.7767463879094395,0.8542361111111111,0.8894254886553823,0.8894254886553823,0.6099805144147841,0.6602904089589409,,0.9389587373418546,0.4,0.2,0.4,COMPLETE
12,0.6115756587873085,2026-08-24 14:07:34.869838,2026-08-24 14:07:55.262782,0 days 00:00:20.392944,200,"[128, 128]","[256, 256]",64,600,0.0008127302543377682,10,0.9344587752395349,1.591324379836076,0.0,0.8980329590483389,0.8616071428571429,0.04534940526801808,0.8377876505675849,0.7924382452995667,0.8454600694444444,0.9174707369937414,0.9174707369937414,0.6115756587873085,0.6474888136240998,,0.9546505947319819,0.4,0.2,0.4,COMPLETE
13,0.6189020023544552,2026-08-24 14:07:55.263220,2026-08-24 14:08:15.742013,0 days 00:00:20.478793,200,"[128, 128]","[256, 256]",64,600,0.00023874062678701545,10,0.956180049911215,1.528115571532897,0.0,0.9106793106698932,0.8651785714285715,0.03609733706387275,0.8377876505675849,0.8016903135037121,0.8438541666666667,0.8909104929785631,0.8909104929785631,0.6189020023544552,0.6546539354397645,,0.9639026629361273,0.4,0.2,0.4,COMPLETE
14,0.5671111661879203,2026-08-24 14:08:15.742244,2026-08-24 14:08:24.093284,0 days 00:00:08.351040,1000,"[128, 128, 128]","[256, 256]",64,550,0.00017388112594342558,10,0.9337417626700898,1.1267018036091287,0.0,0.8729423099064735,0.8121428571428572,0.092861895319249,0.8377876505675849,0.7449257552483358,0.9691232638888889,0.866522112365324,0.866522112365324,0.5671111661879203,0.7246049982348473,,0.907138104680751,0.4,0.2,0.4,COMPLETE
15,0.609560392138929,2026-08-24 14:08:24.093517,2026-08-24 14:08:49.274766,0 days 00:00:25.181249,200,"[128, 128]","[256, 256]",64,750,0.00021534500892332384,10,0.942952497348799,1.5462435322423491,0.0,0.8968333915315423,0.8507142857142856,0.03628377992303659,0.8377876505675849,0.8015038706445483,0.8807812500000001,0.8903112082587792,0.8903112082587792,0.609560392138929,0.6732972625223663,,0.9637162200769634,0.4,0.2,0.4,COMPLETE
16,0.5967662414098625,2026-08-24 14:08:49.275022,2026-08-24 14:09:06.760618,0 days 00:00:17.485596,200,"[128, 128]","[256, 256]",64,500,0.0001153854262371044,10,0.9412800754345793,1.5250424724384248,0.0,0.8889436091458611,0.836607142857143,0.055353072268126025,0.8377876505675849,0.782434578299459,0.9131423611111111,0.9107377128313239,0.9107377128313239,0.5967662414098625,0.6833498667061584,,0.944646927731874,0.4,0.2,0.4,COMPLETE
17,0.557624729778009,2026-08-24 14:09:06.760841,2026-08-24 14:09:30.382041,0 days 00:00:23.621200,200,"[128, 128]","[64, 64]",256,700,0.0003883873674852278,1,0.8559451694527587,0.913557720223436,0.0,0.8287761561549507,0.8016071428571429,0.06733731234116092,0.8377876505675849,0.7704503382264241,0.9750086805555556,0.8425010051341435,0.8425010051341435,0.557624729778009,0.7347540387375346,,0.9326626876588391,0.4,0.2,0.4,COMPLETE
18,0.588783170135309,2026-08-24 14:09:30.382265,2026-08-24 14:09:41.706783,0 days 00:00:11.324518,1000,"[64, 64]","[256, 256]",32,850,4.773618185168039e-05,2,0.945049438616729,1.4396318156904313,0.0,0.8862747193083644,0.8274999999999998,0.06604986454408457,0.8377876505675849,0.7717377860235004,0.9243750000000001,0.8855121371599513,0.8855121371599513,0.588783170135309,0.6965338588520147,,0.9339501354559154,0.4,0.2,0.4,COMPLETE
19,0.5745375993548714,2026-08-24 14:09:41.707003,2026-08-24 14:09:57.574184,0 days 00:00:15.867181,200,"[128, 128, 128]","[256, 256]",64,450,0.00033229990885595586,10,0.9317804812160082,1.4292636904351261,0.0,0.8820509548937183,0.8323214285714285,0.09914939818587705,0.8377876505675849,0.7386382523817078,0.9133767361111111,0.8785775047140998,0.8785775047140998,0.5745375993548714,0.6931151166413256,,0.9008506018141229,0.4,0.2,0.4,COMPLETE
