number,value,datetime_start,datetime_complete,duration,params_batch_size,params_compress_dims,params_decompress_dims,params_embedding_dim,params_epochs,params_l2scale,params_loss_factor,user_attrs_corr_similarity,user_attrs_dcr,user_attrs_dcr_norm,user_attrs_fidelity,user_attrs_ks_similarity,user_attrs_mean_f1_gap,user_attrs_mean_trtr_f1,user_attrs_mean_tstr_f1,user_attrs_mia_auc,user_attrs_nndr,user_attrs_nndr_norm,user_attrs_objective,user_attrs_privacy_risk,user_attrs_sdv_quality,user_attrs_utility,user_attrs_w_fidelity,user_attrs_w_privacy_risk,user_attrs_w_utility,state
0,0.62509546427518,2026-09-08 14:47:58.298801,2026-09-08 14:48:44.443915,0 days 00:00:46.145114,100,"[256, 256]","[128, 128, 128]",128,450,3.752055855124284e-05,5,0.8452826357948053,0.556243689965638,0.0,0.8761509332820181,0.9070192307692307,-2.129136643652691,-14.808028519464996,-12.678891875812305,0.8069618055555555,0.9221878586321388,0.9221878586321388,0.62509546427518,0.6268245451881361,,1.0,0.4,0.2,0.4,COMPLETE
1,0.592237421879668,2026-09-08 14:48:44.444317,2026-09-08 14:48:56.777556,0 days 00:00:12.333239,500,"[128, 128, 128]","[64, 64]",256,350,2.091498132903561e-05,10,0.824250088214111,0.6867939175730717,0.0,0.8273654287224401,0.8304807692307692,-3.056220084927668,-14.808028519464996,-11.751808434537327,0.9468923611111111,0.9330081083633843,0.9330081083633843,0.592237421879668,0.6935437480465403,,1.0,0.4,0.2,0.4,COMPLETE
2,0.23053216374833205,2026-09-08 14:48:56.777913,2026-09-08 14:49:26.127062,0 days 00:00:29.349149,100,"[256, 256]","[128, 128, 128]",64,300,6.516990611177181e-06,1,0.9187346471270477,0.7784491788814838,0.0,0.9110019389481392,0.9032692307692306,2.575179603003379,-14.808028519464996,-17.383208122468375,0.8997395833333334,0.9350891083734945,0.9350891083734945,0.23053216374833205,0.6693430591546183,,0.0,0.4,0.2,0.4,COMPLETE
3,0.6065668923082423,2026-09-08 14:49:26.127308,2026-09-08 14:49:33.973255,0 days 00:00:07.845947,500,"[128, 128]","[128, 128]",128,200,1.5512259126484753e-06,5,0.8360517731557916,0.742698049140837,0.0,0.8571124250394342,0.8781730769230769,-4.114855266928078,-14.808028519464996,-10.693173252536917,0.9256423611111111,0.938102640059662,0.938102640059662,0.6065668923082423,0.6813903885376569,,1.0,0.4,0.2,0.4,COMPLETE
4,0.22393123798193423,2026-09-08 14:49:33.973518,2026-09-08 14:49:51.753007,0 days 00:00:17.779489,1000,"[64, 64]","[128, 128, 128]",64,900,5.595986878006084e-06,2,0.9060977552358965,0.7432550292269671,0.0,0.9039623391564098,0.9018269230769231,1.303614704336029,-14.808028519464996,-16.111643223801025,0.9355902777777778,0.9317555016191346,0.9317555016191346,0.22393123798193423,0.6882684884031485,,0.0,0.4,0.2,0.4,COMPLETE
5,0.22605851386287718,2026-09-08 14:49:51.753267,2026-09-08 14:50:13.896229,0 days 00:00:22.142962,200,"[256, 256]","[128, 128, 128]",256,350,0.00038211294416912254,2,0.884307797493575,0.7315967521768729,0.0,0.8966731295160183,0.9090384615384616,1.0288368881384198,-14.808028519464996,-15.836865407603415,0.8872395833333333,0.9352203398300526,0.9352203398300526,0.22605851386287718,0.6630536897176509,,0.0,0.4,0.2,0.4,COMPLETE
6,0.488794872943181,2026-09-08 14:50:13.896697,2026-09-08 14:50:28.252279,0 days 00:00:14.355582,200,"[128, 128]","[128, 128]",128,200,6.85392570885306e-06,1,0.8409861702771398,0.777917057548669,0.0,0.8543873159078007,0.8677884615384616,0.28389572670218577,-14.808028519464996,-15.091924246167181,0.9609375,0.944866454348916,0.944866454348916,0.488794872943181,0.6970088136953252,,0.7161042732978142,0.4,0.2,0.4,COMPLETE
7,0.6282879033789277,2026-09-08 14:50:28.252762,2026-09-08 14:50:58.949481,0 days 00:00:30.696719,500,"[256, 256]","[128, 128, 128]",32,1000,1.1214075785991133e-06,5,0.8700773356941949,0.6066469460179665,0.0,0.8841252063086359,0.8981730769230769,-1.339379328431491,-14.808028519464996,-13.468649191033505,0.8096875000000001,0.9267761809245556,0.9267761809245556,0.6282879033789277,0.6268108957226334,,1.0,0.4,0.2,0.4,COMPLETE
8,0.616269096925979,2026-09-08 14:50:58.950000,2026-09-08 14:51:38.371309,0 days 00:00:39.421309,200,"[128, 128]","[128, 128, 128]",64,750,7.930569433855143e-05,10,0.8425139551596643,0.5597127317864683,0.0,0.8568819775798321,0.8712499999999999,-1.3299449941169907,-14.808028519464996,-13.478083525348005,0.82,0.9252717649007682,0.9252717649007682,0.616269096925979,0.6324184705297695,,1.0,0.4,0.2,0.4,COMPLETE
9,0.6151459031267145,2026-09-08 14:51:38.371817,2026-09-08 14:53:02.151178,0 days 00:01:23.779361,100,"[64, 64]","[128, 128, 128]",32,900,5.149288946949016e-06,10,0.8442999309984779,0.6612055349160313,0.0,0.8618615039607774,0.879423076923077,-1.3825517130092706,-14.808028519464996,-13.425476806455725,0.8551215277777777,0.9318909053363549,0.9318909053363549,0.6151459031267145,0.6479934922879824,,1.0,0.4,0.2,0.4,COMPLETE
10,0.6156070107931391,2026-09-08 14:53:02.151717,2026-09-08 14:53:21.379328,0 days 00:00:19.227611,500,"[128, 128, 128]","[256, 256]",32,600,0.0005284384205738843,5,0.8606817173109864,0.6858544926946368,0.0,0.8760139355785701,0.8913461538461539,-1.597111607533657,-14.808028519464996,-13.210916911931339,0.9055902777777778,0.929341072324813,0.929341072324813,0.6156070107931391,0.673992817191445,,1.0,0.4,0.2,0.4,COMPLETE
11,0.6165817890374604,2026-09-08 14:53:21.379647,2026-09-08 14:54:12.376599,0 days 00:00:50.996952,100,"[256, 256]","[256, 256]",128,550,7.239570772691126e-05,5,0.8263965675460558,0.5799749207237406,0.0,0.8588232837730279,0.89125,-2.801524340091934,-14.808028519464996,-12.006504179373062,0.8205034722222223,0.9183803791745256,0.9183803791745256,0.6165817890374604,0.6347376223587535,,1.0,0.4,0.2,0.4,COMPLETE
12,0.625118532138831,2026-09-08 14:54:12.377097,2026-09-08 14:54:29.398858,0 days 00:00:17.021761,1000,"[256, 256]","[64, 64]",32,1000,1.0482163254323157e-06,5,0.915461859957842,0.7025836461157768,0.0,0.8942693915173825,0.8730769230769231,-4.007594090342396,-14.808028519464996,-10.8004344291226,0.88578125,0.9331483421979665,0.9331483421979665,0.625118532138831,0.6629461223406101,,1.0,0.4,0.2,0.4,COMPLETE
13,0.6244931412087216,2026-09-08 14:54:29.399157,2026-09-08 14:54:45.856536,0 days 00:00:16.457379,1000,"[256, 256]","[64, 64]",32,1000,1.0218466700697114e-06,5,0.8961776605844765,0.6769906018791321,0.0,0.8914542149076229,0.8867307692307693,-2.892764289296352,-14.808028519464996,-11.915264230168644,0.8817881944444443,0.934837911501947,0.934837911501947,0.6244931412087216,0.6604427237716382,,1.0,0.4,0.2,0.4,COMPLETE
14,0.6132733050851851,2026-09-08 14:54:45.856796,2026-09-08 14:55:02.483830,0 days 00:00:16.627034,1000,"[256, 256]","[64, 64]",32,1000,1.584468835582711e-06,5,0.89034540119958,0.6942679177470169,0.0,0.8755573159844054,0.8607692307692308,-2.2749964953933635,-14.808028519464996,-12.533032024071632,0.9330034722222222,0.9391787652274188,0.9391787652274188,0.6132733050851851,0.6847481065428855,,1.0,0.4,0.2,0.4,COMPLETE
15,0.6294501699089552,2026-09-08 14:55:02.484119,2026-09-08 14:55:15.678203,0 days 00:00:13.194084,1000,"[256, 256]","[64, 64]",32,750,2.6490342528699546e-06,5,0.9238322879921521,0.673603288975821,0.0,0.9060988363037683,0.8883653846153846,-3.0503815131720717,-14.808028519464996,-11.757647006292924,0.8930381944444444,0.9385742471982053,0.9385742471982053,0.6294501699089552,0.6649468230627607,,1.0,0.4,0.2,0.4,COMPLETE
16,0.6187949630793635,2026-09-08 14:55:15.678549,2026-09-08 14:55:38.526407,0 days 00:00:22.847858,500,"[256, 256]","[64, 64]",32,750,2.922831708096653e-06,5,0.9008469641609178,0.6910991771220759,0.0,0.8793657897727666,0.8578846153846154,-3.6875556891800745,-14.808028519464996,-11.120472830284921,0.8935763888888889,0.9401047676524291,0.9401047676524291,0.6187949630793635,0.6647567641487158,,1.0,0.4,0.2,0.4,COMPLETE
17,0.2262571836038355,2026-09-08 14:55:38.526681,2026-09-08 14:56:01.553384,0 days 00:00:23.026703,500,"[64, 64]","[256, 256]",32,750,1.22865292096571e-05,1,0.9174836195689295,0.7604609293155824,0.0,0.9036937328613879,0.8899038461538461,1.9949345945385861,-14.808028519464996,-16.802963114003582,0.9148784722222222,0.9377922946917094,0.9377922946917094,0.2262571836038355,0.6761015477035983,,0.0,0.4,0.2,0.4,COMPLETE
18,0.6318900885633514,2026-09-08 14:56:01.553637,2026-09-08 14:56:15.944134,0 days 00:00:14.390497,1000,"[128, 128, 128]","[128, 128]",32,850,3.0522383464511917e-06,2,0.906788306321979,0.753294324504471,0.0,0.9129614608532972,0.9191346153846154,-1.2070058726596038,-14.808028519464996,-13.601022646805392,0.8970312500000001,0.9401438203672081,0.9401438203672081,0.6318900885633514,0.6664724788898376,,1.0,0.4,0.2,0.4,COMPLETE
19,0.5915414777483269,2026-09-08 14:56:15.944411,2026-09-08 14:56:27.823851,0 days 00:00:11.879440,1000,"[128, 128, 128]","[128, 128]",256,650,3.101627671245722e-06,2,0.7602438838427392,0.7552270203028302,0.0,0.8213238649982927,0.8824038461538461,-1.4509633115777056,-14.808028519464996,-13.35706520788729,0.9329166666666667,0.9383933069279409,0.9383933069279409,0.5915414777483269,0.6849403412549511,,1.0,0.4,0.2,0.4,COMPLETE
