number,value,datetime_start,datetime_complete,duration,params_batch_size,params_compress_dims,params_decompress_dims,params_embedding_dim,params_epochs,params_l2scale,params_loss_factor,user_attrs_corr_similarity,user_attrs_dcr,user_attrs_dcr_norm,user_attrs_fidelity,user_attrs_ks_similarity,user_attrs_mean_f1_gap,user_attrs_mean_trtr_f1,user_attrs_mean_tstr_f1,user_attrs_mia_auc,user_attrs_nndr,user_attrs_nndr_norm,user_attrs_objective,user_attrs_privacy_risk,user_attrs_sdv_quality,user_attrs_utility,user_attrs_w_fidelity,user_attrs_w_privacy_risk,user_attrs_w_utility,state
0,0.22302032151735096,2026-09-07 13:38:42.039847,2026-09-07 13:39:08.008134,0 days 00:00:25.968287,100,"[256, 256]","[128, 128, 128]",128,450,3.752055855124284e-05,5,0.9237748072180273,0.05527832912424094,0.0,0.9020436536090137,0.8803125,1.090208807639221,-4.1422054251249785,-5.232414232764199,0.8799045138888889,0.8365551910439063,0.8365551910439063,0.22302032151735096,0.6889856996312727,,0.0,0.4,0.2,0.4,COMPLETE
1,0.19990032523867365,2026-09-07 13:39:08.008464,2026-09-07 13:39:17.982614,0 days 00:00:09.974150,500,"[128, 128, 128]","[64, 64]",256,350,2.091498132903561e-05,10,0.8973000332715938,0.06891586789778849,0.0,0.8525562666357969,0.8078124999999999,4.7628519007915555,-4.1422054251249785,-8.905057325916534,0.9589496527777778,0.9128797310355448,0.9128797310355448,0.19990032523867365,0.7056109070782255,,0.0,0.4,0.2,0.4,COMPLETE
2,0.21079443639910947,2026-09-07 13:39:17.982847,2026-09-07 13:39:36.289608,0 days 00:00:18.306761,100,"[256, 256]","[128, 128, 128]",64,300,6.516990611177181e-06,1,0.8806919844375424,0.05551768720007072,0.0,0.8755803672187712,0.87046875,5.879758672677737,-4.1422054251249785,-10.021964097802716,0.9189670138888889,0.8743165150081647,0.8743165150081647,0.21079443639910947,0.6971885524419951,,0.0,0.4,0.2,0.4,COMPLETE
3,0.21329715797417872,2026-09-07 13:39:36.289852,2026-09-07 13:39:42.758403,0 days 00:00:06.468551,500,"[128, 128]","[128, 128]",128,200,1.5512259126484753e-06,5,0.8908766777768633,0.06392464622830954,0.0,0.8760633388884317,0.8612500000000001,2.904680604649154,-4.1422054251249785,-7.046886029774132,0.9215538194444445,0.9171200727208411,0.9171200727208411,0.21329715797417872,0.6856408879059699,,0.0,0.4,0.2,0.4,COMPLETE
4,0.20925265972741938,2026-09-07 13:39:42.758617,2026-09-07 13:39:55.500976,0 days 00:00:12.742359,1000,"[64, 64]","[128, 128, 128]",64,900,5.595986878006084e-06,2,0.8698696935760193,0.06240856525903509,0.0,0.8699348467880097,0.8700000000000001,5.0038065931442235,-4.1422054251249785,-9.146012018269202,0.9078385416666667,0.8677095863147031,0.8677095863147031,0.20925265972741938,0.6936063949389224,,0.0,0.4,0.2,0.4,COMPLETE
5,0.2107843471583851,2026-09-07 13:39:55.501196,2026-09-07 13:40:10.546082,0 days 00:00:15.044886,200,"[256, 256]","[128, 128, 128]",256,350,0.00038211294416912254,2,0.8751193931109674,0.0546353344690345,0.0,0.8742784465554837,0.8734375,2.0113288128496976,-4.1422054251249785,-6.153534237974676,0.9301822916666667,0.9015199617143048,0.9015199617143048,0.2107843471583851,0.6946351573190419,,0.0,0.4,0.2,0.4,COMPLETE
6,0.20029151591176747,2026-09-07 13:40:10.546515,2026-09-07 13:40:19.872809,0 days 00:00:09.326294,200,"[128, 128]","[128, 128]",128,200,6.85392570885306e-06,1,0.8927635998962763,0.06265530694330224,0.0,0.8513817999481381,0.8099999999999999,4.3160360905456026,-4.1422054251249785,-8.458241515670581,0.9651996527777778,0.9376460201714998,0.9376460201714998,0.20029151591176747,0.701306020337439,,0.0,0.4,0.2,0.4,COMPLETE
7,0.21171501303488102,2026-09-07 13:40:19.873040,2026-09-07 13:40:38.814079,0 days 00:00:18.941039,500,"[256, 256]","[128, 128, 128]",32,1000,1.1214075785991133e-06,5,0.8553935192507921,0.0553162411618186,0.0,0.878087384625396,0.90078125,1.4936817260846063,-4.1422054251249785,-5.635887151209585,0.8820052083333334,0.8113430003009318,0.8113430003009318,0.21171501303488102,0.6975997040763872,,0.0,0.4,0.2,0.4,COMPLETE
8,0.24476425500224339,2026-09-07 13:40:38.814292,2026-09-07 13:41:02.140225,0 days 00:00:23.325933,200,"[128, 128]","[128, 128, 128]",64,750,7.930569433855143e-05,10,0.8623419890368234,0.052761003897767375,0.0,0.8554678695184117,0.84859375,0.8857656536434426,-4.1422054251249785,-5.027971078768421,0.8892100694444444,0.7634062599450036,0.7634062599450036,0.24476425500224339,0.7155831567387212,,0.11423434635655738,0.4,0.2,0.4,COMPLETE
9,0.21944625382140182,2026-09-07 13:41:02.140440,2026-09-07 13:41:47.032771,0 days 00:00:44.892331,100,"[64, 64]","[128, 128, 128]",32,900,5.149288946949016e-06,10,0.8755667054299746,0.07868361931164128,0.0,0.8955177277149873,0.91546875,1.4954236508259582,-4.1422054251249785,-5.637629075950937,0.8807118055555556,0.8218390548493745,0.8218390548493745,0.21944625382140182,0.6938041863229655,,0.0,0.4,0.2,0.4,COMPLETE
10,0.39050877898514647,2026-09-07 13:41:47.033133,2026-09-07 13:42:04.345573,0 days 00:00:17.312440,200,"[128, 128]","[256, 256]",64,650,0.0005284384205738843,10,0.8812063611325726,0.05585015985513045,0.0,0.9052125555662862,0.92921875,0.605373864827194,-4.1422054251249785,-4.7475792899521725,0.77265625,0.7973154614918254,0.7973154614918254,0.39050877898514647,0.6471334865524524,,0.394626135172806,0.4,0.2,0.4,COMPLETE
11,0.3956723465062647,2026-09-07 13:42:04.345857,2026-09-07 13:42:21.614381,0 days 00:00:17.268524,200,"[128, 128]","[256, 256]",64,650,0.0007815236897753036,10,0.9303174430113221,0.054477154108148004,0.0,0.9278149715056611,0.9253125,0.6087656582740175,-4.1422054251249785,-4.750971083398996,0.7898177083333332,0.7839065341156768,0.7839065341156768,0.3956723465062647,0.6597368939319636,,0.3912343417259825,0.4,0.2,0.4,COMPLETE
12,0.30365948337499893,2026-09-07 13:42:21.614598,2026-09-07 13:42:37.624967,0 days 00:00:16.010369,200,"[128, 128]","[256, 256]",64,600,0.0008127302543377682,10,0.955481775503311,0.057640106800310745,0.0,0.9482096377516556,0.9409375,0.8588925083740673,-4.1422054251249785,-5.001097933499046,0.8037847222222222,0.8051850641030968,0.8051850641030968,0.30365948337499893,0.660336841880182,,0.14110749162593272,0.4,0.2,0.4,COMPLETE
13,0.541448937189517,2026-09-07 13:42:37.625179,2026-09-07 13:42:53.685449,0 days 00:00:16.060270,200,"[128, 128]","[256, 256]",64,600,0.00023874062678701545,10,0.9403575369561131,0.06979752873015091,0.0,0.9377568934780566,0.93515625,0.2501191748756799,-4.1422054251249785,-4.392324600000658,0.8214670138888889,0.8090091856242535,0.8090091856242535,0.541448937189517,0.6680307512571684,,0.7498808251243201,0.4,0.2,0.4,COMPLETE
14,0.20000721891766798,2026-09-07 13:42:53.685659,2026-09-07 13:43:00.412229,0 days 00:00:06.726570,1000,"[128, 128, 128]","[256, 256]",64,550,0.00017388112594342558,10,0.88211838945304,0.07768027599476426,0.0,0.85051231972652,0.81890625,3.4569678391256184,-4.1422054251249785,-7.599173264250597,0.9689670138888891,0.9449832069324808,0.9449832069324808,0.20000721891766798,0.7009885448647002,,0.0,0.4,0.2,0.4,COMPLETE
15,0.652519274879645,2026-09-07 13:43:00.412456,2026-09-07 13:43:20.876947,0 days 00:00:20.464491,200,"[128, 128]","[256, 256]",64,750,0.00020829075544011324,10,0.9520255741223544,0.060687277551397724,0.0,0.9458565370611772,0.9396875,-0.3504273327761185,-4.1422054251249785,-3.79177809234886,0.7489756944444446,0.8179038249936408,0.8179038249936408,0.652519274879645,0.62911669972413,,1.0,0.4,0.2,0.4,COMPLETE
16,0.6393455212070215,2026-09-07 13:43:20.877184,2026-09-07 13:43:42.133122,0 days 00:00:21.255938,200,"[128, 128]","[256, 256]",64,800,0.0001816852735357959,10,0.9382803944490622,0.05735105403696926,0.0,0.9325776972245311,0.926875,-0.14390958201160142,-4.1422054251249785,-3.998295843113377,0.7656944444444445,0.7147314460275573,0.7147314460275573,0.6393455212070215,0.6684277884139551,,1.0,0.4,0.2,0.4,COMPLETE
17,0.19985127488136034,2026-09-07 13:43:42.133505,2026-09-07 13:44:03.271153,0 days 00:00:21.137648,200,"[128, 128]","[64, 64]",256,800,0.00010984777503570051,1,0.8510019468257882,0.05214936928446533,0.0,0.8440947234128942,0.8371875,5.511398142717362,-4.1422054251249785,-9.65360356784234,0.9267795138888888,0.9148556150848587,0.9148556150848587,0.19985127488136034,0.6889330724189868,,0.0,0.4,0.2,0.4,COMPLETE
18,0.23244539886938384,2026-09-07 13:44:03.271370,2026-09-07 13:44:14.797765,0 days 00:00:11.526395,1000,"[64, 64]","[256, 256]",32,800,4.773618185168039e-05,2,0.9316752927141773,0.05630575170955618,0.0,0.9246657713570887,0.9176562500000001,2.5008692006525424,-4.1422054251249785,-6.643074625777521,0.8953732638888888,0.8686069452572869,0.8686069452572869,0.23244539886938384,0.6871045483672584,,0.0,0.4,0.2,0.4,COMPLETE
19,0.5447158441297809,2026-09-07 13:44:14.798012,2026-09-07 13:44:49.369173,0 days 00:00:34.571161,200,"[128, 128, 128]","[256, 256]",64,1000,0.0002441362845159943,10,0.922312794912743,0.07068411919691933,0.0,0.9235001474563715,0.9246875000000001,0.21271891949666166,-4.1422054251249785,-4.35492434462164,0.8669357638888889,0.7849488222464301,0.7849488222464301,0.5447158441297809,0.6979832352705154,,0.7872810805033383,0.4,0.2,0.4,COMPLETE
