number,value,datetime_start,datetime_complete,duration,params_batch_size,params_default_distribution,params_discriminator_dim,params_discriminator_lr,params_epochs,params_generator_dim,params_generator_lr,params_pac,user_attrs_corr_similarity,user_attrs_dcr,user_attrs_dcr_norm,user_attrs_fidelity,user_attrs_ks_similarity,user_attrs_mean_f1_gap,user_attrs_mean_trtr_f1,user_attrs_mean_tstr_f1,user_attrs_mia_auc,user_attrs_nndr,user_attrs_nndr_norm,user_attrs_objective,user_attrs_privacy_risk,user_attrs_sdv_quality,user_attrs_utility,user_attrs_w_fidelity,user_attrs_w_privacy_risk,user_attrs_w_utility,state
0,0.5892198693900748,2026-09-02 19:01:18.735563,2026-09-02 19:02:47.936948,0 days 00:01:29.201385,100,norm,"[256, 256, 256]",2.0511104188433963e-05,350,"[256, 256]",2.0513382630874486e-05,1,0.8775397022884218,3.2578602242243164,0.0,0.9107584875078472,0.9439772727272726,0.10782748969319685,0.7592015668055841,0.6513740771123872,0.8789409722222222,0.9323594581072797,0.9323594581072797,0.5892198693900748,0.6597626486789272,,0.8921725103068031,0.4,0.2,0.4,COMPLETE
1,0.5412886466540626,2026-09-02 19:02:47.937369,2026-09-02 19:04:01.573380,0 days 00:01:13.636011,100,beta,"[256, 256, 256]",8.168455894760161e-05,300,"[128, 128]",5.4041038546473305e-05,10,0.8765349125589893,3.292457022478651,0.0,0.9151424562794945,0.9537499999999999,0.23438060838722108,0.7592015668055841,0.5248209584183631,0.8696354166666667,0.9324574860636631,0.9324574860636631,0.5412886466540626,0.6550804625142344,,0.7656193916127789,0.4,0.2,0.4,COMPLETE
2,0.5421783980031718,2026-09-02 19:04:01.573822,2026-09-02 19:04:25.585579,0 days 00:00:24.011757,500,norm,"[256, 256]",0.000658628931758311,600,"[256, 256]",1.1715937392307055e-05,1,0.8782910531555996,3.2828486570963875,0.0,0.9183216629414361,0.9583522727272726,0.23803254003413263,0.7592015668055841,0.5211690267714514,0.8565972222222222,0.928707851041209,0.928707851041209,0.5421783980031718,0.6496862557987484,,0.7619674599658673,0.4,0.2,0.4,COMPLETE
3,0.5165609629894594,2026-09-02 19:04:25.586037,2026-09-02 19:04:34.120095,0 days 00:00:08.534058,500,truncnorm,"[256, 256]",0.00045443839603360173,200,"[256, 256, 256]",3.488976654890367e-05,1,0.8757899721169395,3.168063771448581,0.0,0.9175824860584698,0.959375,0.30827955887094927,0.7592015668055841,0.45092200793463477,0.8307118055555557,0.931849544500112,0.931849544500112,0.5165609629894594,0.6358010394277442,,0.6917204411290507,0.4,0.2,0.4,COMPLETE
4,0.6430598657429341,2026-09-02 19:04:34.120824,2026-09-02 19:05:52.786734,0 days 00:01:18.665910,200,gamma,"[256, 256]",0.00017643967683381525,650,"[128, 128]",0.0005323617594751496,1,0.9501909435121731,2.7143995440862136,0.0,0.939925017210632,0.9296590909090909,0.019202598330574732,0.7592015668055841,0.7399989684750093,0.8023437500000001,0.9167545531818497,0.9167545531818497,0.6430598657429341,0.6261455090454451,,0.9807974016694253,0.4,0.2,0.4,COMPLETE
5,0.5292832850080252,2026-09-02 19:05:52.787190,2026-09-02 19:07:35.967256,0 days 00:01:43.180066,100,norm,"[128, 128]",1.1557352816269867e-05,450,"[128, 128]",1.6435497475111308e-05,1,0.8765112809053792,4.016288801821654,0.0,0.8818351859072351,0.8871590909090908,0.2035506153141801,0.7592015668055841,0.5556509514914039,0.9869965277777778,0.9444851591430157,0.9444851591430157,0.5292832850080252,0.7101527161459842,,0.7964493846858199,0.4,0.2,0.4,COMPLETE
6,0.599807873234379,2026-09-02 19:07:35.967690,2026-09-02 19:09:46.563702,0 days 00:02:10.596012,100,beta,"[256, 256, 256]",0.00011986281799901183,550,"[256, 256]",0.0006097025297491432,5,0.9322936614213375,2.8053031875191516,0.0,0.8998684216197597,0.8674431818181817,0.05923966553662755,0.7592015668055841,0.6999619012689564,0.9164409722222222,0.9200078003891385,0.9200078003891385,0.599807873234379,0.6822181459943695,,0.9407603344633725,0.4,0.2,0.4,COMPLETE
7,0.5893761655098885,2026-09-02 19:09:46.564212,2026-09-02 19:11:06.650237,0 days 00:01:20.086025,100,norm,"[128, 128]",5.336533066379606e-05,350,"[128, 128]",0.0002547052623339115,5,0.8928375803386095,3.1445720324601796,0.0,0.8949131083511228,0.8969886363636362,0.07386481607624755,0.7592015668055841,0.6853367507293365,0.9473090277777777,0.9281291896286,0.9281291896286,0.5893761655098885,0.6952157570003088,,0.9261351839237525,0.4,0.2,0.4,COMPLETE
8,0.6062501157123232,2026-09-02 19:11:06.650561,2026-09-02 19:11:31.757340,0 days 00:00:25.106779,200,gamma,"[256, 256]",0.00033361013094697806,200,"[256, 256]",0.00022093834415066264,5,0.9152552007528465,3.4052962276626815,0.0,0.9132526003764233,0.9112500000000001,0.06406345210225195,0.7592015668055841,0.6951381147033321,0.889513888888889,0.9254307548590582,0.9254307548590582,0.6062501157123232,0.667127717986727,,0.935936547897748,0.4,0.2,0.4,COMPLETE
9,0.49485856456150157,2026-09-02 19:11:31.757735,2026-09-02 19:11:39.242912,0 days 00:00:07.485177,500,beta,"[256, 256, 256]",0.00024092145436664767,100,"[256, 256]",2.2321987366901545e-05,1,0.8762574126116478,5.256980000405511,0.0,0.8705434790330966,0.8648295454545454,0.28798580273853513,0.7592015668055841,0.47121576406704896,0.9509027777777779,0.9487628636909126,0.9487628636909126,0.49485856456150157,0.6908225297816152,,0.7120141972614649,0.4,0.2,0.4,COMPLETE
10,0.6044022994092527,2026-09-02 19:11:39.243244,2026-09-02 19:13:21.925322,0 days 00:01:42.682078,200,gamma,"[256, 256]",3.5266643547961975e-05,800,"[256, 256, 256]",9.007312889255122e-05,10,0.8966977859338169,3.1579080477160257,0.0,0.9007636656941813,0.9048295454545456,0.05169184626129786,0.7592015668055841,0.7075097205442863,0.9096354166666667,0.9289518883794321,0.9289518883794321,0.6044022994092527,0.6761321418195037,,0.9483081537387021,0.4,0.2,0.4,COMPLETE
11,0.6263329142502716,2026-09-02 19:13:21.925951,2026-09-02 19:14:59.143440,0 days 00:01:37.217489,200,gamma,"[256, 256]",0.00020088961143058427,800,"[128, 128]",0.0009277535675940346,5,0.9458940591381618,2.445020726407571,0.0,0.9232027113872627,0.9005113636363635,0.0276784996539009,0.7592015668055841,0.7315230671516831,0.8653472222222222,0.9109658629858168,0.9109658629858168,0.6263329142502716,0.6593838522153661,,0.9723215003460991,0.4,0.2,0.4,COMPLETE
12,0.617286677639478,2026-09-02 19:14:59.143956,2026-09-02 19:16:33.022929,0 days 00:01:33.878973,200,gamma,"[256, 256]",0.00019575500799074534,800,"[128, 128]",0.0008543114191178997,5,0.9366869745233141,2.7114825873298347,0.0,0.9192241690798388,0.9017613636363635,0.04596598299955682,0.7592015668055841,0.7132355838060271,0.8685243055555556,0.9139305627153442,0.9139305627153442,0.617286677639478,0.6600829839631746,,0.9540340170004432,0.4,0.2,0.4,COMPLETE
13,0.6168166963097931,2026-09-02 19:16:33.023340,2026-09-02 19:17:51.929193,0 days 00:01:18.905853,200,gamma,"[256, 256]",0.0009818226878189125,650,"[128, 128]",0.0003933844222174345,5,0.9419777338438164,2.682303019802653,0.0,0.9366706851037263,0.9313636363636363,0.08419726017337044,0.7592015668055841,0.6750043066322137,0.7911631944444444,0.9157274297015865,0.9157274297015865,0.6168166963097931,0.6208633683117463,,0.9158027398266295,0.4,0.2,0.4,COMPLETE
14,0.62367910980497,2026-09-02 19:17:51.929614,2026-09-02 19:19:15.571055,0 days 00:01:23.641441,200,gamma,"[256, 256]",0.00015285715322015594,700,"[128, 128]",0.0009881471880924062,10,0.9222178403296598,3.0217196689329056,0.0,0.9056259656193754,0.8890340909090909,0.008493877432919369,0.7592015668055841,0.7507076893726646,0.9089236111111111,0.9286439273583111,0.9286439273583111,0.62367910980497,0.6758686273480622,,0.9915061225670806,0.4,0.2,0.4,COMPLETE
15,0.6508885675882032,2026-09-02 19:19:15.571317,2026-09-02 19:20:39.349491,0 days 00:01:23.778174,200,truncnorm,"[256, 256]",9.497091130765811e-05,700,"[128, 128]",0.00015549858151439857,1,0.9419894185199248,2.4896289730027537,0.0,0.9521878910781443,0.9623863636363637,0.047767558848483195,0.7592015668055841,0.7114340079571009,0.6569270833333334,0.9135523838278672,0.9135523838278672,0.6508885675882032,0.5543978265183065,,0.9522324411515168,0.4,0.2,0.4,COMPLETE
16,0.6237628352212848,2026-09-02 19:20:39.349912,2026-09-02 19:21:40.000018,0 days 00:01:00.650106,200,truncnorm,"[128, 128]",8.478772686135205e-05,500,"[128, 128]",0.00010278303115824362,1,0.9022948049655545,2.9294937921421162,0.0,0.9299826297555046,0.9576704545454547,0.045008508189291176,0.7592015668055841,0.7141930586162929,0.8555034722222222,0.9220588969503613,0.9220588969503613,0.6237628352212848,0.6511340670260027,,0.9549914918107089,0.4,0.2,0.4,COMPLETE
17,0.5882522328353148,2026-09-02 19:21:40.000546,2026-09-02 19:23:05.983826,0 days 00:01:25.983280,200,truncnorm,"[256, 256]",3.6471156007931105e-05,700,"[256, 256, 256]",0.00015260853462602716,1,0.9063684731872503,3.6212078570844906,0.0,0.8941501456845342,0.8819318181818182,0.0679588626463598,0.7592015668055841,0.6912427041592243,0.982829861111111,0.9343117621859353,0.9343117621859353,0.5882522328353148,0.7111214018997749,,0.9320411373536402,0.4,0.2,0.4,COMPLETE
18,0.6251100414214632,2026-09-02 19:23:05.984197,2026-09-02 19:24:30.835867,0 days 00:01:24.851670,200,truncnorm,"[256, 256]",0.00010351029070280408,700,"[128, 128]",0.00033365742633484417,1,0.947533954435794,2.789976303340346,0.0,0.9420908408542608,0.9366477272727276,0.07768737624737061,0.7592015668055841,0.6815141905582135,0.7549479166666667,0.9140574540895623,0.9140574540895623,0.6251100414214632,0.6032567221064646,,0.9223126237526293,0.4,0.2,0.4,COMPLETE
19,0.5725245595146119,2026-09-02 19:24:30.836479,2026-09-02 19:25:43.704237,0 days 00:01:12.867758,200,truncnorm,"[128, 128]",5.3412990402670245e-05,600,"[128, 128]",0.00044892223399928976,1,0.8753983619954514,3.407495671834143,0.0,0.8865912264522711,0.8977840909090908,0.11064698668675814,0.7592015668055841,0.6485545801188258,0.9404687500000001,0.9365623101401108,0.9365623101401108,0.5725245595146119,0.6892656819579668,,0.8893530133132419,0.4,0.2,0.4,COMPLETE
