number,value,datetime_start,datetime_complete,duration,params_batch_size,params_class_dim,params_epochs,params_l2scale,params_num_channels,params_random_dim,user_attrs_corr_similarity,user_attrs_dcr,user_attrs_dcr_norm,user_attrs_fidelity,user_attrs_ks_similarity,user_attrs_mean_f1_gap,user_attrs_mean_trtr_f1,user_attrs_mean_tstr_f1,user_attrs_mia_auc,user_attrs_nndr,user_attrs_nndr_norm,user_attrs_objective,user_attrs_privacy_risk,user_attrs_sdv_quality,user_attrs_utility,user_attrs_w_fidelity,user_attrs_w_privacy_risk,user_attrs_w_utility,state
0,0.39615652705389415,2026-09-02 14:34:12.005543,2026-09-02 14:34:25.238346,0 days 00:00:13.232803,50,"[256, 256, 256, 256]",175,2.6587543983272713e-06,32,50,0.9354255754713324,2.358877489930638,0.0,0.8092306448785234,0.6830357142857143,0.46407842330885446,0.8252703000882612,0.36119187677940673,0.9949305555555555,0.9598115663597018,0.9598115663597018,0.39615652705389415,0.7095218078698673,,0.5359215766911456,0.4,0.2,0.4,COMPLETE
1,0.46447251795190836,2026-09-02 14:34:25.238731,2026-09-02 14:36:31.257900,0 days 00:02:06.019169,500,"[256, 256, 256, 256]",125,1.0677482709481361e-05,128,150,0.9289328542084219,2.7048067218187914,0.0,0.7704485699613537,0.6119642857142856,0.25329445992763344,0.8252703000882612,0.5719758401606279,1.0,0.9601812323070027,0.9601812323070027,0.46447251795190836,0.7119456303078993,,0.7467055400723666,0.4,0.2,0.4,COMPLETE
2,0.4670285705819425,2026-09-02 14:36:31.258300,2026-09-02 14:36:50.313099,0 days 00:00:19.054799,100,"[128, 128, 128]",225,9.780337016659406e-06,32,150,0.9284042075693733,2.708857036103314,0.0,0.8221485323561153,0.7158928571428572,0.2996402886335075,0.8252703000882612,0.5256300114547537,0.9984895833333333,0.9645705237705458,0.9645705237705458,0.4670285705819425,0.709873634535503,,0.7003597113664926,0.4,0.2,0.4,COMPLETE
3,0.4255044634877378,2026-09-02 14:36:50.313531,2026-09-02 14:37:00.820730,0 days 00:00:10.507199,50,"[128, 128, 128]",100,6.97828126512603e-05,64,150,0.9311561821217986,2.7125697399032744,0.0,0.8530780910608994,0.7750000000000001,0.43562819478379966,0.8252703000882612,0.38964210530446164,0.9934722222222223,0.964528786652002,0.964528786652002,0.4255044634877378,0.7073774751155106,,0.5643718052162003,0.4,0.2,0.4,COMPLETE
4,0.507283248351243,2026-09-02 14:37:00.821034,2026-09-02 14:38:43.342166,0 days 00:01:42.521132,500,"[256, 256, 256, 256]",100,9.413993046829939e-05,128,150,0.9251879105097913,2.598173800559846,0.0,0.8198260981120384,0.7144642857142857,0.19661006062707306,0.8252703000882612,0.6286602394611882,0.9952256944444444,0.9586567133616882,0.9586567133616882,0.507283248351243,0.7100158332137156,,0.8033899393729269,0.4,0.2,0.4,COMPLETE
5,0.45687152487308913,2026-09-02 14:38:43.342672,2026-09-02 14:40:02.954909,0 days 00:01:19.612237,500,"[128, 128, 128]",250,1.3400367243354813e-06,64,150,0.9320148887653946,2.61456376882916,0.0,0.8170788729541258,0.7021428571428572,0.3218876119229644,0.8252703000882612,0.5033826881652969,0.9890451388888889,0.961658905825223,0.961658905825223,0.45687152487308913,0.7060248976968775,,0.6781123880770357,0.4,0.2,0.4,COMPLETE
6,0.4877378950258815,2026-09-02 14:40:02.955332,2026-09-02 14:40:21.421454,0 days 00:00:18.466122,100,"[128, 128, 128]",150,7.1627869998973385e-06,64,50,0.9340926190617136,2.7382512890524575,0.0,0.8082963095308568,0.6825,0.233654851701073,0.8252703000882612,0.5916154483871883,0.9984027777777778,0.9620264945290952,0.9620264945290952,0.4877378950258815,0.7105934405301604,,0.766345148298927,0.4,0.2,0.4,COMPLETE
7,0.4944010653837352,2026-09-02 14:40:21.421885,2026-09-02 14:42:00.498675,0 days 00:01:39.076790,500,"[512, 512, 512]",100,2.101079931010356e-06,128,150,0.9338790593873078,2.445893856955977,0.0,0.8300645296936539,0.72625,0.24075650414799002,0.8252703000882612,0.5845137959402712,0.9872916666666667,0.9567836972022723,0.9567836972022723,0.4944010653837352,0.7066107241726516,,0.75924349585201,0.4,0.2,0.4,COMPLETE
8,0.5123243798327004,2026-09-02 14:42:00.499083,2026-09-02 14:46:37.380188,0 days 00:04:36.881105,500,"[128, 128, 128]",300,7.1485107935129825e-06,128,150,0.9396244501428042,2.6362333683590746,0.0,0.7915086536428306,0.6433928571428572,0.15852671322019307,0.8252703000882612,0.6667435868680682,0.9801909722222223,0.9525116814311273,0.9525116814311273,0.5123243798327004,0.7043419816817729,,0.8414732867798069,0.4,0.2,0.4,COMPLETE
9,0.4939127829931999,2026-09-02 14:46:37.380574,2026-09-02 14:47:01.023101,0 days 00:00:23.642527,50,"[256, 256, 256, 256]",275,8.781408196485981e-05,64,50,0.9377588953844649,2.336207305825578,0.0,0.8767365905493754,0.8157142857142857,0.2885636686929565,0.8252703000882612,0.5367066313953047,0.98171875,0.946924820843873,0.946924820843873,0.4939127829931999,0.7067819287468382,,0.7114363313070435,0.4,0.2,0.4,COMPLETE
10,0.5012011308859086,2026-09-02 14:47:01.023723,2026-09-02 14:51:20.030277,0 days 00:04:19.006554,500,"[512, 512, 512]",300,2.9268245473084264e-05,128,100,0.9430200033134014,2.747640202633874,0.0,0.7640992873709864,0.5851785714285713,0.15711220911137835,0.8252703000882612,0.668158090976883,0.9910590277777778,0.9585367059973838,0.9585367059973838,0.5012011308859086,0.7079685020896738,,0.8428877908886216,0.4,0.2,0.4,COMPLETE
11,0.49927638818262426,2026-09-02 14:51:20.031225,2026-09-02 14:54:09.019622,0 days 00:02:48.988397,500,"[256, 256, 256, 256]",200,3.124556445157583e-05,128,100,0.9303342033993196,2.650545784966015,0.0,0.8298992445568028,0.7294642857142858,0.2264935219972769,0.8252703000882612,0.5987767780909844,0.9962152777777777,0.9589271156098602,0.9589271156098602,0.49927638818262426,0.7104295042059308,,0.7735064780027231,0.4,0.2,0.4,COMPLETE
12,0.48077804296330817,2026-09-02 14:54:09.020239,2026-09-02 14:58:19.678350,0 days 00:04:10.658111,500,"[128, 128, 128]",300,2.582898962539307e-05,128,150,0.9044506379843568,2.293327174034784,0.0,0.7732074618493212,0.6419642857142858,0.21463716429789279,0.8252703000882612,0.6106331357903686,0.9984895833333333,0.9533147046011687,0.9533147046011687,0.48077804296330817,0.7132503802863159,,0.7853628357021072,0.4,0.2,0.4,COMPLETE
13,0.44288390321839777,2026-09-02 14:58:19.678972,2026-09-02 15:01:17.730156,0 days 00:02:58.051184,500,"[256, 256, 256, 256]",200,5.090873160060658e-06,128,150,0.9423548535990086,2.823306796552436,0.0,0.8238559982280758,0.7053571428571429,0.3615959549260009,0.8252703000882612,0.4636743451622604,0.9956770833333334,0.9591265705150196,0.9591265705150196,0.44288390321839777,0.7101005705121608,,0.6384040450739992,0.4,0.2,0.4,COMPLETE
14,0.510134565222724,2026-09-02 15:01:17.730729,2026-09-02 15:05:13.481780,0 days 00:03:55.751051,500,"[512, 512, 512]",250,1.589147088609139e-05,128,150,0.9284626510548782,2.7197099702266305,0.0,0.7911956112417248,0.6539285714285713,0.16410029616207364,0.8252703000882612,0.6611700039261876,0.9823090277777778,0.9587890328106875,0.9587890328106875,0.510134565222724,0.7035178040456826,,0.8358997038379263,0.4,0.2,0.4,COMPLETE
15,0.45685252229967455,2026-09-02 15:05:13.482227,2026-09-02 15:06:21.779202,0 days 00:01:08.296975,100,"[512, 512, 512]",250,1.946916700756778e-05,128,100,0.9365105236289869,2.70571121960688,0.0,0.8195945475287791,0.7026785714285715,0.3223836022487605,0.8252703000882612,0.5028866978395008,0.9967013888888888,0.9606380512759327,0.9606380512759327,0.45685252229967455,0.7101592790616647,,0.6776163977512395,0.4,0.2,0.4,COMPLETE
16,0.5164963066138496,2026-09-02 15:06:21.779660,2026-09-02 15:07:11.780295,0 days 00:00:50.000635,500,"[512, 512, 512]",275,3.919432228396405e-06,32,150,0.9224302835527433,2.3605966853527693,0.0,0.8125544274906573,0.7026785714285714,0.1666762070114096,0.8252703000882612,0.6585940930768517,0.9903472222222223,0.9529956774062126,0.9529956774062126,0.5164963066138496,0.7092749078892473,,0.8333237929885904,0.4,0.2,0.4,COMPLETE
17,0.4654464054791167,2026-09-02 15:07:11.780759,2026-09-02 15:08:00.354268,0 days 00:00:48.573509,500,"[512, 512, 512]",275,4.1883527225509575e-06,32,150,0.9227338446651393,2.3419750036677067,0.0,0.8262776366182839,0.7298214285714285,0.30778067522304403,0.8252703000882612,0.5174896248652172,0.9905902777777778,0.9517774783133094,0.9517774783133094,0.4654464054791167,0.7097618953948961,,0.6922193247769559,0.4,0.2,0.4,COMPLETE
18,0.5471426777584231,2026-09-02 15:08:00.354775,2026-09-02 15:08:30.625764,0 days 00:00:30.270989,100,"[512, 512, 512]",300,2.932951267289443e-06,32,100,0.923334098318059,2.6658597473823282,0.0,0.8625599063018865,0.8017857142857141,0.14240420282968572,0.8252703000882612,0.6828660972585755,0.9861979166666667,0.9616698006034895,0.9616698006034895,0.5471426777584231,0.7045980181522864,,0.8575957971703143,0.4,0.2,0.4,COMPLETE
19,0.3551385287876051,2026-09-02 15:08:30.625992,2026-09-02 15:08:58.587075,0 days 00:00:27.961083,100,"[512, 512, 512]",275,1.1344342338107531e-06,32,100,0.9212671371516198,2.355277015367785,0.0,0.7987585685758098,0.6762499999999999,0.5553662322664423,0.8252703000882612,0.26990406782181897,0.9956597222222222,0.9557927747680046,0.9557927747680046,0.3551385287876051,0.7110920286807096,,0.44463376773355767,0.4,0.2,0.4,COMPLETE
