number,value,datetime_start,datetime_complete,duration,params_batch_size,params_default_distribution,params_discriminator_dim,params_discriminator_lr,params_epochs,params_generator_dim,params_generator_lr,params_pac,user_attrs_corr_similarity,user_attrs_dcr,user_attrs_dcr_norm,user_attrs_fidelity,user_attrs_ks_similarity,user_attrs_mean_f1_gap,user_attrs_mean_trtr_f1,user_attrs_mean_tstr_f1,user_attrs_mia_auc,user_attrs_nndr,user_attrs_nndr_norm,user_attrs_objective,user_attrs_privacy_risk,user_attrs_sdv_quality,user_attrs_utility,user_attrs_w_fidelity,user_attrs_w_privacy_risk,user_attrs_w_utility,state
0,0.23225210023191767,2026-08-14 14:36:52.560809,2026-08-14 14:37:48.646020,0 days 00:00:56.085211,100,norm,"[256, 256, 256]",2.0511104188433963e-05,350,"[256, 256]",2.0513382630874486e-05,1,0.5970091142957814,7.026589649248818,0.0,0.610450675545622,0.6238922367954627,0.6777433647352346,0.9396481266399964,0.2619047619047619,1.0,0.9861529317960442,0.9861529317960442,0.23225210023191767,0.7041541204611867,,0.32225663526476545,0.4,0.2,0.4,COMPLETE
1,0.32892404318429014,2026-08-14 14:37:48.646603,2026-08-14 14:38:37.444752,0 days 00:00:48.798149,100,beta,"[256, 256, 256]",8.168455894760161e-05,300,"[128, 128]",5.4041038546473305e-05,10,0.5881584311274705,6.710413213078192,0.0,0.7115552878785173,0.8349521446295641,0.5378182864639031,0.9396481266399964,0.4018298401760934,0.9969944182052383,0.985478073982804,0.985478073982804,0.32892404318429014,0.702853786907778,,0.46218171353609694,0.4,0.2,0.4,COMPLETE
2,0.2709105876691447,2026-08-14 14:38:37.445297,2026-08-14 14:39:05.895369,0 days 00:00:28.450072,500,norm,"[256, 256]",0.000658628931758311,600,"[256, 256]",1.1715937392307055e-05,1,0.6196450110702814,5.415317923087512,0.0,0.7692695101434357,0.9188940092165899,0.7532362928597417,0.9396481266399964,0.18641183378025483,0.9438063546586518,0.9812989370255379,0.9812989370255379,0.2709105876691447,0.6775134962216645,,0.2467637071402583,0.4,0.2,0.4,COMPLETE
3,0.44658255579022804,2026-08-14 14:39:05.895907,2026-08-14 14:39:19.554978,0 days 00:00:13.659071,500,truncnorm,"[256, 256]",0.00045443839603360173,200,"[256, 256, 256]",3.488976654890367e-05,1,0.6354876183273845,5.550580700267189,0.0,0.7671589101916966,0.8988302020560086,0.29941857335885996,0.9396481266399964,0.6402295532811366,0.9949549162730786,0.9830318780733537,0.9830318780733537,0.44658255579022804,0.7025678947145333,,0.7005814266411401,0.4,0.2,0.4,COMPLETE
4,0.49670003426122444,2026-08-14 14:39:19.555314,2026-08-14 14:40:11.597264,0 days 00:00:52.041950,200,gamma,"[256, 256]",0.00017643967683381525,650,"[128, 128]",0.0005323617594751496,1,0.7752928582247426,5.443519644675473,0.0,0.7533323560886209,0.7313718539524993,0.1583411919102892,0.9396481266399964,0.7813069347297074,1.0,0.9783928098315288,0.9783928098315288,0.49670003426122444,0.7064821570505413,,0.8416588080897108,0.4,0.2,0.4,COMPLETE
5,0.32403747134770566,2026-08-14 14:40:11.597815,2026-08-14 14:41:19.729141,0 days 00:01:08.131326,100,norm,"[128, 128]",1.1557352816269867e-05,450,"[128, 128]",1.6435497475111308e-05,1,0.5869966287792743,8.448413526204815,0.0,0.5472381229681553,0.5074796171570365,0.38493422034567715,0.9396481266399964,0.5547139062943194,1.0,0.9852651716452399,0.9852651716452399,0.32403747134770566,0.704420448506428,,0.6150657796543229,0.4,0.2,0.4,COMPLETE
6,0.3589544191678915,2026-08-14 14:41:19.729665,2026-08-14 14:42:43.597294,0 days 00:01:23.867629,100,beta,"[256, 256, 256]",0.00011986281799901183,550,"[256, 256]",0.0006097025297491432,5,0.5960859627798162,11.513400148772655,0.0,0.5073659165192949,0.4186458702587735,0.2571223677984482,0.9396481266399964,0.6825257588415483,1.0,0.980949994659214,0.980949994659214,0.3589544191678915,0.7057150016022358,,0.7428776322015518,0.4,0.2,0.4,COMPLETE
7,0.4177476947908869,2026-08-14 14:42:43.598006,2026-08-14 14:43:37.273227,0 days 00:00:53.675221,100,norm,"[128, 128]",5.336533066379606e-05,350,"[128, 128]",0.0002547052623339115,5,0.5831883875348878,6.64571401811071,0.0,0.6666030558730802,0.7500177242112728,0.27038031406310453,0.9396481266399964,0.6692678125768919,0.9992486045513095,0.9863909753671253,0.9863909753671253,0.4177476947908869,0.7037070096655171,,0.7296196859368955,0.4,0.2,0.4,COMPLETE
8,0.4359498711769988,2026-08-14 14:43:37.273923,2026-08-14 14:43:56.993898,0 days 00:00:19.719975,200,gamma,"[256, 256]",0.00033361013094697806,200,"[256, 256]",0.00022093834415066264,5,0.7174328771658753,7.430586562819381,0.0,0.7087341627942104,0.7000354484225455,0.2663360585910864,0.9396481266399964,0.6733120680489102,1.0,0.9831771582624852,0.9831771582624852,0.4359498711769988,0.7050468525212545,,0.7336639414089137,0.4,0.2,0.4,COMPLETE
9,0.2921548103726981,2026-08-14 14:43:56.994385,2026-08-14 14:44:07.335430,0 days 00:00:10.341045,500,beta,"[256, 256, 256]",0.00024092145436664767,100,"[256, 256]",2.2321987366901545e-05,1,0.5909675024226123,6.983680684104157,0.0,0.7164337689355175,0.8419000354484226,0.634327812228773,0.9396481266399964,0.3053203144112235,0.9965650493774152,0.9828155437956969,0.9828155437956969,0.2921548103726981,0.7034378615499985,,0.365672187771227,0.4,0.2,0.4,COMPLETE
10,0.39969343528726636,2026-08-14 14:44:07.335738,2026-08-14 14:45:10.623000,0 days 00:01:03.287262,200,gamma,"[256, 256]",3.5266643547961975e-05,800,"[256, 256, 256]",9.007312889255122e-05,10,0.6036653723954484,7.2435945303600855,0.0,0.6417121615610706,0.6797589507266928,0.2905552749146685,0.9396481266399964,0.649092851725328,1.0,0.9871780104784256,0.9871780104784256,0.39969343528726636,0.7038465968564724,,0.7094447250853315,0.4,0.2,0.4,COMPLETE
11,0.5975831039200459,2026-08-14 14:45:10.623508,2026-08-14 14:46:13.984149,0 days 00:01:03.360641,200,truncnorm,"[256, 256]",0.0007791470666172787,800,"[256, 256, 256]",0.0009547981240330119,1,0.8827800037308937,3.226485838084914,0.0,0.8602485626594916,0.8377171215880894,0.012986042399724637,0.9396481266399964,0.926662084240272,0.9904465435809361,0.962045836237212,0.962045836237212,0.5975831039200459,0.7066095209193044,,0.9870139576002753,0.4,0.2,0.4,COMPLETE
12,0.487402160653858,2026-08-14 14:46:13.984489,2026-08-14 14:47:17.557515,0 days 00:01:03.573026,200,truncnorm,"[256, 256]",0.0008340811494009137,800,"[256, 256, 256]",0.0008568137966118563,1,0.8802155677379894,3.762695888678015,0.0,0.8355703857832095,0.7909252038284298,0.262023637602464,0.9396481266399964,0.6776244890375326,0.9990339201373981,0.9647808899216607,0.9647808899216607,0.487402160653858,0.7100826930922008,,0.737976362397536,0.4,0.2,0.4,COMPLETE
13,0.29069934927641705,2026-08-14 14:47:17.558202,2026-08-14 14:48:10.522598,0 days 00:00:52.964396,200,gamma,"[256, 256]",0.00016425863136152204,650,"[256, 256, 256]",0.0003933844222174345,1,0.6421728249512864,9.048870133559486,0.0,0.5331034277184649,0.4240340304856434,0.45368544640250713,0.9396481266399964,0.4859626802374894,1.0,0.9822026125005651,0.9822026125005651,0.29069934927641705,0.7053392162498304,,0.5463145535974929,0.4,0.2,0.4,COMPLETE
14,0.5011486700108272,2026-08-14 14:48:10.523204,2026-08-14 14:49:05.373511,0 days 00:00:54.850307,200,truncnorm,"[256, 256]",0.0009929803273512783,700,"[128, 128]",0.0009883835191592137,10,0.6710459017704301,8.320517288456012,0.0,0.6830947339408693,0.6951435661113083,0.07917654560251826,0.9396481266399964,0.8604715810374782,0.9946328896522113,0.9840780606784661,0.9840780606784661,0.5011486700108272,0.7020930266225658,,0.9208234543974817,0.4,0.2,0.4,COMPLETE
15,0.4741669712724745,2026-08-14 14:49:05.374073,2026-08-14 14:50:04.552981,0 days 00:00:59.178908,200,truncnorm,"[256, 256]",0.0009763906052253874,750,"[128, 128]",0.0009240198637652531,10,0.7322971160188992,8.422385390505244,0.0,0.7245675583639339,0.7168380007089686,0.18762845681210757,0.9396481266399964,0.7520196698278889,0.9969407471017604,0.9847567560320003,0.9847567560320003,0.4741669712724745,0.7030433467412802,,0.8123715431878924,0.4,0.2,0.4,COMPLETE
16,0.42884478573369367,2026-08-14 14:50:04.553500,2026-08-14 14:51:00.481320,0 days 00:00:55.927820,200,truncnorm,"[128, 128]",0.0004450811659311702,700,"[256, 256, 256]",0.0002929058801973205,10,0.6510440229171546,7.961436291147776,0.0,0.644203330139896,0.6373626373626374,0.21979520960398088,0.9396481266399964,0.7198529170360156,0.9993291112065263,0.9835741439996728,0.9835741439996728,0.42884478573369367,0.7045923124033613,,0.7802047903960191,0.4,0.2,0.4,COMPLETE
17,0.5304327650644545,2026-08-14 14:51:00.481801,2026-08-14 14:51:46.211750,0 days 00:00:45.729949,200,truncnorm,"[256, 256]",0.0005964155275234956,550,"[256, 256, 256]",0.00013336003906909693,10,0.7864356874190399,6.314923451533295,0.0,0.7681912573926112,0.7499468273661825,0.08898801454197595,0.9396481266399964,0.8506601120980206,0.9990339201373981,0.9775809989656685,0.9775809989656685,0.5304327650644545,0.7062426603789984,,0.9110119854580241,0.4,0.2,0.4,COMPLETE
18,0.5078511010270306,2026-08-14 14:51:46.212394,2026-08-14 14:52:27.329283,0 days 00:00:41.116889,200,truncnorm,"[256, 256]",0.0005075078035132838,500,"[256, 256, 256]",0.00014059629321229756,10,0.7906684872508046,6.2565651507309425,0.0,0.7627216948838215,0.7347749025168383,0.14093886414018345,0.9396481266399964,0.7987092624998131,0.9972627737226277,0.9810707683639668,0.9810707683639668,0.5078511010270306,0.7043101563521239,,0.8590611358598166,0.4,0.2,0.4,COMPLETE
19,0.5341581420677022,2026-08-14 14:52:27.329972,2026-08-14 14:53:05.299871,0 days 00:00:37.969899,200,truncnorm,"[128, 128]",0.00030559881713422673,450,"[256, 256, 256]",0.00011214516805481448,10,0.793446493275813,6.25694195612548,0.0,0.758049017641097,0.7226515420063809,0.0705420075338774,0.9396481266399964,0.8691061191061191,0.9974237870330614,0.9816286121353395,0.9816286121353395,0.5341581420677022,0.704223309875929,,0.9294579924661226,0.4,0.2,0.4,COMPLETE
