number,value,datetime_start,datetime_complete,duration,params_batch_size,params_discriminator_dim,params_discriminator_lr,params_discriminator_steps,params_epochs,params_generator_dim,params_generator_lr,params_pac,user_attrs_corr_similarity,user_attrs_dcr,user_attrs_dcr_norm,user_attrs_fidelity,user_attrs_ks_similarity,user_attrs_mean_f1_gap,user_attrs_mean_trtr_f1,user_attrs_mean_tstr_f1,user_attrs_mia_auc,user_attrs_nndr,user_attrs_nndr_norm,user_attrs_objective,user_attrs_privacy_risk,user_attrs_sdv_quality,user_attrs_utility,user_attrs_w_fidelity,user_attrs_w_privacy_risk,user_attrs_w_utility,state
0,0.5376005168811686,2026-09-08 14:14:56.758432,2026-09-08 14:15:58.442282,0 days 00:01:01.683850,100,"[128, 128]",1.3066739238053272e-05,1,450,"[128, 128]",2.0511104188433963e-05,5,0.644519432319674,2.1154169563021217,0.0,0.6976924084675293,0.7508653846153847,-13.732752750905759,-14.808028519464996,-1.0752757685592371,0.9989930555555555,0.9737143174952065,0.9737143174952065,0.5376005168811686,0.7073822325292158,,1.0,0.4,0.2,0.4,COMPLETE
1,0.599252779333276,2026-09-08 14:15:58.442793,2026-09-08 14:18:52.616029,0 days 00:02:54.173236,100,"[512, 512]",0.00037183641805732076,5,350,"[256, 256, 256]",8.168455894760161e-05,1,0.7552944473261564,0.8505205087962978,0.0,0.8322626082784628,0.9092307692307693,-2.7709483049297763,-14.808028519464996,-12.03708021453522,0.9019444444444444,0.9423696744389216,0.9423696744389216,0.599252779333276,0.6682613198905458,,1.0,0.4,0.2,0.4,COMPLETE
2,0.5492059967369128,2026-09-08 14:18:52.616527,2026-09-08 14:19:39.456090,0 days 00:00:46.839563,500,"[256, 256]",3.292759134423613e-05,5,750,"[128, 128]",0.000658628931758311,5,0.6564212398775454,2.145009938095321,0.0,0.7264317737849266,0.7964423076923077,-7.021012711210405,-14.808028519464996,-7.787015808254591,0.9996354166666667,0.976613814826814,0.976613814826814,0.5492059967369128,0.7068335638852892,,1.0,0.4,0.2,0.4,COMPLETE
3,-0.01586468345121836,2026-09-08 14:19:39.456504,2026-09-08 14:19:46.130257,0 days 00:00:06.673753,500,"[256, 256]",5.170191786366994e-05,1,250,"[512, 512]",0.00045443839603360173,1,0.5450688246726898,3.6411903383684576,0.0,0.3123901815671141,0.07971153846153843,30.393837638458756,-14.808028519464996,-45.20186615792375,1.0,0.9863207320322668,0.9863207320322668,-0.01586468345121836,0.7041037803903201,,0.0,0.4,0.2,0.4,COMPLETE
4,0.5343354953681534,2026-09-08 14:19:46.130511,2026-09-08 14:20:28.408441,0 days 00:00:42.277930,1000,"[256, 256]",4.589824181495648e-05,4,800,"[512, 512]",0.00017643967683381525,10,0.6411738168611913,2.015192165352785,0.0,0.6898657545844418,0.7385576923076923,-11.012887486618911,-14.808028519464996,-3.795141032846085,0.9997743055555556,0.9727770681655368,0.9727770681655368,0.5343354953681534,0.7080540323281168,,1.0,0.4,0.2,0.4,COMPLETE
5,0.5762874537137225,2026-09-08 14:20:28.408746,2026-09-08 14:22:36.392050,0 days 00:02:07.983304,100,"[256, 256]",0.000187422109855557,2,550,"[256, 256, 256]",1.1557352816269867e-05,5,0.6854772569110741,1.5258593416327075,0.0,0.7917770899939987,0.8980769230769231,-4.859865125557473,-14.808028519464996,-9.948163393907523,0.9862847222222222,0.9700848323057518,0.9700848323057518,0.5762874537137225,0.7021169114193855,,1.0,0.4,0.2,0.4,COMPLETE
6,0.588594611803831,2026-09-08 14:22:36.392479,2026-09-08 14:23:11.218416,0 days 00:00:34.825937,1000,"[256, 256, 256]",0.00041198396246051877,3,700,"[128, 128]",0.00011986281799901183,1,0.7174600748930455,1.0740367257719874,0.0,0.8127684989849844,0.9080769230769232,-3.0427866384903197,-14.808028519464996,-11.765241880974676,0.9356423611111111,0.9508574720158047,0.9508574720158047,0.588594611803831,0.6825639389508141,,1.0,0.4,0.2,0.4,COMPLETE
7,0.5783726748199084,2026-09-08 14:23:11.218820,2026-09-08 14:24:11.840629,0 days 00:01:00.621809,100,"[256, 256, 256]",0.0008781408196485975,1,400,"[128, 128]",5.336533066379606e-05,5,0.7057429834595468,1.595309460141332,0.0,0.7965734148066965,0.8874038461538463,-2.789807929583949,-14.808028519464996,-12.018220589881047,0.9832465277777779,0.9677993612501252,0.9677993612501252,0.5783726748199084,0.7012834555138514,,1.0,0.4,0.2,0.4,COMPLETE
8,0.10310404473977153,2026-09-08 14:24:11.840935,2026-09-08 14:24:30.401571,0 days 00:00:18.560636,200,"[256, 256, 256]",2.9872741995638415e-05,1,200,"[128, 128]",0.00033361013094697806,10,0.6303911177120898,2.754699390790277,0.0,0.6102436357791218,0.5900961538461538,1.898742403219325,-14.808028519464996,-16.70677092268432,0.9999826388888888,0.9834142386168616,0.9834142386168616,0.10310404473977153,0.7049670478593859,,0.0,0.4,0.2,0.4,COMPLETE
9,0.5027158972667161,2026-09-08 14:24:30.401845,2026-09-08 14:24:38.631780,0 days 00:00:08.229935,500,"[128, 128]",5.9356829120146846e-05,5,100,"[128, 128]",0.00024092145436664767,1,0.6393012552661338,4.199396762854635,0.0,0.6082083199407591,0.5771153846153845,-7.127026687344756,-14.808028519464996,-7.68100183212024,0.9999826388888889,0.9905138863216882,0.9905138863216882,0.5027158972667161,0.7028371535479381,,1.0,0.4,0.2,0.4,COMPLETE
10,0.6028179731790696,2026-09-08 14:24:38.632082,2026-09-08 14:27:19.174290,0 days 00:02:40.542208,200,"[512, 512]",0.0001440313010173896,3,1000,"[256, 256, 256]",5.463331403485189e-05,1,0.7624999145107916,0.7925826068002707,0.0,0.8387018803323188,0.9149038461538461,-3.7831018837965473,-14.808028519464996,-11.024926635668448,0.8911284722222224,0.9408344711394037,0.9408344711394037,0.6028179731790696,0.66331389476929,,1.0,0.4,0.2,0.4,COMPLETE
11,0.5919605259321077,2026-09-08 14:27:19.174834,2026-09-08 14:29:51.977670,0 days 00:02:32.802836,200,"[512, 512]",0.00017175482489007385,3,950,"[256, 256, 256]",5.9601188919609734e-05,1,0.7607777141384108,0.8023532381643155,0.0,0.8176003955307438,0.8744230769230769,-1.217605319508717,-14.808028519464996,-13.590423199956279,0.9144965277777778,0.9395003416264638,0.9395003416264638,0.5919605259321077,0.6753981614009498,,1.0,0.4,0.2,0.4,COMPLETE
12,0.601376608962509,2026-09-08 14:29:51.978163,2026-09-08 14:33:07.868361,0 days 00:03:15.890198,200,"[512, 512]",0.00016851643087875622,4,1000,"[256, 256]",5.392746691228778e-05,1,0.7594863967648668,0.8535223034054864,0.0,0.8399835829978181,0.9204807692307693,-2.638956684028056,-14.808028519464996,-12.16907183543694,0.9122743055555556,0.9435101053156227,0.9435101053156227,0.601376608962509,0.6730841211830909,,1.0,0.4,0.2,0.4,COMPLETE
13,0.5897434119180343,2026-09-08 14:33:07.868860,2026-09-08 14:35:43.307155,0 days 00:02:35.438295,200,"[512, 512]",0.00012774135799436962,3,1000,"[256, 256]",2.9260797210621686e-05,1,0.7276373676884329,1.0660294477454868,0.0,0.8202609915365242,0.9128846153846154,-3.745682433847568,-14.808028519464996,-11.062346085617428,0.9532291666666667,0.9493655328348536,0.9493655328348536,0.5897434119180343,0.6918049234828773,,1.0,0.4,0.2,0.4,COMPLETE
14,0.5979257675403419,2026-09-08 14:35:43.307627,2026-09-08 14:38:40.254066,0 days 00:02:56.946439,200,"[512, 512]",8.371623317801158e-05,4,900,"[256, 256]",3.5241262456205515e-05,1,0.7427318604233069,1.0385079514524649,0.0,0.8295390071347304,0.9163461538461538,-3.3772595545174617,-14.808028519464996,-11.430768964947534,0.9069270833333334,0.9467145503297167,0.9467145503297167,0.5979257675403419,0.6694491765677517,,1.0,0.4,0.2,0.4,COMPLETE
15,0.6019449479604269,2026-09-08 14:38:40.254486,2026-09-08 14:41:30.395468,0 days 00:02:50.140982,200,"[512, 512]",0.00032329510546943817,4,850,"[256, 256]",0.00010843773965239019,1,0.7616388073543165,0.7410548728396915,0.0,0.8392809421386969,0.9169230769230771,-2.7322645555730123,-14.808028519464996,-12.075763963891983,0.8994965277777778,0.9363703980454305,0.9363703980454305,0.6019449479604269,0.6688371444752597,,1.0,0.4,0.2,0.4,COMPLETE
16,0.609483274225159,2026-09-08 14:41:30.395999,2026-09-08 14:43:05.201087,0 days 00:01:34.805088,200,"[512, 512]",0.0004386850859049654,2,850,"[256, 256]",0.00012438461452769168,10,0.8807942400566872,0.9968920425123983,0.0,0.8738586584898821,0.866923076923077,-3.0313862289538456,-14.808028519464996,-11.77664229051115,0.9728819444444445,0.9538000878941771,0.9538000878941771,0.609483274225159,0.7003009458539691,,1.0,0.4,0.2,0.4,COMPLETE
17,0.2016565997525549,2026-09-08 14:43:05.201611,2026-09-08 14:44:30.471386,0 days 00:01:25.269775,200,"[512, 512]",0.0007827261670764944,2,700,"[256, 256, 256]",0.00018140837457893876,10,0.8855563251726466,1.0819871999677284,0.0,0.856720470278631,0.8278846153846153,6.469715996779593,-14.808028519464996,-21.27774451624459,0.9852604166666666,0.9582408884628193,0.9582408884628193,0.2016565997525549,0.7051579417944875,,0.0,0.4,0.2,0.4,COMPLETE
18,0.5636927424060445,2026-09-08 14:44:30.471903,2026-09-08 14:45:40.681308,0 days 00:01:10.209405,200,"[512, 512]",0.00048793127111001106,2,600,"[256, 256]",1.7721366292267614e-05,10,0.6740529341044752,2.028501401603404,0.0,0.7622668516676221,0.8504807692307691,-4.638652862359715,-14.808028519464996,-10.169375657105281,0.997986111111111,0.9764102141684468,0.9764102141684468,0.5636927424060445,0.7060699913050215,,1.0,0.4,0.2,0.4,COMPLETE
19,0.5697417834748042,2026-09-08 14:45:40.681824,2026-09-08 14:46:11.758325,0 days 00:00:31.076501,1000,"[128, 128]",0.00030559881713422673,2,900,"[256, 256, 256]",0.00011723641951755092,10,0.6852845637380676,1.5022061211415056,0.0,0.7742768972536491,0.8632692307692308,-7.1996942713992365,-14.808028519464996,-7.608334248065759,0.9841319444444445,0.9740703169631489,0.9740703169631489,0.5697417834748042,0.6998448771332776,,1.0,0.4,0.2,0.4,COMPLETE
