number,value,datetime_start,datetime_complete,duration,params_batch_size,params_compress_dims,params_decompress_dims,params_embedding_dim,params_epochs,params_l2scale,params_loss_factor,user_attrs_corr_similarity,user_attrs_dcr,user_attrs_dcr_norm,user_attrs_fidelity,user_attrs_ks_similarity,user_attrs_mean_f1_gap,user_attrs_mean_trtr_f1,user_attrs_mean_tstr_f1,user_attrs_mia_auc,user_attrs_nndr,user_attrs_nndr_norm,user_attrs_objective,user_attrs_privacy_risk,user_attrs_sdv_quality,user_attrs_utility,user_attrs_w_fidelity,user_attrs_w_privacy_risk,user_attrs_w_utility,state
0,0.6102069042908548,2026-08-20 10:55:31.234882,2026-08-20 10:55:43.586143,0 days 00:00:12.351261,100,"[256, 256]","[128, 128, 128]",128,450,3.752055855124284e-05,5,0.9157358227849385,1.2633961078720355,0.0,0.9061493119706896,0.8965628011564406,0.05598770114899143,0.9411162314388121,0.8851285302898205,0.8274048442906573,0.8813790731873525,0.8813790731873525,0.6102069042908548,0.6492887001891229,,0.9440122988510086,0.4,0.2,0.4,COMPLETE
1,0.5829914868253654,2026-08-20 10:55:43.586366,2026-08-20 10:55:48.112880,0 days 00:00:04.526514,500,"[128, 128, 128]","[64, 64]",256,350,2.091498132903561e-05,10,0.890573199346583,1.3450753420338966,0.0,0.8672268502354502,0.8438805011243175,0.0513314083603618,0.9411162314388121,0.8897848230784503,0.9635986159169552,0.883219527783759,0.883219527783759,0.5829914868253654,0.7168334496233499,,0.9486685916396382,0.4,0.2,0.4,COMPLETE
2,0.5778271403345199,2026-08-20 10:55:48.113093,2026-08-20 10:55:56.387554,0 days 00:00:08.274461,100,"[256, 256]","[128, 128, 128]",64,300,6.516990611177181e-06,1,0.8892578579575015,1.451544156111463,0.0,0.873957550886878,0.8586572438162545,0.08990061027959702,0.9411162314388121,0.851215621159215,0.907681660899654,0.9162088363595484,0.9162088363595484,0.5778271403345199,0.6789781795419625,,0.9100993897204029,0.4,0.2,0.4,COMPLETE
3,0.5394643961088479,2026-08-20 10:55:56.387777,2026-08-20 10:55:59.447462,0 days 00:00:03.059685,500,"[128, 128]","[128, 128]",128,200,1.5512259126484753e-06,5,0.8786730452428175,1.2697895671361412,0.0,0.8400753597560056,0.8014776742691936,0.1463344050780383,0.9411162314388121,0.7947818263607737,0.925121107266436,0.9080020827384078,0.9080020827384078,0.5394643961088479,0.6901599288116957,,0.8536655949219617,0.4,0.2,0.4,COMPLETE
4,0.6421941991685794,2026-08-20 10:55:59.447677,2026-08-20 10:56:09.200620,0 days 00:00:09.752943,1000,"[64, 64]","[128, 128, 128]",64,900,5.595986878006084e-06,2,0.9170639253206311,1.3587038330712855,0.0,0.9164503693419731,0.9158368133633151,-0.0056323604710701485,0.9411162314388121,0.9467485919098823,0.7748096885813148,0.8849170048320274,0.8849170048320274,0.6421941991685794,0.6219297428410492,,1.0,0.4,0.2,0.4,COMPLETE
5,0.5909041294151186,2026-08-20 10:56:09.200843,2026-08-20 10:56:16.129803,0 days 00:00:06.928960,200,"[256, 256]","[128, 128, 128]",256,350,0.00038211294416912254,2,0.8833049756649174,1.3212754238714033,0.0,0.86166533717393,0.8400256986829425,0.0431306882919786,0.9411162314388121,0.8979855431468334,0.9015916955017301,0.8941573235418508,0.8941573235418508,0.5909041294151186,0.6825486506883098,,0.9568693117080214,0.4,0.2,0.4,COMPLETE
6,0.49031761970427556,2026-08-20 10:56:16.130021,2026-08-20 10:56:20.561206,0 days 00:00:04.431185,200,"[128, 128]","[128, 128]",128,200,6.85392570885306e-06,1,0.8277292536314947,1.2637917769155496,0.0,0.8089818770566726,0.7902345004818504,0.24149986922772806,0.9411162314388121,0.6996163622110839,0.916401384083045,0.9160825830167035,0.9160825830167035,0.49031761970427556,0.6833759171365115,,0.758500130772272,0.4,0.2,0.4,COMPLETE
7,0.6069215664964979,2026-08-20 10:56:20.561420,2026-08-20 10:56:31.427501,0 days 00:00:10.866081,500,"[256, 256]","[128, 128, 128]",32,1000,1.1214075785991133e-06,5,0.8986373473187674,1.267770696786866,0.0,0.9061127629623069,0.9135881786058463,0.06405851203670372,0.9411162314388121,0.8770577194021083,0.8330795847750865,0.8901304100627531,0.8901304100627531,0.6069215664964979,0.6495006693687173,,0.9359414879632962,0.4,0.2,0.4,COMPLETE
8,0.6139143668860877,2026-08-20 10:56:31.427726,2026-08-20 10:56:44.932024,0 days 00:00:13.504298,200,"[128, 128]","[128, 128, 128]",64,750,7.930569433855143e-05,10,0.9233959888834566,1.206319516136433,0.0,0.9003423889165114,0.8772887889495663,0.0365168375165826,0.9411162314388121,0.9045993939222295,0.8438754325259515,0.8795281596451889,0.8795281596451889,0.6139143668860877,0.6580792683694191,,0.9634831624834174,0.4,0.2,0.4,COMPLETE
9,0.6013603638507263,2026-08-20 10:56:44.932248,2026-08-20 10:57:07.507392,0 days 00:00:22.575144,100,"[64, 64]","[128, 128, 128]",32,900,5.149288946949016e-06,10,0.9233171104272216,1.2623392026961462,0.0,0.902390967677472,0.8814648249277224,0.07816116549867147,0.9411162314388121,0.8629550659401405,0.8131487889273356,0.8830553645323278,0.8830553645323278,0.6013603638507263,0.6416577851039694,,0.9218388345013285,0.4,0.2,0.4,COMPLETE
10,0.6094474173033427,2026-08-20 10:57:07.507612,2026-08-20 10:57:14.312982,0 days 00:00:06.805370,1000,"[64, 64]","[256, 256]",64,600,0.0005284384205738843,2,0.8911559444789706,1.3973835560044434,0.0,0.8989991094062054,0.9068422743334402,0.05427159459417519,0.9411162314388121,0.8868446368446369,0.8278200692041523,0.9056403049824305,0.9056403049824305,0.6094474173033427,0.6422179431073469,,0.9457284054058248,0.4,0.2,0.4,COMPLETE
11,0.6048626332133623,2026-08-20 10:57:14.313201,2026-08-20 10:57:23.143844,0 days 00:00:08.830643,1000,"[128, 128]","[256, 256]",64,800,0.00013334363561534802,10,0.9294512802833252,1.1667524439032526,0.0,0.9043337352267895,0.8792161901702539,0.07173672205930266,0.9411162314388121,0.8693795093795093,0.797923875432526,0.8602702581603362,0.8602702581603362,0.6048626332133623,0.6408808602681622,,0.9282632779406973,0.4,0.2,0.4,COMPLETE
12,0.6113995883123711,2026-08-20 10:57:23.144056,2026-08-20 10:57:31.024846,0 days 00:00:07.880790,1000,"[64, 64]","[64, 64]",64,700,7.91679651234437e-05,2,0.914932550719279,1.3794274392791683,0.0,0.9059082927062504,0.8968840346932218,0.034632034632034604,0.9411162314388121,0.9064841968067774,0.9069896193771626,0.893134117006683,0.893134117006683,0.6113995883123711,0.6855545745865764,,0.9653679653679654,0.4,0.2,0.4,COMPLETE
13,0.628610216976511,2026-08-20 10:57:31.025080,2026-08-20 10:57:42.297077,0 days 00:00:11.271997,200,"[128, 128, 128]","[128, 128, 128]",64,600,2.2658903694749667e-05,2,0.9204697864858109,1.301294608768893,0.0,0.9086769105895164,0.8968840346932219,0.02334267040149392,0.9411162314388121,0.917773561037318,0.781038062283737,0.8763387854945945,0.8763387854945945,0.628610216976511,0.62761739549349,,0.976657329598506,0.4,0.2,0.4,COMPLETE
14,0.6200007775131876,2026-08-20 10:57:42.297298,2026-08-20 10:57:52.726129,0 days 00:00:10.428831,200,"[128, 128, 128]","[128, 128, 128]",64,550,1.68604726470778e-05,2,0.8762716146612977,1.3775438131974942,0.0,0.8920387948025408,0.907805974943784,0.029923720246300856,0.9411162314388121,0.9111925111925112,0.7853287197231833,0.894793661050165,0.894793661050165,0.6200007775131876,0.6242262615465421,,0.9700762797536991,0.4,0.2,0.4,COMPLETE
15,0.6430124685648597,2026-08-20 10:57:52.726358,2026-08-20 10:58:04.216171,0 days 00:00:11.489813,1000,"[128, 128, 128]","[128, 128, 128]",64,1000,2.968070883409159e-06,2,0.9344268891281432,1.2632480921815,0.0,0.920955815267573,0.9074847414070027,0.009744623655913961,0.9411162314388121,0.9313716077828981,0.7453287197231835,0.8843477315419067,0.8843477315419067,0.6430124685648597,0.6073600403990198,,0.990255376344086,0.4,0.2,0.4,COMPLETE
16,0.6439138735533494,2026-08-20 10:58:04.216397,2026-08-20 10:58:15.223148,0 days 00:00:11.006751,1000,"[128, 128, 128]","[256, 256]",64,1000,2.7662829820544362e-06,2,0.9320698196233622,1.2401111853312499,0.0,0.9287718195450572,0.9254738194667521,0.03621031746031744,0.9411162314388121,0.9049059139784946,0.6603460207612456,0.8820645799263004,0.8820645799263004,0.6439138735533494,0.5655536364027327,,0.9637896825396826,0.4,0.2,0.4,COMPLETE
17,0.6046580817492264,2026-08-20 10:58:15.223372,2026-08-20 10:58:26.279934,0 days 00:00:11.056562,1000,"[128, 128, 128]","[256, 256]",256,1000,2.461331248375138e-06,2,0.894907289121676,1.347935968616384,0.0,0.8790309012264339,0.8631545133311918,0.034632034632034604,0.9411162314388121,0.9064841968067774,0.8669896193771627,0.8932916174863821,0.8932916174863821,0.6046580817492264,0.6655073244426668,,0.9653679653679654,0.4,0.2,0.4,COMPLETE
18,0.6524244222896696,2026-08-20 10:58:26.280167,2026-08-20 10:58:36.276973,0 days 00:00:09.996806,1000,"[128, 128, 128]","[256, 256]",32,900,3.1113743087510454e-06,2,0.9561152802490338,1.2745957097683032,0.0,0.9415976336998462,0.9270799871506585,0.02002442002441999,0.9411162314388121,0.9210918114143921,0.690795847750865,0.8812453599097598,0.8812453599097598,0.6524244222896696,0.5810243159025046,,0.97997557997558,0.4,0.2,0.4,COMPLETE
19,0.6228394335261285,2026-08-20 10:58:36.277187,2026-08-20 10:58:45.800688,0 days 00:00:09.523501,1000,"[128, 128, 128]","[256, 256]",32,850,2.188563313966395e-06,1,0.9235019095754372,1.383278031533606,0.0,0.9079443373768609,0.8923867651782845,0.02512160778289807,0.9411162314388121,0.915994623655914,0.8326643598615916,0.8829462945783758,0.8829462945783758,0.6228394335261285,0.651448291557283,,0.9748783922171019,0.4,0.2,0.4,COMPLETE
