number,value,datetime_start,datetime_complete,duration,params_batch_size,params_default_distribution,params_discriminator_dim,params_discriminator_lr,params_epochs,params_generator_dim,params_generator_lr,params_pac,user_attrs_corr_similarity,user_attrs_dcr,user_attrs_dcr_norm,user_attrs_fidelity,user_attrs_ks_similarity,user_attrs_mean_f1_gap,user_attrs_mean_trtr_f1,user_attrs_mean_tstr_f1,user_attrs_mia_auc,user_attrs_nndr,user_attrs_nndr_norm,user_attrs_objective,user_attrs_privacy_risk,user_attrs_sdv_quality,user_attrs_utility,user_attrs_w_fidelity,user_attrs_w_privacy_risk,user_attrs_w_utility,state
0,0.50681986124704,2026-09-08 14:02:50.388605,2026-09-08 14:03:47.858520,0 days 00:00:57.469915,100,norm,"[256, 256, 256]",2.0511104188433963e-05,350,"[256, 256]",2.0513382630874486e-05,1,0.6371340632240331,2.6076164086400837,0.0,0.6191920316120165,0.6012500000000001,-12.485902405150277,-14.808028519464996,-2.3221261143147194,0.9999652777777778,0.9856596063335183,0.9856596063335183,0.50681986124704,0.7042847569888333,,1.0,0.4,0.2,0.4,COMPLETE
1,0.5560484530182069,2026-09-08 14:03:47.859013,2026-09-08 14:04:35.033316,0 days 00:00:47.174303,100,beta,"[256, 256, 256]",8.168455894760161e-05,300,"[128, 128]",5.4041038546473305e-05,10,0.6455206858898774,2.087439926454562,0.0,0.7432411121757079,0.8409615384615384,-3.9697828808259565,-14.808028519464996,-10.83824563863904,0.9990451388888889,0.9776087006135442,0.9776087006135442,0.5560484530182069,0.7062399592603812,,1.0,0.4,0.2,0.4,COMPLETE
2,0.5665297050249306,2026-09-08 14:04:35.033772,2026-09-08 14:04:50.741173,0 days 00:00:15.707401,500,norm,"[256, 256]",0.000658628931758311,600,"[256, 256]",1.1715937392307055e-05,1,0.6557714660760289,1.8021491467092738,0.0,0.7687030407303221,0.8816346153846155,-3.8520641145192904,-14.808028519464996,-10.955964404945705,0.9952604166666666,0.9762421733244733,0.9762421733244733,0.5665297050249306,0.7047575563359914,,1.0,0.4,0.2,0.4,COMPLETE
3,0.5722386780494013,2026-09-08 14:04:50.741648,2026-09-08 14:04:59.555836,0 days 00:00:08.814188,500,truncnorm,"[256, 256]",0.00045443839603360173,200,"[256, 256, 256]",3.488976654890367e-05,1,0.648248378088325,1.8595026910134942,0.0,0.7831145736595471,0.9179807692307691,-3.471696795038831,-14.808028519464996,-11.336331724426165,0.9944270833333333,0.9739259486485966,0.9739259486485966,0.5722386780494013,0.7050357570720878,,1.0,0.4,0.2,0.4,COMPLETE
4,0.5585713070093087,2026-09-08 14:04:59.556131,2026-09-08 14:05:47.185737,0 days 00:00:47.629606,200,gamma,"[256, 256]",0.00017643967683381525,650,"[128, 128]",0.0005323617594751496,1,0.8621679079662697,5.294647102061735,0.0,0.7471416462908272,0.6321153846153847,-1.8347089152617002,-14.808028519464996,-12.973319604203295,0.9999999999999999,0.9952441415496289,0.9952441415496289,0.5585713070093087,0.7014267575351112,,1.0,0.4,0.2,0.4,COMPLETE
5,0.06191098653490493,2026-09-08 14:05:47.186256,2026-09-08 14:06:47.878091,0 days 00:01:00.691835,100,norm,"[128, 128]",1.1557352816269867e-05,450,"[128, 128]",1.6435497475111308e-05,1,0.6394640340289067,3.2239208168635898,0.0,0.5086743247067611,0.37788461538461543,26.330636040057804,-14.808028519464996,-41.1386645595228,1.0,0.9740209442033413,0.9740209442033413,0.06191098653490493,0.7077937167389976,,0.0,0.4,0.2,0.4,COMPLETE
6,0.5108608979392156,2026-09-08 14:06:47.878616,2026-09-08 14:08:06.756517,0 days 00:01:18.877901,100,beta,"[256, 256, 256]",0.00011986281799901183,550,"[256, 256]",0.0006097025297491432,5,0.6230213898329262,2.521801047611398,0.0,0.6302606949164631,0.6375,-10.211443539709421,-14.808028519464996,-4.596584979755574,0.9999305555555555,0.9791612588030982,0.9791612588030982,0.5108608979392156,0.7062169001368483,,1.0,0.4,0.2,0.4,COMPLETE
7,0.5107142330110045,2026-09-08 14:08:06.757022,2026-09-08 14:08:54.439274,0 days 00:00:47.682252,100,norm,"[128, 128]",5.336533066379606e-05,350,"[128, 128]",0.0002547052623339115,5,0.6401320726780009,3.6471712523545836,0.0,0.6287679594159236,0.6174038461538462,-10.220490948100647,-14.808028519464996,-4.58753757136435,0.9995659722222222,0.9860607744476195,0.9860607744476195,0.5107142330110045,0.7039647537768252,,1.0,0.4,0.2,0.4,COMPLETE
8,0.514310703211492,2026-09-08 14:08:54.439581,2026-09-08 14:09:10.147443,0 days 00:00:15.707862,200,gamma,"[256, 256]",0.00033361013094697806,200,"[256, 256]",0.00022093834415066264,5,0.646423649236083,5.6353503830042575,0.0,0.6363849015411185,0.6263461538461539,-6.812579587518508,-14.808028519464996,-7.995448931946488,1.0,0.995945709917408,0.995945709917408,0.514310703211492,0.7012162870247776,,1.0,0.4,0.2,0.4,COMPLETE
9,0.5458766473532847,2026-09-08 14:09:10.147850,2026-09-08 14:09:15.389688,0 days 00:00:05.241838,500,beta,"[256, 256, 256]",0.00024092145436664767,100,"[256, 256]",2.2321987366901545e-05,1,0.6367799821280704,3.8629724830702306,0.0,0.7156015295255738,0.794423076923077,-8.861400169448105,-14.808028519464996,-5.946628350016891,0.9958680555555555,0.9870473516435112,0.9870473516435112,0.5458766473532847,0.7018198222847243,,1.0,0.4,0.2,0.4,COMPLETE
10,0.5612244142646243,2026-09-08 14:09:15.389945,2026-09-08 14:09:33.061194,0 days 00:00:17.671249,500,truncnorm,"[256, 256]",0.0007340311412099645,800,"[256, 256, 256]",7.243598948404974e-05,10,0.6678003625894305,2.3163875814735513,0.0,0.754669412063946,0.8415384615384615,-3.4175477319945884,-14.808028519464996,-11.390480787470407,0.9940972222222222,0.9794395276878023,0.9794395276878023,0.5612244142646243,0.7032167528047704,,1.0,0.4,0.2,0.4,COMPLETE
11,0.5871395639288082,2026-09-08 14:09:33.061488,2026-09-08 14:09:50.673724,0 days 00:00:17.612236,500,truncnorm,"[256, 256]",0.0007815995813518063,800,"[256, 256, 256]",1.1184240417306438e-05,1,0.6863314202997797,1.3296062853904,0.0,0.8133580178421975,0.9403846153846154,-0.8099815208873284,-14.808028519464996,-13.998046998577667,0.9609895833333334,0.9649219187543752,0.9649219187543752,0.5871395639288082,0.6910182160403542,,1.0,0.4,0.2,0.4,COMPLETE
12,0.5908052065151939,2026-09-08 14:09:50.673976,2026-09-08 14:10:07.915634,0 days 00:00:17.241658,500,truncnorm,"[256, 256]",0.0008638619155478955,800,"[256, 256, 256]",5.26992037974268e-05,1,0.724336912552442,1.1113069552492174,0.0,0.8196203793531442,0.9149038461538463,-2.7160193807436475,-14.808028519464996,-12.092009138721348,0.9440972222222221,0.9561129499359726,0.9561129499359726,0.5908052065151939,0.6852147261303193,,1.0,0.4,0.2,0.4,COMPLETE
13,0.5779292537370542,2026-09-08 14:10:07.915932,2026-09-08 14:10:25.665240,0 days 00:00:17.749308,500,truncnorm,"[256, 256]",0.0009818226878189125,800,"[256, 256, 256]",0.00010814406628766146,1,0.7298080618075296,1.0997457652308644,0.0,0.7929809539806879,0.8561538461538463,-2.2490024286282253,-14.808028519464996,-12.55902609083677,0.9680729166666666,0.9590693968574286,0.9590693968574286,0.5779292537370542,0.6963156392761047,,1.0,0.4,0.2,0.4,COMPLETE
14,0.562243295110411,2026-09-08 14:10:25.665592,2026-09-08 14:10:41.458224,0 days 00:00:15.792632,500,truncnorm,"[256, 256]",0.00042440743746449976,700,"[256, 256, 256]",4.211820672276472e-05,10,0.6439287549770685,2.1329755284741103,0.0,0.7581182236423805,0.8723076923076925,-3.910162001232374,-14.808028519464996,-10.897866518232622,0.9967187499999999,0.9777980108909792,0.9777980108909792,0.562243295110411,0.7050199717327061,,1.0,0.4,0.2,0.4,COMPLETE
15,0.5758169636900359,2026-09-08 14:10:41.458523,2026-09-08 14:10:57.434091,0 days 00:00:15.975568,500,truncnorm,"[256, 256]",0.0009739881620239527,750,"[256, 256, 256]",0.00011706766355255884,1,0.7342934054480784,0.9709415748188651,0.0,0.7870986258009622,0.8399038461538461,-8.189914363601009,-14.808028519464996,-6.618114155863988,0.9619097222222223,0.9528080931978848,0.9528080931978848,0.5758169636900359,0.6951124331517458,,1.0,0.4,0.2,0.4,COMPLETE
16,0.5971259195947808,2026-09-08 14:10:57.434368,2026-09-08 14:11:48.355498,0 days 00:00:50.921130,200,truncnorm,"[128, 128]",0.0005109740863606324,700,"[256, 256, 256]",3.287426618654979e-05,1,0.7396521097233264,1.0580473760479476,0.0,0.830547208707817,0.9214423076923075,-3.652961371712548,-14.808028519464996,-11.155067147752447,0.9237152777777777,0.954642731490529,0.954642731490529,0.5971259195947808,0.6754648194417301,,1.0,0.4,0.2,0.4,COMPLETE
17,0.588660466683669,2026-09-08 14:11:48.355751,2026-09-08 14:12:29.044603,0 days 00:00:40.688852,200,truncnorm,"[128, 128]",0.00023884379345721923,550,"[256, 256, 256]",3.236787128689684e-05,1,0.71003853441079,1.1896777748218246,0.0,0.8158365748977028,0.9216346153846154,-2.00328404661556,-14.808028519464996,-12.804744472849436,0.9528472222222222,0.9601759824468343,0.9601759824468343,0.588660466683669,0.6883708163770608,,1.0,0.4,0.2,0.4,COMPLETE
18,0.5798352198270929,2026-09-08 14:12:29.045079,2026-09-08 14:13:19.458407,0 days 00:00:50.413328,200,truncnorm,"[128, 128]",0.0004617700519521216,700,"[256, 256, 256]",9.556066562732145e-05,10,0.7028248997013654,1.475168311944268,0.0,0.7982393729276058,0.8936538461538461,-3.0293886472767877,-14.808028519464996,-11.778639872188208,0.9803298611111111,0.976207612786028,0.976207612786028,0.5798352198270929,0.6973026467197472,,1.0,0.4,0.2,0.4,COMPLETE
19,0.4850200963094189,2026-09-08 14:13:19.458755,2026-09-08 14:13:56.084753,0 days 00:00:36.625998,200,gamma,"[128, 128]",5.169016749185937e-05,500,"[256, 256, 256]",0.00023827755695967712,5,0.6380067679411638,6.050435848189603,0.0,0.563330307047505,0.4886538461538461,-7.306634816830055,-14.808028519464996,-7.501393702634941,1.0,0.9947995581736135,0.9947995581736135,0.4850200963094189,0.7015601325479159,,1.0,0.4,0.2,0.4,COMPLETE
