number,value,datetime_start,datetime_complete,duration,params_batch_size,params_class_dim,params_epochs,params_l2scale,params_num_channels,params_random_dim,user_attrs_corr_similarity,user_attrs_dcr,user_attrs_dcr_norm,user_attrs_fidelity,user_attrs_ks_similarity,user_attrs_mean_f1_gap,user_attrs_mean_trtr_f1,user_attrs_mean_tstr_f1,user_attrs_mia_auc,user_attrs_nndr,user_attrs_nndr_norm,user_attrs_objective,user_attrs_privacy_risk,user_attrs_sdv_quality,user_attrs_utility,user_attrs_w_fidelity,user_attrs_w_privacy_risk,user_attrs_w_utility,state
0,0.2750956880274803,2026-08-14 15:53:20.362831,2026-08-14 15:53:39.465524,0 days 00:00:19.102693,50,"[256, 256, 256, 256]",175,2.6587543983272713e-06,32,50,0.6039721273891274,6.02585796556343,0.0,0.5619494336579336,0.5199267399267399,0.5214183017468884,0.9396481266399964,0.41822982489310817,1.0,0.9813872543843699,0.9813872543843699,0.2750956880274803,0.705583823684689,,0.4785816982531116,0.4,0.2,0.4,COMPLETE
1,0.2201455591630852,2026-08-14 15:53:39.466032,2026-08-14 15:55:39.892510,0 days 00:02:00.426478,500,"[256, 256, 256, 256]",125,1.0677482709481361e-05,128,150,0.6461199930455103,4.982927001540718,0.0,0.6252944287571873,0.6044688644688645,0.7224617985568508,0.9396481266399964,0.21718632808314584,0.9999731644482611,0.9834970587962785,0.9834970587962785,0.2201455591630852,0.7049374645852471,,0.2775382014431492,0.4,0.2,0.4,COMPLETE
2,0.34544995261402955,2026-08-14 15:55:39.893166,2026-08-14 15:56:04.032407,0 days 00:00:24.139241,100,"[128, 128, 128]",225,9.780337016659406e-06,32,150,0.603436098016539,5.716010870748003,0.0,0.5721209794111999,0.5408058608058608,0.3552387244639503,0.9396481266399964,0.5844094021760463,1.0,0.9782841772521621,0.9782841772521621,0.34544995261402955,0.7065147468243513,,0.6447612755360497,0.4,0.2,0.4,COMPLETE
3,0.1897798519928301,2026-08-14 15:56:04.032922,2026-08-14 15:56:18.251561,0 days 00:00:14.218639,50,"[128, 128, 128]",100,6.97828126512603e-05,64,150,0.605577967159484,3.3532402829188914,0.0,0.652715723506482,0.69985347985348,0.8245185304977422,0.9396481266399964,0.11512959614225438,0.999516960068699,0.9742111799367337,0.9742111799367337,0.1897798519928301,0.7074951260533293,,0.17548146950225785,0.4,0.2,0.4,COMPLETE
4,0.240286866222094,2026-08-14 15:56:18.251999,2026-08-14 15:57:55.475685,0 days 00:01:37.223686,500,"[256, 256, 256, 256]",100,9.413993046829939e-05,128,150,0.6144798728115528,4.283546124672473,0.0,0.6046025737684138,0.5947252747252748,0.6512945984860407,0.9396481266399964,0.2883535281539558,1.0,0.9827279351524125,0.9827279351524125,0.240286866222094,0.7051816194542762,,0.34870540151395935,0.4,0.2,0.4,COMPLETE
5,0.474596906699924,2026-08-14 15:57:55.476157,2026-08-14 15:59:23.490814,0 days 00:01:28.014657,500,"[128, 128, 128]",250,1.3400367243354813e-06,64,150,0.7770712817171457,4.311090096711633,0.0,0.752674834997767,0.7282783882783884,0.21289479809167508,0.9396481266399964,0.7267533285483214,1.0,0.9780815322914529,0.9780815322914529,0.474596906699924,0.7065755403125642,,0.7871052019083249,0.4,0.2,0.4,COMPLETE
6,0.4951978462316613,2026-08-14 15:59:23.491227,2026-08-14 15:59:47.058909,0 days 00:00:23.567682,100,"[128, 128, 128]",150,7.1627869998973385e-06,64,50,0.7525586365896338,4.491041936071204,0.0,0.770308622324121,0.7880586080586082,0.1790187410981949,0.9396481266399964,0.7606293855418017,0.9999463288965221,0.9779421105157163,0.9779421105157163,0.4951978462316613,0.7065905312935461,,0.8209812589018051,0.4,0.2,0.4,COMPLETE
7,0.2652193121822011,2026-08-14 15:59:47.059424,2026-08-14 16:01:23.867249,0 days 00:01:36.807825,500,"[512, 512, 512]",100,2.101079931010356e-06,128,150,0.6096807410027967,3.5115744020032484,0.0,0.638466744127772,0.6672527472527474,0.6223753993672693,0.9396481266399964,0.3172727272727273,1.0,0.9797129046333318,0.9797129046333318,0.2652193121822011,0.7060861286100004,,0.37762460063273073,0.4,0.2,0.4,COMPLETE
8,0.5146600472846861,2026-08-14 16:01:23.867817,2026-08-14 16:05:57.936197,0 days 00:04:34.068380,500,"[128, 128, 128]",300,7.1485107935129825e-06,128,150,0.7784515871545041,5.032036947728526,0.0,0.7382734126248712,0.6980952380952383,0.09851337486694685,0.9396481266399964,0.8411347517730497,1.0,0.9792672030252714,0.9792672030252714,0.5146600472846861,0.7062198390924186,,0.9014866251330531,0.4,0.2,0.4,COMPLETE
9,0.2537331250512424,2026-08-14 16:05:57.936640,2026-08-14 16:06:28.535522,0 days 00:00:30.598882,50,"[256, 256, 256, 256]",275,8.781408196485981e-05,64,50,0.603590979360785,4.691474148940396,0.0,0.658279006163909,0.7129670329670331,0.6702806959523776,0.9396481266399964,0.26936743068761887,1.0,0.9755633494438312,0.9755633494438312,0.2537331250512424,0.7073309951668507,,0.3297193040476224,0.4,0.2,0.4,COMPLETE
10,0.5069805270198215,2026-08-14 16:06:28.535951,2026-08-14 16:11:00.781059,0 days 00:04:32.245108,500,"[512, 512, 512]",300,2.9268245473084264e-05,128,100,0.7923225840476749,3.6897744728251043,0.0,0.7869305227930683,0.7815384615384617,0.1645103413368689,0.9396481266399964,0.7751377853031277,0.9998389866895664,0.9666058851049729,0.9666058851049729,0.5069805270198215,0.7099377278132912,,0.8354896586631311,0.4,0.2,0.4,COMPLETE
11,0.5508837886413231,2026-08-14 16:11:00.781646,2026-08-14 16:15:33.644343,0 days 00:04:32.862697,500,"[512, 512, 512]",300,2.7293115911778183e-05,128,100,0.8342402211562079,3.7864801783049344,0.0,0.8148124182704117,0.7953846153846155,0.08253922247226886,0.9396481266399964,0.8571089041677276,0.9998389866895664,0.9659734831837107,0.9659734831837107,0.5508837886413231,0.71012744838967,,0.9174607775277311,0.4,0.2,0.4,COMPLETE
12,0.4496533456526843,2026-08-14 16:15:33.644748,2026-08-14 16:20:03.153327,0 days 00:04:29.508579,500,"[512, 512, 512]",300,2.500235929499169e-05,128,100,0.8137178935946625,4.574721366490901,0.0,0.769496309434694,0.7252747252747255,0.2913647209732946,0.9396481266399964,0.648283405666702,1.0,0.9733451711354093,0.9733451711354093,0.4496533456526843,0.7079964486593773,,0.7086352790267054,0.4,0.2,0.4,COMPLETE
13,0.5193110957031999,2026-08-14 16:20:03.153763,2026-08-14 16:23:28.393875,0 days 00:03:25.240112,500,"[512, 512, 512]",225,5.090873160060658e-06,128,100,0.7505019874445084,4.551380981355285,0.0,0.73096527943654,0.7114285714285716,0.07992583109065914,0.9396481266399964,0.8597222955493374,1.0,0.9815886060807928,0.9815886060807928,0.5193110957031999,0.7055234181757621,,0.9200741689093409,0.4,0.2,0.4,COMPLETE
14,0.4766192563413778,2026-08-14 16:23:28.394325,2026-08-14 16:26:30.558401,0 days 00:03:02.164076,500,"[512, 512, 512]",200,2.1601863672613616e-05,128,100,0.7050475602793562,5.107274523161418,0.0,0.6632930109089089,0.6215384615384616,0.11846480179130599,0.9396481266399964,0.8211833248486906,1.0,0.9781328782389441,0.9781328782389441,0.4766192563413778,0.7065601365283167,,0.881535198208694,0.4,0.2,0.4,COMPLETE
15,0.3916138307705588,2026-08-14 16:26:30.558858,2026-08-14 16:27:42.727538,0 days 00:01:12.168680,100,"[512, 512, 512]",250,3.674779803064597e-06,128,100,0.6751392221070431,5.54481579715726,0.0,0.6402069736908842,0.6052747252747254,0.3084854676012313,0.9396481266399964,0.6311626590387652,0.9999463288965221,0.9819976870724965,0.9819976870724965,0.3916138307705588,0.7053738583265121,,0.6915145323987687,0.4,0.2,0.4,COMPLETE
16,0.17786684596509378,2026-08-14 16:27:42.727968,2026-08-14 16:28:23.208611,0 days 00:00:40.480643,500,"[512, 512, 512]",200,4.041162879057558e-05,32,100,0.6232881539660032,4.759770398447546,0.0,0.6322667876057123,0.6412454212454214,0.8351909212804122,0.9396481266399964,0.10445720535958436,0.9999999999999999,0.9839416572495616,0.9839416572495616,0.17786684596509378,0.7048175028251316,,0.16480907871958783,0.4,0.2,0.4,COMPLETE
17,0.5461982778578144,2026-08-14 16:28:23.209104,2026-08-14 16:32:10.914589,0 days 00:03:47.705485,500,"[512, 512, 512]",250,1.0414141438339626e-06,128,100,0.8070633492679278,4.395385671907456,0.0,0.7745206856229749,0.7419780219780222,0.0557640781989861,0.9396481266399964,0.8838840484410104,1.0,0.9782605814703133,0.9782605814703133,0.5461982778578144,0.7065218255589061,,0.9442359218010139,0.4,0.2,0.4,COMPLETE
18,0.5017539920258158,2026-08-14 16:32:10.915021,2026-08-14 16:33:29.377999,0 days 00:01:18.462978,100,"[512, 512, 512]",275,1.462250452696293e-05,128,100,0.778628340891909,4.098611336409444,0.0,0.7528672839990682,0.7271062271062273,0.14519759724970813,0.9396481266399964,0.7944505293902884,0.9990875912408759,0.9765812741693225,0.9765812741693225,0.5017539920258158,0.7065694133696412,,0.8548024027502918,0.4,0.2,0.4,COMPLETE
19,0.3051024596785762,2026-08-14 16:33:29.378401,2026-08-14 16:33:54.716376,0 days 00:00:25.337975,50,"[512, 512, 512]",275,1.133138281939422e-06,32,100,0.6012923021672705,5.810305044298833,0.0,0.5625142829517671,0.5237362637362638,0.44684484719921463,0.9396481266399964,0.4928032794407819,1.0,0.9805780896259197,0.9805780896259197,0.3051024596785762,0.7058265731122242,,0.5531551528007854,0.4,0.2,0.4,COMPLETE
