number,value,datetime_start,datetime_complete,duration,params_batch_size,params_discriminator_dim,params_discriminator_lr,params_discriminator_steps,params_epochs,params_generator_dim,params_generator_lr,params_pac,user_attrs_corr_similarity,user_attrs_dcr,user_attrs_dcr_norm,user_attrs_fidelity,user_attrs_ks_similarity,user_attrs_mean_f1_gap,user_attrs_mean_trtr_f1,user_attrs_mean_tstr_f1,user_attrs_mia_auc,user_attrs_nndr,user_attrs_nndr_norm,user_attrs_objective,user_attrs_privacy_risk,user_attrs_sdv_quality,user_attrs_utility,user_attrs_w_fidelity,user_attrs_w_privacy_risk,user_attrs_w_utility,state
0,0.4920518516426855,2026-09-04 15:04:34.493204,2026-09-04 15:05:41.881017,0 days 00:01:07.387813,100,"[128, 128]",1.3066739238053272e-05,1,450,"[128, 128]",2.0511104188433963e-05,5,0.7310705816403671,2.186077318722777,0.0,0.769114836274729,0.8071590909090909,0.18704763259169646,0.7738226558300467,0.5867750232383503,0.9847222222222222,0.9616198731949098,0.9616198731949098,0.4920518516426855,0.703875149152638,,0.8129523674083036,0.4,0.2,0.4,COMPLETE
1,0.6438601507913347,2026-09-04 15:05:41.881458,2026-09-04 15:09:03.118053,0 days 00:03:21.236595,100,"[512, 512]",0.00037183641805732076,5,350,"[256, 256, 256]",8.168455894760161e-05,1,0.943200633336215,1.2669727088875267,0.0,0.9462594075771984,0.9493181818181818,0.02339474235865498,0.7738226558300467,0.7504279134713917,0.8128125,0.9332589117319555,0.9332589117319555,0.6438601507913347,0.6264285764804134,,0.976605257641345,0.4,0.2,0.4,COMPLETE
2,0.563764305470027,2026-09-04 15:09:03.118498,2026-09-04 15:10:05.554887,0 days 00:01:02.436389,500,"[256, 256]",3.292759134423613e-05,5,750,"[128, 128]",0.000658628931758311,5,0.7509437958384094,2.077869386644279,0.0,0.8058128070101138,0.8606818181818183,0.04576468398970135,0.7738226558300467,0.7280579718403454,0.9797569444444445,0.9620125117717742,0.9620125117717742,0.563764305470027,0.70127471869069,,0.9542353160102987,0.4,0.2,0.4,COMPLETE
3,0.35108877779350345,2026-09-04 15:10:05.555355,2026-09-04 15:10:13.523897,0 days 00:00:07.968542,500,"[256, 256]",5.170191786366994e-05,1,250,"[512, 512]",0.00045443839603360173,1,0.7514618250158237,5.052609784902488,0.0,0.44203773068973,0.13261363636363635,0.20080121103490792,0.7738226558300467,0.5730214447951388,1.0,0.9099028321929099,0.9099028321929099,0.35108877779350345,0.7270291503421271,,0.7991987889650921,0.4,0.2,0.4,COMPLETE
4,0.48946265788605237,2026-09-04 15:10:13.524203,2026-09-04 15:11:29.059414,0 days 00:01:15.535211,1000,"[256, 256]",4.589824181495648e-05,4,800,"[512, 512]",0.00017643967683381525,10,0.7254066430999704,2.388698373750688,0.0,0.737646503368167,0.7498863636363636,0.16041230132380183,0.7738226558300467,0.6134103545062449,0.9916493055555556,0.962231793731031,0.962231793731031,0.48946265788605237,0.7071551146584685,,0.8395876986761982,0.4,0.2,0.4,COMPLETE
5,0.6028031988794987,2026-09-04 15:11:29.059835,2026-09-04 15:13:54.653807,0 days 00:02:25.593972,100,"[256, 256]",0.000187422109855557,2,550,"[256, 256, 256]",1.1557352816269867e-05,5,0.8694588798490114,1.6693251831310767,0.0,0.9059226217426876,0.9423863636363637,0.05825871750287041,0.7738226558300467,0.7155639383271764,0.9339583333333333,0.9522245086150856,0.9522245086150856,0.6028031988794987,0.681311814082141,,0.9417412824971296,0.4,0.2,0.4,COMPLETE
6,0.6146177232468707,2026-09-04 15:13:54.654414,2026-09-04 15:14:50.801435,0 days 00:00:56.147021,1000,"[256, 256, 256]",0.00041198396246051877,3,700,"[128, 128]",0.00011986281799901183,1,0.9220323781282054,1.3476779765184486,0.0,0.9328911890641027,0.9437500000000001,0.06954913079460238,0.7738226558300467,0.7042735250354443,0.869375,0.9369733323178424,0.9369733323178424,0.6146177232468707,0.6535955003046473,,0.9304508692053977,0.4,0.2,0.4,COMPLETE
7,0.6235682046213504,2026-09-04 15:14:50.801963,2026-09-04 15:15:56.731975,0 days 00:01:05.930012,100,"[256, 256, 256]",0.0008781408196485975,1,400,"[128, 128]",5.336533066379606e-05,5,0.8985049924268476,1.5304658149912556,0.0,0.9143661325770601,0.9302272727272727,0.023013009625604857,0.7738226558300467,0.7508096462044418,0.8991927083333333,0.949103771235027,0.949103771235027,0.6235682046213504,0.6648652227961586,,0.9769869903743952,0.4,0.2,0.4,COMPLETE
8,0.4803613464904228,2026-09-04 15:15:56.732431,2026-09-04 15:16:16.693857,0 days 00:00:19.961426,200,"[256, 256, 256]",2.9872741995638415e-05,1,200,"[128, 128]",0.00033361013094697806,10,0.7102671582157416,2.7264416306676056,0.0,0.72672448819878,0.7431818181818183,0.17300066463791022,0.7738226558300467,0.6008219911921365,0.9934027777777777,0.9702015807308779,0.9702015807308779,0.4803613464904228,0.7056409146696254,,0.8269993353620898,0.4,0.2,0.4,COMPLETE
9,0.43021113296296065,2026-09-04 15:16:16.694375,2026-09-04 15:16:27.635128,0 days 00:00:10.940753,500,"[128, 128]",5.9356829120146846e-05,5,100,"[128, 128]",0.00024092145436664767,1,0.7219664711515503,3.963252494109848,0.0,0.6041650537575933,0.4863636363636364,0.17059026648893238,0.7738226558300467,0.6032323893411143,0.9996961805555555,0.9458472685175301,0.9458472685175301,0.43021113296296065,0.7160939097225187,,0.8294097335110676,0.4,0.2,0.4,COMPLETE
10,0.6459532166081043,2026-09-04 15:16:27.635387,2026-09-04 15:20:02.463845,0 days 00:03:34.828458,200,"[512, 512]",0.0001440313010173896,3,1000,"[256, 256, 256]",5.463331403485189e-05,1,0.9426065884105893,1.2415606958405956,0.0,0.9390305669325674,0.9354545454545455,0.01583285398773293,0.7738226558300467,0.7579898018423138,0.7972743055555556,0.9400260330954336,0.9400260330954336,0.6459532166081043,0.6166293428491477,,0.9841671460122671,0.4,0.2,0.4,COMPLETE
11,0.6426671430816271,2026-09-04 15:20:02.464342,2026-09-04 15:23:31.267597,0 days 00:03:28.803255,200,"[512, 512]",0.00017175482489007385,3,950,"[256, 256, 256]",5.9601188919609734e-05,1,0.9455908628190063,1.2054271458014916,0.0,0.9459204314095031,0.9462499999999999,0.025561040901765142,0.7738226558300467,0.7482616149282816,0.8174826388888888,0.937860846123678,0.937860846123678,0.6426671430816271,0.627383065607341,,0.9744389590982349,0.4,0.2,0.4,COMPLETE
12,0.6361240348142161,2026-09-04 15:23:31.268031,2026-09-04 15:28:09.668088,0 days 00:04:38.400057,200,"[512, 512]",0.00016851643087875622,4,1000,"[256, 256]",5.392746691228778e-05,1,0.9522062410295224,1.1708130264061798,0.0,0.9543417568783976,0.9564772727272728,0.05574184774923866,0.7738226558300467,0.7180808080808081,0.7878125,0.9244220193758741,0.9244220193758741,0.6361240348142161,0.6165796441872378,,0.9442581522507614,0.4,0.2,0.4,COMPLETE
13,0.6461015292408383,2026-09-04 15:28:09.668692,2026-09-04 15:31:05.950000,0 days 00:02:56.281308,200,"[512, 512]",0.0004377049605284554,4,600,"[256, 256, 256]",9.901664132031761e-05,1,0.9489443096778606,1.1566021989512132,0.0,0.9448698821116575,0.9407954545454544,0.016268164245763977,0.7738226558300467,0.7575544915842828,0.8134027777777779,0.9333519978709777,0.9333519978709777,0.6461015292408383,0.6266957895275957,,0.9837318357542361,0.4,0.2,0.4,COMPLETE
14,0.6393459623201048,2026-09-04 15:31:05.950536,2026-09-04 15:33:36.192485,0 days 00:02:30.241949,200,"[512, 512]",0.0009906619738899321,3,650,"[256, 256, 256]",2.33781444863547e-05,1,0.9282983874601527,1.302820678798524,0.0,0.9423310119118945,0.9563636363636363,0.01951435376042025,0.7738226558300467,0.7543083020696265,0.8607465277777777,0.9382325306215465,0.9382325306215465,0.6393459623201048,0.648903504702425,,0.9804856462395798,0.4,0.2,0.4,COMPLETE
15,0.6329344649058755,2026-09-04 15:33:36.192993,2026-09-04 15:37:39.160837,0 days 00:04:02.967844,200,"[512, 512]",0.00035867677104470605,4,850,"[256, 256, 256]",2.7478748211467033e-05,1,0.9362876688911045,1.2348101748567615,0.0,0.9438824708091886,0.9514772727272728,0.04357639065731097,0.7738226558300467,0.7302462651727358,0.831736111111111,0.9330940659372581,0.9330940659372581,0.6329344649058755,0.6359398357743781,,0.956423609342689,0.4,0.2,0.4,COMPLETE
16,0.5667340778188354,2026-09-04 15:37:39.161425,2026-09-04 15:39:07.597149,0 days 00:01:28.435724,200,"[512, 512]",0.00010022592528132564,2,550,"[256, 256]",0.00011500737298428784,10,0.87025190323944,1.6116987835492975,0.0,0.8702395879833564,0.8702272727272727,0.10740177632548013,0.7738226558300467,0.6664208795045666,0.9532118055555556,0.9486688951873404,0.9486688951873404,0.5667340778188354,0.6920052342215757,,0.8925982236745199,0.4,0.2,0.4,COMPLETE
17,0.6508385806283277,2026-09-04 15:39:07.597596,2026-09-04 15:43:26.465765,0 days 00:04:18.868169,200,"[512, 512]",0.0005788871728535522,4,900,"[256, 256, 256]",3.236787128689684e-05,1,0.9367219204294293,1.2303001705499974,0.0,0.9461450511238055,0.9555681818181818,0.014872309522369434,0.7738226558300467,0.7589503463076772,0.7785590277777777,0.9364231127588492,0.9364231127588492,0.6508385806283277,0.6083525800612342,,0.9851276904776306,0.4,0.2,0.4,COMPLETE
18,0.6276125961429596,2026-09-04 15:43:26.466328,2026-09-04 15:47:43.611590,0 days 00:04:17.145262,200,"[512, 512]",0.0005453126723768368,4,900,"[256, 256, 256]",3.477417267218756e-05,1,0.9395735407704237,1.248710824779987,0.0,0.9487072249306664,0.9578409090909091,0.06841803819059238,0.7738226558300467,0.7054046176394543,0.8102951388888889,0.9421072555969798,0.9421072555969798,0.6276125961429596,0.6225153927653505,,0.9315819618094077,0.4,0.2,0.4,COMPLETE
19,0.48056298468217346,2026-09-04 15:47:43.612087,2026-09-04 15:48:51.247509,0 days 00:01:07.635422,1000,"[128, 128]",0.0005952164524250756,4,600,"[256, 256, 256]",1.544638047619835e-05,10,0.76062573354337,2.1322794562320304,0.0,0.842812866771685,0.925,0.30400701539143965,0.7738226558300467,0.4698156404386071,0.9276562500000001,0.9634378188345877,0.9634378188345877,0.48056298468217346,0.6747967793496237,,0.6959929846085604,0.4,0.2,0.4,COMPLETE
