number,value,datetime_start,datetime_complete,duration,params_batch_size,params_epochs,params_hidden_dim,params_lambda_gp,params_latent_dim,params_lr,params_n_critic,user_attrs_corr_similarity,user_attrs_dcr,user_attrs_dcr_norm,user_attrs_fidelity,user_attrs_ks_similarity,user_attrs_mean_f1_gap,user_attrs_mean_trtr_f1,user_attrs_mean_tstr_f1,user_attrs_mia_auc,user_attrs_nndr,user_attrs_nndr_norm,user_attrs_objective,user_attrs_privacy_risk,user_attrs_sdv_quality,user_attrs_utility,user_attrs_w_fidelity,user_attrs_w_privacy_risk,user_attrs_w_utility,state
0,0.5183650477548871,2026-09-08 13:41:46.114076,2026-09-08 13:42:09.637916,0 days 00:00:23.523840,32,900,128,5.034443102887247,128,0.00044447541666908124,9,0.9616935030628156,1.4682700470378405,0.0,0.9276696681980745,0.8936458333333333,0.28663044555796025,0.9761028444174511,0.6894723988594909,0.9361458333333333,0.9260657005362445,0.9260657005362445,0.5183650477548871,0.6902532065057934,,0.7133695544420398,0.4,0.2,0.4,COMPLETE
1,0.2420266109824055,2026-09-08 13:42:09.638300,2026-09-08 13:42:13.143747,0 days 00:00:03.505447,128,500,256,10.770454329858621,64,0.0002157696745589684,2,0.8017923334648349,1.6837009233439026,0.0,0.7712607500657508,0.7407291666666667,0.8076600348274594,0.9761028444174511,0.1684428095899917,0.9979513888888888,0.9396910629329633,0.9396910629329633,0.2420266109824055,0.7170683755645555,,0.1923399651725406,0.4,0.2,0.4,COMPLETE
2,0.135612854246088,2026-09-08 13:42:13.143975,2026-09-08 13:42:21.764958,0 days 00:00:08.620983,64,1300,256,10.408361292114133,64,5.595074635794791e-05,2,0.7839638360700572,1.3480592477262596,0.0,0.7024506680350286,0.6209375,1.1230297487414234,0.9761028444174511,-0.14692690432397226,1.0,0.910543117201275,0.910543117201275,0.135612854246088,0.7268370648396174,,0.0,0.4,0.2,0.4,COMPLETE
3,0.14914826500986011,2026-09-08 13:42:21.765167,2026-09-08 13:42:25.379769,0 days 00:00:03.614602,32,200,64,18.51561046543922,64,0.0003313483615508946,6,0.8463566221213984,1.3660634426982365,0.0,0.7352095610606991,0.6240624999999999,1.6380772433061361,0.9761028444174511,-0.661974398888685,1.0,0.9177406764263414,0.9177406764263414,0.14914826500986011,0.7246777970720977,,0.0,0.4,0.2,0.4,COMPLETE
4,0.08429311084569932,2026-09-08 13:42:25.379977,2026-09-08 13:42:26.761379,0 days 00:00:01.381402,256,300,128,19.75085179540983,64,0.0002306261812167793,1,0.7996455697889716,2.343526252404956,0.0,0.5751873682278191,0.3507291666666667,2.223293855653407,0.9761028444174511,-1.247191011235956,1.0,0.9036360592428614,0.9036360592428614,0.08429311084569932,0.7289091822271416,,0.0,0.4,0.2,0.4,COMPLETE
5,0.47620118292793745,2026-09-08 13:42:26.761575,2026-09-08 13:42:45.751802,0 days 00:00:18.990227,128,1600,256,2.207608655434449,64,0.0001145420156259939,4,0.9603187595104915,1.5024221809730827,0.0,0.930836463088579,0.9013541666666667,0.3918956826797986,0.9761028444174511,0.5842071617376525,0.9501736111111111,0.9273705312589404,0.9273705312589404,0.47620118292793745,0.6968756461778735,,0.6081043173202014,0.4,0.2,0.4,COMPLETE
6,0.34695798196980215,2026-09-08 13:42:45.752227,2026-09-08 13:42:58.104487,0 days 00:00:12.352260,256,700,256,9.123279348812442,128,6.90150658179192e-05,6,0.8506444484020265,1.4987356291877687,0.0,0.8216763908676799,0.7927083333333332,0.5983594521823855,0.9761028444174511,0.3777433922350656,0.9849131944444445,0.9353754323354799,0.9353754323354799,0.34695798196980215,0.7118439675215782,,0.4016405478176145,0.4,0.2,0.4,COMPLETE
7,0.13930593295399105,2026-09-08 13:42:58.104783,2026-09-08 13:43:00.322434,0 days 00:00:02.217651,128,200,128,4.0632044578260835,64,1.3514082247401414e-05,3,0.8780688539563839,1.4822234808904649,0.0,0.7103365103115253,0.5426041666666667,1.7504817198497509,0.9761028444174511,-0.7743788754322998,0.9999999999999999,0.9195221471563476,0.9195221471563476,0.13930593295399105,0.7241433558530956,,0.0,0.4,0.2,0.4,COMPLETE
8,0.10630918773507878,2026-09-08 13:43:00.322644,2026-09-08 13:43:17.643676,0 days 00:00:17.321032,128,1900,128,9.11504798389887,64,1.5380658115982014e-05,3,0.7501855780408029,1.3633502408569482,0.0,0.6433740390204015,0.5365624999999999,2.223293855653407,0.9761028444174511,-1.247191011235956,1.0,0.8159928687819695,0.8159928687819695,0.10630918773507878,0.7552021393654091,,0.0,0.4,0.2,0.4,COMPLETE
9,0.15562773392611817,2026-09-08 13:43:17.644083,2026-09-08 13:43:37.577447,0 days 00:00:19.933364,32,1700,64,19.463859571698254,128,0.00015646172845245517,4,0.7447849466272277,1.5930854556999465,0.0,0.7480695566469472,0.7513541666666667,1.0647144461886116,0.9761028444174511,-0.08861160177116045,0.9980902777777778,0.9368156507519507,0.9368156507519507,0.15562773392611817,0.7180004436633036,,0.0,0.4,0.2,0.4,COMPLETE
10,0.1461597503327086,2026-09-08 13:43:37.577653,2026-09-08 13:44:04.790297,0 days 00:00:27.212644,32,1000,128,14.876971008933179,32,3.085303885624063e-05,10,0.8317536076754091,1.40048377338626,0.0,0.7275955538377046,0.6234375,1.7034642760068577,0.9761028444174511,-0.7273614315894066,1.0,0.9186921466271118,0.9186921466271118,0.1461597503327086,0.7243923560118664,,0.0,0.4,0.2,0.4,COMPLETE
11,0.5441272933755397,2026-09-08 13:44:04.790682,2026-09-08 13:44:43.564298,0 days 00:00:38.773616,64,1400,256,1.6326934084567155,128,0.00011120357873223684,10,0.9671679068584578,1.5145144313323322,0.0,0.9326464534292289,0.898125,0.22370733275045118,0.9761028444174511,0.7523955116669999,0.9531076388888888,0.9310401498819565,0.9310401498819565,0.5441272933755397,0.6972417744798575,,0.7762926672495488,0.4,0.2,0.4,COMPLETE
12,0.5700089654516793,2026-09-08 13:44:43.564529,2026-09-08 13:45:14.239053,0 days 00:00:30.674524,64,1100,256,5.195190366703085,128,0.0003830547542860522,10,0.968620775686351,1.3690268915164276,0.0,0.9413937211765088,0.9141666666666666,0.184430368596759,0.9761028444174511,0.7916724758206921,0.8809548611111111,0.9219851755148396,0.9219851755148396,0.5700089654516793,0.6638818779011038,,0.815569631403241,0.4,0.2,0.4,COMPLETE
13,0.5108322417173782,2026-09-08 13:45:14.239275,2026-09-08 13:45:41.104109,0 days 00:00:26.864834,64,1200,256,1.4206126576023528,128,9.835256082569855e-05,8,0.9605915743691327,1.6236063198452018,0.0,0.9170145371845664,0.8734375000000001,0.2884626577949656,0.9761028444174511,0.6876401866224855,0.9639756944444444,0.9301509900997047,0.9301509900997047,0.5108322417173782,0.7029425501923108,,0.7115373422050344,0.4,0.2,0.4,COMPLETE
14,0.17099487649545894,2026-09-08 13:45:41.104492,2026-09-08 13:46:19.648096,0 days 00:00:38.543604,64,1400,256,5.376077437076657,128,2.6044622657117527e-05,10,0.805079166402241,1.4801781134995375,0.0,0.7855604165344539,0.7660416666666667,1.377997210785336,0.9761028444174511,-0.4018943663678849,0.9939930555555555,0.9361669239538822,0.9361669239538822,0.17099487649545894,0.7161464505916131,,0.0,0.4,0.2,0.4,COMPLETE
15,0.5837761885578546,2026-09-08 13:46:19.648335,2026-09-08 13:46:42.164609,0 days 00:00:22.516274,64,1000,256,6.817317851345319,32,0.0004922695681401978,8,0.9647243403534157,1.3696380018363203,0.0,0.9432475868433745,0.9217708333333334,0.17112723907035565,0.9761028444174511,0.8049756053470954,0.80125,0.917550824144116,0.917550824144116,0.5837761885578546,0.6253597527567651,,0.8288727609296443,0.4,0.2,0.4,COMPLETE
16,0.5816135586885738,2026-09-08 13:46:42.164855,2026-09-08 13:47:01.882391,0 days 00:00:19.717536,64,1000,256,6.995715244943908,32,0.0004964913648284145,7,0.9601624525632585,1.3905714139441967,0.0,0.9402374762816292,0.9203125,0.1495872634370473,0.9761028444174511,0.8265155809804038,0.8966840277777778,0.91703127214198,0.91703127214198,0.5816135586885738,0.6732326322462949,,0.8504127365629527,0.4,0.2,0.4,COMPLETE
17,0.45425946838777326,2026-09-08 13:47:01.882606,2026-09-08 13:47:17.489576,0 days 00:00:15.606970,64,800,64,7.765128712296145,32,0.0004581866491279231,7,0.9435417324631072,1.4395856309758686,0.0,0.9290625328982203,0.9145833333333333,0.44900704008663195,0.9761028444174511,0.5270958043308192,0.9329861111111111,0.9255980395708174,0.9255980395708174,0.45425946838777326,0.6888136436843103,,0.550992959913368,0.4,0.2,0.4,COMPLETE
18,0.5590112390658942,2026-09-08 13:47:17.489801,2026-09-08 13:47:29.493736,0 days 00:00:12.003935,64,600,256,12.78282924790659,32,0.0002660315201467415,7,0.9520067152746291,1.4279423177578945,0.0,0.9305346076373145,0.9090625,0.1894015497042113,0.9761028444174511,0.7867012947132398,0.9287673611111111,0.923912533396067,0.923912533396067,0.5590112390658942,0.6872099205367355,,0.8105984502957887,0.4,0.2,0.4,COMPLETE
19,0.5339987355367887,2026-09-08 13:47:29.494029,2026-09-08 13:47:52.255956,0 days 00:00:22.761927,64,1000,256,7.086454969900416,32,0.0001949640044206244,8,0.9615133565999944,1.383168074219566,0.0,0.9413816782999972,0.92125,0.26743646032016644,0.9761028444174511,0.7086663840972847,0.9082465277777778,0.9207550187105682,0.9207550187105682,0.5339987355367887,0.6778967582757185,,0.7325635396798336,0.4,0.2,0.4,COMPLETE
