number,value,datetime_start,datetime_complete,duration,params_batch_size,params_default_distribution,params_discriminator_dim,params_discriminator_lr,params_epochs,params_generator_dim,params_generator_lr,params_pac,user_attrs_corr_similarity,user_attrs_dcr,user_attrs_dcr_norm,user_attrs_fidelity,user_attrs_ks_similarity,user_attrs_mean_f1_gap,user_attrs_mean_trtr_f1,user_attrs_mean_tstr_f1,user_attrs_mia_auc,user_attrs_nndr,user_attrs_nndr_norm,user_attrs_objective,user_attrs_privacy_risk,user_attrs_sdv_quality,user_attrs_utility,user_attrs_w_fidelity,user_attrs_w_privacy_risk,user_attrs_w_utility,state
0,0.599559224527731,2026-09-07 13:08:41.386339,2026-09-07 13:09:29.984239,0 days 00:00:48.597900,100,norm,"[256, 256, 256]",2.0511104188433963e-05,350,"[256, 256]",2.0513382630874486e-05,1,0.8830624932299912,0.6888453869731771,0.0,0.8524687466149956,0.821875,-0.7760021036629539,-4.1422054251249785,-3.3662033214620246,0.9904513888888888,0.9602810795103593,0.9602810795103593,0.599559224527731,0.7071413705913365,,1.0,0.4,0.2,0.4,COMPLETE
1,0.5940518826110571,2026-09-07 13:09:29.984722,2026-09-07 13:10:08.872931,0 days 00:00:38.888209,100,beta,"[256, 256, 256]",8.168455894760161e-05,300,"[128, 128]",5.4041038546473305e-05,10,0.8790568133343011,0.6970090591415382,0.0,0.8390596566671505,0.7990625,-0.4077373358173313,-4.1422054251249785,-3.734468089307647,0.9997395833333333,0.9733663046255027,0.9733663046255027,0.5940518826110571,0.7078599002790158,,1.0,0.4,0.2,0.4,COMPLETE
2,0.437372874039623,2026-09-07 13:10:08.873445,2026-09-07 13:10:23.115729,0 days 00:00:14.242284,500,norm,"[256, 256]",0.000658628931758311,600,"[256, 256]",1.1715937392307055e-05,1,0.8626624513240888,0.6730284026572939,0.0,0.8612531006620444,0.85984375,0.41436081167713645,-4.1422054251249785,-4.556566236802115,0.9885069444444445,0.9577775481684052,0.9577775481684052,0.437372874039623,0.7069202077717007,,0.5856391883228635,0.4,0.2,0.4,COMPLETE
3,0.6189599401374707,2026-09-07 13:10:23.115989,2026-09-07 13:10:31.693149,0 days 00:00:08.577160,500,truncnorm,"[256, 256]",0.00045443839603360173,200,"[256, 256, 256]",3.488976654890367e-05,1,0.8746514317137243,0.6472088047819252,0.0,0.8933413408568622,0.9120312500000001,-0.6373338197384131,-4.1422054251249785,-3.5048716053865654,0.9632465277777778,0.9658009428750595,0.9658009428750595,0.6189599401374707,0.691882981026371,,1.0,0.4,0.2,0.4,COMPLETE
4,0.22669051189902142,2026-09-07 13:10:31.693475,2026-09-07 13:11:14.235309,0 days 00:00:42.541834,200,gamma,"[256, 256]",0.00017643967683381525,650,"[128, 128]",0.0005323617594751496,1,0.9341546803388636,0.1026048837790405,0.0,0.9080148401694318,0.881875,3.1165255187489267,-4.1422054251249785,-7.258730943873905,0.8656944444444445,0.8342336712615526,0.8342336712615526,0.22669051189902142,0.6825771208437565,,0.0,0.4,0.2,0.4,COMPLETE
5,0.31856434727968075,2026-09-07 13:11:14.235712,2026-09-07 13:12:08.425711,0 days 00:00:54.189999,100,norm,"[128, 128]",1.1557352816269867e-05,450,"[128, 128]",1.6435497475111308e-05,1,0.8581959320464394,0.6254848216121486,0.0,0.8096448410232198,0.76109375,0.6569979355377829,-4.1422054251249785,-4.799203360662761,0.9968055555555556,0.9531023440176911,0.9531023440176911,0.31856434727968075,0.7124720745724704,,0.34300206446221715,0.4,0.2,0.4,COMPLETE
6,0.2524443480333177,2026-09-07 13:12:08.426163,2026-09-07 13:13:17.582655,0 days 00:01:09.156492,100,beta,"[256, 256, 256]",0.00011986281799901183,550,"[256, 256]",0.0006097025297491432,5,0.91735322704157,0.39587638943682646,0.0,0.843520363520785,0.7696875,0.8583085822673189,-4.1422054251249785,-5.000514007392297,0.9988888888888888,0.9708087403470035,0.9708087403470035,0.2524443480333177,0.7082018223403435,,0.14169141773268112,0.4,0.2,0.4,COMPLETE
7,0.5925243289635346,2026-09-07 13:13:17.583130,2026-09-07 13:14:00.512838,0 days 00:00:42.929708,100,norm,"[128, 128]",5.336533066379606e-05,350,"[128, 128]",0.0002547052623339115,5,0.8704989837578367,0.9670571991379631,0.0,0.8361869918789184,0.8018750000000001,-1.6296860701400604,-4.1422054251249785,-2.512519354984918,0.990138888888889,0.9510570183476008,0.9510570183476008,0.5925243289635346,0.7097523389401643,,1.0,0.4,0.2,0.4,COMPLETE
8,0.5665571525162952,2026-09-07 13:14:00.513089,2026-09-07 13:14:13.372690,0 days 00:00:12.859601,200,gamma,"[256, 256]",0.00033361013094697806,200,"[256, 256]",0.00022093834415066264,5,0.9205839231716227,0.5736351153404845,0.0,0.9069325865858113,0.89328125,0.14541199444481023,-4.1422054251249785,-4.287617419569789,0.9524565972222222,0.9532429230352846,0.9532429230352846,0.5665571525162952,0.6902554217005257,,0.8545880055551898,0.4,0.2,0.4,COMPLETE
9,0.43090513298773614,2026-09-07 13:14:13.373062,2026-09-07 13:14:16.305766,0 days 00:00:02.932704,500,beta,"[256, 256, 256]",0.00024092145436664767,100,"[256, 256]",2.2321987366901545e-05,1,0.8649891321199994,0.8063311814597338,0.0,0.8117914410599997,0.75859375,0.37756653604803336,-4.1422054251249785,-4.519771961173012,0.9991840277777778,0.952226229345457,0.952226229345457,0.43090513298773614,0.7139241450852518,,0.6224334639519666,0.4,0.2,0.4,COMPLETE
10,0.6116596885938155,2026-09-07 13:14:16.306066,2026-09-07 13:14:32.116944,0 days 00:00:15.810878,500,truncnorm,"[256, 256]",0.0007340311412099645,800,"[256, 256, 256]",7.243598948404974e-05,10,0.8473559483291897,0.6430792304226602,0.0,0.8773498491645948,0.90734375,-0.9568925082482869,-4.1422054251249785,-3.1853129168766916,0.9704079861111111,0.962675792318145,0.962675792318145,0.6116596885938155,0.696401255360112,,1.0,0.4,0.2,0.4,COMPLETE
11,0.3162906298736909,2026-09-07 13:14:32.117191,2026-09-07 13:14:47.922408,0 days 00:00:15.805217,500,truncnorm,"[256, 256]",0.0008429113707076384,800,"[256, 256, 256]",6.958651084284228e-05,10,0.8829632978956572,0.6428622124184294,0.0,0.8943722739478286,0.90578125,0.7537330747541908,-4.1422054251249785,-4.895938499879169,0.9758333333333333,0.9603047254928176,0.9603047254928176,0.3162906298736909,0.6998252490188214,,0.24626692524580918,0.4,0.2,0.4,COMPLETE
12,0.2186581450420094,2026-09-07 13:14:47.922647,2026-09-07 13:15:03.770607,0 days 00:00:15.847960,500,truncnorm,"[256, 256]",0.0004700623413654154,800,"[256, 256, 256]",6.343101283603361e-05,10,0.8837271154179575,0.6111758599321198,0.0,0.8966291827089787,0.90953125,1.3837814054750615,-4.1422054251249785,-5.52598683060004,0.9796180555555556,0.9661379585662235,0.9661379585662235,0.2186581450420094,0.6999676402079107,,0.0,0.4,0.2,0.4,COMPLETE
13,0.2147839292895711,2026-09-07 13:15:03.770847,2026-09-07 13:15:17.796317,0 days 00:00:14.025470,500,truncnorm,"[256, 256]",0.0009818226878189125,700,"[256, 256, 256]",0.000135713104181097,10,0.8638081201538239,0.6115516156170367,0.0,0.882529060076912,0.90125,1.911052123791361,-4.1422054251249785,-6.053257548916339,0.9605815972222222,0.9638410830171423,0.9638410830171423,0.2147839292895711,0.6911384737059685,,0.0,0.4,0.2,0.4,COMPLETE
14,0.3483299119602867,2026-09-07 13:15:17.796693,2026-09-07 13:15:28.714710,0 days 00:00:10.918017,500,truncnorm,"[256, 256]",0.0004130372808687082,500,"[256, 256, 256]",3.730438364807902e-05,10,0.8582781726314693,0.6444471694914193,0.0,0.8864047113157347,0.91453125,0.6662723094200986,-4.1422054251249785,-4.808477734545077,0.9734375000000001,0.960345020033871,0.960345020033871,0.3483299119602867,0.6986152439898388,,0.33372769057990137,0.4,0.2,0.4,COMPLETE
15,0.19015416303807206,2026-09-07 13:15:28.715047,2026-09-07 13:15:32.430997,0 days 00:00:03.715950,500,truncnorm,"[256, 256]",0.00023895253706027953,150,"[256, 256, 256]",0.00011592574961860135,1,0.8694114860794668,0.753635995388708,0.0,0.8275182430397334,0.785625,3.7793777135466113,-4.1422054251249785,-7.92158313867159,0.9896874999999999,0.9685935970363109,0.9685935970363109,0.19015416303807206,0.7042656708891066,,0.0,0.4,0.2,0.4,COMPLETE
16,0.21711575383588802,2026-09-07 13:15:32.431239,2026-09-07 13:15:51.190262,0 days 00:00:18.759023,200,truncnorm,"[128, 128]",0.0005319301949684392,250,"[256, 256, 256]",3.418278977925781e-05,10,0.8653313294186932,0.6252518176267783,0.0,0.8889156647093466,0.9125,1.6377232995333655,-4.1422054251249785,-5.779928724658344,0.9625694444444444,0.9634405399432302,0.9634405399432302,0.21711575383588802,0.6922525602392531,,0.0,0.4,0.2,0.4,COMPLETE
17,0.21055793781675916,2026-09-07 13:15:51.190489,2026-09-07 13:16:01.236475,0 days 00:00:10.045986,500,truncnorm,"[256, 256]",0.00031493413516211474,450,"[256, 256, 256]",9.18994136244504e-05,10,0.8730860921445559,0.6225362321574104,0.0,0.874902421072278,0.87671875,3.3410405779506,-4.1422054251249785,-7.483246003075578,0.973125,0.9651578231307993,0.9651578231307993,0.21055793781675916,0.6970151530607602,,0.0,0.4,0.2,0.4,COMPLETE
18,0.3198616033736017,2026-09-07 13:16:01.236762,2026-09-07 13:16:16.130982,0 days 00:00:14.894220,500,truncnorm,"[256, 256]",0.00014171622886030176,750,"[256, 256, 256]",3.258804933505604e-05,1,0.8714580806820924,0.6471436077258638,0.0,0.8874477903410463,0.9034375,0.7381263950787798,-4.1422054251249785,-4.880331820203758,0.9778211805555556,0.965252722070844,0.965252722070844,0.3198616033736017,0.6993347736565245,,0.26187360492122025,0.4,0.2,0.4,COMPLETE
19,0.5857052522697502,2026-09-07 13:16:16.131217,2026-09-07 13:16:24.548037,0 days 00:00:08.416820,500,gamma,"[128, 128]",5.169016749185937e-05,400,"[256, 256, 256]",0.000223028626161034,5,0.8246244183323801,0.5057979409907529,0.0,0.81723408416619,0.80984375,-2.988487822932242,-4.1422054251249785,-1.1537176021927364,0.9894791666666666,0.96265892116568,0.96265892116568,0.5857052522697502,0.7059419069836292,,1.0,0.4,0.2,0.4,COMPLETE
