number,value,datetime_start,datetime_complete,duration,params_batch_size,params_epochs,params_hidden_dim,params_lambda_gp,params_latent_dim,params_lr,params_n_critic,user_attrs_corr_similarity,user_attrs_dcr,user_attrs_dcr_norm,user_attrs_fidelity,user_attrs_ks_similarity,user_attrs_mean_f1_gap,user_attrs_mean_trtr_f1,user_attrs_mean_tstr_f1,user_attrs_mia_auc,user_attrs_nndr,user_attrs_nndr_norm,user_attrs_objective,user_attrs_privacy_risk,user_attrs_sdv_quality,user_attrs_utility,user_attrs_w_fidelity,user_attrs_w_privacy_risk,user_attrs_w_utility,state
0,0.5368507340234105,2026-08-24 14:10:26.943005,2026-08-24 14:10:50.127733,0 days 00:00:23.184728,32,900,128,5.034443102887247,128,0.00044447541666908124,9,0.9303957002470391,1.8719888654265042,0.0,0.8613585644092339,0.7923214285714286,0.15831265964122598,0.8377876505675849,0.679474990926359,0.9999826388888889,0.9271772667516036,0.9271772667516036,0.5368507340234105,0.7218381394189635,,0.841687340358774,0.4,0.2,0.4,COMPLETE
1,0.48415055351923225,2026-08-24 14:10:50.127944,2026-08-24 14:10:54.010512,0 days 00:00:03.882568,128,500,256,10.770454329858621,64,0.0002157696745589684,2,0.7707352431362362,2.2149333709016488,0.0,0.6779569072824039,0.5851785714285714,0.10945702983074064,0.8377876505675849,0.7283306207368443,1.0,0.945843375642782,0.945843375642782,0.48415055351923225,0.7162469873071655,,0.8905429701692593,0.4,0.2,0.4,COMPLETE
2,0.13129491061362356,2026-08-24 14:10:54.010723,2026-08-24 14:11:03.017698,0 days 00:00:09.006975,64,1300,256,10.408361292114133,64,5.595074635794791e-05,2,0.5677191712506084,1.6101355535894168,0.0,0.5289488713395899,0.4901785714285714,0.8377876505675849,0.8377876505675849,0.0,1.0,0.9138403717470265,0.9138403717470265,0.13129491061362356,0.7258478884758921,,0.16221234943241514,0.4,0.2,0.4,COMPLETE
3,0.0842538710663013,2026-08-24 14:11:03.017904,2026-08-24 14:11:06.766187,0 days 00:00:03.748283,32,200,64,18.51561046543922,64,0.0003313483615508946,6,0.495187343441015,2.256950182435012,0.0,0.4058079574347932,0.3164285714285714,0.8377876505675849,0.8377876505675849,0.0,1.0,0.9507624719902996,0.9507624719902996,0.0842538710663013,0.7147712584029102,,0.16221234943241514,0.4,0.2,0.4,COMPLETE
4,0.022822508292820204,2026-08-24 14:11:06.766393,2026-08-24 14:11:08.325987,0 days 00:00:01.559594,256,300,128,19.75085179540983,64,0.0002306261812167793,1,0.31445487486535384,15.638341392765115,0.0,0.24606672314696262,0.1776785714285714,0.8377876505675849,0.8377876505675849,0.0,1.0,0.9918479876844853,0.9918479876844853,0.022822508292820204,0.7024456036946545,,0.16221234943241514,0.4,0.2,0.4,COMPLETE
5,0.5583133393509986,2026-08-24 14:11:08.326188,2026-08-24 14:11:27.854453,0 days 00:00:19.528265,128,1600,256,2.207608655434449,64,0.0001145420156259939,4,0.9630610728336733,2.011456256676534,0.0,0.8822448221311223,0.8014285714285715,0.1271939991465835,0.8377876505675849,0.7105936514210014,1.0,0.9382168359530492,0.9382168359530492,0.5583133393509986,0.7185349492140853,,0.8728060008534165,0.4,0.2,0.4,COMPLETE
6,0.5096568302638843,2026-08-24 14:11:27.854664,2026-08-24 14:11:40.575608,0 days 00:00:12.720944,256,700,256,9.123279348812442,128,6.90150658179192e-05,6,0.8864708013900481,1.9473804838968063,0.0,0.8294854006950241,0.7725,0.19472554413469198,0.8377876505675849,0.6430621064328929,0.9999826388888889,0.9291858588106718,0.9291858588106718,0.5096568302638843,0.7212355618012429,,0.805274455865308,0.4,0.2,0.4,COMPLETE
7,0.3529236958719687,2026-08-24 14:11:40.575954,2026-08-24 14:11:43.068908,0 days 00:00:02.492954,128,200,128,4.0632044578260835,64,1.3514082247401414e-05,3,0.8636027494883859,1.6497916427829136,0.0,0.6579620890299072,0.45232142857142854,0.4125048688331902,0.8377876505675849,0.4252827817343947,1.0,0.9123467965546986,0.9123467965546986,0.3529236958719687,0.7262959610335904,,0.5874951311668097,0.4,0.2,0.4,COMPLETE
8,0.3891874153370237,2026-08-24 14:11:43.069121,2026-08-24 14:12:00.874121,0 days 00:00:17.805000,128,1900,128,9.11504798389887,64,1.5380658115982014e-05,3,0.7419687593615456,1.782623999116784,0.0,0.5205379511093442,0.29910714285714285,0.18559783732908253,0.8377876505675849,0.6521898132385023,1.0,0.9201894970819854,0.9201894970819854,0.3891874153370237,0.7239431508754044,,0.8144021626709175,0.4,0.2,0.4,COMPLETE
9,0.3537705476773772,2026-08-24 14:12:00.874358,2026-08-24 14:12:21.035112,0 days 00:00:20.160754,32,1700,64,19.463859571698254,128,0.00015646172845245517,4,0.714798215838718,2.2632520780345455,0.0,0.6845419650622162,0.6542857142857142,0.4418000346100575,0.8377876505675849,0.39598761595752735,1.0,0.9445629249418938,0.9445629249418938,0.3537705476773772,0.7166311225174318,,0.5581999653899425,0.4,0.2,0.4,COMPLETE
10,0.5569508692075367,2026-08-24 14:12:21.035310,2026-08-24 14:12:54.579582,0 days 00:00:33.544272,64,1200,256,1.2963011935106667,32,3.659385896602568e-05,10,0.9361622166095414,1.9899117729108082,0.0,0.848616822590485,0.7610714285714286,0.09645202221237714,0.8377876505675849,0.7413356283552078,0.9995486111111112,0.9339968361234107,0.9339968361234107,0.5569508692075367,0.7195752547185323,,0.9035479777876229,0.4,0.2,0.4,COMPLETE
11,0.5228826552303122,2026-08-24 14:12:54.579785,2026-08-24 14:13:30.817653,0 days 00:00:36.237868,64,1300,256,1.5434563584668421,32,4.027061919016851e-05,10,0.954632304855662,1.918132744445702,0.0,0.8457090095706881,0.7367857142857143,0.1779817348120124,0.8377876505675849,0.6598059157555726,0.9999652777777778,0.9298045517436613,0.9298045517436613,0.5228826552303122,0.7210412733657905,,0.8220182651879876,0.4,0.2,0.4,COMPLETE
12,0.5275632604195245,2026-08-24 14:13:30.817859,2026-08-24 14:14:02.653557,0 days 00:00:31.835698,64,1400,256,1.9906368847017064,32,2.8419067553145007e-05,8,0.9482614073774633,2.0540293726579337,0.0,0.8543985608315888,0.7605357142857143,0.17684968125356693,0.8377876505675849,0.6609379693140179,0.9996701388888889,0.9418453746200773,0.9418453746200773,0.5275632604195245,0.7172814570584212,,0.8231503187464331,0.4,0.2,0.4,COMPLETE
13,0.5257518693351363,2026-08-24 14:14:02.653765,2026-08-24 14:14:20.562661,0 days 00:00:17.908896,64,1000,256,5.315641221366693,32,9.24770906282109e-05,6,0.9169450620703588,1.930037920859824,0.0,0.8228475310351793,0.7287499999999999,0.14892875118236973,0.8377876505675849,0.688858899385215,0.9999826388888889,0.9363770213816894,0.9363770213816894,0.5257518693351363,0.7190782130299376,,0.8510712488176303,0.4,0.2,0.4,COMPLETE
14,0.5736618246996605,2026-08-24 14:14:20.562862,2026-08-24 14:14:59.602942,0 days 00:00:39.040080,128,1700,256,1.5894651519828935,32,0.00011466158058933707,8,0.9755162669433488,2.031827720191705,0.0,0.8841867049002459,0.7928571428571429,0.09022565054390659,0.8377876505675849,0.7475620000236783,0.9998784722222221,0.9344208363224493,0.9344208363224493,0.5736618246996605,0.7196129852143762,,0.9097743494560934,0.4,0.2,0.4,COMPLETE
15,0.5510439135153797,2026-08-24 14:14:59.603183,2026-08-24 14:15:34.158438,0 days 00:00:34.555255,128,1700,256,6.498322263774091,32,0.00012055134333197779,7,0.9619144824966888,1.926960622107024,0.0,0.8731000983912016,0.7842857142857144,0.13494192733624566,0.8377876505675849,0.7028457232313392,1.0,0.9296774182232903,0.9296774182232903,0.5510439135153797,0.721096774533013,,0.8650580726637543,0.4,0.2,0.4,COMPLETE
16,0.42450024664480535,2026-08-24 14:15:34.158654,2026-08-24 14:16:03.548365,0 days 00:00:29.389711,128,2000,64,3.428662161370161,32,0.00010039455735539591,5,0.8641293626600938,2.0867396199249755,0.0,0.8200111099014755,0.7758928571428572,0.3991999945886246,0.8377876505675849,0.4385876559789603,1.0,0.936263341994416,0.936263341994416,0.42450024664480535,0.7191209974016752,,0.6008000054113753,0.4,0.2,0.4,COMPLETE
17,0.5657788168441125,2026-08-24 14:16:03.548574,2026-08-24 14:16:40.136441,0 days 00:00:36.587867,128,1600,256,6.990264597609615,64,0.00017550207870043233,8,0.966770435273793,1.9803854289127267,0.0,0.8816887890654679,0.7966071428571428,0.10720311670436249,0.8377876505675849,0.7305845338632224,0.9997916666666667,0.9327285761056169,0.9327285761056169,0.5657788168441125,0.7200772605016483,,0.8927968832956376,0.4,0.2,0.4,COMPLETE
18,0.5260343481627824,2026-08-24 14:16:40.136644,2026-08-24 14:17:14.468650,0 days 00:00:34.332006,128,1500,256,13.664177146846658,32,0.00022495994096020206,8,0.9602748717039506,2.012457102743042,0.0,0.8717445787091183,0.7832142857142858,0.19670498032184305,0.8377876505675849,0.6410826702457418,0.9999479166666667,0.933555007908984,0.933555007908984,0.5260343481627824,0.7199074559606382,,0.803295019678157,0.4,0.2,0.4,COMPLETE
19,0.5454968457067805,2026-08-24 14:17:14.468864,2026-08-24 14:17:59.490962,0 days 00:00:45.022098,128,2000,64,7.087016329497754,128,0.0001663892029138185,8,0.9339250959873266,1.841926338681158,0.0,0.8586589765650918,0.7833928571428571,0.13365150005023166,0.8377876505675849,0.7041361505173532,1.0,0.9248975850139387,0.9248975850139387,0.5454968457067805,0.7225307244958183,,0.8663484999497684,0.4,0.2,0.4,COMPLETE
