number,value,datetime_start,datetime_complete,duration,params_batch_size,params_discriminator_dim,params_discriminator_lr,params_discriminator_steps,params_epochs,params_generator_dim,params_generator_lr,params_pac,user_attrs_corr_similarity,user_attrs_dcr,user_attrs_dcr_norm,user_attrs_fidelity,user_attrs_ks_similarity,user_attrs_mean_f1_gap,user_attrs_mean_trtr_f1,user_attrs_mean_tstr_f1,user_attrs_mia_auc,user_attrs_nndr,user_attrs_nndr_norm,user_attrs_objective,user_attrs_privacy_risk,user_attrs_sdv_quality,user_attrs_utility,user_attrs_w_fidelity,user_attrs_w_privacy_risk,user_attrs_w_utility,state
0,0.49224730264199656,2026-09-09 14:54:20.405793,2026-09-09 14:54:37.588327,0 days 00:00:17.182534,100,"[128, 128]",1.3066739238053272e-05,1,450,"[128, 128]",2.0511104188433963e-05,5,0.58773244951309,9449.467342687863,0.0,0.5806235258642993,0.5735146022155085,-0.06260481926350736,-0.25524275807532115,-0.1926379388118138,1.0,0.9999648716046131,0.9999648716046131,0.49224730264199656,0.7000105385186162,,1.0,0.4,0.2,0.4,COMPLETE
1,0.5214923515994974,2026-09-09 14:54:37.589004,2026-09-09 14:55:25.457319,0 days 00:00:47.868315,100,"[512, 512]",0.00037183641805732076,5,350,"[256, 256, 256]",8.168455894760161e-05,1,0.7509302611321315,9449.467055785519,0.0,0.7221418677261866,0.6933534743202417,0.06840572030892766,-0.25524275807532115,-0.3236484783842488,1.0,0.9999648772098965,0.9999648772098965,0.5214923515994974,0.7000105368370311,,0.9315942796910723,0.4,0.2,0.4,COMPLETE
2,0.5374967406254161,2026-09-09 14:55:25.457819,2026-09-09 14:56:12.047076,0 days 00:00:46.589257,500,"[256, 256]",3.292759134423613e-05,5,750,"[128, 128]",0.000658628931758311,5,0.7263663482590259,9449.467253123754,0.0,0.693747121762947,0.6611278952668681,-0.324980505001931,-0.25524275807532115,0.06973774692660983,1.0,0.9999648653372882,0.9999648653372882,0.5374967406254161,0.7000105403988135,,1.0,0.4,0.2,0.4,COMPLETE
3,0.09545570216074267,2026-09-09 14:56:12.047619,2026-09-09 14:56:16.732801,0 days 00:00:04.685182,500,"[256, 256]",5.170191786366994e-05,1,250,"[512, 512]",0.00045443839603360173,1,0.6158590352529081,9449.467004009755,0.0,0.5886445226617008,0.5614300100704934,1.813113492447715,-0.25524275807532115,-2.068356250523036,1.0,0.999964884934373,0.999964884934373,0.09545570216074267,0.7000105345196881,,0.0,0.4,0.2,0.4,COMPLETE
4,0.5416295331435627,2026-09-09 14:56:16.733299,2026-09-09 14:57:12.113545,0 days 00:00:55.380246,1000,"[256, 256]",4.589824181495648e-05,4,800,"[512, 512]",0.00017643967683381525,10,0.7460232629915547,9449.46674590122,0.0,0.7040791038019204,0.6621349446122861,-0.2283521042876404,-0.25524275807532115,-0.02689065378768074,1.0,0.999964860379909,0.999964860379909,0.5416295331435627,0.7000105418860274,,1.0,0.4,0.2,0.4,COMPLETE
5,0.45947604499509676,2026-09-09 14:57:12.114056,2026-09-09 14:57:47.167889,0 days 00:00:35.053833,100,"[256, 256]",0.000187422109855557,2,550,"[256, 256, 256]",1.1557352816269867e-05,5,0.5954020625316809,9449.467083613014,0.0,0.6509235891711778,0.7064451158106747,0.15222820538995885,-0.25524275807532115,-0.40747096346528,1.0,0.9999648580434869,0.9999648580434869,0.45947604499509676,0.7000105425869538,,0.8477717946100412,0.4,0.2,0.4,COMPLETE
6,0.413873798647627,2026-09-09 14:57:47.168328,2026-09-09 14:58:26.007182,0 days 00:00:38.838854,1000,"[256, 256, 256]",0.00041198396246051877,3,700,"[128, 128]",0.00011986281799901183,1,0.7133916585434928,9449.46702849746,0.0,0.7109254365225017,0.7084592145015106,0.326235667998928,-0.25524275807532115,-0.5814784260742492,1.0,0.9999648539699594,0.9999648539699594,0.413873798647627,0.7000105438090123,,0.673764332001072,0.4,0.2,0.4,COMPLETE
7,0.31887499120183904,2026-09-09 14:58:26.007715,2026-09-09 14:58:42.255745,0 days 00:00:16.248030,100,"[256, 256, 256]",0.0008781408196485975,1,400,"[128, 128]",5.336533066379606e-05,5,0.6264084638644467,9449.466960471396,0.0,0.6669303145102696,0.7074521651560927,0.5197375690770685,-0.25524275807532115,-0.7749803271523896,1.0,0.9999648838093101,0.9999648838093101,0.31887499120183904,0.700010534857207,,0.4802624309229315,0.4,0.2,0.4,COMPLETE
8,0.48268675275323614,2026-09-09 14:58:42.256297,2026-09-09 14:58:45.802161,0 days 00:00:03.545864,200,"[256, 256, 256]",2.9872741995638415e-05,1,200,"[128, 128]",0.00033361013094697806,10,0.5973315179916447,9449.467288929987,0.0,0.5567221537591658,0.5161127895266869,-0.10016291759878726,-0.25524275807532115,-0.1550798404765339,1.0,0.9999648541594977,0.9999648541594977,0.48268675275323614,0.7000105437521507,,1.0,0.4,0.2,0.4,COMPLETE
9,0.4878550197570718,2026-09-09 14:58:45.802412,2026-09-09 14:58:52.546091,0 days 00:00:06.743679,500,"[128, 128]",5.9356829120146846e-05,5,100,"[128, 128]",0.00024092145436664767,1,0.5959825182182679,9449.466620951453,0.0,0.5696428200356194,0.5433031218529708,-0.09232728960177794,-0.25524275807532115,-0.1629154684735432,0.9999999999999999,0.9999648623804009,0.9999648623804009,0.4878550197570718,0.7000105412858797,,1.0,0.4,0.2,0.4,COMPLETE
10,0.331337161543787,2026-09-09 14:58:52.546727,2026-09-09 14:59:48.139972,0 days 00:00:55.593245,1000,"[512, 512]",1.0862348973937137e-05,3,1000,"[512, 512]",3.5510347454134194e-05,10,0.6230791134005549,9449.46694755542,0.0,0.656453957505917,0.689828801611279,0.4781057847752008,-0.25524275807532115,-0.733348542850522,1.0,0.9999648741916752,0.9999648741916752,0.331337161543787,0.7000105377424974,,0.5218942152247992,0.4,0.2,0.4,COMPLETE
11,0.49737576998515287,2026-09-09 14:59:48.140404,2026-09-09 15:00:31.780349,0 days 00:00:43.639945,500,"[256, 256]",7.584001479563486e-05,4,850,"[256, 256]",0.000918096378161574,10,0.7475639286626186,9449.466473452601,0.0,0.7174375534551763,0.6873111782477341,0.12399285798910853,-0.25524275807532115,-0.3792356160644297,1.0,0.9999648633120947,0.9999648633120947,0.49737576998515287,0.7000105410063715,,0.8760071420108915,0.4,0.2,0.4,COMPLETE
12,0.532652934109504,2026-09-09 15:00:31.780796,2026-09-09 15:01:22.104211,0 days 00:00:50.323415,1000,"[256, 256]",2.683757500475256e-05,4,700,"[512, 512]",0.0007379444263066259,10,0.7097001827277511,9449.46664292524,0.0,0.6816376039519925,0.6535750251762337,-0.32482094993275645,-0.25524275807532115,0.0695781918574353,1.0,0.9999648754784486,0.9999648754784486,0.532652934109504,0.7000105373564653,,1.0,0.4,0.2,0.4,COMPLETE
13,0.29639559755437744,2026-09-09 15:01:22.104747,2026-09-09 15:01:53.627923,0 days 00:00:31.523176,200,"[256, 256]",0.00012414553062293718,4,800,"[256, 256]",0.00016978031350944314,5,0.7435301086850217,9449.467018357964,0.0,0.7181900291662773,0.6928499496475328,0.6271957647611937,-0.25524275807532115,-0.8824385228365148,1.0,0.9999648632057341,0.9999648632057341,0.29639559755437744,0.7000105410382798,,0.37280423523880635,0.4,0.2,0.4,COMPLETE
14,0.3137428876557553,2026-09-09 15:01:53.628366,2026-09-09 15:02:52.403029,0 days 00:00:58.774663,500,"[256, 256]",2.8050942103296357e-05,5,950,"[512, 512]",0.00048748381747391645,10,0.6717747499156281,9449.467013640135,0.0,0.6599055018460316,0.648036253776435,0.5255430121045741,-0.25524275807532115,-0.7807857701798953,1.0,0.9999648626528717,0.9999648626528717,0.3137428876557553,0.7000105412041384,,0.4744569878954259,0.4,0.2,0.4,COMPLETE
15,0.4946217890103646,2026-09-09 15:02:52.403452,2026-09-09 15:03:31.286042,0 days 00:00:38.882590,1000,"[256, 256]",1.9412778182481683e-05,4,600,"[512, 512]",0.00017694838568462845,5,0.6343480832583335,9449.467411042402,0.0,0.5865597415284618,0.5387713997985902,-0.08559041932004274,-0.25524275807532115,-0.1696523387552784,1.0,0.9999648733163304,0.9999648733163304,0.4946217890103646,0.7000105380051009,,1.0,0.4,0.2,0.4,COMPLETE
16,0.45629604546739877,2026-09-09 15:03:31.286416,2026-09-09 15:04:03.527483,0 days 00:00:32.241067,500,"[256, 256]",0.00011212638598633705,3,850,"[256, 256]",7.949767973364937e-05,5,0.6913717638689663,9449.466644564398,0.0,0.7016778255397198,0.7119838872104735,0.21093244108626408,-0.25524275807532115,-0.46617519916158523,1.0,0.999964861433609,0.999964861433609,0.45629604546739877,0.7000105415699174,,0.7890675589137359,0.4,0.2,0.4,COMPLETE
17,0.41990237808860814,2026-09-09 15:04:03.527790,2026-09-09 15:05:02.817116,0 days 00:00:59.289326,1000,"[512, 512]",4.230484387940316e-05,5,700,"[256, 256, 256]",0.0005558001683940017,10,0.7481165190773371,9449.466307059194,0.0,0.6960622877360503,0.6440080563947633,0.29630107310105624,-0.25524275807532115,-0.5515438311763774,1.0,0.9999648705768414,0.9999648705768414,0.41990237808860814,0.7000105388269475,,0.7036989268989438,0.4,0.2,0.4,COMPLETE
18,0.08874967922721846,2026-09-09 15:05:02.817543,2026-09-09 15:05:22.974845,0 days 00:00:20.157302,200,"[128, 128]",1.7762088801410988e-05,4,550,"[512, 512]",0.0002660511881604685,5,0.6125404044895095,9449.46724403416,0.0,0.5718794670987326,0.5312185297079557,1.132620598540857,-0.25524275807532115,-1.3878633566161782,1.0,0.9999648731287574,0.9999648731287574,0.08874967922721846,0.7000105380613728,,0.0,0.4,0.2,0.4,COMPLETE
19,0.5476948131410004,2026-09-09 15:05:22.975085,2026-09-09 15:06:42.092097,0 days 00:01:19.117012,1000,"[256, 256]",9.553448285882847e-05,5,900,"[128, 128]",0.00012622311438484165,10,0.7345571105137458,9449.466562819314,0.0,0.7192423014804379,0.7039274924471299,-0.0017734112291889481,-0.25524275807532115,-0.2534693468461322,1.0,0.9999648758137542,0.9999648758137542,0.5476948131410004,0.7000105372558738,,1.0,0.4,0.2,0.4,COMPLETE
