number,value,datetime_start,datetime_complete,duration,params_batch_size,params_compress_dims,params_decompress_dims,params_embedding_dim,params_epochs,params_l2scale,params_loss_factor,user_attrs_corr_similarity,user_attrs_dcr,user_attrs_dcr_norm,user_attrs_fidelity,user_attrs_ks_similarity,user_attrs_mean_f1_gap,user_attrs_mean_trtr_f1,user_attrs_mean_tstr_f1,user_attrs_mia_auc,user_attrs_nndr,user_attrs_nndr_norm,user_attrs_objective,user_attrs_privacy_risk,user_attrs_sdv_quality,user_attrs_utility,user_attrs_w_fidelity,user_attrs_w_privacy_risk,user_attrs_w_utility,state
0,0.6261675055754858,2026-08-14 16:38:33.382875,2026-08-14 16:39:29.912094,0 days 00:00:56.529219,100,"[256, 256]","[128, 128, 128]",128,450,3.752055855124284e-05,5,0.9023981864966144,2.4050470925922562,0.0,0.8923547118232806,0.882311237149947,-0.013775726618365902,0.9396481266399964,0.9534238532583624,0.8790790038643195,0.9522253538767576,0.9522253538767576,0.6261675055754858,0.6538718957691325,,1.0,0.4,0.2,0.4,COMPLETE
1,0.5808232880628473,2026-08-14 16:39:29.912529,2026-08-14 16:39:43.893982,0 days 00:00:13.981453,500,"[128, 128, 128]","[64, 64]",256,350,2.091498132903561e-05,10,0.7989880803632793,2.7749615620639827,0.0,0.8175372872571449,0.8360864941510104,0.019337558819850182,0.9396481266399964,0.9203105678201463,0.9628059252898239,0.9637331536151973,0.9637331536151973,0.5808232880628473,0.6922830165603528,,0.9806624411801498,0.4,0.2,0.4,COMPLETE
2,0.6293426306989852,2026-08-14 16:39:43.894277,2026-08-14 16:40:22.696426,0 days 00:00:38.802149,100,"[256, 256]","[128, 128, 128]",64,300,6.516990611177181e-06,1,0.9147648981025976,2.8714848657978553,0.0,0.9180347000261304,0.9213045019496633,0.016300728609054183,0.9396481266399964,0.9233473980309425,0.8897058823529412,0.9603271727908134,0.9603271727908134,0.6293426306989852,0.6567547893392266,,0.9836992713909458,0.4,0.2,0.4,COMPLETE
3,0.5719576495336035,2026-08-14 16:40:22.696754,2026-08-14 16:40:32.594080,0 days 00:00:09.897326,500,"[128, 128]","[128, 128]",128,200,1.5512259126484753e-06,5,0.8108002501963387,2.590434720308372,0.0,0.8155383739460957,0.8202764976958528,0.037432695012800186,0.9396481266399964,0.9022154316271963,0.9690317732932588,0.9603092548268536,0.9603092548268536,0.5719576495336035,0.6964231101985734,,0.9625673049871998,0.4,0.2,0.4,COMPLETE
4,0.623239350195939,2026-08-14 16:40:32.594718,2026-08-14 16:41:01.162760,0 days 00:00:28.568042,1000,"[64, 64]","[128, 128, 128]",64,900,5.595986878006084e-06,2,0.9193350957119364,2.8351068883546655,0.0,0.9214186999297009,0.9235023041474655,0.03252749458711516,0.9396481266399964,0.9071206320528814,0.8938922284242163,0.9512015150221047,0.9512015150221047,0.623239350195939,0.6615856597054768,,0.9674725054128849,0.4,0.2,0.4,COMPLETE
5,0.5965576042552295,2026-08-14 16:41:01.163095,2026-08-14 16:41:30.882509,0 days 00:00:29.719414,200,"[256, 256]","[128, 128, 128]",256,350,0.00038211294416912254,2,0.882958242326188,2.6717504331128734,0.0,0.8772465795111976,0.8715349166962071,0.04381395612228171,0.9396481266399964,0.8958341705177147,0.945094461142121,0.9615666835645877,0.9615666835645877,0.5965576042552295,0.6840772255016843,,0.9561860438777183,0.4,0.2,0.4,COMPLETE
6,0.5988440142543475,2026-08-14 16:41:30.882811,2026-08-14 16:41:49.724716,0 days 00:00:18.841905,200,"[128, 128]","[128, 128]",128,200,6.85392570885306e-06,1,0.8481811032479303,2.615856343548521,0.0,0.8469902325881622,0.8457993619283942,-0.0007390723678921685,0.9396481266399964,0.9403871990078887,0.9794439673679691,0.9665386325979921,0.9665386325979921,0.5988440142543475,0.6997603939045869,,1.0,0.4,0.2,0.4,COMPLETE
7,0.6348575468143963,2026-08-14 16:41:49.725003,2026-08-14 16:42:20.997961,0 days 00:00:31.272958,500,"[256, 256]","[128, 128, 128]",32,1000,1.1214075785991133e-06,5,0.8968690906821676,2.4862273065610068,0.0,0.8962899157770994,0.8957107408720313,-0.016266122691825518,0.9396481266399964,0.9559142493318221,0.8101653069987118,0.9559685200571281,0.9559685200571281,0.6348575468143963,0.6182920974822175,,1.0,0.4,0.2,0.4,COMPLETE
8,0.6234362135481898,2026-08-14 16:42:20.998231,2026-08-14 16:43:17.663824,0 days 00:00:56.665593,200,"[128, 128]","[128, 128, 128]",64,750,7.930569433855143e-05,10,0.9168078420245669,2.3014121364926967,0.0,0.8897048781196921,0.8626019142148175,0.005582192574062487,0.9396481266399964,0.934065934065934,0.8729068269643624,0.9512970337729022,0.9512970337729022,0.6234362135481898,0.6510643033503105,,0.9944178074259375,0.4,0.2,0.4,COMPLETE
9,0.6177807916228482,2026-08-14 16:43:17.664098,2026-08-14 16:45:04.151571,0 days 00:01:46.487473,100,"[64, 64]","[128, 128, 128]",32,900,5.149288946949016e-06,10,0.8895923954687425,2.383781769313915,0.0,0.8825487677450058,0.8755051400212691,0.018699686414447858,0.9396481266399964,0.9209484402255487,0.8470910261914986,0.9491710284962478,0.9491710284962478,0.6177807916228482,0.638794204546875,,0.9813003135855521,0.4,0.2,0.4,COMPLETE
10,0.612738463499341,2026-08-14 16:45:04.151923,2026-08-14 16:45:24.841156,0 days 00:00:20.689233,500,"[128, 128, 128]","[256, 256]",32,600,0.0005284384205738843,5,0.8669814681044483,2.701752684268943,0.0,0.8842174267144007,0.9014533853243532,0.02348813784761768,0.9396481266399964,0.9161599887923787,0.8882030914555604,0.9544509516363974,0.9544509516363974,0.612738463499341,0.657766260236861,,0.9765118621523823,0.4,0.2,0.4,COMPLETE
11,0.6461800777176101,2026-08-14 16:45:24.841471,2026-08-14 16:47:22.374737,0 days 00:01:57.533266,100,"[256, 256]","[256, 256]",64,1000,1.2754856935750913e-06,1,0.9287764549085432,2.3954549583893874,0.0,0.9273800743170862,0.9259836937256293,0.017134827432930377,0.9396481266399964,0.9225132992070662,0.7480141691713182,0.9480565980179932,0.9480565980179932,0.6461800777176101,0.5895901051802612,,0.9828651725670696,0.4,0.2,0.4,COMPLETE
12,0.6308259707885223,2026-08-14 16:47:22.375009,2026-08-14 16:47:53.831870,0 days 00:00:31.456861,1000,"[256, 256]","[256, 256]",32,1000,1.027058965535636e-06,1,0.9124657563191202,2.770507649405834,0.0,0.9213870787976317,0.9303084012761432,0.0428424456202234,0.9396481266399964,0.8968056810197731,0.7791434091884929,0.9553743072734697,0.9553743072734697,0.6308259707885223,0.6029594124122055,,0.9571575543797766,0.4,0.2,0.4,COMPLETE
13,0.6451722580425012,2026-08-14 16:47:53.832274,2026-08-14 16:49:50.415111,0 days 00:01:56.582837,100,"[256, 256]","[256, 256]",64,1000,2.135325524445285e-06,1,0.9310538182881963,2.5855850448367166,0.0,0.9294049665705427,0.9277561148528891,0.026515690472330006,0.9396481266399964,0.9131324361676665,0.7275654787462431,0.9462182579640067,0.9462182579640067,0.6451722580425012,0.5799172619839196,,0.97348430952767,0.4,0.2,0.4,COMPLETE
14,0.6401959619729893,2026-08-14 16:49:50.415439,2026-08-14 16:51:20.212665,0 days 00:01:29.797226,100,"[256, 256]","[256, 256]",64,750,3.196140330523541e-06,1,0.9290020396331298,2.4447003105455094,0.0,0.9262876203128428,0.9235732009925559,0.020022565572195877,0.9396481266399964,0.9196255610678006,0.791058394160584,0.9465963248798148,0.9465963248798148,0.6401959619729893,0.6115502996163475,,0.9799774344278042,0.4,0.2,0.4,COMPLETE
15,0.6531851972959526,2026-08-14 16:51:20.213003,2026-08-14 16:53:00.394300,0 days 00:01:40.181297,100,"[256, 256]","[256, 256]",64,850,2.568351086415399e-06,1,0.9309139887573644,2.538313768986578,0.0,0.9209337756619151,0.9109535625664659,-0.011069528684704824,0.9396481266399964,0.9507176553247013,0.7225203950193215,0.9510621088853114,0.9510621088853114,0.6531851972959526,0.5759415648440673,,1.0,0.4,0.2,0.4,COMPLETE
16,0.6360729589256107,2026-08-14 16:53:00.394603,2026-08-14 16:54:29.299921,0 days 00:01:28.905318,100,"[256, 256]","[256, 256]",64,750,2.8846731956360967e-06,1,0.9275176170812736,2.5573287592588585,0.0,0.9298701165874287,0.9322226160935838,0.04156226859616315,0.9396481266399964,0.8980858580438333,0.760465865178188,0.9466067707820521,0.9466067707820521,0.6360729589256107,0.5962509013544783,,0.9584377314038368,0.4,0.2,0.4,COMPLETE
17,0.6349897157594062,2026-08-14 16:54:29.300236,2026-08-14 16:56:09.347370,0 days 00:01:40.047134,100,"[64, 64]","[64, 64]",64,850,1.3270570525659971e-05,1,0.922419424731598,2.8888355552257337,0.0,0.9223582412562634,0.9222970577809287,0.007755560004536773,0.9396481266399964,0.9318925666354597,0.8826749677973379,0.9569356673074865,0.9569356673074865,0.6349897157594062,0.654256783706423,,0.9922444399954632,0.4,0.2,0.4,COMPLETE
18,0.612888915977658,2026-08-14 16:56:09.348061,2026-08-14 16:57:16.849378,0 days 00:01:07.501317,100,"[128, 128, 128]","[256, 256]",64,550,0.00013230718692473182,1,0.91906152810307,2.78017847306185,0.0,0.9167090696169373,0.9143566111308048,0.06442208685699473,0.9396481266399964,0.8752260397830017,0.8534778875053671,0.9553651937369623,0.9553651937369623,0.612888915977658,0.6401293856315948,,0.9355779131430053,0.4,0.2,0.4,COMPLETE
19,0.6381229342470345,2026-08-14 16:57:16.849715,2026-08-14 16:57:39.549720,0 days 00:00:22.700005,1000,"[256, 256]","[256, 256]",256,650,1.3552906869901812e-05,2,0.9093599814553757,2.7350310979660004,0.0,0.9143751342937991,0.9193902871322227,-0.006088307468530581,0.9396481266399964,0.945736434108527,0.8480571060541006,0.9529765189154138,0.9529765189154138,0.6381229342470345,0.6381355973524261,,1.0,0.4,0.2,0.4,COMPLETE
