number,value,datetime_start,datetime_complete,duration,params_batch_size,params_default_distribution,params_discriminator_dim,params_discriminator_lr,params_epochs,params_generator_dim,params_generator_lr,params_pac,user_attrs_corr_similarity,user_attrs_dcr,user_attrs_dcr_norm,user_attrs_fidelity,user_attrs_ks_similarity,user_attrs_mean_f1_gap,user_attrs_mean_trtr_f1,user_attrs_mean_tstr_f1,user_attrs_mia_auc,user_attrs_nndr,user_attrs_nndr_norm,user_attrs_objective,user_attrs_privacy_risk,user_attrs_sdv_quality,user_attrs_utility,user_attrs_w_fidelity,user_attrs_w_privacy_risk,user_attrs_w_utility,state
0,0.4435391958726202,2026-09-02 17:00:43.512816,2026-09-02 17:01:47.085773,0 days 00:01:03.572957,100,norm,"[256, 256, 256]",2.0511104188433963e-05,350,"[256, 256]",2.0513382630874486e-05,1,0.8069477781362063,2.81845213432213,0.0,0.6837343057347698,0.5605208333333332,0.21973477110613296,0.32320184383699385,0.10346707273086082,0.9963368055555556,0.9595510429453484,0.9595510429453484,0.4435391958726202,0.7103030898941733,,0.7802652288938671,0.4,0.2,0.4,COMPLETE
1,0.5236423364511866,2026-09-02 17:01:47.086355,2026-09-02 17:02:45.178371,0 days 00:00:58.092016,100,beta,"[256, 256, 256]",8.168455894760161e-05,300,"[128, 128]",5.4041038546473305e-05,10,0.8032293545299718,2.582437143460652,0.0,0.8339584272649858,0.8646874999999999,0.1843458483093384,0.32320184383699385,0.13885599552765543,0.9364756944444445,0.9574145718895346,0.9574145718895346,0.5236423364511866,0.6810134756553619,,0.8156541516906616,0.4,0.2,0.4,COMPLETE
2,0.5387433163028532,2026-09-02 17:02:45.179127,2026-09-02 17:03:06.646663,0 days 00:00:21.467536,500,norm,"[256, 256]",0.000658628931758311,600,"[256, 256]",1.1715937392307055e-05,1,0.8390080357439291,2.105049109041498,0.0,0.8791394345386312,0.9192708333333334,0.20700225984220508,0.32320184383699385,0.11619958399478875,0.8701909722222222,0.9484590607750829,0.9484590607750829,0.5387433163028532,0.6505577678785862,,0.7929977401577949,0.4,0.2,0.4,COMPLETE
3,0.5354129107813235,2026-09-02 17:03:06.647171,2026-09-02 17:03:17.722384,0 days 00:00:11.075213,500,truncnorm,"[256, 256]",0.00045443839603360173,200,"[256, 256, 256]",3.488976654890367e-05,1,0.81869255432142,2.1260925034140126,0.0,0.8458046104940433,0.8729166666666667,0.1606514250686809,0.32320184383699385,0.1625504187683129,0.955763888888889,0.948800425001121,0.948800425001121,0.5354129107813235,0.6932418169441081,,0.8393485749313191,0.4,0.2,0.4,COMPLETE
4,0.5553743220277801,2026-09-02 17:03:17.722788,2026-09-02 17:04:20.847092,0 days 00:01:03.124304,200,gamma,"[256, 256]",0.00017643967683381525,650,"[128, 128]",0.0005323617594751496,1,0.8924644075874142,1.8539090008220587,0.0,0.825919703793707,0.7593749999999999,0.08145608763325203,0.32320184383699385,0.2417457562037418,0.9890798611111112,0.941614361245154,0.941614361245154,0.5553743220277801,0.7120556221820094,,0.9185439123667479,0.4,0.2,0.4,COMPLETE
5,0.41254295967271115,2026-09-02 17:04:20.847510,2026-09-02 17:05:37.787195,0 days 00:01:16.939685,100,norm,"[128, 128]",1.1557352816269867e-05,450,"[128, 128]",1.6435497475111308e-05,1,0.8136130417944476,4.327043138576723,0.0,0.6043065208972238,0.39499999999999996,0.21643315184564024,0.32320184383699385,0.1067686919913536,1.0,0.9565602008679611,0.9565602008679611,0.41254295967271115,0.7130319397396117,,0.7835668481543597,0.4,0.2,0.4,COMPLETE
6,0.43005694920807186,2026-09-02 17:05:37.787741,2026-09-02 17:07:16.765984,0 days 00:01:38.978243,100,beta,"[256, 256, 256]",0.00011986281799901183,550,"[256, 256]",0.0006097025297491432,5,0.8150436114056974,4.179069844295419,0.0,0.627573889036182,0.4401041666666667,0.19803314705619646,0.32320184383699385,0.12516869678079737,1.0,0.970677540267961,0.970677540267961,0.43005694920807186,0.7087967379196116,,0.8019668529438035,0.4,0.2,0.4,COMPLETE
7,0.4838240588962698,2026-09-02 17:07:16.766520,2026-09-02 17:08:17.770587,0 days 00:01:01.004067,100,norm,"[128, 128]",5.336533066379606e-05,350,"[128, 128]",0.0002547052623339115,5,0.7969455565406895,3.071724269233167,0.0,0.7665456949370115,0.7361458333333334,0.20364251805384814,0.32320184383699385,0.1195593257831457,0.9894618055555555,0.960149478309332,0.960149478309332,0.4838240588962698,0.7066860592849782,,0.7963574819461519,0.4,0.2,0.4,COMPLETE
8,0.5328840972613567,2026-09-02 17:08:17.771265,2026-09-02 17:08:39.697537,0 days 00:00:21.926272,200,gamma,"[256, 256]",0.00033361013094697806,200,"[256, 256]",0.00022093834415066264,5,0.8637301332660852,2.2836157818364815,0.0,0.7920733999663758,0.7204166666666666,0.10725624505098119,0.32320184383699385,0.21594559878601263,0.9792534722222223,0.9480430419570158,0.9480430419570158,0.5328840972613567,0.7052138235240064,,0.8927437549490188,0.4,0.2,0.4,COMPLETE
9,0.5005308945649939,2026-09-02 17:08:39.697770,2026-09-02 17:08:45.444075,0 days 00:00:05.746305,500,beta,"[256, 256, 256]",0.00024092145436664767,100,"[256, 256]",2.2321987366901545e-05,1,0.8102624654739721,2.7766691973781503,0.0,0.825131232736986,0.84,0.23093443511623893,0.32320184383699385,0.09226740872075485,0.9472048611111111,0.9595443604634355,0.9595443604634355,0.5005308945649939,0.6857391224165249,,0.7690655648837611,0.4,0.2,0.4,COMPLETE
10,0.47659674460118817,2026-09-02 17:08:45.444410,2026-09-02 17:10:04.734086,0 days 00:01:19.289676,200,gamma,"[256, 256]",3.5266643547961975e-05,800,"[256, 256, 256]",9.007312889255122e-05,10,0.8110627775239583,2.845312346793094,0.0,0.7542293054286457,0.6973958333333333,0.21098512190609944,0.32320184383699385,0.11221672193089437,0.9836631944444445,0.9610898439435679,0.9610898439435679,0.47659674460118817,0.7035046440391519,,0.7890148780939006,0.4,0.2,0.4,COMPLETE
11,0.5536219418667427,2026-09-02 17:10:04.734741,2026-09-02 17:11:12.749856,0 days 00:01:08.015115,200,gamma,"[256, 256]",0.0007791470666172787,700,"[128, 128]",0.0009499255862851135,1,0.9289238905358841,1.540886748890323,0.0,0.8356598619346087,0.7423958333333333,0.09845701356773733,0.32320184383699385,0.22474483026925648,0.9780208333333333,0.9423814308887895,0.9423814308887895,0.5536219418667427,0.7062959874000299,,0.9015429864322627,0.4,0.2,0.4,COMPLETE
12,0.5560892903025352,2026-09-02 17:11:12.750209,2026-09-02 17:12:25.439854,0 days 00:01:12.689645,200,gamma,"[256, 256]",0.0008340811494009137,750,"[128, 128]",0.0008563727958356343,1,0.9345295897545388,1.6577253613081213,0.0,0.8605460448772694,0.7865624999999999,0.11679748653655282,0.32320184383699385,0.20640435730044096,0.9775694444444444,0.9391135235115501,0.9391135235115501,0.5560892903025352,0.7070506651687571,,0.8832025134634471,0.4,0.2,0.4,COMPLETE
13,0.5485697454310695,2026-09-02 17:12:25.440327,2026-09-02 17:13:38.604197,0 days 00:01:13.163870,200,gamma,"[256, 256]",0.00015841897915404212,800,"[128, 128]",0.0003933844222174345,1,0.9145850510941174,1.875001147589035,0.0,0.849063358880392,0.7835416666666667,0.13271477752065985,0.32320184383699385,0.19048706631633394,0.9476388888888888,0.9465700296010906,0.9465700296010906,0.5485697454310695,0.6898484355641172,,0.8672852224793401,0.4,0.2,0.4,COMPLETE
14,0.57063673060968,2026-09-02 17:13:38.604730,2026-09-02 17:14:40.588911,0 days 00:01:01.984181,200,gamma,"[256, 256]",0.0009929784026601366,650,"[128, 128]",0.0009874479911521853,10,0.9045002132897804,1.604264507211762,0.0,0.8620417733115568,0.8195833333333332,0.08881094363443909,0.32320184383699385,0.23439090020255474,0.9544444444444445,0.9464807197212881,0.9464807197212881,0.57063673060968,0.6932780063058359,,0.9111890563655609,0.4,0.2,0.4,COMPLETE
15,0.5679420063052245,2026-09-02 17:14:40.589323,2026-09-02 17:15:24.885871,0 days 00:00:44.296548,200,truncnorm,"[256, 256]",0.0009763905742143273,500,"[128, 128]",0.000923973717906611,10,0.8919548773104898,1.6411131212626042,0.0,0.8798836886552448,0.8678124999999999,0.1077008922596211,0.32320184383699385,0.2155009515773727,0.9751041666666667,0.9429884068940286,0.9429884068940286,0.5679420063052245,0.7046555612651249,,0.8922991077403789,0.4,0.2,0.4,COMPLETE
16,0.5804667803990133,2026-09-02 17:15:24.886185,2026-09-02 17:16:11.039012,0 days 00:00:46.152827,200,truncnorm,"[128, 128]",0.00044220026736495707,500,"[128, 128]",0.00028313046896773615,10,0.8695301577724988,2.089818635852594,0.0,0.8604942455529161,0.8514583333333334,0.05869431234089647,0.32320184383699385,0.26450753149609735,0.9717013888888889,0.9486157667182378,0.9486157667182378,0.5804667803990133,0.7012659644289732,,0.9413056876591035,0.4,0.2,0.4,COMPLETE
17,0.5424319037167439,2026-09-02 17:16:11.039492,2026-09-02 17:16:55.726864,0 days 00:00:44.687372,200,truncnorm,"[128, 128]",0.00043927752875273616,450,"[256, 256, 256]",0.00013336003906909693,10,0.872421383354244,2.305764833501213,0.0,0.836366941677122,0.8003125,0.13085429132942775,0.32320184383699385,0.19234755250756605,0.9680034722222223,0.9504531799981407,0.9504531799981407,0.5424319037167439,0.6988657821116689,,0.8691457086705723,0.4,0.2,0.4,COMPLETE
18,0.5735927012338246,2026-09-02 17:16:55.727207,2026-09-02 17:17:53.454240,0 days 00:00:57.727033,200,truncnorm,"[128, 128]",0.0004589102352404167,600,"[128, 128]",0.00029825616767773275,10,0.8956692080584415,1.8301543522327064,0.0,0.8813762706958874,0.8670833333333333,0.09691999844552117,0.32320184383699385,0.22628184539147264,0.9704166666666667,0.9475309833390777,0.9475309833390777,0.5735927012338246,0.7009490383316102,,0.9030800015544789,0.4,0.2,0.4,COMPLETE
19,0.5636970600010757,2026-09-02 17:17:53.454612,2026-09-02 17:18:45.115662,0 days 00:00:51.661050,200,truncnorm,"[128, 128]",0.00028820685484623606,550,"[128, 128]",0.00018302133294412708,10,0.880763853542947,2.4466080162698622,0.0,0.8435069267714734,0.8062499999999999,0.08127400017724791,0.32320184383699385,0.24192784365974587,0.9846875,0.9545439893897583,0.9545439893897583,0.5636970600010757,0.7059805531830725,,0.918725999822752,0.4,0.2,0.4,COMPLETE
