number,value,datetime_start,datetime_complete,duration,params_batch_size,params_compress_dims,params_decompress_dims,params_embedding_dim,params_epochs,params_l2scale,params_loss_factor,user_attrs_corr_similarity,user_attrs_dcr,user_attrs_dcr_norm,user_attrs_fidelity,user_attrs_ks_similarity,user_attrs_mean_f1_gap,user_attrs_mean_trtr_f1,user_attrs_mean_tstr_f1,user_attrs_mia_auc,user_attrs_nndr,user_attrs_nndr_norm,user_attrs_objective,user_attrs_privacy_risk,user_attrs_sdv_quality,user_attrs_utility,user_attrs_w_fidelity,user_attrs_w_privacy_risk,user_attrs_w_utility,state
0,0.6423134381528204,2026-09-02 17:52:13.501753,2026-09-02 17:52:56.798353,0 days 00:00:43.296600,100,"[256, 256]","[128, 128, 128]",128,450,3.752055855124284e-05,5,0.9532628017600142,1.21278941917604,0.0,0.9206418175466737,0.8880208333333331,0.010002776897206855,0.32320184383699385,0.313199066939787,0.7734201388888888,0.9233305963653747,0.9233305963653747,0.6423134381528204,0.6097108905348321,,0.9899972231027931,0.4,0.2,0.4,COMPLETE
1,0.6172093529798389,2026-09-02 17:52:56.798663,2026-09-02 17:53:10.871863,0 days 00:00:14.073200,500,"[128, 128, 128]","[64, 64]",256,350,2.091498132903561e-05,10,0.9224614017338789,1.2172121559638396,0.0,0.8826369508669394,0.8428125,-0.04839936288590868,0.32320184383699385,0.3716012067229025,0.9175347222222222,0.9318007475880895,0.9318007475880895,0.6172093529798389,0.6792271368346843,,1.0,0.4,0.2,0.4,COMPLETE
2,0.611964096228416,2026-09-02 17:53:10.872408,2026-09-02 17:53:38.340669,0 days 00:00:27.468261,100,"[256, 256]","[128, 128, 128]",64,300,6.516990611177181e-06,1,0.8652286321934806,1.4106196528735093,0.0,0.8593851494300736,0.8535416666666666,-0.054764203301130854,0.32320184383699385,0.3779660471381247,0.8771180555555556,0.9320307001990347,0.9320307001990347,0.611964096228416,0.6589498177180674,,1.0,0.4,0.2,0.4,COMPLETE
3,0.623484449153104,2026-09-02 17:53:38.340902,2026-09-02 17:53:45.590139,0 days 00:00:07.249237,500,"[128, 128]","[128, 128]",128,200,1.5512259126484753e-06,5,0.8759518751130405,1.3490923452434793,0.0,0.8787571875565203,0.8815625000000001,-0.01308251728364144,0.32320184383699385,0.33628436112063526,0.8417187500000001,0.9358908188415964,0.9358908188415964,0.623484449153104,0.6400921293475211,,1.0,0.4,0.2,0.4,COMPLETE
4,0.6327548562468461,2026-09-02 17:53:45.590504,2026-09-02 17:54:02.073869,0 days 00:00:16.483365,1000,"[64, 64]","[128, 128, 128]",64,900,5.595986878006084e-06,2,0.9181284307279358,1.4265340500809536,0.0,0.905470465363968,0.8928125000000001,0.015317252974622534,0.32320184383699385,0.3078845908623713,0.7927083333333333,0.9327400770740218,0.9327400770740218,0.6327548562468461,0.6165321435444602,,0.9846827470253775,0.4,0.2,0.4,COMPLETE
5,0.6385565149294509,2026-09-02 17:54:02.074179,2026-09-02 17:54:20.629422,0 days 00:00:18.555243,200,"[256, 256]","[128, 128, 128]",256,350,0.00038211294416912254,2,0.900780500517156,1.3294881280437374,0.0,0.896640250258578,0.8925,-0.04519610700755498,0.32320184383699385,0.3683979508445488,0.76234375,0.9355798304336616,0.9355798304336616,0.6385565149294509,0.6004979258699015,,1.0,0.4,0.2,0.4,COMPLETE
6,0.6051102398350521,2026-09-02 17:54:20.629692,2026-09-02 17:54:35.464211,0 days 00:00:14.834519,200,"[128, 128]","[128, 128]",128,200,6.85392570885306e-06,1,0.8953550366604854,1.4903890070238437,0.0,0.855073351663576,0.8147916666666667,-0.034679372707323707,0.32320184383699385,0.3578812165443175,0.9338715277777779,0.9411341991233227,0.9411341991233227,0.6051102398350521,0.6845955041518921,,1.0,0.4,0.2,0.4,COMPLETE
7,0.6204861223732199,2026-09-02 17:54:35.464468,2026-09-02 17:55:05.049918,0 days 00:00:29.585450,500,"[256, 256]","[128, 128, 128]",32,1000,1.1214075785991133e-06,5,0.9481983474408605,1.291404539901651,0.0,0.9294116737204303,0.9106250000000001,0.08701522323322479,0.32320184383699385,0.23618662060376902,0.7258159722222222,0.9351523233426614,0.9351523233426614,0.6204861223732199,0.5823622891083127,,0.9129847767667753,0.4,0.2,0.4,COMPLETE
8,0.6034137692715377,2026-09-02 17:55:05.050204,2026-09-02 17:55:41.399729,0 days 00:00:36.349525,200,"[128, 128]","[128, 128, 128]",64,750,7.930569433855143e-05,10,0.905627125178557,1.2329906683986969,0.0,0.8892718959226118,0.8729166666666667,0.06832622225829607,0.32320184383699385,0.25487562157869775,0.8044618055555555,0.924694672689448,0.924694672689448,0.6034137692715377,0.6248225009709434,,0.9316737777417039,0.4,0.2,0.4,COMPLETE
9,0.6029074077025067,2026-09-02 17:55:41.400007,2026-09-02 17:56:58.808253,0 days 00:01:17.408246,100,"[64, 64]","[128, 128, 128]",32,900,5.149288946949016e-06,10,0.9258140847194055,1.2412760461725978,0.0,0.8996257923597029,0.8734375000000001,0.08237368518506412,0.32320184383699385,0.24082815865192972,0.7980034722222222,0.9301152009145564,0.9301152009145564,0.6029074077025067,0.6199671758367442,,0.9176263148149358,0.4,0.2,0.4,COMPLETE
10,0.6363441922184642,2026-09-02 17:56:58.808760,2026-09-02 17:57:51.057202,0 days 00:00:52.248442,100,"[128, 128, 128]","[256, 256]",128,600,0.0005284384205738843,5,0.944884201556721,1.2728061317135326,0.0,0.9281712674450271,0.9114583333333331,0.037524758626669784,0.32320184383699385,0.28567708521032403,0.7531597222222222,0.9233593485557261,0.9233593485557261,0.6363441922184642,0.5995720565443933,,0.9624752413733302,0.4,0.2,0.4,COMPLETE
11,0.6330349342314951,2026-09-02 17:57:51.057684,2026-09-02 17:58:16.224433,0 days 00:00:25.166749,200,"[256, 256]","[256, 256]",256,500,0.0007257549188958319,2,0.9485439172039862,1.3332696669062578,0.0,0.9326573752686598,0.9167708333333334,0.06410276533891417,0.32320184383699385,0.2590990784980796,0.7049305555555556,0.9351024302525415,0.9351024302525415,0.6330349342314951,0.5719345487020153,,0.9358972346610859,0.4,0.2,0.4,COMPLETE
12,0.6249533765377084,2026-09-02 17:58:16.224701,2026-09-02 17:58:26.668489,0 days 00:00:10.443788,1000,"[256, 256]","[64, 64]",256,500,0.0001229915833777501,2,0.9189520058461425,1.3932394115751499,0.0,0.8866114195897379,0.8542708333333332,-0.00926967627502632,0.32320184383699385,0.33247152011202014,0.8588541666666666,0.9365704228079997,0.9365704228079997,0.6249533765377084,0.6484559564909333,,1.0,0.4,0.2,0.4,COMPLETE
13,0.6394059146952961,2026-09-02 17:58:26.668986,2026-09-02 17:59:03.189527,0 days 00:00:36.520541,100,"[256, 256]","[128, 128, 128]",256,400,0.00018493535833822254,2,0.9220715942149595,1.3073051847719874,0.0,0.9135878804408131,0.9051041666666667,0.014685775143490601,0.32320184383699385,0.3085160686935032,0.7600520833333332,0.9308380151616731,0.9308380151616731,0.6394059146952961,0.6007746371181647,,0.9853142248565094,0.4,0.2,0.4,COMPLETE
14,0.6490865543920467,2026-09-02 17:59:03.189976,2026-09-02 17:59:56.763887,0 days 00:00:53.573911,100,"[256, 256]","[128, 128, 128]",128,600,7.262678674155716e-05,5,0.9495618145472021,1.2351352403251197,0.0,0.923374657273601,0.8971874999999999,-0.01345501459743296,0.32320184383699385,0.3366568584344268,0.7572916666666667,0.9244309691545494,0.9244309691545494,0.6490865543920467,0.6013165425869685,,1.0,0.4,0.2,0.4,COMPLETE
15,0.6217311551985346,2026-09-02 17:59:56.764432,2026-09-02 18:00:54.013562,0 days 00:00:57.249130,100,"[256, 256]","[128, 128, 128]",128,650,3.936635711077617e-05,5,0.9424460487644145,1.2544856717326685,0.0,0.9190876077155405,0.8957291666666666,0.06428846035333861,0.32320184383699385,0.2589133834836552,0.75765625,0.9262853542275629,0.9262853542275629,0.6217311551985346,0.6009425187317312,,0.9357115396466614,0.4,0.2,0.4,COMPLETE
16,0.6241909399233849,2026-09-02 18:00:54.014011,2026-09-02 18:01:53.786420,0 days 00:00:59.772409,100,"[256, 256]","[256, 256]",128,700,2.438539307006504e-05,5,0.9472556500692968,1.3217985341706469,0.0,0.9319611583679817,0.9166666666666665,0.08298489702489477,0.32320184383699385,0.24021694681209907,0.7174131944444444,0.9390292471765759,0.9390292471765759,0.6241909399233849,0.5769978230692494,,0.9170151029751052,0.4,0.2,0.4,COMPLETE
17,0.6106523447066465,2026-09-02 18:01:53.786897,2026-09-02 18:02:37.867477,0 days 00:00:44.080580,100,"[64, 64]","[128, 128]",128,500,6.39243221082667e-05,5,0.910972259541329,1.2911810827298797,0.0,0.9076215464373312,0.9042708333333332,0.07122367539100949,0.32320184383699385,0.2519781684459843,0.7969444444444445,0.9297940122093706,0.9297940122093706,0.6106523447066465,0.619534018559411,,0.9287763246089905,0.4,0.2,0.4,COMPLETE
18,0.6200005591203472,2026-09-02 18:02:37.868017,2026-09-02 18:02:49.189082,0 days 00:00:11.321065,100,"[128, 128, 128]","[64, 64]",128,100,0.00021704792610766896,5,0.9188496520903673,1.297145893003147,0.0,0.8814039927118504,0.8439583333333335,0.0012941908407352691,0.32320184383699385,0.32190765299625856,0.8818055555555555,0.9356198987909444,0.9356198987909444,0.6200005591203472,0.6602168081404944,,0.9987058091592648,0.4,0.2,0.4,COMPLETE
19,0.6371530248251264,2026-09-02 18:02:49.189342,2026-09-02 18:03:00.479581,0 days 00:00:11.290239,1000,"[256, 256]","[128, 128, 128]",128,600,1.382127725963685e-05,5,0.935072474845748,1.2228588449967888,0.0,0.907223737422874,0.8793750000000001,-0.04921978252406395,0.32320184383699385,0.3724216263610578,0.8139930555555556,0.9277139235255392,0.9277139235255392,0.6371530248251264,0.628682350720116,,1.0,0.4,0.2,0.4,COMPLETE
