number,value,datetime_start,datetime_complete,duration,params_batch_size,params_d_layers,params_lr,params_n_layers,params_num_timesteps,params_sample_proportion,params_steps,user_attrs_corr_similarity,user_attrs_dcr,user_attrs_dcr_norm,user_attrs_fidelity,user_attrs_ks_similarity,user_attrs_mean_f1_gap,user_attrs_mean_trtr_f1,user_attrs_mean_tstr_f1,user_attrs_mia_auc,user_attrs_nndr,user_attrs_nndr_norm,user_attrs_objective,user_attrs_privacy_risk,user_attrs_sdv_quality,user_attrs_utility,user_attrs_w_fidelity,user_attrs_w_privacy_risk,user_attrs_w_utility,state
0,0.5045256152468071,2026-09-24 13:31:25.877031,2026-09-24 13:32:28.901041,0 days 00:01:03.024010,256,128,8.468008575248323e-05,2,100,1.0,5000,0.9068208488887469,7.7440823055332855,0.0,0.7481187577777068,0.5894166666666666,0.1312859163932906,0.7759968942377017,0.6447109778444111,1.0,0.9632079782173419,0.9632079782173419,0.5045256152468071,0.7110376065347974,,0.8687140836067094,0.4,0.2,0.4,COMPLETE
1,0.4562651678314954,2026-09-24 13:32:28.901316,2026-09-24 13:34:38.428976,0 days 00:02:09.527660,256,128,0.002526878207508455,2,1000,1.0,10000,0.8264183790692508,5.322299954421713,0.0,0.6584591895346255,0.49050000000000005,0.15443553558469056,0.7759968942377017,0.6215613586530112,1.0,0.9109284375253581,0.9109284375253581,0.4562651678314954,0.7267214687423926,,0.8455644644153094,0.4,0.2,0.4,COMPLETE
2,0.4996087474881965,2026-09-24 13:34:38.429244,2026-09-24 13:37:42.178087,0 days 00:03:03.748843,1024,128,5.292705365436973e-05,4,100,1.0,10000,0.9136934821494063,7.485797445615406,0.0,0.7688050744080365,0.6239166666666667,0.16447589312119384,0.7759968942377017,0.6115210011165079,1.0,0.9646179162243248,0.9646179162243248,0.4996087474881965,0.7106146251327026,,0.8355241068788062,0.4,0.2,0.4,COMPLETE
3,0.48668784264844633,2026-09-24 13:37:42.178339,2026-09-24 13:38:34.965860,0 days 00:00:52.787521,256,256,0.0022413234378101127,4,100,1.0,5000,0.8312257942638717,6.785135681323194,0.0,0.7544462304652693,0.6776666666666668,0.18231149525269116,0.7759968942377017,0.5936853989850106,1.0,0.9638991427235852,0.9638991427235852,0.48668784264844633,0.7108302571829244,,0.8176885047473088,0.4,0.2,0.4,COMPLETE
4,0.4856548668542963,2026-09-24 13:38:34.976043,2026-09-24 13:41:10.572092,0 days 00:02:35.596049,256,128,4.375517173207357e-05,4,1000,1.0,10000,0.9140939893194484,7.333286305867998,0.0,0.7648803279930575,0.6156666666666666,0.19522597606259348,0.7759968942377017,0.5807709181751082,1.0,0.9632187680351793,0.9632187680351793,0.4856548668542963,0.7110343695894463,,0.8047740239374065,0.4,0.2,0.4,COMPLETE
5,0.40893431193504126,2026-09-24 13:41:10.572376,2026-09-24 13:43:04.462244,0 days 00:01:53.889868,1024,256,0.0019212959255386383,2,1000,1.0,5000,0.8400978102991051,9.520169679638917,0.0,0.7027155718162192,0.5653333333333334,0.323918111654332,0.7759968942377017,0.4520787825833697,0.9999999999999999,0.9569221311714388,0.9569221311714388,0.40893431193504126,0.7129233606485683,,0.6760818883456681,0.4,0.2,0.4,COMPLETE
6,0.39717689394787004,2026-09-24 13:43:04.462535,2026-09-24 13:43:59.847699,0 days 00:00:55.385164,256,256,2.2340165853190065e-05,2,100,1.0,5000,0.9034758572204037,7.364505881806801,0.0,0.7559462619435351,0.6084166666666666,0.40757341016917126,0.7759968942377017,0.36842348406853037,1.0,0.9637958873020742,0.9637958873020742,0.39717689394787004,0.7108612338093778,,0.5924265898308287,0.4,0.2,0.4,COMPLETE
7,0.4668203441793697,2026-09-24 13:43:59.848020,2026-09-24 13:45:28.085956,0 days 00:01:28.237936,256,128,1.5255188579331379e-05,4,100,1.0,5000,0.9183363489430667,7.87486896119406,0.0,0.7563348411382,0.5943333333333334,0.23453678478265236,0.7759968942377017,0.5414601094550493,1.0,0.9683520272858439,0.9683520272858439,0.4668203441793697,0.7094943918142469,,0.7654632152173476,0.4,0.2,0.4,COMPLETE
8,0.46665916950904235,2026-09-24 13:45:28.086232,2026-09-24 13:48:15.950308,0 days 00:02:47.864076,256,128,0.0015766436357943082,4,1000,1.0,10000,0.910007855946614,7.144587369826856,0.0,0.793878927973307,0.6777499999999999,0.27209323913272104,0.7759968942377017,0.5039036551049807,1.0,0.9657482328801337,0.9657482328801337,0.46665916950904235,0.71027553013596,,0.7279067608672789,0.4,0.2,0.4,COMPLETE
9,0.4749830806106498,2026-09-24 13:48:15.950544,2026-09-24 13:49:46.217915,0 days 00:01:30.267371,1024,128,1.8503766823590136e-05,4,1000,1.0,5000,0.9084931049386448,7.649517537387059,0.0,0.7527882191359889,0.5970833333333332,0.21026043266784544,0.7759968942377017,0.5657364615698564,1.0,0.9661994337232065,0.9661994337232065,0.4749830806106498,0.7101401698830381,,0.7897395673321546,0.4,0.2,0.4,COMPLETE
