number,value,datetime_start,datetime_complete,duration,params_batch_size,params_discriminator_dim,params_discriminator_lr,params_discriminator_steps,params_epochs,params_generator_dim,params_generator_lr,params_pac,user_attrs_corr_similarity,user_attrs_dcr,user_attrs_dcr_norm,user_attrs_fidelity,user_attrs_ks_similarity,user_attrs_mean_f1_gap,user_attrs_mean_trtr_f1,user_attrs_mean_tstr_f1,user_attrs_mia_auc,user_attrs_nndr,user_attrs_nndr_norm,user_attrs_objective,user_attrs_privacy_risk,user_attrs_sdv_quality,user_attrs_utility,user_attrs_w_fidelity,user_attrs_w_privacy_risk,user_attrs_w_utility,state
0,0.41761993719410695,2026-09-02 13:28:32.278824,2026-09-02 13:29:49.760187,0 days 00:01:17.481363,100,"[128, 128]",1.3066739238053272e-05,1,450,"[128, 128]",2.0511104188433963e-05,5,0.9303092644356196,2.74104297358919,0.0,0.831940346503524,0.7335714285714285,0.4384929309536554,0.8252703000882612,0.3867773691346059,0.9755729166666667,0.9633043773471023,0.9633043773471023,0.41761993719410695,0.6987951451292027,,0.5615070690463446,0.4,0.2,0.4,COMPLETE
1,0.6323276869850878,2026-09-02 13:29:49.760697,2026-09-02 13:33:27.588868,0 days 00:03:37.828171,100,"[512, 512]",0.00037183641805732076,5,350,"[256, 256, 256]",8.168455894760161e-05,1,0.9631534666276709,2.1165332743756435,0.0,0.9352374475995497,0.9073214285714287,0.05521423702442907,0.8252703000882612,0.7700560630638322,0.7614756944444445,0.9410995366580659,0.9410995366580659,0.6323276869850878,0.5984079862248025,,0.9447857629755709,0.4,0.2,0.4,COMPLETE
2,0.5431182036960471,2026-09-02 13:33:27.589417,2026-09-02 13:34:33.032706,0 days 00:01:05.443289,500,"[256, 256]",3.292759134423613e-05,5,750,"[128, 128]",0.000658628931758311,5,0.9213870956828129,2.6418688586083707,0.0,0.8439078335556922,0.7664285714285715,0.1330534213541222,0.8252703000882612,0.6922168787341391,0.9871180555555557,0.9581374061829107,0.9581374061829107,0.5431182036960471,0.7061178059229047,,0.8669465786458778,0.4,0.2,0.4,COMPLETE
3,0.26453695338084104,2026-09-02 13:34:33.033004,2026-09-02 13:34:40.984646,0 days 00:00:07.951642,500,"[256, 256]",5.170191786366994e-05,1,250,"[512, 512]",0.00045443839603360173,1,0.9187282284099947,2.645621441926811,0.0,0.6647212570621401,0.4107142857142857,0.6472598288840729,0.8252703000882612,0.17801047120418848,1.0,0.9592063684935697,0.9592063684935697,0.26453695338084104,0.7122380894519291,,0.35274017111592715,0.4,0.2,0.4,COMPLETE
4,0.5156334389336976,2026-09-02 13:34:40.984889,2026-09-02 13:35:58.983403,0 days 00:01:17.998514,1000,"[256, 256]",4.589824181495648e-05,4,800,"[512, 512]",0.00017643967683381525,10,0.928224923457115,2.4215943201624803,0.0,0.8137553188714147,0.6992857142857144,0.17299567412942476,0.8252703000882612,0.6522746259588365,0.977986111111111,0.9521365358002132,0.9521365358002132,0.5156334389336976,0.7033520948154917,,0.8270043258705753,0.4,0.2,0.4,COMPLETE
5,0.5288032487537533,2026-09-02 13:35:58.983865,2026-09-02 13:38:38.955626,0 days 00:02:39.971761,100,"[256, 256]",0.000187422109855557,2,550,"[256, 256, 256]",1.1557352816269867e-05,5,0.9371026982234212,2.4584504930188382,0.0,0.9140870633974248,0.8910714285714285,0.2553431536905266,0.8252703000882612,0.5699271463977347,0.9206076388888889,0.9561074793313806,0.9561074793313806,0.5288032487537533,0.6734715756450302,,0.7446568463094734,0.4,0.2,0.4,COMPLETE
6,0.5714849332105251,2026-09-02 13:38:38.956068,2026-09-02 13:39:33.456708,0 days 00:00:54.500640,1000,"[256, 256, 256]",0.00041198396246051877,3,700,"[128, 128]",0.00011986281799901183,1,0.9636017245078263,2.349463972059934,0.0,0.9398365765396275,0.9160714285714285,0.19385658144812923,0.8252703000882612,0.6314137186401321,0.8430729166666666,0.9566704473432066,0.9566704473432066,0.5714849332105251,0.6345353241303713,,0.8061434185518708,0.4,0.2,0.4,COMPLETE
7,0.5232417514826362,2026-09-02 13:39:33.457070,2026-09-02 13:40:44.564186,0 days 00:01:11.107116,100,"[256, 256, 256]",0.0008781408196485975,1,400,"[128, 128]",5.336533066379606e-05,5,0.951323468432736,2.5056592746376527,0.0,0.9062867342163681,0.8612500000000001,0.25666709406020194,0.8252703000882612,0.5686032060280594,0.9406076388888889,0.9575776551509751,0.9575776551509751,0.5232417514826362,0.6830305228991519,,0.7433329059397981,0.4,0.2,0.4,COMPLETE
8,0.393773342095117,2026-09-02 13:40:44.564650,2026-09-02 13:41:04.190320,0 days 00:00:19.625670,200,"[256, 256, 256]",2.9872741995638415e-05,1,200,"[128, 128]",0.00033361013094697806,10,0.9229123675482344,2.742659475990751,0.0,0.7686883266312601,0.6144642857142857,0.42922707367224583,0.8252703000882612,0.39604322641601547,0.9960590277777778,0.9599123948214837,0.9599123948214837,0.393773342095117,0.7100557954424438,,0.5707729263277541,0.4,0.2,0.4,COMPLETE
9,0.4568353449079902,2026-09-02 13:41:04.190743,2026-09-02 13:41:17.008317,0 days 00:00:12.817574,500,"[128, 128]",5.9356829120146846e-05,5,100,"[128, 128]",0.00024092145436664767,1,0.9315505763065413,2.6353830534342837,0.0,0.7922038595818421,0.6528571428571429,0.29627580418277055,0.8252703000882612,0.5289944959054907,0.9875520833333333,0.9536555180282481,0.9536555180282481,0.4568353449079902,0.7076793862581923,,0.7037241958172294,0.4,0.2,0.4,COMPLETE
10,0.5948606668899685,2026-09-02 13:41:17.008620,2026-09-02 13:44:40.602788,0 days 00:03:23.594168,200,"[512, 512]",0.0001440313010173896,3,1000,"[256, 256, 256]",5.463331403485189e-05,1,0.9614738938624319,2.133790859180083,0.0,0.9363619469312159,0.91125,0.15351958499089047,0.8252703000882612,0.6717507150973708,0.7462673611111111,0.9391743037491563,0.9391743037491563,0.5948606668899685,0.5913813894308086,,0.8464804150091095,0.4,0.2,0.4,COMPLETE
11,0.6186959732588565,2026-09-02 13:44:40.603324,2026-09-02 13:47:55.218933,0 days 00:03:14.615609,200,"[512, 512]",0.00017175482489007385,3,950,"[256, 256, 256]",5.9601188919609734e-05,1,0.9611343112864142,2.118040490350481,0.0,0.9335135842146357,0.9058928571428572,0.08327895809691928,0.8252703000882612,0.741991341991342,0.7766666666666667,0.9378131579739419,0.9378131579739419,0.6186959732588565,0.6069893859411508,,0.9167210419030807,0.4,0.2,0.4,COMPLETE
12,0.6256206706585414,2026-09-02 13:47:55.219349,2026-09-02 13:52:13.898238,0 days 00:04:18.678889,200,"[512, 512]",0.00022950399150990932,4,1000,"[256, 256]",6.763607032272337e-05,1,0.9614186587540452,2.142366569802557,0.0,0.9304414722341655,0.8994642857142858,0.05963827129833773,0.8252703000882612,0.7656320287899235,0.79125,0.9404065047368394,0.9404065047368394,0.6256206706585414,0.6135030485789482,,0.9403617287016622,0.4,0.2,0.4,COMPLETE
13,0.6145793506828354,2026-09-02 13:52:13.898704,2026-09-02 13:54:50.724120,0 days 00:02:36.825416,200,"[512, 512]",0.00043542228613775,4,600,"[256, 256]",9.901664132031761e-05,1,0.9617766495962418,2.15128165616263,0.0,0.9348168962266923,0.9078571428571429,0.09149509986732784,0.8252703000882612,0.7337752002209333,0.7922916666666667,0.9413299800959374,0.9413299800959374,0.6145793506828354,0.6137468393045522,,0.9085049001326722,0.4,0.2,0.4,COMPLETE
14,0.607290090839156,2026-09-02 13:54:50.724515,2026-09-02 14:01:53.764138,0 days 00:07:03.039623,100,"[512, 512]",0.000370801279243988,4,850,"[256, 256]",3.053111228184881e-05,1,0.9569349621852246,2.238732004615467,0.0,0.9305210525211837,0.9041071428571428,0.08981500769373407,0.8252703000882612,0.7354552923945272,0.8576041666666667,0.946134826247379,0.946134826247379,0.607290090839156,0.6449616354591197,,0.9101849923062659,0.4,0.2,0.4,COMPLETE
15,0.6161174925661331,2026-09-02 14:01:53.764584,2026-09-02 14:04:02.872362,0 days 00:02:09.107778,200,"[512, 512]",0.0009123241229888968,5,400,"[256, 256]",9.345884130938807e-05,1,0.9488843249210502,2.212258876236474,0.0,0.9253350196033823,0.9017857142857143,0.08081755703539821,0.8252703000882612,0.744452743052863,0.7815451388888889,0.9410836904638059,0.9410836904638059,0.6161174925661331,0.6084474623053027,,0.9191824429646018,0.4,0.2,0.4,COMPLETE
16,0.507731903635618,2026-09-02 14:04:02.872833,2026-09-02 14:09:02.700521,0 days 00:04:59.827688,100,"[512, 512]",0.00010572100733672088,4,600,"[256, 256]",2.9081636436917607e-05,10,0.9514991358372089,2.4696905033669783,0.0,0.9106602822043186,0.8698214285714284,0.30962995812110367,0.8252703000882612,0.5156403419671576,0.9012847222222222,0.9574707704092376,0.9574707704092376,0.507731903635618,0.6634011299883398,,0.6903700418788963,0.4,0.2,0.4,COMPLETE
17,0.5873721731840769,2026-09-02 14:09:02.701005,2026-09-02 14:09:38.936446,0 days 00:00:36.235441,1000,"[512, 512]",0.0002785104078914724,5,300,"[256, 256, 256]",0.00015832902054313232,1,0.954847849670025,2.32084633801972,0.0,0.9104596391207268,0.8660714285714286,0.11501127030461349,0.8252703000882612,0.7102590297836477,0.8770486111111111,0.9482947794790437,0.9482947794790437,0.5873721731840769,0.6540358717118424,,0.8849887296953866,0.4,0.2,0.4,COMPLETE
18,0.6218673665991422,2026-09-02 14:09:38.936975,2026-09-02 14:17:21.922480,0 days 00:07:42.985505,100,"[512, 512]",0.00010351029070280408,4,900,"[256, 256]",3.790726874009223e-05,1,0.9662837064608789,2.1862385747738022,0.0,0.9366239960875824,0.9069642857142858,0.07618261660349634,0.8252703000882612,0.749087683484765,0.7880902777777777,0.9416640430547585,0.9416640430547585,0.6218673665991422,0.6115459259724614,,0.9238173833965037,0.4,0.2,0.4,COMPLETE
19,0.45848073693043234,2026-09-02 14:17:21.923030,2026-09-02 14:17:59.860742,0 days 00:00:37.937712,200,"[128, 128]",0.0006387255624731289,5,100,"[256, 256, 256]",7.401381034283963e-05,10,0.9390677819863751,2.5607116072064864,0.0,0.8999803195646161,0.860892857142857,0.4082220690929363,0.8252703000882612,0.41704823099532495,0.9582118055555555,0.9599769549552671,0.9599769549552671,0.45848073693043234,0.6911128162911977,,0.5917779309070637,0.4,0.2,0.4,COMPLETE
