number,value,datetime_start,datetime_complete,duration,params_batch_size,params_class_dim,params_epochs,params_l2scale,params_num_channels,params_random_dim,user_attrs_corr_similarity,user_attrs_dcr,user_attrs_dcr_norm,user_attrs_fidelity,user_attrs_ks_similarity,user_attrs_mean_f1_gap,user_attrs_mean_trtr_f1,user_attrs_mean_tstr_f1,user_attrs_mia_auc,user_attrs_nndr,user_attrs_nndr_norm,user_attrs_objective,user_attrs_privacy_risk,user_attrs_sdv_quality,user_attrs_utility,user_attrs_w_fidelity,user_attrs_w_privacy_risk,user_attrs_w_utility,state
0,0.06763683113253724,2026-09-04 13:40:09.050437,2026-09-04 13:40:30.186155,0 days 00:00:21.135718,50,"[256, 256, 256, 256]",175,2.6587543983272713e-06,32,50,0.5,3.333707015657269,0.0,0.5,0.5,0.978122937921933,0.978122937921933,0.0,0.9964409722222223,0.9755017253922105,0.9755017253922105,0.06763683113253724,0.705569968493448,,0.021877062078067055,0.4,0.2,0.4,COMPLETE
1,0.0676312307803143,2026-09-04 13:40:30.186572,2026-09-04 13:43:25.910230,0 days 00:02:55.723658,500,"[256, 256, 256, 256]",125,1.0677482709481361e-05,128,150,0.5,3.3364303523245646,0.0,0.5,0.5,0.978122937921933,0.978122937921933,0.0,0.9975,0.9771734324847912,0.9771734324847912,0.0676312307803143,0.7055979702545627,,0.021877062078067055,0.4,0.2,0.4,COMPLETE
2,0.06759147649246847,2026-09-04 13:43:25.910705,2026-09-04 13:43:55.266145,0 days 00:00:29.355440,100,"[128, 128, 128]",225,9.780337016659406e-06,32,150,0.5,3.7563154663506877,0.0,0.5,0.5,0.978122937921933,0.978122937921933,0.0,0.9997916666666666,0.9803303054651387,0.9803303054651387,0.06759147649246847,0.7057967416937918,,0.021877062078067055,0.4,0.2,0.4,COMPLETE
3,0.0675968472565911,2026-09-04 13:43:55.266586,2026-09-04 13:44:08.149529,0 days 00:00:12.882943,50,"[128, 128, 128]",100,6.97828126512603e-05,64,150,0.5,3.5976719738673224,0.0,0.5,0.5,0.978122937921933,0.978122937921933,0.0,0.9978472222222222,0.9771790774597748,0.9771790774597748,0.0675968472565911,0.7057698878731786,,0.021877062078067055,0.4,0.2,0.4,COMPLETE
4,0.06762892309689425,2026-09-04 13:44:08.149833,2026-09-04 13:47:09.480674,0 days 00:03:01.330841,500,"[256, 256, 256, 256]",100,9.413993046829939e-05,128,150,0.5,3.6768139055137556,0.0,0.5,0.5,0.978122937921933,0.978122937921933,0.0,0.99921875,0.9799995544277904,0.9799995544277904,0.06762892309689425,0.7056095086716629,,0.021877062078067055,0.4,0.2,0.4,COMPLETE
5,0.07026830777236831,2026-09-04 13:47:09.481179,2026-09-04 13:49:25.134812,0 days 00:02:15.653633,500,"[128, 128, 128]",250,1.3400367243354813e-06,64,150,0.5,2.7693800628955003,0.0,0.5,0.5,0.978122937921933,0.978122937921933,0.0,0.9665104166666666,0.9694754101301357,0.9694754101301357,0.07026830777236831,0.6924125852942926,,0.021877062078067055,0.4,0.2,0.4,COMPLETE
6,0.06828982838964787,2026-09-04 13:49:25.135303,2026-09-04 13:49:51.897845,0 days 00:00:26.762542,100,"[128, 128, 128]",150,7.1627869998973385e-06,64,50,0.5,3.321167417328666,0.0,0.5,0.5,0.978122937921933,0.978122937921933,0.0,0.9915625,0.978254225973684,0.978254225973684,0.06828982838964787,0.7023049822078948,,0.021877062078067055,0.4,0.2,0.4,COMPLETE
7,0.06739997802255882,2026-09-04 13:49:51.898292,2026-09-04 13:52:47.162017,0 days 00:02:55.263725,500,"[512, 512, 512]",100,2.101079931010356e-06,128,150,0.5,3.5179199040831985,0.0,0.5,0.5,0.978122937921933,0.978122937921933,0.0,0.9975520833333333,0.9734060254110881,0.9734060254110881,0.06739997802255882,0.7067542340433401,,0.021877062078067055,0.4,0.2,0.4,COMPLETE
8,0.06812364041575092,2026-09-04 13:52:47.162575,2026-09-04 14:01:52.190836,0 days 00:09:05.028261,500,"[128, 128, 128]",300,7.1485107935129825e-06,128,150,0.5,4.004884445123931,0.0,0.5,0.5,0.978122937921933,0.978122937921933,0.0,0.9953472222222222,0.9817922967791048,0.9817922967791048,0.06812364041575092,0.7031359220773796,,0.021877062078067055,0.4,0.2,0.4,COMPLETE
9,0.06846752713505491,2026-09-04 14:01:52.191288,2026-09-04 14:02:41.469582,0 days 00:00:49.278294,50,"[256, 256, 256, 256]",275,8.781408196485981e-05,64,50,0.5,3.309164178729276,0.0,0.5,0.5,0.978122937921933,0.978122937921933,0.0,0.989357638888889,0.9775411032119498,0.9775411032119498,0.06846752713505491,0.7014164884808596,,0.021877062078067055,0.4,0.2,0.4,COMPLETE
10,0.0697081392270544,2026-09-04 14:02:41.470130,2026-09-04 14:05:01.123619,0 days 00:02:19.653489,500,"[512, 512, 512]",225,2.9268245473084264e-05,64,100,0.5,2.843112970621629,0.0,0.5,0.5,0.978122937921933,0.978122937921933,0.0,0.9749131944444445,0.9741438973378671,0.9741438973378671,0.0697081392270544,0.6952134280208622,,0.021877062078067055,0.4,0.2,0.4,COMPLETE
11,0.06800223957164342,2026-09-04 14:05:01.124115,2026-09-04 14:07:34.362892,0 days 00:02:33.238777,500,"[512, 512, 512]",225,1.0529049667686124e-06,64,100,0.5,2.853730990093981,0.0,0.5,0.5,0.978122937921933,0.978122937921933,0.0,0.9904861111111112,0.9716670975254615,0.9716670975254615,0.06800223957164342,0.7037429262979171,,0.021877062078067055,0.4,0.2,0.4,COMPLETE
12,0.06893931189980784,2026-09-04 14:07:34.363344,2026-09-04 14:09:55.179076,0 days 00:02:20.815732,500,"[512, 512, 512]",225,2.5177714143493876e-05,64,100,0.5,3.006608342560283,0.0,0.5,0.5,0.978122937921933,0.978122937921933,0.0,0.9844618055555556,0.9772444604022763,0.9772444604022763,0.06893931189980784,0.6990575646570949,,0.021877062078067055,0.4,0.2,0.4,COMPLETE
13,0.06783654067063108,2026-09-04 14:09:55.179566,2026-09-04 14:12:29.409402,0 days 00:02:34.229836,500,"[512, 512, 512]",250,2.838155089252452e-05,64,100,0.5,4.1158797320224,0.0,0.5,0.5,0.978122937921933,0.978122937921933,0.0,0.9971527777777778,0.9800165602863671,0.9800165602863671,0.06783654067063108,0.7045714208029787,,0.021877062078067055,0.4,0.2,0.4,COMPLETE
14,0.06767294253628658,2026-09-04 14:12:29.409859,2026-09-04 14:14:20.091705,0 days 00:01:50.681846,500,"[128, 128, 128]",200,3.3594479883000627e-06,64,100,0.5,3.2672300024382883,0.0,0.5,0.5,0.978122937921933,0.978122937921933,0.0,0.9961458333333333,0.9756116839732178,0.9756116839732178,0.06767294253628658,0.7053894114747012,,0.021877062078067055,0.4,0.2,0.4,COMPLETE
15,0.06793662551464977,2026-09-04 14:14:20.091992,2026-09-04 14:15:47.232136,0 days 00:01:27.140144,100,"[512, 512, 512]",275,2.34968268344765e-05,64,100,0.5,3.4746443661850455,0.0,0.5,0.5,0.978122937921933,0.978122937921933,0.0,0.9946180555555556,0.9774601039829751,0.9774601039829751,0.06793662551464977,0.7040709965828853,,0.021877062078067055,0.4,0.2,0.4,COMPLETE
16,0.06802845875673946,2026-09-04 14:15:47.232629,2026-09-04 14:17:00.042117,0 days 00:01:12.809488,500,"[512, 512, 512]",175,1.1816133151754959e-06,32,100,0.5,3.369029209699961,0.0,0.5,0.5,0.978122937921933,0.978122937921933,0.0,0.9926041666666667,0.9756341765363219,0.9756341765363219,0.06802845875673946,0.7036118303724368,,0.021877062078067055,0.4,0.2,0.4,COMPLETE
17,0.0681520987571175,2026-09-04 14:17:00.042626,2026-09-04 14:19:04.878751,0 days 00:02:04.836125,500,"[128, 128, 128]",250,3.8841029111263716e-05,64,150,0.5,4.252276865055748,0.0,0.5,0.5,0.978122937921933,0.978122937921933,0.0,0.9956770833333333,0.9828163709870665,0.9828163709870665,0.0681520987571175,0.7029936303705466,,0.021877062078067055,0.4,0.2,0.4,COMPLETE
18,0.06786896719243041,2026-09-04 14:19:04.879213,2026-09-04 14:20:23.599705,0 days 00:01:18.720492,100,"[512, 512, 512]",300,4.297690596536197e-06,64,100,0.5,3.3575484603459476,0.0,0.5,0.5,0.978122937921933,0.978122937921933,0.0,0.995173611111111,0.9772583912052448,0.9772583912052448,0.06786896719243041,0.7044092881939821,,0.021877062078067055,0.4,0.2,0.4,COMPLETE
19,0.06828701725358402,2026-09-04 14:20:23.600194,2026-09-04 14:20:46.485959,0 days 00:00:22.885765,50,"[128, 128, 128]",200,1.4252739508200034e-05,32,50,0.5,3.2978511911581463,0.0,0.5,0.5,0.978122937921933,0.978122937921933,0.0,0.9910069444444445,0.9772814477800276,0.9772814477800276,0.06828701725358402,0.702319037888214,,0.021877062078067055,0.4,0.2,0.4,COMPLETE
