number,value,datetime_start,datetime_complete,duration,params_batch_size,params_d_layers,params_lr,params_n_layers,params_num_timesteps,params_sample_proportion,params_steps,user_attrs_corr_similarity,user_attrs_dcr,user_attrs_dcr_norm,user_attrs_fidelity,user_attrs_ks_similarity,user_attrs_mean_f1_gap,user_attrs_mean_trtr_f1,user_attrs_mean_tstr_f1,user_attrs_mia_auc,user_attrs_nndr,user_attrs_nndr_norm,user_attrs_objective,user_attrs_privacy_risk,user_attrs_sdv_quality,user_attrs_utility,user_attrs_w_fidelity,user_attrs_w_privacy_risk,user_attrs_w_utility,state
0,0.3836451425515086,2026-09-24 13:31:22.459657,2026-09-24 13:32:07.745003,0 days 00:00:45.285346,256,128,8.468008575248323e-05,2,100,1.0,5000,0.8629645761782504,4.639565729036216,0.0,0.739902056240437,0.6168395363026236,0.4237902592862137,0.9297004247708472,0.5059101654846335,0.9999999999999999,0.9533403961636536,0.9533403961636536,0.3836451425515086,0.7139978811509038,,0.5762097407137863,0.4,0.2,0.4,COMPLETE
1,0.3527442723626363,2026-09-24 13:32:07.745276,2026-09-24 13:33:57.470668,0 days 00:01:49.725392,256,128,0.002526878207508455,2,1000,1.0,10000,0.7313129317134728,4.732723684073987,0.0,0.628926752616956,0.5265405735204393,0.3911740446171086,0.9297004247708472,0.5385263801537387,0.9933832709113608,0.9496919375638889,0.9496919375638889,0.3527442723626363,0.7117840541865137,,0.6088259553828914,0.4,0.2,0.4,COMPLETE
2,0.3743471093156452,2026-09-24 13:33:57.470943,2026-09-24 13:36:18.703548,0 days 00:02:21.232605,1024,128,5.292705365436973e-05,4,100,1.0,10000,0.7925851429155237,4.742364083794639,0.0,0.7156946458933933,0.6388041488712629,0.4236084080405327,0.9297004247708472,0.5060920167303147,1.0,0.9585435695750169,0.9585435695750169,0.3743471093156452,0.712436929127495,,0.5763915919594673,0.4,0.2,0.4,COMPLETE
3,0.5484598828677882,2026-09-24 13:36:18.703782,2026-09-24 13:37:28.788120,0 days 00:01:10.084338,256,256,0.0022413234378101127,4,100,1.0,5000,0.857009777497435,2.903348770834624,0.0,0.8119704165095474,0.7669310555216596,0.10803135310177563,0.9297004247708472,0.8216690716690717,0.8853932584269663,0.9237263891229346,0.9237263891229346,0.5484598828677882,0.6655787124766028,,0.8919686468982244,0.4,0.2,0.4,COMPLETE
4,0.41249931406173634,2026-09-24 13:37:28.788410,2026-09-24 13:39:37.406161,0 days 00:02:08.617751,256,128,4.375517173207357e-05,4,1000,1.0,10000,0.7861587487998852,4.994948335925859,0.0,0.7108035964865809,0.6354484441732764,0.32333269340311593,0.9297004247708472,0.6063677313677314,1.0,0.9585158804725059,0.9585158804725059,0.41249931406173634,0.7124452358582483,,0.676667306596884,0.4,0.2,0.4,COMPLETE
5,0.5522299728952453,2026-09-24 13:39:37.406461,2026-09-24 13:40:43.646305,0 days 00:01:06.239844,1024,256,0.0019212959255386383,2,1000,1.0,5000,0.8307432680123727,2.568875183869147,0.0,0.7918206883075896,0.7528981086028065,0.08711556891667671,0.9297004247708472,0.8425848558541706,0.8494382022471909,0.9215290893933206,0.9215290893933206,0.5522299728952453,0.6482603743055992,,0.9128844310833233,0.4,0.2,0.4,COMPLETE
6,0.2824376296540619,2026-09-24 13:40:43.646602,2026-09-24 13:42:10.059227,0 days 00:01:26.412625,256,256,2.2340165853190065e-05,2,100,1.0,5000,0.8026096910409428,4.457321523526504,0.0,0.7181138754167496,0.6336180597925565,0.6557579929336786,0.9297004247708472,0.27394243183716865,1.0,0.9582546110138906,0.9582546110138906,0.2824376296540619,0.7125236166958329,,0.34424200706632135,0.4,0.2,0.4,COMPLETE
7,0.3593953312313097,2026-09-24 13:42:10.059474,2026-09-24 13:43:40.528691,0 days 00:01:30.469217,256,128,1.5255188579331379e-05,4,100,1.0,5000,0.8104939865484342,5.299015186452122,0.0,0.7103110567275424,0.6101281269066504,0.4564550908697757,0.9297004247708472,0.4732453339010716,1.0,0.9642157481367171,0.9642157481367171,0.3593953312313097,0.7107352755589849,,0.5435449091302242,0.4,0.2,0.4,COMPLETE
8,0.4228147928133147,2026-09-24 13:43:40.528934,2026-09-24 13:46:15.525661,0 days 00:02:34.996727,256,128,0.0015766436357943082,4,1000,1.0,10000,0.770897204728733,5.147492841466128,0.0,0.6696157774711389,0.5683343502135448,0.2569727454006559,0.9297004247708472,0.6727276793701914,1.0,0.9626263330853586,0.9626263330853586,0.4228147928133147,0.7112121000743925,,0.7430272545993442,0.4,0.2,0.4,COMPLETE
9,0.3028892135526764,2026-09-24 13:46:15.525951,2026-09-24 13:47:44.935769,0 days 00:01:29.409818,1024,128,1.8503766823590136e-05,4,1000,1.0,5000,0.8047635670755918,5.20788303359217,0.0,0.7109540837208344,0.617144600366077,0.5981031232343069,0.9297004247708472,0.3315973015365405,1.0,0.9624804893010895,0.9624804893010895,0.3028892135526764,0.7112558532096731,,0.4018968767656931,0.4,0.2,0.4,COMPLETE
