number,value,datetime_start,datetime_complete,duration,params_batch_size,params_class_dim,params_epochs,params_l2scale,params_num_channels,params_random_dim,user_attrs_corr_similarity,user_attrs_dcr,user_attrs_dcr_norm,user_attrs_fidelity,user_attrs_ks_similarity,user_attrs_mean_f1_gap,user_attrs_mean_trtr_f1,user_attrs_mean_tstr_f1,user_attrs_mia_auc,user_attrs_nndr,user_attrs_nndr_norm,user_attrs_objective,user_attrs_privacy_risk,user_attrs_sdv_quality,user_attrs_utility,user_attrs_w_fidelity,user_attrs_w_privacy_risk,user_attrs_w_utility,state
0,0.5394789024929898,2026-09-08 14:56:51.686770,2026-09-08 14:57:04.677394,0 days 00:00:12.990624,50,"[256, 256, 256, 256]",175,2.6587543983272713e-06,32,50,0.6454612543204576,2.0471929918226013,0.0,0.7010960117756134,0.7567307692307692,-2.244530178194493,-14.808028519464996,-12.563498341270503,0.9968402777777778,0.9787420926753688,0.9787420926753688,0.5394789024929898,0.7047975110862783,,1.0,0.4,0.2,0.4,COMPLETE
1,0.5530086351481635,2026-09-08 14:57:04.677800,2026-09-08 14:58:28.881320,0 days 00:01:24.203520,500,"[256, 256, 256, 256]",125,1.0677482709481361e-05,128,150,0.6737419320320859,1.4677528159544786,0.0,0.7357171198621968,0.7976923076923076,-4.714594958519909,-14.808028519464996,-10.093433560945087,0.9905902777777778,0.9630135830177087,0.9630135830177087,0.5530086351481635,0.7063910639835762,,1.0,0.4,0.2,0.4,COMPLETE
2,0.5316200912748935,2026-09-08 14:58:28.881775,2026-09-08 14:58:44.120677,0 days 00:00:15.238902,100,"[128, 128, 128]",225,9.780337016659406e-06,32,150,0.6360072032658977,1.4607516587456337,0.0,0.6831959093252565,0.7303846153846154,-1.762286340316896,-14.808028519464996,-13.0457421791481,0.9997743055555556,0.9719859683391079,0.9719859683391079,0.5316200912748935,0.7082913622760454,,1.0,0.4,0.2,0.4,COMPLETE
3,0.5393058975015834,2026-09-08 14:58:44.121231,2026-09-08 14:58:53.009080,0 days 00:00:08.887849,50,"[128, 128, 128]",100,6.97828126512603e-05,64,150,0.6378280761368854,1.6102878846850328,0.0,0.7022794226838274,0.7667307692307693,-3.607142965033839,-14.808028519464996,-11.200885554431157,0.9989409722222221,0.9714704275045789,0.9714704275045789,0.5393058975015834,0.7080293578597374,,1.0,0.4,0.2,0.4,COMPLETE
4,0.5245644563801097,2026-09-08 14:58:53.009453,2026-09-08 15:00:01.925821,0 days 00:01:08.916368,500,"[256, 256, 256, 256]",100,9.413993046829939e-05,128,150,0.6777142627176607,1.867579201776806,0.0,0.6643859775126765,0.6510576923076923,-5.915598671491328,-14.808028519464996,-8.892429847973668,0.9995659722222222,0.9794443766210235,0.9794443766210235,0.5245644563801097,0.7059496731248041,,1.0,0.4,0.2,0.4,COMPLETE
5,0.5426359479782896,2026-09-08 15:00:01.926582,2026-09-08 15:01:02.002963,0 days 00:01:00.076381,500,"[128, 128, 128]",250,1.3400367243354813e-06,64,150,0.6637925150379542,1.35749820796665,0.0,0.711271257518977,0.7587499999999999,-5.393829373244735,-14.808028519464996,-9.41419914622026,0.9976562499999999,0.9648844995116459,0.9648844995116459,0.5426359479782896,0.7093627751465061,,1.0,0.4,0.2,0.4,COMPLETE
6,0.5277261431356118,2026-09-08 15:01:02.003850,2026-09-08 15:01:16.609029,0 days 00:00:14.605179,100,"[128, 128, 128]",150,7.1627869998973385e-06,64,50,0.6465988030263017,1.4906196896908912,0.0,0.673203247666997,0.6998076923076924,-6.538417780036971,-14.808028519464996,-8.269610739428025,0.9999999999999999,0.9740807344802158,0.9740807344802158,0.5277261431356118,0.7077757796559352,,1.0,0.4,0.2,0.4,COMPLETE
7,0.5251944604499293,2026-09-08 15:01:16.609509,2026-09-08 15:02:28.105784,0 days 00:01:11.496275,500,"[512, 512, 512]",100,2.101079931010356e-06,128,150,0.6701660157447702,1.9618701582452562,0.0,0.6667176232570005,0.6632692307692307,-1.1674727158601232,-14.808028519464996,-13.640555803604872,0.9999305555555557,0.9750077783780792,0.9750077783780792,0.5251944604499293,0.7074629442643541,,1.0,0.4,0.2,0.4,COMPLETE
8,0.551155604734529,2026-09-08 15:02:28.106243,2026-09-08 15:05:49.602397,0 days 00:03:21.496154,500,"[128, 128, 128]",300,7.1485107935129825e-06,128,150,0.6933180829346275,1.2527275881234607,0.0,0.7326205799288522,0.7719230769230769,-6.479300519094178,-14.808028519464996,-8.328728000370818,0.9953819444444444,0.9607594534572075,0.9607594534572075,0.551155604734529,0.7094631361850599,,1.0,0.4,0.2,0.4,COMPLETE
9,0.5436532651591348,2026-09-08 15:05:49.603520,2026-09-08 15:06:09.821725,0 days 00:00:20.218205,50,"[256, 256, 256, 256]",275,8.781408196485981e-05,64,50,0.6749037941348182,1.5481289908684062,0.0,0.7135576662981782,0.7522115384615383,-4.253031708236568,-14.808028519464996,-10.554996811228428,0.9986284722222223,0.9682174310347622,0.9682174310347622,0.5436532651591348,0.7088490068006825,,1.0,0.4,0.2,0.4,COMPLETE
10,0.5570450910629234,2026-09-08 15:06:09.822260,2026-09-08 15:08:26.048979,0 days 00:02:16.226719,500,"[512, 512, 512]",200,2.401563902482253e-05,128,100,0.684468983245498,1.5003384608197878,0.0,0.7433402608535182,0.8022115384615385,-3.211309027179608,-14.808028519464996,-11.596719492285388,0.9802777777777778,0.9622794083215657,0.9622794083215657,0.5570450910629234,0.7014550663924193,,1.0,0.4,0.2,0.4,COMPLETE
11,0.5450718930019979,2026-09-08 15:08:26.049971,2026-09-08 15:10:25.185191,0 days 00:01:59.135220,500,"[512, 512, 512]",175,2.479201332659863e-05,128,100,0.6866432360965042,1.4142615814468453,0.0,0.7149562334328676,0.7432692307692309,-4.985163684588258,-14.808028519464996,-9.822864834876738,0.9869097222222223,0.9630061975178839,0.9630061975178839,0.5450718930019979,0.704553001855746,,1.0,0.4,0.2,0.4,COMPLETE
12,0.5530074616926242,2026-09-08 15:10:25.185634,2026-09-08 15:12:48.155160,0 days 00:02:22.969526,500,"[512, 512, 512]",200,2.1977506314197538e-05,128,100,0.6856494920004927,1.3152332784400964,0.0,0.7371516690771694,0.7886538461538461,-2.7824243914114053,-14.808028519464996,-12.02560412805359,0.9943923611111112,0.9597671695477914,0.9597671695477914,0.5530074616926242,0.7092660296912181,,1.0,0.4,0.2,0.4,COMPLETE
13,0.5439998226180462,2026-09-08 15:12:48.155597,2026-09-08 15:14:30.705262,0 days 00:01:42.549665,500,"[512, 512, 512]",150,2.2575434418905864e-05,128,100,0.6712074072475258,1.1300975171743155,0.0,0.7169498574699168,0.7626923076923078,-8.52683767185292,-14.808028519464996,-6.281190847612076,0.9998611111111112,0.9534331790198445,0.9534331790198445,0.5439998226180462,0.7139006018496024,,1.0,0.4,0.2,0.4,COMPLETE
14,0.5381532488670182,2026-09-08 15:14:30.705662,2026-09-08 15:17:01.876968,0 days 00:02:31.171306,500,"[256, 256, 256, 256]",225,1.2448612359167753e-05,128,100,0.6866900124776867,1.4967443123190851,0.0,0.6996911600849971,0.7126923076923076,-0.6582365882670924,-14.808028519464996,-14.149791931197903,0.9973090277777779,0.9667947935132853,0.9667947935132853,0.5381532488670182,0.7086160758349034,,1.0,0.4,0.2,0.4,COMPLETE
15,0.5377369112233426,2026-09-08 15:17:01.877467,2026-09-08 15:17:33.551806,0 days 00:00:31.674339,100,"[512, 512, 512]",150,4.353714490622947e-05,128,100,0.670805897978226,1.4861430921947243,0.0,0.6991048720660361,0.7274038461538462,-4.3714716358139505,-14.808028519464996,-10.436556883651045,0.9999826388888889,0.9682204380969495,0.9682204380969495,0.5377369112233426,0.7095251880153597,,1.0,0.4,0.2,0.4,COMPLETE
16,0.5450722384774407,2026-09-08 15:17:33.552242,2026-09-08 15:17:51.441822,0 days 00:00:17.889580,500,"[256, 256, 256, 256]",125,4.171926467544727e-06,32,100,0.6558927543933534,1.4740548146179586,0.0,0.7176098387351382,0.7793269230769231,-6.331282963668487,-14.808028519464996,-8.476745555796509,0.9988715277777778,0.9652575960193864,0.9652575960193864,0.5450722384774407,0.7098584850830729,,1.0,0.4,0.2,0.4,COMPLETE
17,0.5485763801121613,2026-09-08 15:17:51.442066,2026-09-08 15:20:05.642189,0 days 00:02:14.200123,500,"[512, 512, 512]",200,3.8841029111263716e-05,128,150,0.6853132938695056,1.3283444878707913,0.0,0.7261662623193682,0.7670192307692308,-3.747695004128314,-14.808028519464996,-11.060333515336682,0.9959548611111111,0.9617560215920857,0.9617560215920857,0.5485763801121613,0.7094506240779299,,1.0,0.4,0.2,0.4,COMPLETE
18,0.5380522512361765,2026-09-08 15:20:05.642594,2026-09-08 15:20:33.520336,0 days 00:00:27.877742,100,"[256, 256, 256, 256]",125,1.462250452696293e-05,128,100,0.672249374870064,1.1820820407245927,0.0,0.6999708412811858,0.7276923076923076,-1.1685353565851795,-14.808028519464996,-13.639493162879816,0.9997395833333333,0.9672978842839255,0.9672978842839255,0.5380522512361765,0.7096804263814891,,1.0,0.4,0.2,0.4,COMPLETE
19,0.5438734188531089,2026-09-08 15:20:33.520763,2026-09-08 15:21:06.927749,0 days 00:00:33.406986,50,"[512, 512, 512]",250,4.57075372388169e-06,32,50,0.641435493959196,1.4885326456404016,0.0,0.7144677469795981,0.7875000000000002,-6.185732380772167,-14.808028519464996,-8.622296138692828,0.999045138888889,0.9665138991693077,0.9665138991693077,0.5438734188531089,0.7095683996936522,,1.0,0.4,0.2,0.4,COMPLETE
