number,value,datetime_start,datetime_complete,duration,params_batch_size,params_compress_dims,params_decompress_dims,params_embedding_dim,params_epochs,params_l2scale,params_loss_factor,user_attrs_corr_similarity,user_attrs_dcr,user_attrs_dcr_norm,user_attrs_fidelity,user_attrs_ks_similarity,user_attrs_mean_f1_gap,user_attrs_mean_trtr_f1,user_attrs_mean_tstr_f1,user_attrs_mia_auc,user_attrs_nndr,user_attrs_nndr_norm,user_attrs_objective,user_attrs_privacy_risk,user_attrs_sdv_quality,user_attrs_utility,user_attrs_w_fidelity,user_attrs_w_privacy_risk,user_attrs_w_utility,state
0,0.5494570818381801,2026-09-09 15:08:07.292869,2026-09-09 15:08:16.880892,0 days 00:00:09.588023,100,"[256, 256]","[128, 128, 128]",128,450,3.752055855124284e-05,5,0.7529354267424346,9449.466499985923,0.0,0.7236479752040472,0.6943605236656597,-0.09178693208704058,-0.25524275807532115,-0.16345582598828057,1.0,0.9999648626093534,0.9999648626093534,0.5494570818381801,0.700010541217194,,1.0,0.4,0.2,0.4,COMPLETE
1,0.5099231216175569,2026-09-09 15:08:16.881105,2026-09-09 15:08:20.018138,0 days 00:00:03.137033,500,"[128, 128, 128]","[64, 64]",256,350,2.091498132903561e-05,10,0.7131179590729342,9449.467221720552,0.0,0.6735277610067592,0.6339375629405842,0.048714686957875175,-0.25524275807532115,-0.3039574450331963,1.0,0.9999648666333871,0.9999648666333871,0.5099231216175569,0.7000105400099839,,0.9512853130421248,0.4,0.2,0.4,COMPLETE
2,0.38161408582671463,2026-09-09 15:08:20.018355,2026-09-09 15:08:26.484382,0 days 00:00:06.466027,100,"[256, 256]","[128, 128, 128]",64,300,6.516990611177181e-06,1,0.7186405087989776,9449.466707470725,0.0,0.6984441214689752,0.6782477341389729,0.3944036359772456,-0.25524275807532115,-0.6496463940525667,1.0,0.9999648605003807,0.9999648605003807,0.38161408582671463,0.7000105418498859,,0.6055963640227544,0.4,0.2,0.4,COMPLETE
3,0.533609455530315,2026-09-09 15:08:26.484592,2026-09-09 15:08:28.376151,0 days 00:00:01.891559,500,"[128, 128]","[128, 128]",128,200,1.5512259126484753e-06,5,0.7260638570743605,9449.466639518538,0.0,0.6840289073891441,0.6419939577039276,-0.1272643596314571,-0.25524275807532115,-0.12797839844386405,1.0,0.9999648762442904,0.9999648762442904,0.533609455530315,0.7000105371267129,,1.0,0.4,0.2,0.4,COMPLETE
4,0.4316997845137376,2026-09-09 15:08:28.376353,2026-09-09 15:08:36.345408,0 days 00:00:07.969055,1000,"[64, 64]","[128, 128, 128]",64,900,5.595986878006084e-06,2,0.7120623486923472,9449.46720533274,0.0,0.6853363102978351,0.6586102719033232,0.25608157769800655,-0.25524275807532115,-0.5113243357733277,1.0,0.9999648578967683,0.9999648578967683,0.4316997845137376,0.7000105426309695,,0.7439184223019935,0.4,0.2,0.4,COMPLETE
5,0.528153117087165,2026-09-09 15:08:36.345741,2026-09-09 15:08:40.807629,0 days 00:00:04.461888,200,"[256, 256]","[128, 128, 128]",256,350,0.00038211294416912254,2,0.6880168797496584,9449.467616284748,0.0,0.6856499303078605,0.6832829808660624,0.015261867456407341,-0.25524275807532115,-0.2705046255317285,0.9999999999999999,0.9999648657763923,0.9999648657763923,0.528153117087165,0.7000105402670822,,0.9847381325435927,0.4,0.2,0.4,COMPLETE
6,0.4795076659778926,2026-09-09 15:08:40.807834,2026-09-09 15:08:43.550362,0 days 00:00:02.742528,200,"[128, 128]","[128, 128]",128,200,6.85392570885306e-06,1,0.6603183555746472,9449.467209724533,0.0,0.6400786138396902,0.6198388721047332,0.09130417846083483,-0.25524275807532115,-0.346546936536156,1.0,0.999964863772508,0.999964863772508,0.4795076659778926,0.7000105408682475,,0.9086958215391652,0.4,0.2,0.4,COMPLETE
7,0.5369423685329542,2026-09-09 15:08:43.550618,2026-09-09 15:08:51.140456,0 days 00:00:07.589838,500,"[256, 256]","[128, 128, 128]",32,1000,1.1214075785991133e-06,5,0.7300575582917961,9449.466382763747,0.0,0.7114537539696644,0.6928499496475328,0.019092564016600422,-0.25524275807532115,-0.2743353220919216,1.0,0.9999648758621427,0.9999648758621427,0.5369423685329542,0.7000105372413572,,0.9809074359833996,0.4,0.2,0.4,COMPLETE
8,0.5389174941253612,2026-09-09 15:08:51.140673,2026-09-09 15:08:59.967366,0 days 00:00:08.826693,200,"[128, 128]","[128, 128, 128]",64,750,7.930569433855143e-05,10,0.7138326495073816,9449.467068955051,0.0,0.6972990035049496,0.6807653575025175,-0.028531900118733855,-0.25524275807532115,-0.2267108579565873,1.0,0.9999648787230219,0.9999648787230219,0.5389174941253612,0.7000105363830935,,1.0,0.4,0.2,0.4,COMPLETE
9,0.49473253767308534,2026-09-09 15:08:59.967575,2026-09-09 15:09:17.200111,0 days 00:00:17.232536,100,"[64, 64]","[128, 128, 128]",32,900,5.149288946949016e-06,10,0.7107273137990412,9449.467526668968,0.0,0.701788631723287,0.6928499496475328,0.11495201732912497,-0.25524275807532115,-0.3701947754044461,1.0,0.9999648652570092,0.9999648652570092,0.49473253767308534,0.7000105404228973,,0.885047982670875,0.4,0.2,0.4,COMPLETE
10,0.5412181994883964,2026-09-09 15:09:17.200319,2026-09-09 15:09:29.276362,0 days 00:00:12.076043,100,"[128, 128, 128]","[256, 256]",128,600,0.0005284384205738843,5,0.7147621633089072,9449.46663388596,0.0,0.7030507694691566,0.6913393756294058,-0.09106446597568318,-0.25524275807532115,-0.16417829209963797,1.0,0.9999648616788979,0.9999648616788979,0.5412181994883964,0.7000105414963307,,1.0,0.4,0.2,0.4,COMPLETE
11,0.5468021700919563,2026-09-09 15:09:29.276568,2026-09-09 15:09:40.081750,0 days 00:00:10.805182,100,"[128, 128, 128]","[256, 256]",128,550,0.0007312860779580505,5,0.7351291453311888,9449.46720830982,0.0,0.7170106955256146,0.6988922457200403,-0.019145892059530656,-0.25524275807532115,-0.2360968660157905,1.0,0.9999648646951738,0.9999648646951738,0.5468021700919563,0.7000105405914478,,1.0,0.4,0.2,0.4,COMPLETE
12,0.5384388222472074,2026-09-09 15:09:40.081957,2026-09-09 15:09:50.770069,0 days 00:00:10.688112,100,"[128, 128, 128]","[256, 256]",128,550,0.00013618886270237574,5,0.7220133094243714,9449.467225765999,0.0,0.6961023244000004,0.6701913393756295,-0.033431300808708375,-0.25524275807532115,-0.22181145726661278,1.0,0.9999648747867848,0.9999648747867848,0.5384388222472074,0.7000105375639645,,1.0,0.4,0.2,0.4,COMPLETE
13,0.5178180579984971,2026-09-09 15:09:50.770286,2026-09-09 15:10:01.643483,0 days 00:00:10.873197,100,"[128, 128, 128]","[256, 256]",128,550,5.9162693759295366e-05,5,0.7212084172089033,9449.46709906814,0.0,0.7120644301553076,0.702920443101712,0.06751401536165536,-0.25524275807532115,-0.3227567734369765,1.0,0.999964868017269,0.999964868017269,0.5178180579984971,0.7000105395948193,,0.9324859846383446,0.4,0.2,0.4,COMPLETE
14,0.5354859885321144,2026-09-09 15:10:01.643712,2026-09-09 15:10:05.119119,0 days 00:00:03.475407,1000,"[256, 256]","[64, 64]",128,450,0.0009418024463651677,5,0.703724466769149,9449.466767985667,0.0,0.6887202394268706,0.6737160120845922,-0.12370646109321615,-0.25524275807532115,-0.131536296982105,1.0,0.9999648793561013,0.9999648793561013,0.5354859885321144,0.7000105361931697,,1.0,0.4,0.2,0.4,COMPLETE
15,0.5407271795527835,2026-09-09 15:10:05.119320,2026-09-09 15:10:19.191182,0 days 00:00:14.071862,100,"[128, 128, 128]","[256, 256]",128,700,0.00019721903713381227,5,0.721370508902794,9449.46710611825,0.0,0.7018232202117192,0.6822759315206445,-0.08984204348982106,-0.25524275807532115,-0.1654007145855001,1.0,0.9999648578015962,0.9999648578015962,0.5407271795527835,0.7000105426595211,,1.0,0.4,0.2,0.4,COMPLETE
16,0.5386791875580699,2026-09-09 15:10:19.191510,2026-09-09 15:10:27.905974,0 days 00:00:08.714464,100,"[256, 256]","[256, 256]",128,450,2.9463931337915323e-05,5,0.7237041328631064,9449.46715273009,0.0,0.7112981892915733,0.6988922457200403,0.014594950387935013,-0.25524275807532115,-0.26983770846325617,1.0,0.9999648666102413,0.9999648666102413,0.5386791875580699,0.7000105400169276,,0.985405049612065,0.4,0.2,0.4,COMPLETE
17,0.5425425335908312,2026-09-09 15:10:27.906225,2026-09-09 15:10:41.161228,0 days 00:00:13.255003,100,"[64, 64]","[128, 128]",256,700,2.3674419922952087e-05,1,0.7334684243520109,9449.467308656345,0.0,0.7063616039182008,0.6792547834843908,-0.0815440153419853,-0.25524275807532115,-0.17369874273333585,1.0,0.9999648670591812,0.9999648670591812,0.5425425335908312,0.7000105398822456,,1.0,0.4,0.2,0.4,COMPLETE
18,0.5030495725254102,2026-09-09 15:10:41.161438,2026-09-09 15:10:42.398215,0 days 00:00:01.236777,1000,"[128, 128, 128]","[64, 64]",32,100,0.0002962583529775664,2,0.6628918365228607,9449.467209712922,0.0,0.6076292012422964,0.5523665659617322,-0.1333514162661933,-0.25524275807532115,-0.12189134180912786,1.0,0.9999648671415253,0.9999648671415253,0.5030495725254102,0.7000105398575425,,1.0,0.4,0.2,0.4,COMPLETE
19,0.5408965122896419,2026-09-09 15:10:42.398415,2026-09-09 15:10:51.100104,0 days 00:00:08.701689,100,"[256, 256]","[256, 256]",128,450,0.0009889109681460889,5,0.7282594670318213,9449.467387042514,0.0,0.7022465512399791,0.676233635448137,-0.0749555858553339,-0.25524275807532115,-0.18028717221998725,1.0,0.9999648632275037,0.9999648632275037,0.5408965122896419,0.700010541031749,,1.0,0.4,0.2,0.4,COMPLETE
