number,value,datetime_start,datetime_complete,duration,params_batch_size,params_class_dim,params_epochs,params_l2scale,params_num_channels,params_random_dim,user_attrs_corr_similarity,user_attrs_dcr,user_attrs_dcr_norm,user_attrs_fidelity,user_attrs_ks_similarity,user_attrs_mean_f1_gap,user_attrs_mean_trtr_f1,user_attrs_mean_tstr_f1,user_attrs_mia_auc,user_attrs_nndr,user_attrs_nndr_norm,user_attrs_objective,user_attrs_privacy_risk,user_attrs_sdv_quality,user_attrs_utility,user_attrs_w_fidelity,user_attrs_w_privacy_risk,user_attrs_w_utility,state
0,0.4408656893956233,2026-09-09 15:11:09.031171,2026-09-09 15:11:16.813534,0 days 00:00:07.782363,50,"[256, 256, 256, 256]",175,2.6587543983272713e-06,32,50,0.6070660665581011,0.9387500115023639,0.0,0.7168260846385672,0.8265861027190333,0.267266042335605,-0.25524275807532115,-0.5225088004109262,0.9745454545454547,0.9749369654830649,0.9749369654830649,0.4408656893956233,0.6947916376278079,,0.732733957664395,0.4,0.2,0.4,COMPLETE
1,0.4794984317385079,2026-09-09 15:11:16.813943,2026-09-09 15:11:40.465453,0 days 00:00:23.651510,500,"[256, 256, 256, 256]",125,1.0677482709481361e-05,128,150,0.5969082227376615,1.0317510812168376,0.0,0.7241338696769879,0.8513595166163143,0.17407092035184069,-0.25524275807532115,-0.42931367842716184,0.99,0.9745542001408171,0.9745542001408171,0.4794984317385079,0.7026337399577549,,0.8259290796481593,0.4,0.2,0.4,COMPLETE
2,0.5189725166708128,2026-09-09 15:11:40.465836,2026-09-09 15:11:49.654524,0 days 00:00:09.188688,100,"[128, 128, 128]",225,9.780337016659406e-06,32,150,0.6165858852041612,1.1941451499821796,0.0,0.7055739093694522,0.7945619335347431,0.06036268622748131,-0.25524275807532115,-0.31560544430280246,0.9748484848484849,0.9728812649812145,0.9728812649812145,0.5189725166708128,0.695559862929878,,0.9396373137725187,0.4,0.2,0.4,COMPLETE
3,0.45138575338728304,2026-09-09 15:11:49.654936,2026-09-09 15:11:54.315034,0 days 00:00:04.660098,50,"[128, 128, 128]",100,6.97828126512603e-05,64,150,0.6346298211937045,0.7719875083164808,0.0,0.7010007112010819,0.7673716012084592,0.22170632386543465,-0.25524275807532115,-0.4769490819407558,0.9857575757575757,0.9707292671463615,0.9707292671463615,0.45138575338728304,0.7016600077348794,,0.7782936761345653,0.4,0.2,0.4,COMPLETE
4,0.5401987078550788,2026-09-09 15:11:54.315251,2026-09-09 15:12:13.134905,0 days 00:00:18.819654,500,"[256, 256, 256, 256]",100,9.413993046829939e-05,128,150,0.6245328608390827,1.1900708908551179,0.0,0.7004839530781516,0.7764350453172205,-0.030600491126999474,-0.25524275807532115,-0.22464226694832168,0.9842424242424243,0.9738228174676763,0.9738228174676763,0.5401987078550788,0.6999743668809093,,1.0,0.4,0.2,0.4,COMPLETE
5,0.5580564625626597,2026-09-09 15:12:13.135313,2026-09-09 15:12:35.189333,0 days 00:00:22.054020,500,"[128, 128, 128]",250,1.3400367243354813e-06,64,150,0.6882006389491377,1.2680114861127998,0.0,0.7365474493839343,0.7848942598187311,-0.19671946461709555,-0.25524275807532115,-0.0585232934582256,0.9478787878787878,0.9704226932827459,0.9704226932827459,0.5580564625626597,0.6828125859545702,,1.0,0.4,0.2,0.4,COMPLETE
6,0.25761061949186614,2026-09-09 15:12:35.189721,2026-09-09 15:12:42.697595,0 days 00:00:07.507874,100,"[128, 128, 128]",150,7.1627869998973385e-06,64,50,0.5991009955348282,0.8710607018902521,0.0,0.6989462681601634,0.7987915407854985,0.7060483069078289,-0.25524275807532115,-0.9612910649831501,0.9753535353535354,0.9664464754380985,0.9664464754380985,0.25761061949186614,0.6977428250453381,,0.29395169309217106,0.4,0.2,0.4,COMPLETE
7,0.5208041994129329,2026-09-09 15:12:42.698012,2026-09-09 15:13:02.271278,0 days 00:00:19.573266,500,"[512, 512, 512]",100,2.101079931010356e-06,128,150,0.6268099499145463,1.1075414437496647,0.0,0.6913505942926206,0.7558912386706949,0.03719282818379033,-0.25524275807532115,-0.2924355862591115,0.9958585858585859,0.9787825259209887,0.9787825259209887,0.5208041994129329,0.7042945351529963,,0.9628071718162097,0.4,0.2,0.4,COMPLETE
8,0.6129782462759752,2026-09-09 15:13:02.271694,2026-09-09 15:13:55.402683,0 days 00:00:53.130989,500,"[128, 128, 128]",300,7.1485107935129825e-06,128,150,0.8705103916868618,0.7390937496653888,0.0,0.8742280055111046,0.8779456193353473,-0.15808124722345607,-0.25524275807532115,-0.09716151085186508,0.9473737373737373,0.9670736301484523,0.9670736301484523,0.6129782462759752,0.683564779642333,,1.0,0.4,0.2,0.4,COMPLETE
9,0.5449611129535048,2026-09-09 15:13:55.403080,2026-09-09 15:14:06.893308,0 days 00:00:11.490228,50,"[256, 256, 256, 256]",275,8.781408196485981e-05,64,50,0.6859078726765009,1.2038895932084308,0.0,0.7447666251600027,0.8036253776435045,0.03304253111455924,-0.25524275807532115,-0.2882852891898804,0.9860606060606061,0.9812922656897994,0.9812922656897994,0.5449611129535048,0.6986426233233632,,0.9669574688854408,0.4,0.2,0.4,COMPLETE
10,0.4390508155888019,2026-09-09 15:14:06.893735,2026-09-09 15:15:02.132826,0 days 00:00:55.239091,500,"[512, 512, 512]",300,2.9268245473084264e-05,128,100,0.8790973616148698,0.6842085291114061,0.0,0.8809384089041116,0.8827794561933533,0.44686284277736155,-0.25524275807532115,-0.7021056008526827,0.9211111111111111,0.9588616708202159,0.9588616708202159,0.4390508155888019,0.6728970543094908,,0.5531371572226385,0.4,0.2,0.4,COMPLETE
11,0.545942184254384,2026-09-09 15:15:02.133224,2026-09-09 15:15:23.936597,0 days 00:00:21.803373,500,"[128, 128, 128]",250,1.0355357129930144e-06,64,100,0.6534815274587493,1.2037001725777456,0.0,0.7143540567807342,0.775226586102719,-0.014421117879931833,-0.25524275807532115,-0.24082164019538932,0.984949494949495,0.978258517283998,0.978258517283998,0.545942184254384,0.6989971922895482,,1.0,0.4,0.2,0.4,COMPLETE
12,0.596822140760429,2026-09-09 15:15:23.936987,2026-09-09 15:16:04.043992,0 days 00:00:40.107005,500,"[128, 128, 128]",225,3.178546907565381e-06,128,150,0.8711316061208669,0.6644388094942401,0.0,0.834357343845932,0.7975830815709971,-0.27474072356946044,-0.25524275807532115,0.01949796549413929,0.9564646464646464,0.978761131142015,0.978761131142015,0.596822140760429,0.6846039838897187,,1.0,0.4,0.2,0.4,COMPLETE
13,0.49917462888231967,2026-09-09 15:16:04.044387,2026-09-09 15:16:39.594319,0 days 00:00:35.549932,500,"[128, 128, 128]",200,5.044003212264551e-06,128,150,0.671429395345343,0.9428492830612234,0.0,0.780125573805602,0.888821752265861,0.18770301831961467,-0.25524275807532115,-0.4429457763949358,0.9585858585858587,0.9677365424418429,0.9677365424418429,0.49917462888231967,0.6889719665603764,,0.8122969816803853,0.4,0.2,0.4,COMPLETE
14,0.5020358372115816,2026-09-09 15:16:39.594704,2026-09-09 15:17:32.365411,0 days 00:00:52.770707,500,"[128, 128, 128]",300,2.0975457910271653e-05,128,150,0.8519285447413449,0.9494985633631681,0.0,0.843184816177319,0.8344410876132929,0.2434587452258825,-0.25524275807532115,-0.49870150330120366,0.9663636363636363,0.9796962077895114,0.9796962077895114,0.5020358372115816,0.6892729558449647,,0.7565412547741175,0.4,0.2,0.4,COMPLETE
15,0.47579770881187555,2026-09-09 15:17:32.365797,2026-09-09 15:17:45.674707,0 days 00:00:13.308910,100,"[128, 128, 128]",200,3.5286170156069385e-06,128,100,0.7332181385594547,0.940155828653491,0.0,0.7838296130863738,0.8344410876132929,0.2468522957356667,-0.25524275807532115,-0.5020950538109878,0.9788888888888889,0.9815945126746924,0.9815945126746924,0.47579770881187555,0.6949660906420367,,0.7531477042643333,0.4,0.2,0.4,COMPLETE
16,0.5429116668817888,2026-09-09 15:17:45.674972,2026-09-09 15:18:32.391447,0 days 00:00:46.716475,500,"[512, 512, 512]",250,1.601623493806579e-05,128,150,0.7100509514203843,0.7845312951674573,0.0,0.770131215891461,0.8302114803625378,0.06967464382784971,-0.25524275807532115,-0.32491740190317087,0.9561616161616162,0.9724199945417655,0.9724199945417655,0.5429116668817888,0.6863548097182784,,0.9303253561721503,0.4,0.2,0.4,COMPLETE
17,0.5546711538981833,2026-09-09 15:18:32.393577,2026-09-09 15:18:51.151199,0 days 00:00:18.757622,500,"[128, 128, 128]",275,4.783253139240171e-06,32,150,0.6721960140082017,1.0472830720156674,0.0,0.7330768589678471,0.7939577039274924,-0.1468273953635293,-0.25524275807532115,-0.10841536271179186,0.9693939393939394,0.9729967375073071,0.9729967375073071,0.5546711538981833,0.6927979484447775,,1.0,0.4,0.2,0.4,COMPLETE
18,0.5900960797491994,2026-09-09 15:18:51.151555,2026-09-09 15:19:05.502536,0 days 00:00:14.350981,100,"[128, 128, 128]",200,1.7589323104689417e-06,128,100,0.7943806649358492,0.8526600342578822,0.0,0.8168277947035743,0.8392749244712991,-0.1775393769663569,-0.25524275807532115,-0.07770338110896424,0.948080808080808,0.9695507112641738,0.9695507112641738,0.5900960797491994,0.6831751906611518,,1.0,0.4,0.2,0.4,COMPLETE
19,0.5984251695429963,2026-09-09 15:19:05.502802,2026-09-09 15:19:20.583682,0 days 00:00:15.080880,50,"[512, 512, 512]",275,4.217428358223398e-05,128,50,0.80587710926624,0.8504445600291273,0.0,0.8358690682282861,0.8658610271903322,5.8278016318080716e-05,-0.25524275807532115,-0.25530103609163923,0.9417171717171717,0.9712095104987701,0.9712095104987701,0.5984251695429963,0.6794957327089548,,0.9999417219836819,0.4,0.2,0.4,COMPLETE
