number,value,datetime_start,datetime_complete,duration,params_batch_size,params_class_dim,params_epochs,params_l2scale,params_num_channels,params_random_dim,user_attrs_corr_similarity,user_attrs_dcr,user_attrs_dcr_norm,user_attrs_fidelity,user_attrs_ks_similarity,user_attrs_mean_f1_gap,user_attrs_mean_trtr_f1,user_attrs_mean_tstr_f1,user_attrs_mia_auc,user_attrs_nndr,user_attrs_nndr_norm,user_attrs_objective,user_attrs_privacy_risk,user_attrs_sdv_quality,user_attrs_utility,user_attrs_w_fidelity,user_attrs_w_privacy_risk,user_attrs_w_utility,state
0,0.4276703426323346,2026-09-04 16:08:24.150403,2026-09-04 16:08:47.567422,0 days 00:00:23.417019,50,"[256, 256, 256, 256]",175,2.6587543983272713e-06,32,50,0.7011161868524316,1.808118332344255,0.0,0.7618080934262158,0.8225,0.34002848384983103,0.7738226558300467,0.4337941719802157,0.9860069444444444,0.959319887437087,0.959319887437087,0.4276703426323346,0.705207505991096,,0.6599715161501689,0.4,0.2,0.4,COMPLETE
1,0.4461106288399258,2026-09-04 16:08:47.567854,2026-09-04 16:11:16.525309,0 days 00:02:28.957455,500,"[256, 256, 256, 256]",125,1.0677482709481361e-05,128,150,0.7014108588814953,2.040133245700366,0.0,0.6950179294407477,0.6886249999999999,0.22296474693238388,0.7738226558300467,0.550857908897663,0.9992013888888889,0.9534915787578202,0.9534915787578202,0.4461106288399258,0.7135532208170985,,0.7770352530676161,0.4,0.2,0.4,COMPLETE
2,0.46671737304551103,2026-09-04 16:11:16.525761,2026-09-04 16:11:37.541365,0 days 00:00:21.015604,100,"[128, 128, 128]",225,9.780337016659406e-06,32,150,0.6936155157391984,1.9456048214816999,0.0,0.7588702578695993,0.8241250000000001,0.23908711974512664,0.7738226558300467,0.5347355360849201,0.9859722222222222,0.9566890002990694,0.9566890002990694,0.46671737304551103,0.7059794110213904,,0.7609128802548734,0.4,0.2,0.4,COMPLETE
3,0.45910811272346896,2026-09-04 16:11:37.541805,2026-09-04 16:11:51.780075,0 days 00:00:14.238270,50,"[128, 128, 128]",100,6.97828126512603e-05,64,150,0.6990651860679047,1.9086145928261131,0.0,0.7615325930339524,0.8240000000000001,0.26277259477998566,0.7738226558300467,0.5110500610500611,0.98046875,0.9608498070313714,0.9608498070313714,0.45910811272346896,0.7019794328905886,,0.7372274052200143,0.4,0.2,0.4,COMPLETE
4,0.43789650028021865,2026-09-04 16:11:51.780519,2026-09-04 16:13:54.324621,0 days 00:02:02.544102,500,"[256, 256, 256, 256]",100,9.413993046829939e-05,128,150,0.7225194699255997,1.7731046395689931,0.0,0.7510722349627998,0.779625,0.30633086412598426,0.7738226558300467,0.46749179170406246,0.9746527777777778,0.9577538287211697,0.9577538287211697,0.43789650028021865,0.700000240272538,,0.6936691358740157,0.4,0.2,0.4,COMPLETE
5,0.5294988978725874,2026-09-04 16:13:54.325131,2026-09-04 16:15:46.028863,0 days 00:01:51.703732,500,"[128, 128, 128]",250,1.3400367243354813e-06,64,150,0.8590703312177329,1.7325147016290283,0.0,0.8264726656088665,0.793875,0.14773686382737797,0.7738226558300467,0.6260857920026687,0.9898611111111111,0.9498448045183848,0.9498448045183848,0.5294988978725874,0.7099771142000402,,0.8522631361726221,0.4,0.2,0.4,COMPLETE
6,0.42555341228213084,2026-09-04 16:15:46.029323,2026-09-04 16:16:12.812888,0 days 00:00:26.783565,100,"[128, 128, 128]",150,7.1627869998973385e-06,64,50,0.7182467194838413,1.9880025416709062,0.0,0.7559983597419206,0.79375,0.3382709041939031,0.7738226558300467,0.4355517516361436,0.9895833333333334,0.9570127232709535,0.9570127232709535,0.42555341228213084,0.7076878496853807,,0.6617290958060968,0.4,0.2,0.4,COMPLETE
7,0.45993206911523665,2026-09-04 16:16:12.813366,2026-09-04 16:18:24.043900,0 days 00:02:11.230534,500,"[512, 512, 512]",100,2.101079931010356e-06,128,150,0.7025236741516256,1.826380903893266,0.0,0.7506993370758128,0.798875,0.24668399531467836,0.7738226558300467,0.5271386605153684,0.9924826388888889,0.9595699383278624,0.9595699383278624,0.45993206911523665,0.7083703379460857,,0.7533160046853217,0.4,0.2,0.4,COMPLETE
8,0.5838176887772699,2026-09-04 16:18:24.044433,2026-09-04 16:25:04.269418,0 days 00:06:40.224985,500,"[128, 128, 128]",300,7.1485107935129825e-06,128,150,0.906819694719541,1.429265984956472,0.0,0.8646598473597705,0.8225,0.05338513504927652,0.7738226558300467,0.7204375207807702,0.9734895833333335,0.9442793697734295,0.9442793697734295,0.5838176887772699,0.7034609807346379,,0.9466148649507234,0.4,0.2,0.4,COMPLETE
9,0.48310315513627433,2026-09-04 16:25:04.269894,2026-09-04 16:25:36.360241,0 days 00:00:32.090347,50,"[256, 256, 256, 256]",275,8.781408196485981e-05,64,50,0.7733995937403821,1.8403539770656079,0.0,0.7986997968701911,0.8240000000000001,0.23868689172264165,0.7738226558300467,0.5351357641074052,0.9794618055555556,0.950736227213502,0.950736227213502,0.48310315513627433,0.7045100346137272,,0.7613131082773583,0.4,0.2,0.4,COMPLETE
10,0.5850297383930436,2026-09-04 16:25:36.360735,2026-09-04 16:31:55.405015,0 days 00:06:19.044280,500,"[512, 512, 512]",300,2.9268245473084264e-05,128,100,0.8881288814888105,1.4987914127066355,0.0,0.8668144407444053,0.8455,0.05342156767655981,0.7738226558300467,0.7204010881534869,0.9694965277777777,0.9437040323947188,0.9437040323947188,0.5850297383930436,0.7016370541704733,,0.9465784323234402,0.4,0.2,0.4,COMPLETE
11,0.6152268752700354,2026-09-04 16:31:55.405524,2026-09-04 16:38:08.100287,0 days 00:06:12.694763,500,"[512, 512, 512]",300,2.7293115911778183e-05,128,100,0.8917532152300522,1.4890114237350103,0.0,0.8887516076150261,0.88575,0.011078553322569426,0.7738226558300467,0.7627441025074773,0.9238020833333334,0.9422976981064322,0.9422976981064322,0.6152268752700354,0.6792117322347371,,0.9889214466774305,0.4,0.2,0.4,COMPLETE
12,0.5717055272399164,2026-09-04 16:38:08.100764,2026-09-04 16:44:37.409930,0 days 00:06:29.309166,500,"[512, 512, 512]",300,2.6707028838972795e-05,128,100,0.9335269408715571,1.3857481745070326,0.0,0.8978884704357785,0.8622499999999998,0.13112718287640987,0.7738226558300467,0.6426954729536368,0.91546875,0.9424647869361502,0.9424647869361502,0.5717055272399164,0.674994938919155,,0.8688728171235901,0.4,0.2,0.4,COMPLETE
13,0.5751988830046778,2026-09-04 16:44:37.410337,2026-09-04 16:49:30.456552,0 days 00:04:53.046215,500,"[512, 512, 512]",225,2.861743423034381e-05,128,100,0.9009765816688944,1.553259697495481,0.0,0.8723007908344472,0.8436250000000001,0.0916912651999225,0.7738226558300467,0.6821313906301243,0.9371006944444444,0.944419036588539,0.944419036588539,0.5751988830046778,0.6852246362456605,,0.9083087348000775,0.4,0.2,0.4,COMPLETE
14,0.5646768697729367,2026-09-04 16:49:30.457105,2026-09-04 16:55:05.596067,0 days 00:05:35.138962,500,"[512, 512, 512]",275,3.2188648164941164e-05,128,100,0.8755156102919519,1.4770297868875093,0.0,0.8460078051459758,0.8164999999999999,0.0889291341327176,0.7738226558300467,0.6848935216973291,0.9464756944444445,0.9415495135346326,0.9415495135346326,0.5646768697729367,0.6907729931618325,,0.9110708658672824,0.4,0.2,0.4,COMPLETE
15,0.5543405127412828,2026-09-04 16:55:05.596718,2026-09-04 16:56:59.057354,0 days 00:01:53.460636,100,"[512, 512, 512]",300,1.941371473196125e-05,128,100,0.8941856310247454,1.7558871573106187,0.0,0.8586553155123726,0.8231249999999999,0.12477235972092708,0.7738226558300467,0.6490502961091197,0.9638194444444443,0.9528212478191485,0.9528212478191485,0.5543405127412828,0.6960633478764777,,0.875227640279073,0.4,0.2,0.4,COMPLETE
16,0.5103476544343017,2026-09-04 16:56:59.057814,2026-09-04 16:58:38.087577,0 days 00:01:39.029763,500,"[512, 512, 512]",250,4.623135797746441e-05,32,100,0.8065729418029439,1.8290319057640059,0.0,0.835973970901472,0.865375,0.2080254366032246,0.7738226558300467,0.5657972192268221,0.9830208333333332,0.9578387341389341,0.9578387341389341,0.5103476544343017,0.7041587964249865,,0.7919745633967754,0.4,0.2,0.4,COMPLETE
17,0.5488107341596802,2026-09-04 16:58:38.088126,2026-09-04 17:05:00.466612,0 days 00:06:22.378486,500,"[512, 512, 512]",275,1.5736815742826823e-05,128,100,0.8849286474224669,1.5468854667917222,0.0,0.8640268237112334,0.843125,0.14261653544948524,0.7738226558300467,0.6312061203805616,0.9696180555555556,0.9534737401756082,0.9534737401756082,0.5488107341596802,0.6987669057250954,,0.8573834645505147,0.4,0.2,0.4,COMPLETE
18,0.5528233058330847,2026-09-04 17:05:00.467112,2026-09-04 17:06:11.661267,0 days 00:01:11.194155,100,"[512, 512, 512]",200,5.162428590216523e-05,128,100,0.8516119282457635,1.7309894107140922,0.0,0.8646809641228818,0.87775,0.13495078106584033,0.7738226558300467,0.6388718747642065,0.96390625,0.9553642935044673,0.9553642935044673,0.5528233058330847,0.6953438369486598,,0.8650492189341596,0.4,0.2,0.4,COMPLETE
19,0.4986021883064016,2026-09-04 17:06:11.661692,2026-09-04 17:06:49.384871,0 days 00:00:37.723179,50,"[512, 512, 512]",250,3.6333669424752447e-06,32,100,0.6944398557757672,2.0524504347191552,0.0,0.7526574278878836,0.810875,0.15254538915673288,0.7738226558300467,0.6212772666733138,0.9885937499999999,0.9569457968990216,0.9569457968990216,0.4986021883064016,0.7072131359302936,,0.8474546108432671,0.4,0.2,0.4,COMPLETE
