number,value,datetime_start,datetime_complete,duration,params_batch_size,params_epochs,params_hidden_dim,params_lambda_gp,params_latent_dim,params_lr,params_n_critic,user_attrs_corr_similarity,user_attrs_dcr,user_attrs_dcr_norm,user_attrs_fidelity,user_attrs_ks_similarity,user_attrs_mean_f1_gap,user_attrs_mean_trtr_f1,user_attrs_mean_tstr_f1,user_attrs_mia_auc,user_attrs_nndr,user_attrs_nndr_norm,user_attrs_objective,user_attrs_privacy_risk,user_attrs_sdv_quality,user_attrs_utility,user_attrs_w_fidelity,user_attrs_w_privacy_risk,user_attrs_w_utility,state
0,0.602657279773001,2026-09-02 18:28:26.597408,2026-09-02 18:28:57.438445,0 days 00:00:30.841037,32,900,128,5.034443102887247,128,0.00044447541666908124,9,0.9492567374195582,1.4908354479869783,0.0,0.9350971187097791,0.9209375,0.1164548603627031,0.32320184383699385,0.20674698347429074,0.8053993055555555,0.9290051164954365,0.9290051164954365,0.602657279773001,0.6239981178291468,,0.8835451396372969,0.4,0.2,0.4,COMPLETE
1,0.49602875438643224,2026-09-02 18:28:57.438809,2026-09-02 18:29:03.181857,0 days 00:00:05.743048,128,500,256,10.770454329858621,64,0.0002157696745589684,2,0.7441520209484983,1.803327463952586,0.0,0.7459822604742492,0.7478125000000001,0.1481420633304464,0.32320184383699385,0.17505978050654744,0.9961111111111111,0.9417297773337037,0.9417297773337037,0.49602875438643224,0.7155366223554445,,0.8518579366695536,0.4,0.2,0.4,COMPLETE
2,0.5040300851606092,2026-09-02 18:29:03.182079,2026-09-02 18:29:16.501308,0 days 00:00:13.319229,64,1300,256,10.408361292114133,64,5.595074635794791e-05,2,0.7708956020211812,1.7029884401760953,0.0,0.6394582176772572,0.5080208333333333,0.026365351108438073,0.32320184383699385,0.2968364927285558,1.0,0.9798823088846902,0.9798823088846902,0.5040300851606092,0.7060353073345929,,0.9736346488915619,0.4,0.2,0.4,COMPLETE
3,0.45402793771557914,2026-09-02 18:29:16.501622,2026-09-02 18:29:21.401233,0 days 00:00:04.899611,32,200,64,18.51561046543922,64,0.0003313483615508946,6,0.6099001797753636,1.0301219786685705,0.0,0.5765646732210151,0.5432291666666667,0.07472138806380388,0.32320184383699385,0.24848045577318997,0.9998437500000001,0.8879166442115791,0.8879166442115791,0.45402793771557914,0.7335468817365263,,0.9252786119361961,0.4,0.2,0.4,COMPLETE
4,0.23805612593265804,2026-09-02 18:29:21.401530,2026-09-02 18:29:24.294458,0 days 00:00:02.892928,256,300,128,19.75085179540983,64,0.0002306261812167793,1,0.3759528790646709,17.762170233327858,0.0,0.2708410228656688,0.16572916666666668,0.32320184383699385,0.32320184383699385,0.0,1.0,0.9833409053531343,0.9833409053531343,0.23805612593265804,0.7049977283940596,,0.6767981561630061,0.4,0.2,0.4,COMPLETE
5,0.6118185461913598,2026-09-02 18:29:24.294744,2026-09-02 18:29:56.345024,0 days 00:00:32.050280,128,1600,256,2.207608655434449,64,0.0001145420156259939,4,0.9540837930421612,1.4405649285313409,0.0,0.9425627298544139,0.9310416666666668,0.11089262365607833,0.32320184383699385,0.2123092201809155,0.7693923611111112,0.9348289970522771,0.9348289970522771,0.6118185461913598,0.6042474814398725,,0.8891073763439217,0.4,0.2,0.4,COMPLETE
6,0.5055050128925787,2026-09-02 18:29:56.345342,2026-09-02 18:30:16.856378,0 days 00:00:20.511036,256,700,256,9.123279348812442,128,6.90150658179192e-05,6,0.7455278371494787,1.3394881139159285,0.0,0.7681285019080728,0.7907291666666668,0.1568311012091738,0.32320184383699385,0.16637074262782003,0.9571006944444445,0.944935367624391,0.944935367624391,0.5055050128925787,0.6950697369349049,,0.8431688987908262,0.4,0.2,0.4,COMPLETE
7,0.37441646762058156,2026-09-02 18:30:16.856682,2026-09-02 18:30:19.911313,0 days 00:00:03.054631,128,200,128,4.0632044578260835,64,1.3514082247401414e-05,3,0.7625422996318715,0.9626147478034914,0.0,0.625541983149269,0.48854166666666665,0.32320184383699385,0.32320184383699385,0.0,1.0,0.8913401982611913,0.8913401982611913,0.37441646762058156,0.7325979405216427,,0.6767981561630061,0.4,0.2,0.4,COMPLETE
8,0.2858145441303441,2026-09-02 18:30:19.911526,2026-09-02 18:30:46.018385,0 days 00:00:26.106859,128,1900,128,9.11504798389887,64,1.5380658115982014e-05,3,0.49600961146050815,1.91166784849766,0.0,0.4048277223969208,0.31364583333333335,0.32320184383699385,0.32320184383699385,0.0,1.0,0.886069878439555,0.886069878439555,0.2858145441303441,0.7341790364681335,,0.6767981561630061,0.4,0.2,0.4,COMPLETE
9,0.5278797646947297,2026-09-02 18:30:46.018630,2026-09-02 18:31:19.037790,0 days 00:00:33.019160,32,1700,64,19.463859571698254,128,0.00015646172845245517,4,0.7469727362934664,1.6991134657684794,0.0,0.7748405348133999,0.8027083333333334,0.10143716262354914,0.32320184383699385,0.2217646812134447,0.9831944444444445,0.9472976710538968,0.9472976710538968,0.5278797646947297,0.7074079209060531,,0.8985628373764508,0.4,0.2,0.4,COMPLETE
10,0.5774413305625127,2026-09-02 18:31:19.038176,2026-09-02 18:32:10.525120,0 days 00:00:51.486944,64,1200,256,1.2963011935106667,32,3.659385896602568e-05,10,0.9279833512077643,1.654524100135093,0.0,0.9147729256038822,0.9015625000000002,0.14548576308664643,0.32320184383699385,0.1777160807503474,0.86375,0.9350244259269731,0.9350244259269731,0.5774413305625127,0.6513676722219082,,0.8545142369133536,0.4,0.2,0.4,COMPLETE
11,0.5614615588366088,2026-09-02 18:32:10.525543,2026-09-02 18:32:55.717097,0 days 00:00:45.191554,32,1000,128,4.6827972770746324,128,0.00011120357873223684,10,0.8990343283224888,1.688056583342234,0.0,0.8820171641612443,0.8649999999999999,0.14192833283384945,0.32320184383699385,0.18127351100314437,0.9100868055555554,0.9405784476867728,0.9405784476867728,0.5614615588366088,0.6728698684717459,,0.8580716671661506,0.4,0.2,0.4,COMPLETE
12,0.6248990602213692,2026-09-02 18:32:55.717390,2026-09-02 18:33:49.747226,0 days 00:00:54.029836,32,1500,256,5.470653548653022,32,0.0003850035490253294,8,0.9604715419167712,1.3613760171413476,0.0,0.9446107709583855,0.92875,0.0811362353967265,0.32320184383699385,0.24206560844026734,0.7635763888888888,0.9311147480932411,0.9311147480932411,0.6248990602213692,0.602453770016472,,0.9188637646032735,0.4,0.2,0.4,COMPLETE
13,0.6289022295016922,2026-09-02 18:33:49.747539,2026-09-02 18:34:41.035543,0 days 00:00:51.288004,128,1600,256,1.4493187008331718,32,0.0004856923377552037,7,0.9554174013638322,1.3303449433753822,0.0,0.9391670340152495,0.9229166666666667,0.06644421260638622,0.32320184383699385,0.25675763123060763,0.7586805555555556,0.9280192748950407,0.9280192748950407,0.6289022295016922,0.6009344953092657,,0.9335557873936138,0.4,0.2,0.4,COMPLETE
14,0.6148600223180355,2026-09-02 18:34:41.035932,2026-09-02 18:35:26.524283,0 days 00:00:45.488351,128,1400,256,6.932463782520211,32,0.00042070933590397305,7,0.959839549054546,1.332240076298969,0.0,0.948982274527273,0.938125,0.11403197866634318,0.32320184383699385,0.20916986517065064,0.7513194444444443,0.9335308069684661,0.9335308069684661,0.6148600223180355,0.5956004801316823,,0.8859680213336568,0.4,0.2,0.4,COMPLETE
15,0.6163039228236622,2026-09-02 18:35:26.524736,2026-09-02 18:36:31.570529,0 days 00:01:05.045793,32,2000,256,13.961216051523387,32,0.0004922695681401978,8,0.955529855616677,1.4097240401529307,0.0,0.9362545111416719,0.9169791666666668,0.08514314819135753,0.32320184383699385,0.2380586956456363,0.8008854166666667,0.9324653218367187,0.9324653218367187,0.6163039228236622,0.6207031117823177,,0.9148568518086425,0.4,0.2,0.4,COMPLETE
16,0.6175875424298012,2026-09-02 18:36:31.570886,2026-09-02 18:37:19.845747,0 days 00:00:48.274861,64,1600,256,3.3188443092776736,32,0.00026430083190811507,7,0.9520238647419053,1.3652802681670173,0.0,0.9417410990376194,0.9314583333333334,0.09201224464336755,0.32320184383699385,0.23118959919362628,0.7809375000000001,0.9298291778683412,0.9298291778683412,0.6175875424298012,0.6115199966394977,,0.9079877553566325,0.4,0.2,0.4,COMPLETE
17,0.6274496148685623,2026-09-02 18:37:19.845979,2026-09-02 18:38:17.423148,0 days 00:00:57.577169,256,1800,64,6.286862005016046,32,0.00017892746720188352,8,0.9549869467978597,1.4738322842972205,0.0,0.9459830567322631,0.9369791666666666,0.07828268540066505,0.32320184383699385,0.24491915843632875,0.7573784722222223,0.9351218926357543,0.9351218926357543,0.6274496148685623,0.5981526683203848,,0.9217173145993349,0.4,0.2,0.4,COMPLETE
18,0.5935087017064687,2026-09-02 18:38:17.423558,2026-09-02 18:39:06.583095,0 days 00:00:49.159537,256,1800,64,6.955705467022533,32,0.00014702756370213983,6,0.9253264601506656,1.5598390233407762,0.0,0.9291215634086661,0.9329166666666667,0.13545887059781336,0.32320184383699385,0.18774297323918043,0.8047569444444445,0.9419886504428681,0.9419886504428681,0.5935087017064687,0.6197818770893618,,0.8645411294021866,0.4,0.2,0.4,COMPLETE
19,0.577246862858085,2026-09-02 18:39:06.583639,2026-09-02 18:40:20.478722,0 days 00:01:13.895083,256,2000,64,13.420482701038729,32,7.28137309503153e-05,8,0.8801180505211545,1.5126663001689562,0.0,0.8813090252605773,0.8825000000000002,0.09560951315399042,0.32320184383699385,0.2275923306830034,0.9336631944444445,0.9388896243315787,0.9388896243315787,0.577246862858085,0.6851647099227487,,0.9043904868460095,0.4,0.2,0.4,COMPLETE
