number,value,datetime_start,datetime_complete,duration,params_batch_size,params_epochs,params_hidden_dim,params_lambda_gp,params_latent_dim,params_lr,params_n_critic,user_attrs_corr_similarity,user_attrs_dcr,user_attrs_dcr_norm,user_attrs_fidelity,user_attrs_ks_similarity,user_attrs_mean_f1_gap,user_attrs_mean_trtr_f1,user_attrs_mean_tstr_f1,user_attrs_mia_auc,user_attrs_nndr,user_attrs_nndr_norm,user_attrs_objective,user_attrs_privacy_risk,user_attrs_sdv_quality,user_attrs_utility,user_attrs_w_fidelity,user_attrs_w_privacy_risk,user_attrs_w_utility,state
0,0.5937062298018099,2026-09-09 14:25:18.320036,2026-09-09 14:25:41.752951,0 days 00:00:23.432915,32,900,128,5.034443102887247,128,0.00044447541666908124,9,0.9509858375513354,0.9853662570575008,0.0,0.8910466647040064,0.8311074918566774,0.041994018843313885,-1.8295449815845748,-1.8715390004278887,1.0,0.9014195242922133,0.9014195242922133,0.5937062298018099,0.7295741427123361,,0.9580059811566861,0.4,0.2,0.4,COMPLETE
1,0.5667188550581252,2026-09-09 14:25:41.753206,2026-09-09 14:25:45.423215,0 days 00:00:03.670009,128,500,256,10.770454329858621,64,0.0002157696745589684,2,0.8674036319467415,1.5394931124256956,0.0,0.7746627280254881,0.6819218241042345,-0.7084101887218615,-1.8295449815845748,-1.1211347928627133,1.0,0.9475627307988341,0.9475627307988341,0.5667188550581252,0.7157311807603497,,1.0,0.4,0.2,0.4,COMPLETE
2,0.4625252354413474,2026-09-09 14:25:45.423447,2026-09-09 14:25:54.380390,0 days 00:00:08.956943,64,1300,256,10.408361292114133,64,5.595074635794791e-05,2,0.5110648338552612,1.5907157914918795,0.0,0.5131871400546664,0.5153094462540716,-1.7948208892976951,-1.8295449815845748,-0.03472409228687967,1.0,0.9541729903246798,0.9541729903246798,0.4625252354413474,0.713748102902596,,1.0,0.4,0.2,0.4,COMPLETE
3,0.2391318733259095,2026-09-09 14:25:54.380775,2026-09-09 14:25:58.113514,0 days 00:00:03.732739,32,200,64,18.51561046543922,64,0.0003313483615508946,6,0.7417082381550922,0.754677910679463,0.0,0.6196326207062106,0.497557003257329,0.6431616009721344,-1.8295449815845748,-2.472706582556709,1.0,0.8090577572046507,0.8090577572046507,0.2391318733259095,0.7572826728386048,,0.3568383990278656,0.4,0.2,0.4,COMPLETE
4,-0.09715808197143996,2026-09-09 14:25:58.113735,2026-09-09 14:25:59.615697,0 days 00:00:01.501962,256,300,128,19.75085179540983,64,0.0002306261812167793,1,0.13789183705405872,11.59669091820847,0.0,0.10738240061171991,0.07687296416938111,11.270846950284483,-1.8295449815845748,-13.100391931869058,1.0,0.9981492963978676,0.9981492963978676,-0.09715808197143996,0.7005552110806397,,0.0,0.4,0.2,0.4,COMPLETE
5,0.5251426871909649,2026-09-09 14:25:59.615916,2026-09-09 14:26:19.322353,0 days 00:00:19.706437,128,1600,256,2.207608655434449,64,0.0001145420156259939,4,0.9468471959089693,0.932528911820784,0.0,0.8820555197785889,0.8172638436482085,0.2038473209746403,-1.8295449815845748,-2.033392302559215,1.0,0.8976567944897568,0.8976567944897568,0.5251426871909649,0.7307029616530729,,0.7961526790253597,0.4,0.2,0.4,COMPLETE
6,0.318998593134324,2026-09-09 14:26:19.322584,2026-09-09 14:26:31.977159,0 days 00:00:12.654575,256,700,256,9.123279348812442,128,6.90150658179192e-05,6,0.7856250192317942,1.3488907040831553,0.0,0.763496548703845,0.7413680781758958,0.6066278221313373,-1.8295449815845748,-2.436172803715912,1.0,0.9375183750886809,0.9375183750886809,0.318998593134324,0.7187444874733957,,0.39337217786866274,0.4,0.2,0.4,COMPLETE
7,0.47779618146508535,2026-09-09 14:26:31.977387,2026-09-09 14:26:34.123829,0 days 00:00:02.146442,128,200,128,4.0632044578260835,64,1.3514082247401414e-05,3,0.5795271383808145,1.7826143705068778,0.0,0.5514085203304724,0.5232899022801303,-0.5641368227770709,-1.8295449815845748,-1.265408158807504,1.0,0.9538795555482724,0.9538795555482724,0.47779618146508535,0.7138361333355183,,1.0,0.4,0.2,0.4,COMPLETE
8,0.5029465536394727,2026-09-09 14:26:34.124068,2026-09-09 14:26:51.952040,0 days 00:00:17.827972,128,1900,128,9.11504798389887,64,1.5380658115982014e-05,3,0.8060052544375691,0.8555178454081259,0.0,0.6205922037660159,0.43517915309446253,-0.16934757356583585,-1.8295449815845748,-1.660197408018739,1.0,0.9118278688844397,0.9118278688844397,0.5029465536394727,0.726451639334668,,1.0,0.4,0.2,0.4,COMPLETE
9,0.13207618169560223,2026-09-09 14:26:51.952257,2026-09-09 14:27:12.524162,0 days 00:00:20.571905,32,1700,64,19.463859571698254,128,0.00015646172845245517,4,0.7287450472202222,1.4769840734749464,0.0,0.6892910903853554,0.6498371335504887,2.518892078396286,-1.8295449815845748,-4.348437059980861,1.0,0.939329092357668,0.939329092357668,0.13207618169560223,0.7182012722926996,,0.0,0.4,0.2,0.4,COMPLETE
10,0.22906692536931722,2026-09-09 14:27:12.524376,2026-09-09 14:27:40.397545,0 days 00:00:27.873169,32,1000,128,14.876971008933179,32,3.085303885624063e-05,10,0.6563654090319508,1.0650241827192173,0.0,0.5849416621706985,0.5135179153094462,0.64305102912699,-1.8295449815845748,-2.4725960107115648,1.0,0.8718445358638973,0.8718445358638973,0.22906692536931722,0.7384466392408309,,0.35694897087301003,0.4,0.2,0.4,COMPLETE
11,0.5858675923127935,2026-09-09 14:27:40.397777,2026-09-09 14:28:00.913517,0 days 00:00:20.515740,64,800,256,5.9556928202275055,128,0.0004044849285259279,9,0.9407114994730528,0.8721723753988483,0.0,0.8916098213977641,0.8425081433224756,0.0594895278088714,-1.8295449815845748,-1.8890345093934462,1.0,0.8836579146206076,0.8836579146206076,0.5858675923127935,0.7349026256138178,,0.9405104721911286,0.4,0.2,0.4,COMPLETE
12,0.517413413183293,2026-09-09 14:28:00.913741,2026-09-09 14:28:26.616443,0 days 00:00:25.702702,64,900,256,5.421714341780287,128,0.00043015620525264827,10,0.9517447356702202,0.7626776447584043,0.0,0.8907746479654033,0.8298045602605862,0.22495108007036757,-1.8295449815845748,-2.0544960616549424,1.0,0.8513997670879789,0.8513997670879789,0.517413413183293,0.7445800698736063,,0.7750489199296324,0.4,0.2,0.4,COMPLETE
13,0.5404490528085644,2026-09-09 14:28:26.616660,2026-09-09 14:28:53.397419,0 days 00:00:26.780759,64,1200,128,5.315641221366691,128,0.0004883897059650897,8,0.9430300855525567,0.7273350535614389,0.0,0.9005052707893076,0.8579804560260585,0.17588847980630096,-1.8295449815845748,-2.0054334613908757,1.0,0.8433722735893617,0.8433722735893617,0.5404490528085644,0.7469883179231915,,0.824111520193699,0.4,0.2,0.4,COMPLETE
14,0.4564655932468591,2026-09-09 14:28:53.397632,2026-09-09 14:29:09.226155,0 days 00:00:15.828523,64,700,64,6.932463782520211,128,0.00029113793894752397,8,0.9486382889820777,1.1304663697256394,0.0,0.8783093725040682,0.8079804560260586,0.3743622262078272,-1.8295449815845748,-2.203907207792402,1.0,0.914778912139377,0.914778912139377,0.4564655932468591,0.7255663263581869,,0.6256377737921728,0.4,0.2,0.4,COMPLETE
15,0.5639162953901631,2026-09-09 14:29:09.226374,2026-09-09 14:29:36.939408,0 days 00:00:27.713034,32,1200,256,1.6885160742780467,32,0.0004922695681401978,8,0.9522227777073249,0.7185086556101807,0.0,0.8963882618178318,0.8405537459283388,0.11105226885903807,-1.8295449815845748,-1.9405972504436129,1.0,0.8296983034440927,0.8296983034440927,0.5639162953901631,0.7510905089667721,,0.8889477311409619,0.4,0.2,0.4,COMPLETE
16,0.5976581497124598,2026-09-09 14:29:36.939628,2026-09-09 14:29:59.498181,0 days 00:00:22.558553,64,900,128,12.994723058775767,128,0.00013314588368132713,9,0.895856657254642,1.21511964206115,0.0,0.8548501527315555,0.8138436482084691,-0.023720912431265617,-1.8295449815845748,-1.8058240691533092,1.0,0.9286348103306259,0.9286348103306259,0.5976581497124598,0.7214095569008123,,1.0,0.4,0.2,0.4,COMPLETE
17,0.492470411225326,2026-09-09 14:29:59.498407,2026-09-09 14:30:08.339212,0 days 00:00:08.840805,32,500,128,14.018592437648344,128,9.76491609872133e-05,6,0.7085823371621427,1.4669573363692847,0.0,0.5928905171152733,0.4771986970684039,-1.3043819391641533,-1.8295449815845748,-0.5251630424204214,1.0,0.9219034063202761,0.9219034063202761,0.492470411225326,0.7234289781039172,,1.0,0.4,0.2,0.4,COMPLETE
18,0.4924180528787618,2026-09-09 14:30:08.339426,2026-09-09 14:30:28.511708,0 days 00:00:20.172282,256,1000,128,13.664177146846658,128,3.371723902711669e-05,7,0.6215665459427605,1.2574484493705649,0.0,0.5883891361635627,0.5552117263843648,-0.9619762085529264,-1.8295449815845748,-0.8675687730316484,1.0,0.9510399735556117,0.9510399735556117,0.4924180528787618,0.7146880079333164,,1.0,0.4,0.2,0.4,COMPLETE
19,0.5411610337097135,2026-09-09 14:30:28.511950,2026-09-09 14:31:03.729891,0 days 00:00:35.217941,32,1400,128,16.465880405978798,32,0.00014850331937371893,9,0.9567507673288107,1.1115980453178969,0.0,0.8884731035341121,0.8201954397394136,0.17237844155220472,-1.8295449815845748,-2.0019234231367795,1.0,0.9120528152825083,0.9120528152825083,0.5411610337097135,0.7263841554152475,,0.8276215584477953,0.4,0.2,0.4,COMPLETE
