number,value,datetime_start,datetime_complete,duration,params_batch_size,params_class_dim,params_epochs,params_l2scale,params_num_channels,params_random_dim,user_attrs_corr_similarity,user_attrs_dcr,user_attrs_dcr_norm,user_attrs_fidelity,user_attrs_ks_similarity,user_attrs_mean_f1_gap,user_attrs_mean_trtr_f1,user_attrs_mean_tstr_f1,user_attrs_mia_auc,user_attrs_nndr,user_attrs_nndr_norm,user_attrs_objective,user_attrs_privacy_risk,user_attrs_sdv_quality,user_attrs_utility,user_attrs_w_fidelity,user_attrs_w_privacy_risk,user_attrs_w_utility,state
0,0.31087773318954187,2026-08-20 10:38:33.197745,2026-08-20 10:38:45.663509,0 days 00:00:12.465764,50,"[256, 256, 256, 256]",175,2.6587543983272713e-06,32,50,0.8092657354548534,2.2331207484345565,0.0,0.7099332210843172,0.610600706713781,0.5731549687407073,0.9411162314388121,0.3679612626981048,0.9979238754325259,0.9326469965891746,0.9326469965891746,0.31087773318954187,0.7191678387395106,,0.42684503125929274,0.4,0.2,0.4,COMPLETE
1,0.4922576363591394,2026-08-20 10:38:45.663917,2026-08-20 10:40:08.672626,0 days 00:01:23.008709,500,"[256, 256, 256, 256]",125,1.0677482709481361e-05,128,150,0.8205504350008495,2.081277489103494,0.0,0.783420093825513,0.7462897526501766,0.19534212901490097,0.9411162314388121,0.7457741024239111,0.9993079584775086,0.9492874380440894,0.9492874380440894,0.4922576363591394,0.7148677478255274,,0.804657870985099,0.4,0.2,0.4,COMPLETE
2,0.31987901411297526,2026-08-20 10:40:08.673040,2026-08-20 10:40:23.111717,0 days 00:00:14.438677,100,"[128, 128, 128]",225,9.780337016659406e-06,32,150,0.8143599680012765,2.0788917349716245,0.0,0.769017439831027,0.7236749116607774,0.6108118243511246,0.9411162314388121,0.33030440708768743,0.9994463667820069,0.9423567433202498,0.9423567433202498,0.31987901411297526,0.7170161603949285,,0.3891881756488754,0.4,0.2,0.4,COMPLETE
3,0.4551104777197896,2026-08-20 10:40:23.112075,2026-08-20 10:40:30.862537,0 days 00:00:07.750462,50,"[128, 128, 128]",100,6.97828126512603e-05,64,150,0.8097003754945504,2.349639929471902,0.0,0.7550268661925049,0.7003533568904594,0.2599980130071608,0.9411162314388121,0.6811182184316512,0.9994463667820069,0.950726218730878,0.950726218730878,0.4551104777197896,0.71450531777174,,0.7400019869928391,0.4,0.2,0.4,COMPLETE
4,0.46108442859872,2026-08-20 10:40:30.862913,2026-08-20 10:41:37.553341,0 days 00:01:06.690428,500,"[256, 256, 256, 256]",100,9.413993046829939e-05,128,150,0.8461944246668671,1.8863623345902911,0.0,0.7651466822980979,0.6840989399293286,0.2526821502748663,0.9411162314388121,0.6884340811639458,0.9988927335640139,0.9331314857638127,0.9331314857638127,0.46108442859872,0.7195069210528631,,0.7473178497251337,0.4,0.2,0.4,COMPLETE
5,0.5332858757657739,2026-08-20 10:41:37.553696,2026-08-20 10:42:32.773923,0 days 00:00:55.220227,500,"[128, 128, 128]",250,1.3400367243354813e-06,64,150,0.8515655477381102,1.8328096355131753,0.0,0.7985742933036841,0.7455830388692579,0.105613810131306,0.9411162314388121,0.8355024213075061,0.9970934256055364,0.9301837509562708,0.9301837509562708,0.5332858757657739,0.7194915875158869,,0.894386189868694,0.4,0.2,0.4,COMPLETE
6,0.46929664556562334,2026-08-20 10:42:32.774365,2026-08-20 10:42:45.967708,0 days 00:00:13.193343,100,"[128, 128, 128]",150,7.1627869998973385e-06,64,50,0.8349052178369902,1.9842372087152107,0.0,0.7902441283531241,0.7455830388692579,0.25778289810547866,0.9411162314388121,0.6833333333333332,0.9990311418685122,0.9369211275569379,0.9369211275569379,0.46929664556562334,0.7184392326671747,,0.7422171018945214,0.4,0.2,0.4,COMPLETE
7,0.4582999091807026,2026-08-20 10:42:45.968078,2026-08-20 10:43:51.911965,0 days 00:01:05.943887,500,"[512, 512, 512]",100,2.101079931010356e-06,128,150,0.8288273360032631,1.9405556005613545,0.0,0.7743076609344938,0.7197879858657245,0.2676823855911731,0.9411162314388121,0.6734338458476389,0.9980622837370242,0.9242671236179458,0.9242671236179458,0.4582999091807026,0.7217510047831284,,0.7323176144088269,0.4,0.2,0.4,COMPLETE
8,0.5200766787463273,2026-08-20 10:43:51.912326,2026-08-20 10:47:02.771471,0 days 00:03:10.859145,500,"[128, 128, 128]",300,7.1485107935129825e-06,128,150,0.8509610134880168,1.944359498060033,0.0,0.7530423441998388,0.6551236749116608,0.09039560130641718,0.9411162314388121,0.8507206301323947,0.9970934256055364,0.9121220691585392,0.9121220691585392,0.5200766787463273,0.7249100920552065,,0.9096043986935828,0.4,0.2,0.4,COMPLETE
9,0.521277804827926,2026-08-20 10:47:02.771853,2026-08-20 10:47:23.988670,0 days 00:00:21.216817,50,"[256, 256, 256, 256]",275,8.781408196485981e-05,64,50,0.8493139787075474,1.959184987194389,0.0,0.7933849045481199,0.7374558303886924,0.1304500457726264,0.9411162314388121,0.8106661856661855,0.9972318339100346,0.9304507451455313,0.9304507451455313,0.521277804827926,0.719480693411358,,0.8695499542273736,0.4,0.2,0.4,COMPLETE
10,0.5406768500296114,2026-08-20 10:47:23.989059,2026-08-20 10:48:15.622113,0 days 00:00:51.633054,500,"[512, 512, 512]",225,2.9268245473084264e-05,64,100,0.8577277293407206,1.8354208257582338,0.0,0.7903479636102897,0.7229681978798588,0.07902372418501451,0.9411162314388121,0.8620925072537976,0.9959861591695501,0.9290961696076053,0.9290961696076053,0.5406768500296114,0.7192642287024935,,0.9209762758149855,0.4,0.2,0.4,COMPLETE
11,0.5374123427083555,2026-08-20 10:48:15.622336,2026-08-20 10:49:07.753827,0 days 00:00:52.131491,500,"[512, 512, 512]",225,1.0529049667686124e-06,64,100,0.8560889902828754,1.8876932635850914,0.0,0.792885484540731,0.7296819787985867,0.08819114726372786,0.9411162314388121,0.8529250841750842,0.9944636678200691,0.9163495763260158,0.9163495763260158,0.5374123427083555,0.7223269610122298,,0.9118088527362721,0.4,0.2,0.4,COMPLETE
12,0.4187491074010784,2026-08-20 10:49:07.754192,2026-08-20 10:49:53.629383,0 days 00:00:45.875191,500,"[512, 512, 512]",200,3.429667321326442e-05,64,100,0.8152947783004587,2.1259868468726193,0.0,0.7890961524011127,0.7628975265017668,0.3822081854618005,0.9411162314388121,0.5589080459770115,0.9997231833910034,0.9327706494075618,0.9327706494075618,0.4187491074010784,0.7200303968732331,,0.6177918145381995,0.4,0.2,0.4,COMPLETE
13,0.5147234558852363,2026-08-20 10:49:53.629796,2026-08-20 10:50:45.219804,0 days 00:00:51.590008,500,"[512, 512, 512]",225,2.617897794821807e-05,64,100,0.8314435427119249,2.0816940105027633,0.0,0.756534492204019,0.6816254416961132,0.11044847200392931,0.9411162314388121,0.8306677594348827,0.9970934256055363,0.9333065060958984,0.9333065060958984,0.5147234558852363,0.7185547609739986,,0.8895515279960707,0.4,0.2,0.4,COMPLETE
14,0.5167559962817312,2026-08-20 10:50:45.220169,2026-08-20 10:51:31.551642,0 days 00:00:46.331473,500,"[512, 512, 512]",200,1.0341277779960915e-06,64,100,0.8735514023460079,1.8474350081951036,0.0,0.7820053831518026,0.6904593639575973,0.12982626778626402,0.9411162314388121,0.811289963652548,0.9959861591695502,0.924716100874514,0.924716100874514,0.5167559962817312,0.7205782493224209,,0.870173732213736,0.4,0.2,0.4,COMPLETE
15,0.415485622203838,2026-08-20 10:51:31.552008,2026-08-20 10:51:56.409499,0 days 00:00:24.857491,100,"[512, 512, 512]",250,3.889969321189194e-06,64,100,0.8258009056239648,2.0302772189312823,0.0,0.7600735976883075,0.6943462897526501,0.36291517323775385,0.9411162314388121,0.5782010582010582,0.998477508650519,0.9411667214778068,0.9411667214778068,0.415485622203838,0.7168887378819175,,0.6370848267622462,0.4,0.2,0.4,COMPLETE
16,0.3212116619531805,2026-08-20 10:51:56.409870,2026-08-20 10:52:19.044048,0 days 00:00:22.634178,500,"[512, 512, 512]",175,2.2266588618651386e-05,32,100,0.807976009368018,1.9598766646857306,0.0,0.7396770506204049,0.6713780918727916,0.5766066669292474,0.9411162314388121,0.36450956450956457,1.0,0.9330584746119579,0.9330584746119579,0.3212116619531805,0.7200824576164127,,0.42339333307075255,0.4,0.2,0.4,COMPLETE
17,0.5617329248123872,2026-08-20 10:52:19.044422,2026-08-20 10:53:27.519192,0 days 00:01:08.474770,500,"[512, 512, 512]",300,3.8841029111263716e-05,64,100,0.8742043373826884,1.8679779619244612,0.0,0.7899290238150192,0.7056537102473499,0.02476988280124892,0.9411162314388121,0.9163463486375631,0.999031141868512,0.9262063765621732,0.9262063765621732,0.5617329248123872,0.7216536579656041,,0.9752301171987511,0.4,0.2,0.4,COMPLETE
18,0.4239998862941432,2026-08-20 10:53:27.519562,2026-08-20 10:53:57.150189,0 days 00:00:29.630627,100,"[512, 512, 512]",300,4.065950206074021e-05,64,100,0.806457203194512,2.04686077672829,0.0,0.7631225945301181,0.7197879858657243,0.3443980193500937,0.9411162314388121,0.5967182120887183,0.9975086505190311,0.9376820212339446,0.9376820212339446,0.4239998862941432,0.7174497188893323,,0.6556019806499063,0.4,0.2,0.4,COMPLETE
19,0.4019325743661998,2026-08-20 10:53:57.150552,2026-08-20 10:54:14.686245,0 days 00:00:17.535693,50,"[512, 512, 512]",275,1.627211162919265e-05,32,100,0.8424878261681543,1.961475623333658,0.0,0.7784877293384941,0.7144876325088338,0.4163299066524872,0.9411162314388121,0.5247863247863248,0.9910034602076124,0.9361631885426365,0.9361631885426365,0.4019325743661998,0.7146527735410153,,0.5836700933475127,0.4,0.2,0.4,COMPLETE
