number,value,datetime_start,datetime_complete,duration,params_batch_size,params_default_distribution,params_discriminator_dim,params_discriminator_lr,params_epochs,params_generator_dim,params_generator_lr,params_pac,user_attrs_corr_similarity,user_attrs_dcr,user_attrs_dcr_norm,user_attrs_fidelity,user_attrs_ks_similarity,user_attrs_mean_f1_gap,user_attrs_mean_trtr_f1,user_attrs_mean_tstr_f1,user_attrs_mia_auc,user_attrs_nndr,user_attrs_nndr_norm,user_attrs_objective,user_attrs_privacy_risk,user_attrs_sdv_quality,user_attrs_utility,user_attrs_w_fidelity,user_attrs_w_privacy_risk,user_attrs_w_utility,state
0,0.45573862448014035,2026-09-04 11:43:09.950111,2026-09-04 11:44:44.513468,0 days 00:01:34.563357,100,norm,"[256, 256, 256]",2.0511104188433963e-05,350,"[256, 256]",2.0513382630874486e-05,1,0.8315546038168861,4.233263690233612,0.0,0.8850164323432256,0.9384782608695651,0.39353647175651946,0.978122937921933,0.5845864661654135,0.9971527777777778,0.9810319670539276,0.9810319670539276,0.45573862448014035,0.7042667987727107,,0.6064635282434805,0.4,0.2,0.4,COMPLETE
1,0.47403502611599146,2026-09-04 11:44:44.513918,2026-09-04 11:46:02.696337,0 days 00:01:18.182419,100,beta,"[256, 256, 256]",8.168455894760161e-05,300,"[128, 128]",5.4041038546473305e-05,10,0.8346818260451432,3.8816920690218266,0.0,0.8979387391095282,0.961195652173913,0.36037008746467997,0.978122937921933,0.6177528504572529,0.9982118055555556,0.9804791002267943,0.9804791002267943,0.47403502611599146,0.7049621727097395,,0.63962991253532,0.4,0.2,0.4,COMPLETE
2,0.4362020806891357,2026-09-04 11:46:02.696749,2026-09-04 11:46:25.917900,0 days 00:00:23.221151,500,norm,"[256, 256]",0.000658628931758311,600,"[256, 256]",1.1715937392307055e-05,1,0.8371368865962268,4.3368402282643395,0.0,0.8871553998198525,0.9371739130434783,0.4452184352005079,0.978122937921933,0.5329045027214251,0.9955034722222222,0.9829607010603336,0.9829607010603336,0.4362020806891357,0.7028635257930111,,0.554781564799492,0.4,0.2,0.4,COMPLETE
3,0.4003351914501042,2026-09-04 11:46:25.918328,2026-09-04 11:46:33.648737,0 days 00:00:07.730409,500,truncnorm,"[256, 256]",0.00045443839603360173,200,"[256, 256, 256]",3.488976654890367e-05,1,0.8360981106730403,4.072479807995007,0.0,0.8902501422930418,0.9444021739130434,0.537558355429497,0.978122937921933,0.4405645824924358,0.9948611111111111,0.9790764635966236,0.9790764635966236,0.4003351914501042,0.7037076164765685,,0.46244164457050296,0.4,0.2,0.4,COMPLETE
4,0.6329347788210924,2026-09-04 11:46:33.649145,2026-09-04 11:47:54.063892,0 days 00:01:20.414747,200,gamma,"[256, 256]",0.00017643967683381525,650,"[128, 128]",0.0005323617594751496,1,0.9216827396302668,0.9411540147307329,0.0,0.9308957176412203,0.9401086956521737,0.03345821198877145,0.978122937921933,0.9446647259331615,0.7395659722222223,0.7986062297055835,0.7986062297055835,0.6329347788210924,0.6302011171994362,,0.9665417880112286,0.4,0.2,0.4,COMPLETE
5,0.42642793433989246,2026-09-04 11:47:54.064297,2026-09-04 11:49:42.395645,0 days 00:01:48.331348,100,norm,"[128, 128]",1.1557352816269867e-05,450,"[128, 128]",1.6435497475111308e-05,1,0.8289947329026272,3.8505781835837842,0.0,0.8888180186252266,0.948641304347826,0.47019603683378475,0.978122937921933,0.5079269010881482,0.9976909722222222,0.9791373140922985,0.9791373140922985,0.42642793433989246,0.7051042918834216,,0.5298039631662153,0.4,0.2,0.4,COMPLETE
6,0.5952394896023336,2026-09-04 11:49:42.396189,2026-09-04 11:51:58.604630,0 days 00:02:16.208441,100,beta,"[256, 256, 256]",0.00011986281799901183,550,"[256, 256]",0.0006097025297491432,5,0.9213380387835822,2.2711902520627216,0.0,0.9176527150439651,0.9139673913043478,0.10622926106371704,0.978122937921933,0.8718936768582158,0.853810763888889,0.9341864066520541,0.9341864066520541,0.5952394896023336,0.6466494599488283,,0.893770738936283,0.4,0.2,0.4,COMPLETE
7,0.5353373309589277,2026-09-04 11:51:58.605037,2026-09-04 11:53:23.785354,0 days 00:01:25.180317,100,norm,"[128, 128]",5.336533066379606e-05,350,"[128, 128]",0.0002547052623339115,5,0.8598941885348013,3.7863615947688913,0.0,0.8785068768760962,0.8971195652173912,0.18898604357136506,0.978122937921933,0.7891368943505679,0.9909548611111111,0.9770747291357713,0.9770747291357713,0.5353373309589277,0.7023550118148241,,0.8110139564286349,0.4,0.2,0.4,COMPLETE
8,0.5585938258259857,2026-09-04 11:53:23.785817,2026-09-04 11:53:52.011463,0 days 00:00:28.225646,200,gamma,"[256, 256]",0.00033361013094697806,200,"[256, 256]",0.00022093834415066264,5,0.8603553695786665,3.67886903399765,0.0,0.8964820326154204,0.9326086956521741,0.14825883214260557,0.978122937921933,0.8298641057793273,0.9936458333333332,0.9778188161698848,0.9778188161698848,0.5585938258259857,0.7034772718157012,,0.8517411678573944,0.4,0.2,0.4,COMPLETE
9,0.31243685963088996,2026-09-04 11:53:52.012126,2026-09-04 11:54:00.189359,0 days 00:00:08.177233,500,beta,"[256, 256, 256]",0.00024092145436664767,100,"[256, 256]",2.2321987366901545e-05,1,0.8372478330803511,6.366909144303805,0.0,0.8240858730619147,0.8109239130434783,0.6914782597719805,0.978122937921933,0.2866446781499525,0.9987152777777777,0.9877557015449003,0.9877557015449003,0.31243685963088996,0.7030309284254188,,0.3085217402280195,0.4,0.2,0.4,COMPLETE
10,0.5339541362184915,2026-09-04 11:54:00.189886,2026-09-04 11:55:54.829817,0 days 00:01:54.639931,200,gamma,"[256, 256]",3.5266643547961975e-05,800,"[256, 256, 256]",9.007312889255122e-05,10,0.8562719555515331,3.5246001316106446,0.0,0.9056631516888101,0.9550543478260869,0.21936044027997859,0.978122937921933,0.7587624976419542,0.9917708333333333,0.9768355831382038,0.9768355831382038,0.5339541362184915,0.7028347417252054,,0.7806395597200214,0.4,0.2,0.4,COMPLETE
11,0.5917184175181709,2026-09-04 11:55:54.830235,2026-09-04 11:57:16.909736,0 days 00:01:22.079501,200,beta,"[256, 256, 256]",0.00013093310334961412,650,"[128, 128]",0.0009736576266688193,5,0.9207586788537008,2.154520458711662,0.0,0.9271456437746766,0.9335326086956522,0.12539275133810457,0.978122937921933,0.8527301865838283,0.8414409722222222,0.9193559627627375,0.9193559627627375,0.5917184175181709,0.64491369728229,,0.8746072486618954,0.4,0.2,0.4,COMPLETE
12,0.5749101286104109,2026-09-04 11:57:16.910233,2026-09-04 11:58:33.325628,0 days 00:01:16.415395,200,gamma,"[256, 256]",0.0001443889041442138,600,"[256, 256]",0.0008095632907452306,5,0.9144654735885539,1.974684816069428,0.0,0.9190805628812333,0.9236956521739128,0.14218703216556483,0.978122937921933,0.8359359057563681,0.9126388888888889,0.9236100868838728,0.9236100868838728,0.5749101286104109,0.6792364183792826,,0.8578129678344352,0.4,0.2,0.4,COMPLETE
13,0.6256144423962287,2026-09-04 11:58:33.326128,2026-09-04 12:01:50.695738,0 days 00:03:17.369610,100,truncnorm,"[256, 256, 256]",0.0009818226878189125,800,"[128, 128]",0.0003933844222174345,5,0.9357386571398403,2.162046360918585,0.0,0.9469997633525289,0.9582608695652174,0.07223576900137085,0.978122937921933,0.905887168920562,0.8013541666666666,0.930737688707201,0.930737688707201,0.6256144423962287,0.621455776721173,,0.9277642309986291,0.4,0.2,0.4,COMPLETE
14,0.5826711862719193,2026-09-04 12:01:50.696183,2026-09-04 12:03:31.482206,0 days 00:01:40.786023,200,truncnorm,"[128, 128]",0.0009929120851237755,800,"[128, 128]",0.00032912982166525656,10,0.9238397249181984,2.9837957466225102,0.0,0.931729645067795,0.9396195652173914,0.13890169098419056,0.978122937921933,0.8392212469377425,0.9247048611111112,0.966841512493143,0.966841512493143,0.5826711862719193,0.6722999768076128,,0.8610983090158094,0.4,0.2,0.4,COMPLETE
15,0.6284302571255105,2026-09-04 12:03:31.482642,2026-09-04 12:06:25.727546,0 days 00:02:54.244904,100,truncnorm,"[256, 256, 256]",0.00023895253706027953,700,"[128, 128]",0.00013109833200274283,1,0.9352722045703666,1.6246475229341226,0.0,0.9471741457634443,0.9590760869565219,0.07795565160526301,0.978122937921933,0.90016728631667,0.7417447916666666,0.9152889771484097,0.9152889771484097,0.6284302571255105,0.5962857026888104,,0.922044348394737,0.4,0.2,0.4,COMPLETE
16,0.6069921064077431,2026-09-04 12:06:25.728033,2026-09-04 12:07:56.371051,0 days 00:01:30.643018,200,gamma,"[256, 256]",0.00025834469286461446,700,"[128, 128]",0.000139066899119386,1,0.9296099699010472,2.218753802191414,0.0,0.9489625936461759,0.9683152173913044,0.12072411454551975,0.978122937921933,0.8573988233764132,0.8050868055555556,0.93675658871727,0.93675658871727,0.6069921064077431,0.6215164261625967,,0.8792758854544802,0.4,0.2,0.4,COMPLETE
17,0.5955425026783628,2026-09-04 12:07:56.371503,2026-09-04 12:10:01.895291,0 days 00:02:05.523788,100,truncnorm,"[256, 256, 256]",0.00020674070608153896,500,"[128, 128]",0.00012169332621750603,1,0.9274518795197472,2.5924845350007497,0.0,0.9477748528033518,0.9680978260869566,0.1442821127401874,0.978122937921933,0.8338408251817455,0.8300694444444444,0.952539184959025,0.952539184959025,0.5955425026783628,0.6292729667345147,,0.8557178872598126,0.4,0.2,0.4,COMPLETE
18,0.5974674871289007,2026-09-04 12:10:01.895882,2026-09-04 12:11:30.094466,0 days 00:01:28.198584,200,truncnorm,"[256, 256]",6.631696933515234e-05,700,"[256, 256, 256]",6.810034585658494e-05,1,0.9326886776505731,2.6620428616439433,0.0,0.94574651273833,0.958804347826087,0.13672053894461847,0.978122937921933,0.8414023989773144,0.8327604166666667,0.9522189879680452,0.9522189879680452,0.5974674871289007,0.6307145119429198,,0.8632794610553816,0.4,0.2,0.4,COMPLETE
19,0.600845248000088,2026-09-04 12:11:30.094968,2026-09-04 12:11:51.089941,0 days 00:00:20.994973,500,gamma,"[128, 128]",0.0004933108493982284,500,"[128, 128]",0.0005326549873833518,1,0.9300495925951178,2.5621549697354693,0.0,0.9432313180366894,0.956413043478261,0.12600484192090836,0.978122937921933,0.8521180960010245,0.8289496527777778,0.9474937138592222,0.9474937138592222,0.600845248000088,0.6302267122311223,,0.8739951580790917,0.4,0.2,0.4,COMPLETE
