number,value,datetime_start,datetime_complete,duration,params_batch_size,params_discriminator_dim,params_discriminator_lr,params_discriminator_steps,params_epochs,params_generator_dim,params_generator_lr,params_pac,user_attrs_corr_similarity,user_attrs_dcr,user_attrs_dcr_norm,user_attrs_fidelity,user_attrs_ks_similarity,user_attrs_mean_f1_gap,user_attrs_mean_trtr_f1,user_attrs_mean_tstr_f1,user_attrs_mia_auc,user_attrs_nndr,user_attrs_nndr_norm,user_attrs_objective,user_attrs_privacy_risk,user_attrs_sdv_quality,user_attrs_utility,user_attrs_w_fidelity,user_attrs_w_privacy_risk,user_attrs_w_utility,state
0,0.22046627169665467,2026-08-14 14:54:14.601496,2026-08-14 14:55:22.478812,0 days 00:01:07.877316,100,"[128, 128]",1.3066739238053272e-05,1,450,"[128, 128]",2.0511104188433963e-05,5,0.6016691053207881,6.200382964133656,0.0,0.6727239535820533,0.7437788018433183,0.7692064585568191,0.9396481266399964,0.1704416680831775,1.0,0.9843212281093497,0.9843212281093497,0.22046627169665467,0.7047036315671951,,0.23079354144318087,0.4,0.2,0.4,COMPLETE
1,0.6305645661397401,2026-08-14 14:55:22.479355,2026-08-14 14:58:15.182661,0 days 00:02:52.703306,100,"[512, 512]",0.00037183641805732076,5,350,"[256, 256, 256]",8.168455894760161e-05,1,0.8973813243955278,3.6208901446930923,0.0,0.8976449337326806,0.8979085430698335,0.0031531580678150948,0.9396481266399964,0.9364949685721814,0.8518677544010306,0.9659105218982826,0.9659105218982826,0.6305645661397401,0.6361607206310305,,0.9968468419321849,0.4,0.2,0.4,COMPLETE
2,0.5448535919854749,2026-08-14 14:58:15.183120,2026-08-14 15:00:08.932914,0 days 00:01:53.749794,500,"[256, 256]",3.292759134423613e-05,5,750,"[128, 128]",0.000658628931758311,5,0.800456618558419,5.030598551099361,0.0,0.7750953776946652,0.7497341368309113,0.06025046544849333,0.9396481266399964,0.8793976611915032,0.9998926577930441,0.9817482144385106,0.9817482144385106,0.5448535919854749,0.7054218645649688,,0.9397495345515067,0.4,0.2,0.4,COMPLETE
3,0.22878483569891345,2026-08-14 15:00:08.933448,2026-08-14 15:00:23.771320,0 days 00:00:14.837872,500,"[256, 256]",5.170191786366994e-05,1,250,"[512, 512]",0.00045443839603360173,1,0.5999363547812371,12.15822015254871,0.0,0.3613648452388993,0.12279333569656148,0.43854437388061457,0.9396481266399964,0.5011037527593819,1.0,0.9942774525933257,0.9942774525933257,0.22878483569891345,0.7017167642220024,,0.5614556261193855,0.4,0.2,0.4,COMPLETE
4,0.5056736463485564,2026-08-14 15:00:23.771717,2026-08-14 15:02:11.858865,0 days 00:01:48.087148,1000,"[256, 256]",4.589824181495648e-05,4,800,"[512, 512]",0.00017643967683381525,10,0.6727754226301439,4.904241964518054,0.0,0.7137007208861461,0.7546260191421483,0.09713045810217906,0.9396481266399964,0.8425176685378175,0.9962966938600258,0.9779201770162003,0.9779201770162003,0.5056736463485564,0.7047722938251528,,0.902869541897821,0.4,0.2,0.4,COMPLETE
5,0.5633718095880009,2026-08-14 15:02:11.859428,2026-08-14 15:04:21.228047,0 days 00:02:09.368619,100,"[256, 256]",0.000187422109855557,2,550,"[256, 256, 256]",1.1557352816269867e-05,5,0.7157254955855068,5.488785772014126,0.0,0.8015706527909809,0.8874158099964552,0.04535785291934306,0.9396481266399964,0.8942902737206535,0.9799270072992701,0.9813231728212104,0.9813231728212104,0.5633718095880009,0.6955665518032719,,0.954642147080657,0.4,0.2,0.4,COMPLETE
6,0.6289141616756873,2026-08-14 15:04:21.228560,2026-08-14 15:05:38.624707,0 days 00:01:17.396147,1000,"[256, 256, 256]",0.00041198396246051877,3,700,"[128, 128]",0.00011986281799901183,1,0.896061388338755,3.447026555077399,0.0,0.8995372521275484,0.9030131159163418,0.006176998397626458,0.9396481266399964,0.93347112824237,0.8615285530270503,0.96204859144039,0.96204859144039,0.6289141616756873,0.6421496990814082,,0.9938230016023736,0.4,0.2,0.4,COMPLETE
7,0.5528434183524937,2026-08-14 15:05:38.625200,2026-08-14 15:06:39.777128,0 days 00:01:01.151928,100,"[256, 256, 256]",0.0008781408196485975,1,400,"[128, 128]",5.336533066379606e-05,5,0.7668651914141769,5.557869121897044,0.0,0.8074666261927319,0.8480680609712868,0.07744609988100774,0.9396481266399964,0.8622020267589887,0.9801416917131817,0.9808229499853691,0.9808229499853691,0.5528434183524937,0.6958239608609801,,0.9225539001189923,0.4,0.2,0.4,COMPLETE
8,0.37245529958517065,2026-08-14 15:06:39.777845,2026-08-14 15:06:59.349088,0 days 00:00:19.571243,200,"[256, 256, 256]",2.9872741995638415e-05,1,200,"[128, 128]",0.00033361013094697806,10,0.5894013934568817,7.6941285698515784,0.0,0.6138782933253923,0.6383551931939029,0.3306597610102647,0.9396481266399964,0.6089883656297318,1.0,0.9861314443186585,0.9861314443186585,0.37245529958517065,0.7041605667044024,,0.6693402389897354,0.4,0.2,0.4,COMPLETE
9,0.2375401092486348,2026-08-14 15:06:59.349408,2026-08-14 15:07:18.332887,0 days 00:00:18.983479,500,"[128, 128]",5.9356829120146846e-05,5,100,"[128, 128]",0.00024092145436664767,1,0.5900670183229311,8.023703453777822,0.0,0.6185003648863858,0.6469337114498406,0.6727698197616897,0.9396481266399964,0.2668783068783069,1.0,0.987464853312606,0.987464853312606,0.2375401092486348,0.7037605440062182,,0.3272301802383103,0.4,0.2,0.4,COMPLETE
10,0.6348998833101148,2026-08-14 15:07:18.333443,2026-08-14 15:10:05.980658,0 days 00:02:47.647215,200,"[512, 512]",0.0001440313010173896,3,1000,"[256, 256, 256]",5.463331403485189e-05,1,0.911682901667699,3.3559268988461763,0.0,0.9097585015250937,0.9078341013824885,-0.002631907605341969,0.9396481266399964,0.9422800342453385,0.8665736367539718,0.96089743959124,0.96089743959124,0.6348998833101148,0.6450175864996139,,1.0,0.4,0.2,0.4,COMPLETE
11,0.6301765784641312,2026-08-14 15:10:05.981318,2026-08-14 15:12:44.287733,0 days 00:02:38.306415,200,"[512, 512]",0.00017175482489007385,3,950,"[256, 256, 256]",5.9601188919609734e-05,1,0.9161403618663853,3.3592102926858813,0.0,0.9103566041873579,0.9045728465083305,0.013819049683081638,0.9396481266399964,0.9258290769569149,0.860240446543581,0.9597600219463149,0.9597600219463149,0.6301765784641312,0.6421922166878961,,0.9861809503169183,0.4,0.2,0.4,COMPLETE
12,0.6336731732316836,2026-08-14 15:12:44.288315,2026-08-14 15:16:14.897067,0 days 00:03:30.608752,200,"[512, 512]",0.00016851643087875622,4,1000,"[256, 256]",5.392746691228778e-05,1,0.9079359292860619,3.4417241443177797,0.0,0.9074241858411877,0.9069124423963134,0.0021711860979218844,0.9396481266399964,0.9374769405420746,0.8602404465435809,0.9599336331455887,0.9599336331455887,0.6336731732316836,0.6421401333281138,,0.9978288139020781,0.4,0.2,0.4,COMPLETE
13,0.5998262343673665,2026-08-14 15:16:14.897613,2026-08-14 15:18:58.194344,0 days 00:02:43.296731,200,"[512, 512]",0.00012774135799436962,3,1000,"[256, 256]",2.9260797210621686e-05,1,0.8771530679473228,3.706272224197121,0.0,0.8886651550300244,0.9001772421127261,0.058178365739855874,0.9396481266399964,0.8814697609001406,0.9024259338772005,0.9645685339836506,0.9645685339836506,0.5998262343673665,0.6618424067435051,,0.9418216342601441,0.4,0.2,0.4,COMPLETE
14,0.6212566813994176,2026-08-14 15:18:58.194907,2026-08-14 15:22:05.933864,0 days 00:03:07.738957,200,"[512, 512]",8.371623317801158e-05,4,900,"[256, 256]",3.5241262456205515e-05,1,0.8911276949697629,3.6940661063028313,0.0,0.8956170201186993,0.9001063452676357,0.005945605253405521,0.9396481266399964,0.933702521386591,0.9266316015457278,0.967521260131215,0.967521260131215,0.6212566813994176,0.6730594227334994,,0.9940543947465945,0.4,0.2,0.4,COMPLETE
15,0.6306583955859635,2026-08-14 15:22:05.934369,2026-08-14 15:25:01.987539,0 days 00:02:56.053170,200,"[512, 512]",0.00032329510546943817,4,850,"[256, 256]",0.00010843773965239019,1,0.9075615720473005,3.291022886145245,0.0,0.907059765109081,0.9065579581708615,0.014378449432334869,0.9396481266399964,0.9252696772076616,0.8397380850150279,0.9593279636127963,0.9593279636127963,0.6306583955859635,0.6320706534236751,,0.9856215505676651,0.4,0.2,0.4,COMPLETE
16,0.5332763670259978,2026-08-14 15:25:01.988049,2026-08-14 15:27:01.848520,0 days 00:01:59.860471,200,"[512, 512]",0.0009096015328440264,2,1000,"[256, 256]",1.8701098679900117e-05,10,0.760820052145336,5.485950867550491,0.0,0.8137315432651531,0.86664303438497,0.13315962296839423,0.9396481266399964,0.8064885036716022,0.9776728209531987,0.9802480167102351,0.9802480167102351,0.5332763670259978,0.6947620054635288,,0.8668403770316058,0.4,0.2,0.4,COMPLETE
17,0.6331875543773826,2026-08-14 15:27:01.849239,2026-08-14 15:30:12.736227,0 days 00:03:10.886988,200,"[512, 512]",0.00010766071937007403,4,900,"[256, 256, 256]",4.528669663591091e-05,1,0.9056792391328733,3.4185374678627016,0.0,0.9046297649049692,0.903580290677065,-0.005703628689420759,0.9396481266399964,0.9453517553294173,0.8662516101331043,0.9660134904784227,0.9660134904784227,0.6331875543773826,0.6433217579230253,,1.0,0.4,0.2,0.4,COMPLETE
18,0.6243517763710683,2026-08-14 15:30:12.736748,2026-08-14 15:31:32.011186,0 days 00:01:19.274438,200,"[512, 512]",0.00023952389782365245,2,650,"[256, 256]",8.024437495958462e-05,1,0.905915444087437,3.3481303541332834,0.0,0.9074419474956859,0.9089684509039349,0.021467830089745215,0.9396481266399964,0.9181802965502514,0.8765564620008587,0.9602962601462973,0.9602962601462973,0.6243517763710683,0.6501893529565401,,0.9785321699102548,0.4,0.2,0.4,COMPLETE
19,0.48830373250893067,2026-08-14 15:31:32.011721,2026-08-14 15:32:39.246358,0 days 00:01:07.234637,1000,"[128, 128]",0.0006005622628440901,3,600,"[256, 256, 256]",0.0001736548918520564,10,0.6712610368990191,6.997900601662786,0.0,0.7062083277369964,0.7411556185749737,0.13355838305025292,0.9396481266399964,0.8060897435897436,0.9976921425504509,0.983549481487971,0.983549481487971,0.48830373250893067,0.7037812268288341,,0.8664416169497471,0.4,0.2,0.4,COMPLETE
