number,value,datetime_start,datetime_complete,duration,params_batch_size,params_discriminator_dim,params_discriminator_lr,params_discriminator_steps,params_epochs,params_generator_dim,params_generator_lr,params_pac,user_attrs_corr_similarity,user_attrs_dcr,user_attrs_dcr_norm,user_attrs_fidelity,user_attrs_ks_similarity,user_attrs_mean_f1_gap,user_attrs_mean_trtr_f1,user_attrs_mean_tstr_f1,user_attrs_mia_auc,user_attrs_nndr,user_attrs_nndr_norm,user_attrs_objective,user_attrs_privacy_risk,user_attrs_sdv_quality,user_attrs_utility,user_attrs_w_fidelity,user_attrs_w_privacy_risk,user_attrs_w_utility,state
0,0.42080647746664246,2026-08-19 14:14:12.615092,2026-08-19 14:14:50.475757,0 days 00:00:37.860665,100,"[128, 128]",1.3066739238053272e-05,1,450,"[128, 128]",2.0511104188433963e-05,5,0.7988902404435287,3.6168569908279946,0.0,0.7430043878093004,0.6871185351750722,0.3370243216138639,0.9411162314388121,0.6040919098249481,0.9988927335640139,0.9717287390811539,0.9717287390811539,0.42080647746664246,0.7079277450576609,,0.662975678386136,0.4,0.2,0.4,COMPLETE
1,0.562998005927595,2026-08-19 14:14:50.476203,2026-08-19 14:16:29.353618,0 days 00:01:38.877415,100,"[512, 512]",0.00037183641805732076,5,350,"[256, 256, 256]",8.168455894760161e-05,1,0.8814267244592616,2.0123435782505674,0.0,0.8955800503118665,0.9097333761644714,0.14909645742751257,0.9411162314388121,0.7920197740112994,0.9112802768166091,0.9255432742585701,0.9255432742585701,0.562998005927595,0.6779771561307335,,0.8509035425724875,0.4,0.2,0.4,COMPLETE
2,0.5275832487477917,2026-08-19 14:16:29.354247,2026-08-19 14:18:32.199995,0 days 00:02:02.845748,500,"[256, 256]",3.292759134423613e-05,5,750,"[128, 128]",0.000658628931758311,5,0.8804925929118959,2.472101803889937,0.0,0.8384152652962948,0.7963379376806938,0.16559222873428195,0.9411162314388121,0.7755240027045301,0.9800692041522492,0.9410159089701907,0.9410159089701907,0.5275832487477917,0.7077298293850673,,0.8344077712657181,0.4,0.2,0.4,COMPLETE
3,0.269892901638409,2026-08-19 14:18:32.200427,2026-08-19 14:18:45.068211,0 days 00:00:12.867784,500,"[256, 256]",5.170191786366994e-05,1,250,"[512, 512]",0.00045443839603360173,1,0.8052241089809984,4.508345893977864,0.0,0.5585709365977911,0.31191776421458395,0.5306611403114521,0.9411162314388121,0.41045509112735995,1.0,0.978816385397889,0.978816385397889,0.269892901638409,0.7063550843806332,,0.46933885968854794,0.4,0.2,0.4,COMPLETE
4,0.49004684636462814,2026-08-19 14:18:45.068667,2026-08-19 14:20:54.606995,0 days 00:02:09.538328,1000,"[256, 256]",4.589824181495648e-05,4,800,"[512, 512]",0.00017643967683381525,10,0.8531155663352291,2.0872245653549646,0.0,0.8362911593320862,0.8194667523289433,0.2649736435461272,0.9411162314388121,0.6761425878926849,0.9478200692041523,0.9383641161776622,0.9383641161776622,0.49004684636462814,0.6924007997487776,,0.7350263564538728,0.4,0.2,0.4,COMPLETE
5,0.3845168865872296,2026-08-19 14:20:54.607968,2026-08-19 14:22:07.233412,0 days 00:01:12.625444,100,"[256, 256]",0.000187422109855557,2,550,"[256, 256, 256]",1.1557352816269867e-05,5,0.803329713137884,2.32250614229664,0.0,0.8544435266620998,0.9055573401863154,0.5438239812053853,0.9411162314388121,0.3972922502334267,0.9619377162629759,0.941047333847358,0.941047333847358,0.3845168865872296,0.6986546579772805,,0.45617601879461467,0.4,0.2,0.4,COMPLETE
6,0.5596456688228822,2026-08-19 14:22:07.234221,2026-08-19 14:23:37.112846,0 days 00:01:29.878625,1000,"[256, 256, 256]",0.00041198396246051877,3,700,"[128, 128]",0.00011986281799901183,1,0.896148804651918,1.8835647559713375,0.0,0.9051897251656634,0.9142306456794088,0.17961801005358502,0.9411162314388121,0.761498221385227,0.8615916955017301,0.9262692054703965,0.9262692054703965,0.5596456688228822,0.6529150861097461,,0.820381989946415,0.4,0.2,0.4,COMPLETE
7,0.44823514628557304,2026-08-19 14:23:37.113373,2026-08-19 14:24:13.142785,0 days 00:00:36.029412,100,"[256, 256, 256]",0.0008781408196485975,1,400,"[128, 128]",5.336533066379606e-05,5,0.801446938515285,2.3269834463681516,0.0,0.8445076003209254,0.8875682621265658,0.36821650244152204,0.9411162314388121,0.57289972899729,0.9907266435986158,0.9465228582278871,0.9465228582278871,0.44823514628557304,0.7114064643309419,,0.631783497558478,0.4,0.2,0.4,COMPLETE
8,0.22769127098152928,2026-08-19 14:24:13.143432,2026-08-19 14:24:23.714793,0 days 00:00:10.571361,200,"[256, 256, 256]",2.9872741995638415e-05,1,200,"[128, 128]",0.00033361013094697806,10,0.7897195123679663,2.8769515537811876,0.0,0.7337611374881914,0.6778027626084163,0.80859590623556,0.9411162314388121,0.13252032520325205,0.9979238754325259,0.9569594337288225,0.9569594337288225,0.22769127098152928,0.7118741075976163,,0.19140409376444,0.4,0.2,0.4,COMPLETE
9,0.41814155767855876,2026-08-19 14:24:23.715295,2026-08-19 14:24:42.573208,0 days 00:00:18.857913,500,"[128, 128]",5.9356829120146846e-05,5,100,"[128, 128]",0.00024092145436664767,1,0.7926120349893155,2.6454838933779175,0.0,0.7617091655833182,0.730806296177321,0.3625720520149606,0.9411162314388121,0.5785441794238514,0.989757785467128,0.9577081799654742,0.9577081799654742,0.41814155767855876,0.7075664387439218,,0.6374279479850393,0.4,0.2,0.4,COMPLETE
10,0.5600202784273023,2026-08-19 14:24:42.573864,2026-08-19 14:26:18.791228,0 days 00:01:36.217364,200,"[512, 512]",0.0001440313010173896,3,1000,"[256, 256, 256]",5.463331403485189e-05,1,0.8880899295973697,1.8578120510290794,0.0,0.8971448684286238,0.906199807259878,0.16246383309201642,0.9411162314388121,0.7786523983467957,0.8942560553633218,0.926224497149856,0.926224497149856,0.5600202784273023,0.6692606785367041,,0.8375361669079836,0.4,0.2,0.4,COMPLETE
11,0.5422480194068188,2026-08-19 14:26:18.791695,2026-08-19 14:27:50.999125,0 days 00:01:32.207430,200,"[512, 512]",0.00017175482489007385,3,950,"[256, 256, 256]",5.9601188919609734e-05,1,0.8717918997861509,1.9556423330507826,0.0,0.8909232547437018,0.9100546097012526,0.20681834541678804,0.9411162314388121,0.734297886022024,0.8764013840830449,0.9374365680726288,0.9374365680726288,0.5422480194068188,0.6569697216197339,,0.793181654583212,0.4,0.2,0.4,COMPLETE
12,0.5362642101804866,2026-08-19 14:27:50.999590,2026-08-19 14:29:49.773938,0 days 00:01:58.774348,200,"[512, 512]",0.00016851643087875622,4,1000,"[256, 256]",5.392746691228778e-05,1,0.8738081699488687,1.9682286393611474,0.0,0.8933769407405763,0.9129457115322839,0.2138103861001798,0.9411162314388121,0.7273058453386322,0.911280276816609,0.9260936000998161,0.9260936000998161,0.5362642101804866,0.6778120583783597,,0.7861896138998202,0.4,0.2,0.4,COMPLETE
13,0.577257046796966,2026-08-19 14:29:49.775016,2026-08-19 14:31:03.443860,0 days 00:01:13.668844,200,"[512, 512]",0.0004377049605284554,4,600,"[256, 256, 256]",9.901664132031761e-05,1,0.9028118247305027,1.8871890631000328,0.0,0.9049876663003622,0.9071635078702216,0.12947601979860038,0.9411162314388121,0.8116402116402117,0.8877508650519031,0.9304579116908579,0.9304579116908579,0.577257046796966,0.6647380590186942,,0.8705239802013996,0.4,0.2,0.4,COMPLETE
14,0.5922864414633018,2026-08-19 14:31:03.444299,2026-08-19 14:33:05.529226,0 days 00:02:02.084927,100,"[512, 512]",0.0005794074293295981,4,550,"[256, 256, 256]",0.00011503637167953764,1,0.9159754203302001,1.7118778614058658,0.0,0.8995232064709144,0.8830709926116288,0.1006720467514947,0.9411162314388121,0.8404441846873173,0.8193771626297578,0.9113948973084923,0.9113948973084923,0.5922864414633018,0.6362701121223312,,0.8993279532485053,0.4,0.2,0.4,COMPLETE
15,0.5113309448332525,2026-08-19 14:33:05.529696,2026-08-19 14:35:25.023214,0 days 00:02:19.493518,100,"[512, 512]",0.0009646124360334967,4,600,"[256, 256, 256]",3.081745400171987e-05,1,0.8546592760714034,2.1360552596858464,0.0,0.8854086614857498,0.9161580469000963,0.2646541552572408,0.9411162314388121,0.6764620761815712,0.9321799307958476,0.9374522570238946,0.9374522570238946,0.5113309448332525,0.6848542882907555,,0.7353458447427592,0.4,0.2,0.4,COMPLETE
16,0.4784241870956288,2026-08-19 14:35:25.023878,2026-08-19 14:36:29.420484,0 days 00:01:04.396606,200,"[512, 512]",0.00043509214334643015,4,550,"[256, 256]",0.00013085927061630388,10,0.8346733277196994,2.5826003513142113,0.0,0.8532505732719924,0.8718278188242853,0.3093852096368683,0.9411162314388121,0.6317310218019437,0.9641522491349481,0.9548877759178998,0.9548877759178998,0.4784241870956288,0.6956097917921041,,0.6906147903631317,0.4,0.2,0.4,COMPLETE
17,0.6094920684479916,2026-08-19 14:36:29.421188,2026-08-19 14:38:19.033747,0 days 00:01:49.612559,1000,"[512, 512]",0.0005964155275234956,3,850,"[256, 256, 256]",0.0001125179171253456,1,0.9187482466606681,1.53960002634616,0.0,0.9235565839792257,0.9283649212977833,0.09064379027361573,0.9411162314388121,0.8504724411651963,0.773840830449827,0.8951839001788382,0.8951839001788382,0.6094920684479916,0.618365245171262,,0.9093562097263843,0.4,0.2,0.4,COMPLETE
18,0.6277638991111014,2026-08-19 14:38:19.034381,2026-08-19 14:39:35.680054,0 days 00:01:16.645673,1000,"[512, 512]",0.0007618131306928441,2,850,"[256, 256, 256]",0.00023297151777717693,1,0.9394330485129467,1.5238181942583655,0.0,0.9130188050145847,0.8866045615162225,0.024974070135360422,0.9411162314388121,0.9161421613034516,0.8130103806228374,0.8974507203615881,0.8974507203615881,0.6277638991111014,0.6372699742029422,,0.9750259298646395,0.4,0.2,0.4,COMPLETE
19,0.5661189789325471,2026-08-19 14:39:35.680545,2026-08-19 14:40:50.090953,0 days 00:01:14.410408,1000,"[128, 128]",0.00025744524497192005,2,850,"[256, 256, 256]",0.0007826673521210575,10,0.8704143855512103,1.607419428176961,0.0,0.8468679701607641,0.8233215547703179,0.07545337107114998,0.9411162314388121,0.865662860367662,0.976885813148789,0.9206953435263392,0.9206953435263392,0.5661189789325471,0.7122343035164926,,0.92454662892885,0.4,0.2,0.4,COMPLETE
