number,value,datetime_start,datetime_complete,duration,params_batch_size,params_discriminator_dim,params_discriminator_lr,params_discriminator_steps,params_epochs,params_generator_dim,params_generator_lr,params_pac,user_attrs_corr_similarity,user_attrs_dcr,user_attrs_dcr_norm,user_attrs_fidelity,user_attrs_ks_similarity,user_attrs_mean_f1_gap,user_attrs_mean_trtr_f1,user_attrs_mean_tstr_f1,user_attrs_mia_auc,user_attrs_nndr,user_attrs_nndr_norm,user_attrs_objective,user_attrs_privacy_risk,user_attrs_sdv_quality,user_attrs_utility,user_attrs_w_fidelity,user_attrs_w_privacy_risk,user_attrs_w_utility,state
0,0.20075292281035192,2026-09-07 13:16:39.120591,2026-09-07 13:17:31.230377,0 days 00:00:52.109786,100,"[128, 128]",1.3066739238053272e-05,1,450,"[128, 128]",2.0511104188433963e-05,5,0.852832504139568,0.6660600875239664,0.0,0.855010002069784,0.8571875,3.5627967838222867,-4.1422054251249785,-7.705002208947265,0.9882465277777778,0.9595595793369349,0.9595595793369349,0.20075292281035192,0.7062553900878084,,0.0,0.4,0.2,0.4,COMPLETE
1,0.2303932902148956,2026-09-07 13:17:31.230823,2026-09-07 13:19:53.924821,0 days 00:02:22.693998,100,"[512, 512]",0.00037183641805732076,5,350,"[256, 256, 256]",8.168455894760161e-05,1,0.9463545190846075,0.17749911412076486,0.0,0.9217710095423037,0.8971875,1.4981298811573591,-4.1422054251249785,-5.640335306282338,0.9106163194444445,0.8791086390403096,0.8791086390403096,0.2303932902148956,0.6915755680101294,,0.0,0.4,0.2,0.4,COMPLETE
2,0.5993527777136969,2026-09-07 13:19:53.925253,2026-09-07 13:20:45.592577,0 days 00:00:51.667324,500,"[256, 256]",3.292759134423613e-05,5,750,"[128, 128]",0.000658628931758311,5,0.9054295752588284,0.46581828355640376,0.0,0.8758397876294142,0.84625,0.031722420176579114,-4.1422054251249785,-4.173927845301558,0.9584635416666666,0.9592030816538237,0.9592030816538237,0.5993527777136969,0.6914708463371861,,0.9682775798234209,0.4,0.2,0.4,COMPLETE
3,0.5354122547514196,2026-09-07 13:20:45.592973,2026-09-07 13:20:51.413123,0 days 00:00:05.820150,500,"[256, 256]",5.170191786366994e-05,1,250,"[512, 512]",0.00045443839603360173,1,0.8799983904373825,0.789453246223807,0.0,0.7042960702186912,0.52859375,-4.090529184382667,-4.1422054251249785,-0.05167624074231103,0.9999131944444444,0.8947524351397924,0.8947524351397924,0.5354122547514196,0.7315308666802844,,1.0,0.4,0.2,0.4,COMPLETE
4,0.3755971297007641,2026-09-07 13:20:51.413557,2026-09-07 13:21:53.644911,0 days 00:01:02.231354,1000,"[256, 256]",4.589824181495648e-05,4,800,"[512, 512]",0.00017643967683381525,10,0.9298165550075121,0.4828085987015609,0.0,0.9111582775037561,0.8925000000000001,0.6234410158541781,-4.1422054251249785,-4.765646440979157,0.9716145833333334,0.961194722904438,0.961194722904438,0.3755971297007641,0.6974488747953353,,0.3765589841458219,0.4,0.2,0.4,COMPLETE
5,0.5725689718910982,2026-09-07 13:21:53.645358,2026-09-07 13:23:39.906455,0 days 00:01:46.261097,100,"[256, 256]",0.000187422109855557,2,550,"[256, 256, 256]",1.1557352816269867e-05,5,0.8804351900458022,0.6285525021079892,0.0,0.877483220022901,0.87453125,0.09576197935811237,-4.1422054251249785,-4.237967404483091,0.9800173611111112,0.9647035289382325,0.9647035289382325,0.5725689718910982,0.7005976218740859,,0.9042380206418876,0.4,0.2,0.4,COMPLETE
6,0.2817116894536112,2026-09-07 13:23:39.906890,2026-09-07 13:24:25.868702,0 days 00:00:45.961812,1000,"[256, 256, 256]",0.00041198396246051877,3,700,"[128, 128]",0.00011986281799901183,1,0.8908119774391371,0.5975816427273359,0.0,0.8787653637195685,0.86671875,0.8231401521396524,-4.1422054251249785,-4.965345577264631,0.9797135416666666,0.9572159831385233,0.9572159831385233,0.2817116894536112,0.7026919758917762,,0.17685984786034759,0.4,0.2,0.4,COMPLETE
7,0.3795972044915966,2026-09-07 13:24:25.869170,2026-09-07 13:25:14.966424,0 days 00:00:49.097254,100,"[256, 256, 256]",0.0008781408196485975,1,400,"[128, 128]",5.336533066379606e-05,5,0.8957385695877477,0.6146747438478722,0.0,0.8832599097938738,0.87078125,0.583278166044372,-4.1422054251249785,-4.7254835911693505,0.9809722222222222,0.9616954869003012,0.9616954869003012,0.3795972044915966,0.7019774650410209,,0.416721833955628,0.4,0.2,0.4,COMPLETE
8,0.19240208879891077,2026-09-07 13:25:14.966891,2026-09-07 13:25:31.021076,0 days 00:00:16.054185,200,"[256, 256, 256]",2.9872741995638415e-05,1,200,"[128, 128]",0.00033361013094697806,10,0.8520171840726735,0.6705365241106893,0.0,0.8335085920363368,0.815,2.210429720395142,-4.1422054251249785,-6.352635145520121,0.9901909722222223,0.9669624867766381,0.9669624867766381,0.19240208879891077,0.7050067400781197,,0.0,0.4,0.2,0.4,COMPLETE
9,0.2874013816330432,2026-09-07 13:25:31.021451,2026-09-07 13:25:38.437564,0 days 00:00:07.416113,500,"[128, 128]",5.9356829120146846e-05,5,100,"[128, 128]",0.00024092145436664767,1,0.8670367124223448,0.7092913271799006,0.0,0.8600808562111724,0.853125,0.787293081626192,-4.1422054251249785,-4.9294985067511705,0.9895138888888889,0.9539610114656656,0.9539610114656656,0.2874013816330432,0.7085686410047447,,0.21270691837380795,0.4,0.2,0.4,COMPLETE
10,0.5873963887450838,2026-09-07 13:25:38.437877,2026-09-07 13:26:25.129082,0 days 00:00:46.691205,500,"[512, 512]",1.0862348973937137e-05,3,1000,"[256, 256]",0.0008691089486124979,5,0.851195038766792,0.7609979076295239,0.0,0.823175644383396,0.79515625,-2.465204800782706,-4.1422054251249785,-1.6770006243422726,0.9927864583333335,0.9567462804176465,0.9567462804176465,0.5873963887450838,0.7093693450413727,,1.0,0.4,0.2,0.4,COMPLETE
11,0.5748172944100425,2026-09-07 13:26:25.129469,2026-09-07 13:27:17.702110,0 days 00:00:52.572641,500,"[512, 512]",1.0449514744308461e-05,3,1000,"[256, 256]",0.0009799363313373046,5,0.8254651572220079,0.7149439320461188,0.0,0.7942950786110039,0.763125,-0.20340959197027075,-4.1422054251249785,-3.9387958331547077,0.9994965277777779,0.9508152623903119,0.9508152623903119,0.5748172944100425,0.7145036851717954,,1.0,0.4,0.2,0.4,COMPLETE
12,0.4919718226413876,2026-09-07 13:27:17.702502,2026-09-07 13:28:15.860646,0 days 00:00:58.158144,500,"[512, 512]",2.3357843311769636e-05,4,1000,"[256, 256]",0.0008483860481264018,5,0.9033313456098585,0.43963885302215455,0.0,0.8904156728049293,0.8775000000000001,0.3101109851711552,-4.1422054251249785,-4.452316410296134,0.9690885416666667,0.9459800292424099,0.9459800292424099,0.4919718226413876,0.7007502620606103,,0.6898890148288448,0.4,0.2,0.4,COMPLETE
13,0.5980259727439666,2026-09-07 13:28:15.861088,2026-09-07 13:29:01.256151,0 days 00:00:45.395063,500,"[512, 512]",9.920562866268202e-05,4,800,"[256, 256]",0.0005574360141213815,5,0.9325302702490867,0.181582923368894,0.0,0.8576713851245434,0.7828125,-1.059357273236615,-4.1422054251249785,-3.0828481518883635,0.9896180555555555,0.8986537374950792,0.8986537374950792,0.5980259727439666,0.7252129065292541,,1.0,0.4,0.2,0.4,COMPLETE
14,0.21090885691554553,2026-09-07 13:29:01.256568,2026-09-07 13:31:12.274224,0 days 00:02:11.017656,200,"[256, 256]",0.0001475103134631094,4,750,"[256, 256]",0.00048748381747391645,5,0.9375528685246579,0.09591176627268219,0.0,0.8815108092623289,0.82546875,1.3330905004154463,-4.1422054251249785,-5.475295925540425,0.931015625,0.8567682618435652,0.8567682618435652,0.21090885691554553,0.7084773339469304,,0.0,0.4,0.2,0.4,COMPLETE
15,0.6162554827531256,2026-09-07 13:31:12.274655,2026-09-07 13:32:11.810354,0 days 00:00:59.535699,500,"[512, 512]",0.00010731289029521516,5,850,"[256, 256]",0.00048509235312728903,5,0.9370922739117608,0.16379405142090392,0.0,0.8948742619558804,0.85265625,-0.36737263574594525,-4.1422054251249785,-3.774832789379033,0.9473263888888889,0.8839736143277044,0.8839736143277044,0.6162554827531256,0.7084711101461332,,1.0,0.4,0.2,0.4,COMPLETE
16,0.3811139461129567,2026-09-07 13:32:11.810733,2026-09-07 13:32:59.053082,0 days 00:00:47.242349,500,"[256, 256]",9.666451671739586e-05,5,650,"[512, 512]",0.00024386226304086035,10,0.9220409691382067,0.47025725916144273,0.0,0.8951611095691034,0.8682812500000001,0.591515805434053,-4.1422054251249785,-4.7337212305590315,0.9730121527777778,0.949283995611905,0.949283995611905,0.3811139461129567,0.7017208777053174,,0.408484194565947,0.4,0.2,0.4,COMPLETE
17,0.25400661586305684,2026-09-07 13:32:59.053376,2026-09-07 13:34:04.196264,0 days 00:01:05.142888,500,"[128, 128]",2.323089841417068e-05,5,900,"[256, 256, 256]",0.0005298549712854041,5,0.8695275571314749,0.694556282649409,0.0,0.8420294035657375,0.8145312500000002,0.8545298681910714,-4.1422054251249785,-4.99673529331605,0.9943402777777779,0.9740138248494683,0.9740138248494683,0.25400661586305684,0.7049659914340485,,0.14547013180892865,0.4,0.2,0.4,COMPLETE
18,0.3626376310089279,2026-09-07 13:34:04.196775,2026-09-07 13:36:13.230830,0 days 00:02:09.034055,200,"[512, 512]",0.00023952389782365245,5,600,"[128, 128]",0.00012411060813832236,5,0.9543853573157087,0.3723167421264464,0.0,0.9244583036578544,0.89453125,0.6759201990625874,-4.1422054251249785,-4.818125624187566,0.92421875,0.9274044028470174,0.9274044028470174,0.3626376310089279,0.6838880541458947,,0.3240798009374126,0.4,0.2,0.4,COMPLETE
19,0.6069693248429323,2026-09-07 13:36:13.231380,2026-09-07 13:37:29.573175,0 days 00:01:16.341795,1000,"[256, 256]",8.683454550720445e-05,4,900,"[256, 256]",4.663915875553892e-05,10,0.8737451147759008,0.6429028386932272,0.0,0.8693725573879504,0.865,-0.16771133318432607,-4.1422054251249785,-3.9744940919406524,0.9846267361111112,0.9613829249810534,0.9613829249810534,0.6069693248429323,0.7038984905612395,,1.0,0.4,0.2,0.4,COMPLETE
