number,value,datetime_start,datetime_complete,duration,params_batch_size,params_discriminator_dim,params_discriminator_lr,params_discriminator_steps,params_epochs,params_generator_dim,params_generator_lr,params_pac,user_attrs_corr_similarity,user_attrs_dcr,user_attrs_dcr_norm,user_attrs_fidelity,user_attrs_ks_similarity,user_attrs_mean_f1_gap,user_attrs_mean_trtr_f1,user_attrs_mean_tstr_f1,user_attrs_mia_auc,user_attrs_nndr,user_attrs_nndr_norm,user_attrs_objective,user_attrs_privacy_risk,user_attrs_sdv_quality,user_attrs_utility,user_attrs_w_fidelity,user_attrs_w_privacy_risk,user_attrs_w_utility,state
0,0.29885843779651766,2026-08-24 12:37:00.133281,2026-08-24 12:38:15.979699,0 days 00:01:15.846418,100,"[128, 128]",1.3066739238053272e-05,1,450,"[128, 128]",2.0511104188433963e-05,5,0.8651861820652258,2.4730002581567136,0.0,0.8177716624611844,0.7703571428571429,0.7198104372037201,0.8377876505675849,0.11797721336386491,0.9846701388888889,0.9690160263736791,0.9690160263736791,0.29885843779651766,0.7016302615323406,,0.28018956279627993,0.4,0.2,0.4,COMPLETE
1,0.5902054813287981,2026-08-24 12:38:15.980751,2026-08-24 12:41:37.093652,0 days 00:03:21.112901,100,"[512, 512]",0.00037183641805732076,5,350,"[256, 256, 256]",8.168455894760161e-05,1,0.95236746148104,2.1552848383921224,0.0,0.8847551593119487,0.8171428571428573,0.07641964749342067,0.8377876505675849,0.7613680030741642,0.9011979166666666,0.9498511378008929,0.9498511378008929,0.5902054813287981,0.6656436169930655,,0.9235803525065793,0.4,0.2,0.4,COMPLETE
2,0.5843408432059232,2026-08-24 12:41:37.094189,2026-08-24 12:42:38.000691,0 days 00:01:00.906502,500,"[256, 256]",3.292759134423613e-05,5,750,"[128, 128]",0.000658628931758311,5,0.9469503220475519,2.4053280384073026,0.0,0.8788323038809187,0.8107142857142856,0.07389021087847063,0.8377876505675849,0.7638974396891142,0.9497222222222222,0.9556038037861019,0.9556038037861019,0.5843408432059232,0.6881799699752806,,0.9261097891215294,0.4,0.2,0.4,COMPLETE
3,0.46035103482586526,2026-08-24 12:42:38.001181,2026-08-24 12:42:45.281813,0 days 00:00:07.280632,500,"[256, 256]",5.170191786366994e-05,1,250,"[512, 512]",0.00045443839603360173,1,0.8521277611709042,3.3317657428947047,0.0,0.703921023442595,0.5557142857142857,0.1985866518160244,0.8377876505675849,0.6392009987515604,1.0,0.9702881029206157,0.9702881029206157,0.46035103482586526,0.7089135691238153,,0.8014133481839756,0.4,0.2,0.4,COMPLETE
4,0.5451085499067814,2026-08-24 12:42:45.282180,2026-08-24 12:44:01.746809,0 days 00:01:16.464629,1000,"[256, 256]",4.589824181495648e-05,4,800,"[512, 512]",0.00017643967683381525,10,0.9150164854065111,2.5351473900662462,0.0,0.8146510998461127,0.7142857142857143,0.09920040400440022,0.8377876505675849,0.7385872465631845,0.98921875,0.9641691095016054,0.9641691095016054,0.5451085499067814,0.7053586421495184,,0.9007995959955998,0.4,0.2,0.4,COMPLETE
5,0.5651248408856562,2026-08-24 12:44:01.747245,2026-08-24 12:46:37.316261,0 days 00:02:35.569016,100,"[256, 256]",0.000187422109855557,2,550,"[256, 256, 256]",1.1557352816269867e-05,5,0.9134266892998065,2.50914388103217,0.0,0.8653740589356176,0.8173214285714285,0.10856214130659518,0.8377876505675849,0.7292255092609897,0.9572916666666667,0.9688206750118962,0.9688206750118962,0.5651248408856562,0.6879996308297645,,0.8914378586934049,0.4,0.2,0.4,COMPLETE
6,0.5669304305520456,2026-08-24 12:46:37.316685,2026-08-24 12:47:29.901280,0 days 00:00:52.584595,1000,"[256, 256, 256]",0.00041198396246051877,3,700,"[128, 128]",0.00011986281799901183,1,0.9372754963080754,2.465863121515739,0.0,0.8796198910111805,0.8219642857142857,0.11678525506026478,0.8377876505675849,0.7210023955073201,0.9579513888888889,0.9598619176761358,0.9598619176761358,0.5669304305520456,0.6910171191416037,,0.8832147449397352,0.4,0.2,0.4,COMPLETE
7,0.5555504869715637,2026-08-24 12:47:29.901741,2026-08-24 12:48:38.174602,0 days 00:01:08.272861,100,"[256, 256, 256]",0.0008781408196485975,1,400,"[128, 128]",5.336533066379606e-05,5,0.9427470588739384,2.5255729743528486,0.0,0.8628913865798262,0.7830357142857142,0.1308410678843205,0.8377876505675849,0.7069465826832643,0.9518923611111112,0.9653265934078749,0.9653265934078749,0.5555504869715637,0.6863482025331932,,0.8691589321156795,0.4,0.2,0.4,COMPLETE
8,0.250251606344065,2026-08-24 12:48:38.175074,2026-08-24 12:48:58.654218,0 days 00:00:20.479144,200,"[256, 256, 256]",2.9872741995638415e-05,1,200,"[128, 128]",0.00033361013094697806,10,0.8898770718722147,2.458976370326374,0.0,0.7346706787932502,0.5794642857142857,0.7551227500352916,0.8377876505675849,0.08266490053229326,0.9966319444444445,0.9682604880887666,0.9682604880887666,0.250251606344065,0.7078378257955922,,0.2448772499647084,0.4,0.2,0.4,COMPLETE
9,0.2927112885757681,2026-08-24 12:48:58.654487,2026-08-24 12:49:09.990084,0 days 00:00:11.335597,500,"[128, 128]",5.9356829120146846e-05,5,100,"[128, 128]",0.00024092145436664767,1,0.8838678296083146,2.681533565849765,0.0,0.818273200518443,0.7526785714285714,0.7362996079030717,0.8377876505675849,0.10148804266451324,0.9827083333333333,0.9698780810492151,0.9698780810492151,0.2927112885757681,0.700390742351902,,0.2637003920969283,0.4,0.2,0.4,COMPLETE
10,0.6088913168782932,2026-08-24 12:49:09.990313,2026-08-24 12:52:28.164656,0 days 00:03:18.174343,200,"[512, 512]",0.0001440313010173896,3,1000,"[256, 256, 256]",5.463331403485189e-05,1,0.9511252805838765,2.0933528647043085,0.0,0.8930626402919383,0.8350000000000001,0.04328888604938852,0.8377876505675849,0.7944987645181963,0.8789583333333334,0.9479608085767764,0.9479608085767764,0.6088913168782932,0.6550909240936338,,0.9567111139506115,0.4,0.2,0.4,COMPLETE
11,0.5940560930880352,2026-08-24 12:52:28.165147,2026-08-24 12:55:37.137618,0 days 00:03:08.972471,200,"[512, 512]",0.00017175482489007385,3,950,"[256, 256, 256]",5.9601188919609734e-05,1,0.9563732868013715,2.0720247512348755,0.0,0.8817580719721143,0.807142857142857,0.055057294617465925,0.8377876505675849,0.782730355950119,0.9276041666666667,0.9356033135473747,0.9356033135473747,0.5940560930880352,0.683121089269121,,0.9449427053825341,0.4,0.2,0.4,COMPLETE
12,0.585550258692026,2026-08-24 12:55:37.138087,2026-08-24 12:58:52.058015,0 days 00:03:14.919928,200,"[512, 512]",0.00012707276506775458,3,1000,"[256, 256]",3.9135012224021685e-05,1,0.9582856238856028,2.2409982416395757,0.0,0.8926249547999443,0.8269642857142857,0.09068475566826506,0.8377876505675849,0.7471028948993199,0.9284375,0.9602988173225737,0.9602988173225737,0.585550258692026,0.6761291048032279,,0.9093152443317349,0.4,0.2,0.4,COMPLETE
13,0.58865487931746,2026-08-24 12:58:52.058460,2026-08-24 13:02:10.490454,0 days 00:03:18.431994,200,"[512, 512]",0.00012774135799436962,3,1000,"[256, 256, 256]",2.9260797210621686e-05,1,0.9415203507886172,2.255383024082138,0.0,0.8905816039657373,0.8396428571428574,0.08182041412141812,0.8377876505675849,0.7559672364461667,0.9213020833333333,0.9546768618844281,0.9546768618844281,0.58865487931746,0.6742479831013382,,0.9181795858785818,0.4,0.2,0.4,COMPLETE
14,0.6038206386773792,2026-08-24 13:02:10.490924,2026-08-24 13:05:59.636415,0 days 00:03:49.145491,200,"[512, 512]",0.0002360451853294718,4,900,"[256, 256, 256]",7.450117518383044e-05,1,0.9449322692704428,2.057384411885015,0.0,0.8905018489209356,0.8360714285714285,0.05673174994646687,0.8377876505675849,0.781055900621118,0.8562152777777778,0.9322354477561594,0.9322354477561594,0.6038206386773792,0.6484370045620411,,0.9432682500535331,0.4,0.2,0.4,COMPLETE
15,0.5815436856730418,2026-08-24 13:05:59.636904,2026-08-24 13:09:36.273357,0 days 00:03:36.636453,200,"[512, 512]",0.00035867677104470605,4,850,"[256, 256, 256]",0.00010843773965239019,1,0.9542947976162602,2.0701015317387528,0.0,0.880629541665273,0.8069642857142857,0.0912873040672384,0.8377876505675849,0.7465003465003465,0.906953125,0.9417017188971326,0.9417017188971326,0.5815436856730418,0.6709660468308603,,0.9087126959327616,0.4,0.2,0.4,COMPLETE
16,0.5701465710018185,2026-08-24 13:09:36.273750,2026-08-24 13:12:21.692005,0 days 00:02:45.418255,200,"[512, 512]",0.0009096015328440264,4,650,"[256, 256]",2.10558715074462e-05,10,0.937106334423654,2.504807524003321,0.0,0.8718567386403984,0.8066071428571427,0.10243601554518227,0.8377876505675849,0.7353516350224026,0.9545138888888889,0.9638278442103471,0.9638278442103471,0.5701465710018185,0.6881085911813403,,0.8975639844548178,0.4,0.2,0.4,COMPLETE
17,0.521139135397231,2026-08-24 13:12:21.692412,2026-08-24 13:14:30.776453,0 days 00:02:09.084041,200,"[512, 512]",7.835290811909418e-05,2,900,"[256, 256, 256]",1.0946482108371821e-05,1,0.905196556687278,2.5888529993725884,0.0,0.8671518497722104,0.8291071428571427,0.22144854691883656,0.8377876505675849,0.6163391036487483,0.9508854166666666,0.9657725987091329,0.9657725987091329,0.521139135397231,0.6857109287205934,,0.7785514530811635,0.4,0.2,0.4,COMPLETE
18,0.5836026654342454,2026-08-24 13:14:30.776925,2026-08-24 13:18:07.858322,0 days 00:03:37.081397,200,"[512, 512]",0.00023952389782365245,4,850,"[256, 256, 256]",0.00017533531099151077,1,0.9623278076597858,1.940155220943426,0.0,0.8780389038298929,0.7937500000000001,0.0743213798549374,0.8377876505675849,0.7634662707126475,0.9369965277777778,0.9302551437006819,0.9302551437006819,0.5836026654342454,0.6894217207786844,,0.9256786201450626,0.4,0.2,0.4,COMPLETE
19,0.5203940069649042,2026-08-24 13:18:07.858693,2026-08-24 13:18:38.832803,0 days 00:00:30.974110,1000,"[128, 128]",9.531989056298971e-05,2,600,"[256, 256, 256]",7.541039268636588e-05,10,0.8788105180353355,2.5833526330464966,0.0,0.8414588304462391,0.8041071428571429,0.20124261307160538,0.8377876505675849,0.6365450374959796,0.9352604166666667,0.9638926946952897,0.9638926946952897,0.5203940069649042,0.6784623999247464,,0.7987573869283946,0.4,0.2,0.4,COMPLETE
