number,value,datetime_start,datetime_complete,duration,params_batch_size,params_default_distribution,params_discriminator_dim,params_discriminator_lr,params_epochs,params_generator_dim,params_generator_lr,params_pac,user_attrs_corr_similarity,user_attrs_dcr,user_attrs_dcr_norm,user_attrs_fidelity,user_attrs_ks_similarity,user_attrs_mean_f1_gap,user_attrs_mean_trtr_f1,user_attrs_mean_tstr_f1,user_attrs_mia_auc,user_attrs_nndr,user_attrs_nndr_norm,user_attrs_objective,user_attrs_privacy_risk,user_attrs_sdv_quality,user_attrs_utility,user_attrs_w_fidelity,user_attrs_w_privacy_risk,user_attrs_w_utility,state
0,0.44437086531367753,2026-09-02 13:10:51.195683,2026-09-02 13:11:58.600604,0 days 00:01:07.404921,100,norm,"[256, 256, 256]",2.0511104188433963e-05,350,"[256, 256]",2.0513382630874486e-05,1,0.9175486236053296,2.6324693712276495,0.0,0.8277028832312363,0.7378571428571429,0.36761382565785744,0.8252703000882612,0.45765647443040375,0.9722569444444444,0.9593489454795074,0.9593489454795074,0.44437086531367753,0.69832378857837,,0.6323861743421426,0.4,0.2,0.4,COMPLETE
1,0.4440834439288883,2026-09-02 13:11:58.601444,2026-09-02 13:12:55.173277,0 days 00:00:56.571833,100,beta,"[256, 256, 256]",8.168455894760161e-05,300,"[128, 128]",5.4041038546473305e-05,10,0.9344471572082648,2.6799817438142846,0.0,0.8548128643184181,0.7751785714285714,0.3891875610027924,0.8252703000882612,0.43608273908546885,0.9961284722222222,0.9574361637476709,0.9574361637476709,0.4440834439288883,0.7108333869868098,,0.6108124389972076,0.4,0.2,0.4,COMPLETE
2,0.532886558415519,2026-09-02 13:12:55.173916,2026-09-02 13:13:15.034419,0 days 00:00:19.860503,500,norm,"[256, 256]",0.000658628931758311,600,"[256, 256]",1.1715937392307055e-05,1,0.9292560830587958,2.490711230348378,0.0,0.9106101843865408,0.8919642857142858,0.23773037777853792,0.8252703000882612,0.5875399223097233,0.9366840277777778,0.9567173091682604,0.9567173091682604,0.532886558415519,0.6813268211384108,,0.7622696222214621,0.4,0.2,0.4,COMPLETE
3,0.48631639486183653,2026-09-02 13:13:15.034925,2026-09-02 13:13:24.931144,0 days 00:00:09.896219,500,truncnorm,"[256, 256]",0.00045443839603360173,200,"[256, 256, 256]",3.488976654890367e-05,1,0.9270134874222453,2.5203300640027777,0.0,0.9266317437111226,0.9262499999999998,0.39159875385102394,0.8252703000882612,0.43367154623723736,0.8551388888888889,0.9636181301114333,0.9636181301114333,0.48631639486183653,0.6384840054110145,,0.6084012461489761,0.4,0.2,0.4,COMPLETE
4,0.46463889001756253,2026-09-02 13:13:24.931455,2026-09-02 13:14:22.408606,0 days 00:00:57.477151,200,gamma,"[256, 256]",0.00017643967683381525,650,"[128, 128]",0.0005323617594751496,1,0.9353620849719795,2.01987458570936,0.0,0.7820560424859897,0.62875,0.26019119170843324,0.8252703000882612,0.565079108379828,1.0,0.9315491617756646,0.9315491617756646,0.46463889001756253,0.7205352514673007,,0.7398088082915668,0.4,0.2,0.4,COMPLETE
5,0.5065973698925467,2026-09-02 13:14:22.409033,2026-09-02 13:15:40.166796,0 days 00:01:17.757763,100,norm,"[128, 128]",1.1557352816269867e-05,450,"[128, 128]",1.6435497475111308e-05,1,0.9287043669351583,2.663001996594912,0.0,0.814709326324722,0.7007142857142857,0.19586819546426668,0.8252703000882612,0.6294021046239946,0.9830902777777777,0.9561657554357033,0.9561657554357033,0.5065973698925467,0.7046954122581779,,0.8041318045357333,0.4,0.2,0.4,COMPLETE
6,0.5387145609763142,2026-09-02 13:15:40.167336,2026-09-02 13:17:16.282576,0 days 00:01:36.115240,100,beta,"[256, 256, 256]",0.00011986281799901183,550,"[256, 256]",0.0006097025297491432,5,0.9151730410320759,2.437860066744742,0.0,0.8347293776588951,0.7542857142857142,0.13250970436102497,0.8252703000882612,0.6927605957272363,0.9938194444444445,0.9534772683601757,0.9534772683601757,0.5387145609763142,0.7108665417141695,,0.8674902956389751,0.4,0.2,0.4,COMPLETE
7,0.5092229506649986,2026-09-02 13:17:16.282998,2026-09-02 13:18:16.978820,0 days 00:01:00.695822,100,norm,"[128, 128]",5.336533066379606e-05,350,"[128, 128]",0.0002547052623339115,5,0.9302328880356739,2.6724815752525752,0.0,0.8262771583035512,0.7223214285714284,0.19830471527379054,0.8252703000882612,0.6269655848144707,0.9944618055555555,0.9580025668108314,0.9580025668108314,0.5092229506649986,0.7098301327345284,,0.8016952847262094,0.4,0.2,0.4,COMPLETE
8,0.3885493329619622,2026-09-02 13:18:16.979298,2026-09-02 13:18:36.055995,0 days 00:00:19.076697,200,gamma,"[256, 256]",0.00033361013094697806,200,"[256, 256]",0.00022093834415066264,5,0.9200336994101036,2.6627107250614728,0.0,0.7479632782764803,0.5758928571428571,0.4190585909262193,0.8252703000882612,0.4062117091620419,1.0,0.9497909670309612,0.9497909670309612,0.3885493329619622,0.7150627098907116,,0.5809414090737808,0.4,0.2,0.4,COMPLETE
9,0.3626263730550605,2026-09-02 13:18:36.056239,2026-09-02 13:18:40.669402,0 days 00:00:04.613163,500,beta,"[256, 256, 256]",0.00024092145436664767,100,"[256, 256]",2.2321987366901545e-05,1,0.9213988287439446,3.083389106290082,0.0,0.8488244143719723,0.77625,0.5864910984385338,0.8252703000882612,0.23877920164972752,0.9958506944444444,0.954635268768824,0.954635268768824,0.3626263730550605,0.711534766591575,,0.41350890156146625,0.4,0.2,0.4,COMPLETE
10,0.3739569918446277,2026-09-02 13:18:40.669667,2026-09-02 13:21:02.891012,0 days 00:02:22.221345,100,beta,"[256, 256, 256]",4.939713749567097e-05,800,"[256, 256, 256]",0.0008691089486124979,5,0.9033869093851503,4.079619474892765,0.0,0.698300597549718,0.49321428571428566,0.40658602781282877,0.8252703000882612,0.41868427227543253,1.0,0.9545193991645335,0.9545193991645335,0.3739569918446277,0.7136441802506399,,0.5934139721871712,0.4,0.2,0.4,COMPLETE
11,0.532899196324856,2026-09-02 13:21:02.891503,2026-09-02 13:21:18.385892,0 days 00:00:15.494389,500,truncnorm,"[256, 256]",0.0007791470666172787,550,"[256, 256]",0.00011556824209673706,10,0.9266578480912318,2.5812491260965693,0.0,0.8798467811884729,0.8330357142857142,0.21226878457418294,0.8252703000882612,0.6130015155140783,0.915138888888889,0.9563647761338155,0.9563647761338155,0.532899196324856,0.6706600116042998,,0.787731215425817,0.4,0.2,0.4,COMPLETE
12,0.4773336575650302,2026-09-02 13:21:18.386154,2026-09-02 13:21:33.739265,0 days 00:00:15.353111,500,truncnorm,"[256, 256]",0.0008032402997757543,550,"[256, 256]",9.499858802288885e-05,10,0.9309516154922499,2.5686873438514226,0.0,0.9157436648889821,0.9005357142857143,0.3972431440300575,0.8252703000882612,0.4280271560582038,0.8737152777777778,0.9550829499873015,0.9550829499873015,0.4773336575650302,0.6503327538926984,,0.6027568559699426,0.4,0.2,0.4,COMPLETE
13,0.5231470205499394,2026-09-02 13:21:33.739507,2026-09-02 13:21:57.603730,0 days 00:00:23.864223,500,truncnorm,"[256, 256, 256]",0.00012774135799436962,750,"[256, 256]",0.00013823712562343376,10,0.9234797909859622,2.986910022247107,0.0,0.8205791812072668,0.7176785714285714,0.1712807974297326,0.8252703000882612,0.6539895026585286,0.9406597222222223,0.9582273210191317,0.9582273210191317,0.5231470205499394,0.6828616648053716,,0.8287192025702674,0.4,0.2,0.4,COMPLETE
14,0.5481870726673984,2026-09-02 13:21:57.604195,2026-09-02 13:22:42.131608,0 days 00:00:44.527413,200,truncnorm,"[128, 128]",0.0009915469683145048,500,"[256, 256]",0.0004160617933755999,10,0.9346522969962651,2.489780906683519,0.0,0.8964332913552753,0.8582142857142856,0.1942261802712331,0.8252703000882612,0.6310441198170281,0.9009722222222223,0.9566908409333952,0.9566908409333952,0.5481870726673984,0.6634788588310926,,0.8057738197287669,0.4,0.2,0.4,COMPLETE
15,0.3785788942270748,2026-09-02 13:22:42.131905,2026-09-02 13:23:25.046303,0 days 00:00:42.914398,200,beta,"[128, 128]",3.223138479681386e-05,450,"[256, 256]",0.00044072446235454856,5,0.9110020832777319,4.113676813369484,0.0,0.6756796130674374,0.4403571428571428,0.37224130699715635,0.8252703000882612,0.45302899309110495,1.0,0.9533928633160408,0.9533928633160408,0.3785788942270748,0.7139821410051879,,0.6277586930028436,0.4,0.2,0.4,COMPLETE
16,0.5098651644530376,2026-09-02 13:23:25.046689,2026-09-02 13:24:06.431328,0 days 00:00:41.384639,200,truncnorm,"[128, 128]",0.00011322855404777457,450,"[256, 256, 256]",0.0009233626716608491,10,0.8944490181104096,2.398049612999679,0.0,0.7757066519123477,0.6569642857142857,0.1477677028929705,0.8252703000882612,0.6775025971952907,0.9875347222222223,0.9573842844584816,0.9573842844584816,0.5098651644530376,0.7065520757735666,,0.8522322971070295,0.4,0.2,0.4,COMPLETE
17,0.5538293692048961,2026-09-02 13:24:06.431707,2026-09-02 13:25:08.795827,0 days 00:01:02.364120,200,beta,"[128, 128]",0.00032333012248028046,700,"[256, 256]",0.0003368951740328578,5,0.9421752568449083,2.140538442916373,0.0,0.8820697712795971,0.8219642857142857,0.14270709714440807,0.8252703000882612,0.6825632029438532,0.9810937500000001,0.9365612425136745,0.9365612425136745,0.5538293692048961,0.7095785022458978,,0.8572929028555919,0.4,0.2,0.4,COMPLETE
18,0.3741754502143662,2026-09-02 13:25:08.796123,2026-09-02 13:26:10.527830,0 days 00:01:01.731707,200,gamma,"[128, 128]",0.00041745531446459516,700,"[256, 256]",0.00029881653790906894,10,0.9430497601524607,2.30153381750318,0.0,0.7858105943619446,0.6285714285714284,0.4923999297178909,0.8252703000882612,0.33287037037037037,1.0,0.9468530726124119,0.9468530726124119,0.3741754502143662,0.7159440782162765,,0.5076000702821091,0.4,0.2,0.4,COMPLETE
19,0.42417297394936626,2026-09-02 13:26:10.528386,2026-09-02 13:27:23.048526,0 days 00:01:12.520140,200,beta,"[128, 128]",0.0002645925077346403,800,"[256, 256, 256]",0.00037171251948240637,5,0.9332901827134801,2.160160380897903,0.0,0.8510200913567401,0.76875,0.433623375182211,0.8252703000882612,0.3916469249060502,0.9953298611111111,0.9457878931777628,0.9457878931777628,0.42417297394936626,0.7139285626022267,,0.566376624817789,0.4,0.2,0.4,COMPLETE
