number,value,datetime_start,datetime_complete,duration,params_batch_size,params_class_dim,params_epochs,params_l2scale,params_num_channels,params_random_dim,user_attrs_corr_similarity,user_attrs_dcr,user_attrs_dcr_norm,user_attrs_fidelity,user_attrs_ks_similarity,user_attrs_mean_f1_gap,user_attrs_mean_trtr_f1,user_attrs_mean_tstr_f1,user_attrs_mia_auc,user_attrs_nndr,user_attrs_nndr_norm,user_attrs_objective,user_attrs_privacy_risk,user_attrs_sdv_quality,user_attrs_utility,user_attrs_w_fidelity,user_attrs_w_privacy_risk,user_attrs_w_utility,state
0,0.19026439234312464,2026-09-03 11:51:52.642716,2026-09-03 11:52:13.532539,0 days 00:00:20.889823,500,"[128, 128, 128]",100,1.575132049977973e-05,32,100,0.7595758909418706,3.3473423461234946,0.0,0.5810379454709352,0.4024999999999999,0.7508980370256509,0.7508980370256509,0.0,0.9818576388888889,0.9399032142316633,0.9399032142316633,0.19026439234312464,0.7089578551749454,,0.24910196297434906,0.4,0.2,0.4,COMPLETE
1,0.25429088246977205,2026-09-03 11:52:13.532848,2026-09-03 11:52:25.957607,0 days 00:00:12.424759,500,"[128, 128, 128]",75,5.39948440978744e-05,32,100,0.767116766030516,3.125871265839967,0.0,0.717620883015258,0.668125,0.7508980370256509,0.7508980370256509,0.0,0.881545138888889,0.9292709660469697,0.9292709660469697,0.25429088246977205,0.6619912796303535,,0.24910196297434906,0.4,0.2,0.4,COMPLETE
2,0.24069413306842824,2026-09-03 11:52:25.958009,2026-09-03 11:52:42.152589,0 days 00:00:16.194580,500,"[128, 128, 128]",100,8.706020878304853e-05,32,100,0.7455734821613249,3.6335791637461865,0.0,0.6962242410806624,0.6468749999999999,0.7508980370256509,0.7508980370256509,0.0,0.9422222222222223,0.946431227810765,0.946431227810765,0.24069413306842824,0.6871817427678817,,0.24910196297434906,0.4,0.2,0.4,COMPLETE
3,0.3032359004440409,2026-09-03 11:52:42.152970,2026-09-03 11:53:03.222619,0 days 00:00:21.069649,500,"[128, 128, 128]",125,2.3270677083837795e-06,32,100,0.8021686390089751,3.36830869383692,0.0,0.8326468195044875,0.8631249999999999,0.7508980370256509,0.7508980370256509,0.0,0.8569791666666666,0.9372384019862158,0.9372384019862158,0.3032359004440409,0.6473180627374686,,0.24910196297434906,0.4,0.2,0.4,COMPLETE
4,0.2562884627002469,2026-09-03 11:53:03.223041,2026-09-03 11:53:15.602712,0 days 00:00:12.379671,500,"[128, 128, 128]",75,3.823475224675187e-06,32,100,0.7898078666312609,2.8363186350496132,0.0,0.7183414333156304,0.646875,0.7508980370256509,0.7508980370256509,0.0,0.8647048611111111,0.9296931715894374,0.9296931715894374,0.2562884627002469,0.6534444790787244,,0.24910196297434906,0.4,0.2,0.4,COMPLETE
5,0.25246737789644397,2026-09-03 11:53:15.602940,2026-09-03 11:53:47.741661,0 days 00:00:32.138721,500,"[128, 128, 128]",100,5.404103854647334e-06,64,100,0.7642700459336796,3.1317484845569377,0.0,0.7133850229668398,0.6625,0.7508980370256509,0.7508980370256509,0.0,0.8802430555555556,0.9249481512587332,0.9249481512587332,0.25246737789644397,0.6626370824001578,,0.24910196297434906,0.4,0.2,0.4,COMPLETE
6,0.19036141881524218,2026-09-03 11:53:47.742175,2026-09-03 11:54:04.066868,0 days 00:00:16.324693,500,"[128, 128, 128]",100,1.0677482709481361e-05,32,100,0.7840547308241149,3.2083024215663727,0.0,0.5823398654120575,0.380625,0.7508980370256509,0.7508980370256509,0.0,0.9803298611111112,0.930294559529844,0.930294559529844,0.19036141881524218,0.7110765626966025,,0.24910196297434906,0.4,0.2,0.4,COMPLETE
7,0.20235259055736685,2026-09-03 11:54:04.067316,2026-09-03 11:54:36.165173,0 days 00:00:32.097857,500,"[128, 128, 128]",100,2.1930485556643695e-06,64,100,0.8041869193171336,3.294404420929239,0.0,0.6117809596585668,0.419375,0.7508980370256509,0.7508980370256509,0.0,0.9833506944444445,0.9389081824774157,0.9389081824774157,0.20235259055736685,0.7100028924789976,,0.24910196297434906,0.4,0.2,0.4,COMPLETE
8,0.19635456906022766,2026-09-03 11:54:36.165638,2026-09-03 11:55:00.973759,0 days 00:00:24.808121,500,"[128, 128, 128]",75,4.138040112561016e-05,64,100,0.805000083908987,3.4946230876837174,0.0,0.5971875419544935,0.389375,0.7508980370256509,0.7508980370256509,0.0,0.9883333333333333,0.9445350070337317,0.9445350070337317,0.19635456906022766,0.7108061645565471,,0.24910196297434906,0.4,0.2,0.4,COMPLETE
9,0.1824434144539713,2026-09-03 11:55:00.974139,2026-09-03 11:55:26.886459,0 days 00:00:25.912320,500,"[128, 128, 128]",75,7.5911048052827045e-06,64,100,0.7895198699251819,3.4595852680786985,0.0,0.563197434962591,0.33687500000000004,0.7508980370256509,0.7508980370256509,0.0,0.9892881944444445,0.9408745787273289,0.9408745787273289,0.1824434144539713,0.7123817236040235,,0.24910196297434906,0.4,0.2,0.4,COMPLETE
