number,value,datetime_start,datetime_complete,duration,params_batch_size,params_epochs,params_hidden_dim,params_lambda_gp,params_latent_dim,params_lr,params_n_critic,user_attrs_corr_similarity,user_attrs_dcr,user_attrs_dcr_norm,user_attrs_fidelity,user_attrs_ks_similarity,user_attrs_mean_f1_gap,user_attrs_mean_trtr_f1,user_attrs_mean_tstr_f1,user_attrs_mia_auc,user_attrs_nndr,user_attrs_nndr_norm,user_attrs_objective,user_attrs_privacy_risk,user_attrs_sdv_quality,user_attrs_utility,user_attrs_w_fidelity,user_attrs_w_privacy_risk,user_attrs_w_utility,state
0,0.6286944011831712,2026-09-09 15:20:22.008264,2026-09-09 15:20:44.468927,0 days 00:00:22.460663,32,900,128,5.034443102887247,128,0.00044447541666908124,9,0.9456849457556292,0.5839321191870817,0.0,0.9290358263521349,0.9123867069486405,0.02024104743781563,-0.25524275807532115,-0.2754838055131368,0.9211111111111111,0.954793345475908,0.954793345475908,0.6286944011831712,0.6741175519127831,,0.9797589525621844,0.4,0.2,0.4,COMPLETE
1,0.5750308717273058,2026-09-09 15:20:44.469157,2026-09-09 15:20:47.911960,0 days 00:00:03.442803,128,500,256,10.770454329858621,64,0.0002157696745589684,2,0.820994623925752,0.8881293843018125,0.0,0.7878890541582435,0.7547834843907352,-0.031128058671223258,-0.25524275807532115,-0.2241146994040979,0.9858585858585858,0.9743518108311144,0.9743518108311144,0.5750308717273058,0.7006237496799586,,1.0,0.4,0.2,0.4,COMPLETE
2,0.5136513617868377,2026-09-09 15:20:47.912233,2026-09-09 15:20:56.726218,0 days 00:00:08.813985,64,1300,256,10.408361292114133,64,5.595074635794791e-05,2,0.7392144625366608,0.7395444312842901,0.0,0.6432728908856515,0.5473313192346424,-0.2858793897235943,-0.25524275807532115,0.030636631648273127,0.9952525252525253,0.9311242992971599,0.9311242992971599,0.5136513617868377,0.7182889728371147,,1.0,0.4,0.2,0.4,COMPLETE
3,0.4590754867492549,2026-09-09 15:20:56.726433,2026-09-09 15:21:00.212862,0 days 00:00:03.486429,32,200,64,18.51561046543922,64,0.0003313483615508946,6,0.5731823897786428,0.9594064540100941,0.0,0.5073867638722015,0.44159113796576027,0.00173111830954098,-0.25524275807532115,-0.25697387638486213,0.9997979797979798,0.9465504417331436,0.9465504417331436,0.4590754867492549,0.7159338573790468,,0.998268881690459,0.4,0.2,0.4,COMPLETE
4,-0.11372618406854558,2026-09-09 15:21:00.213062,2026-09-09 15:21:01.564093,0 days 00:00:01.351031,256,300,128,19.75085179540983,64,0.0002306261812167793,1,0.10242440719189716,6.1469137378507375,0.0,0.06757675545898988,0.032729103726082585,4.5430782701651875,-0.25524275807532115,-4.798321028240508,1.0,0.9873852291309748,0.9873852291309748,-0.11372618406854558,0.7037844312607076,,0.0,0.4,0.2,0.4,COMPLETE
5,0.6235644812599741,2026-09-09 15:21:01.564298,2026-09-09 15:21:20.378214,0 days 00:00:18.813916,128,1600,256,2.207608655434449,64,0.0001145420156259939,4,0.9461869729247497,0.5459640740059474,0.0,0.9194681088188703,0.8927492447129909,0.034731201348457974,-0.25524275807532115,-0.2899739594237791,0.8711111111111112,0.9463471563820041,0.9463471563820041,0.6235644812599741,0.6516514086409544,,0.965268798651542,0.4,0.2,0.4,COMPLETE
6,0.6231693891986623,2026-09-09 15:21:20.378429,2026-09-09 15:21:32.382587,0 days 00:00:12.004158,256,700,256,9.123279348812442,128,6.90150658179192e-05,6,0.9227009273805487,0.7728162934752989,0.0,0.9001722159561354,0.877643504531722,-0.025077558352033957,-0.25524275807532115,-0.2301651997232872,0.9501010101010101,0.968510063771819,0.968510063771819,0.6231693891986623,0.6844974859189594,,1.0,0.4,0.2,0.4,COMPLETE
7,0.29300892569057435,2026-09-09 15:21:32.382804,2026-09-09 15:21:34.378222,0 days 00:00:01.995418,128,200,128,4.0632044578260835,64,1.3514082247401414e-05,3,0.5584545767140956,0.8085237421736611,0.0,0.505813391076081,0.45317220543806647,0.42036076141639866,-0.25524275807532115,-0.6756035194917198,1.0,0.9804645637783566,0.9804645637783566,0.29300892569057435,0.705860630866493,,0.5796392385836013,0.4,0.2,0.4,COMPLETE
8,0.17831511633667907,2026-09-09 15:21:34.378421,2026-09-09 15:21:51.378213,0 days 00:00:16.999792,128,1900,128,9.11504798389887,64,1.5380658115982014e-05,3,0.5972850538285415,0.8463786641525738,0.0,0.5209486699152778,0.4446122860020141,0.7232757053836587,-0.25524275807532115,-0.9785184634589799,1.0,0.9874321754005236,0.9874321754005236,0.17831511633667907,0.7037703473798429,,0.2767242946163413,0.4,0.2,0.4,COMPLETE
9,0.5668755129340421,2026-09-09 15:21:51.378428,2026-09-09 15:22:10.907928,0 days 00:00:19.529500,32,1700,64,19.463859571698254,128,0.00015646172845245517,4,0.8601576308647574,1.1446125957402078,0.0,0.7704614941836376,0.6807653575025178,-0.07824421122143521,-0.25524275807532115,-0.17699854685388594,0.9995959595959596,0.9775085203363845,0.9775085203363845,0.5668755129340421,0.7065454236970645,,1.0,0.4,0.2,0.4,COMPLETE
10,0.3065141836662585,2026-09-09 15:22:10.908149,2026-09-09 15:22:39.290658,0 days 00:00:28.382509,32,1000,128,14.876971008933179,32,3.085303885624063e-05,10,0.5590084148347296,0.6071044785968108,0.0,0.5564427774072944,0.5538771399798591,0.4377314655641642,-0.25524275807532115,-0.6929742236394854,0.9991919191919192,0.9824808474699721,0.9824808474699721,0.3065141836662585,0.7048517053549679,,0.5622685344358358,0.4,0.2,0.4,COMPLETE
11,0.5621198048847317,2026-09-09 15:22:39.290880,2026-09-09 15:23:17.483577,0 days 00:00:38.192697,64,1400,256,1.6326934084567155,128,0.00011120357873223684,10,0.9161868494000833,0.5799672940827169,0.0,0.9047198093928916,0.8932527693856999,0.18400693741945862,-0.25524275807532115,-0.43924969549477977,0.8431313131313132,0.9691297901414951,0.9691297901414951,0.5621198048847317,0.630826719523208,,0.8159930625805414,0.4,0.2,0.4,COMPLETE
12,0.6363517193484937,2026-09-09 15:23:17.483961,2026-09-09 15:23:39.501083,0 days 00:00:22.017122,32,1000,256,4.6586726811965065,32,0.0003850035490253294,8,0.9411322600329258,0.5243765355379596,0.0,0.9134160796639956,0.8856998992950654,-0.04226762372068915,-0.25524275807532115,-0.212975134354632,0.8594949494949495,0.9489130405398395,0.9489130405398395,0.6363517193484937,0.645073562585523,,1.0,0.4,0.2,0.4,COMPLETE
13,0.6485462733108974,2026-09-09 15:23:39.501298,2026-09-09 15:24:01.160385,0 days 00:00:21.659087,32,1000,128,5.315641221366691,32,0.00048787049316699656,8,0.9595188909133214,0.5464899807614952,0.0,0.9357010365946263,0.9118831822759313,-0.02095212088337428,-0.25524275807532115,-0.23429063719194687,0.8213131313131313,0.9399528634060005,0.9399528634060005,0.6485462733108974,0.6286707066347655,,1.0,0.4,0.2,0.4,COMPLETE
14,0.5632093894518582,2026-09-09 15:24:01.160597,2026-09-09 15:24:25.237058,0 days 00:00:24.076461,32,1100,64,6.137049033122503,32,0.0004209501143179491,8,0.9236521539248455,0.5944821782025312,0.0,0.9182711927730975,0.9128902316213495,0.17995067050296076,-0.25524275807532115,-0.4351934285782819,0.9016161616161615,0.9673799450903257,0.9673799450903257,0.5632093894518582,0.6605940972809831,,0.8200493294970392,0.4,0.2,0.4,COMPLETE
15,0.5383920796095403,2026-09-09 15:24:25.237313,2026-09-09 15:24:39.082353,0 days 00:00:13.845040,32,700,256,6.498322263774091,32,0.0004922695681401978,7,0.9364290870762201,0.5521259576108433,0.0,0.9203796996307586,0.9043303121852971,0.25476013411520126,-0.25524275807532115,-0.5100028921905224,0.8518181818181819,0.9554345264189252,0.9554345264189252,0.5383920796095403,0.6392787329834134,,0.7452398658847987,0.4,0.2,0.4,COMPLETE
16,0.6411447095482165,2026-09-09 15:24:39.082569,2026-09-09 15:25:05.213466,0 days 00:00:26.130897,32,1200,128,7.024940098454257,32,0.0002647348038204817,8,0.9458268048629453,0.5996430485906702,0.0,0.9313726169329832,0.916918429003021,-0.05342559321541973,-0.25524275807532115,-0.20181716485990142,0.8930808080808081,0.9650623930517321,0.9650623930517321,0.6411447095482165,0.6570216861248844,,1.0,0.4,0.2,0.4,COMPLETE
17,0.6388844024381846,2026-09-09 15:25:05.213680,2026-09-09 15:25:26.898037,0 days 00:00:21.684357,32,1300,128,13.14990085914668,32,0.00024683418935694503,6,0.9480452018192688,0.6004546422281778,0.0,0.924677182984156,0.9013091641490433,-0.10931142841789154,-0.25524275807532115,-0.1459313296574296,0.8874747474747475,0.9626833998666141,0.9626833998666141,0.6388844024381846,0.6549323537773896,,1.0,0.4,0.2,0.4,COMPLETE
18,0.5280572876985534,2026-09-09 15:25:26.898252,2026-09-09 15:25:42.505784,0 days 00:00:15.607532,256,700,128,7.664466985065251,32,0.00015109040865852596,8,0.9223491514771779,0.6429400561658506,0.0,0.9035210007134127,0.8846928499496475,0.25135941775535287,-0.25524275807532115,-0.506602175830674,0.9041414141414141,0.9601132654911821,0.9601132654911821,0.5280572876985534,0.6640367274233525,,0.7486405822446471,0.4,0.2,0.4,COMPLETE
19,0.5879449683735614,2026-09-09 15:25:42.505990,2026-09-09 15:26:05.532264,0 days 00:00:23.026274,64,1200,128,12.920976705684382,32,0.0002789063679899712,7,0.9597263345732878,0.5982416647030709,0.0,0.9330353727247104,0.9063444108761329,0.1355239228001497,-0.25524275807532115,-0.39076668087547084,0.8898989898989899,0.9655047898939336,0.9655047898939336,0.5879449683735614,0.6552980579813148,,0.8644760771998503,0.4,0.2,0.4,COMPLETE
