number,value,datetime_start,datetime_complete,duration,params_batch_size,params_d_layers,params_lr,params_n_layers,params_num_timesteps,params_sample_proportion,params_steps,user_attrs_corr_similarity,user_attrs_dcr,user_attrs_dcr_norm,user_attrs_fidelity,user_attrs_ks_similarity,user_attrs_mean_f1_gap,user_attrs_mean_trtr_f1,user_attrs_mean_tstr_f1,user_attrs_mia_auc,user_attrs_nndr,user_attrs_nndr_norm,user_attrs_objective,user_attrs_privacy_risk,user_attrs_sdv_quality,user_attrs_utility,user_attrs_w_fidelity,user_attrs_w_privacy_risk,user_attrs_w_utility,state
0,0.20419366036020145,2026-09-28 12:34:49.354037,2026-09-28 12:35:21.588894,0 days 00:00:32.234857,256,128,8.468008575248323e-05,2,100,1.0,5000,0.8929169181691462,2.35157561905471,0.0,0.8610417924179063,0.8291666666666665,0.9973790815933343,0.9761028444174511,-0.021276237175883228,0.9786458333333333,0.943219322728432,0.943219322728432,0.20419366036020145,0.7063571198481371,,0.0026209184066656732,0.4,0.2,0.4,COMPLETE
1,0.226604437016168,2026-09-28 12:35:21.589146,2026-09-28 12:36:25.579547,0 days 00:01:03.990401,256,128,0.002526878207508455,2,1000,1.0,10000,0.916754162330175,1.8929836439055956,0.0,0.8955124978317542,0.8742708333333334,1.003771982816714,0.9761028444174511,-0.027669138399262883,0.8678993055555555,0.9198228073170306,0.9198228073170306,0.226604437016168,0.6580028105826685,,0.0,0.4,0.2,0.4,COMPLETE
2,0.20894486754028674,2026-09-28 12:36:25.579825,2026-09-28 12:38:05.325332,0 days 00:01:39.745507,1024,128,5.292705365436973e-05,4,100,1.0,10000,0.900612680803449,2.333212108446486,0.0,0.8716084237350579,0.8426041666666667,1.1226190268144904,0.9761028444174511,-0.14651618239703934,0.9628819444444444,0.9431615415117998,0.9431615415117998,0.20894486754028674,0.6984925097686823,,0.0,0.4,0.2,0.4,COMPLETE
3,0.22220110332064494,2026-09-28 12:38:05.325690,2026-09-28 12:38:45.317808,0 days 00:00:39.992118,256,256,0.0022413234378101127,4,100,1.0,5000,0.9078681313084414,1.9825704157017863,0.0,0.8898194823208874,0.8717708333333333,1.0472660685445676,0.9761028444174511,-0.07116322412711651,0.8895312499999999,0.9204405898714998,0.9204405898714998,0.22220110332064494,0.6686334480385501,,0.0,0.4,0.2,0.4,COMPLETE
4,0.2069313924981543,2026-09-28 12:38:45.322763,2026-09-28 12:40:15.052424,0 days 00:01:29.729661,256,128,4.375517173207357e-05,4,1000,1.0,10000,0.9038694118013395,2.3266544294635585,0.0,0.8678201225673363,0.8317708333333332,1.0191503922980518,0.9761028444174511,-0.04304754788060072,0.9684027777777778,0.944060354149959,0.944060354149959,0.2069313924981543,0.7009832826439013,,0.0,0.4,0.2,0.4,COMPLETE
5,0.22263204781055895,2026-09-28 12:40:15.052795,2026-09-28 12:41:00.762803,0 days 00:00:45.710008,1024,256,0.0019212959255386383,2,1000,1.0,5000,0.9132586638407939,1.8681915866543033,0.0,0.8883480819203969,0.8634375,1.0572060225796733,0.9761028444174511,-0.08110317816222223,0.8778472222222222,0.9179589544103726,0.9179589544103726,0.22263204781055895,0.6635359247879993,,0.0,0.4,0.2,0.4,COMPLETE
6,0.2064849649248803,2026-09-28 12:41:00.763180,2026-09-28 12:41:30.020851,0 days 00:00:29.257671,256,256,2.2340165853190065e-05,2,100,1.0,5000,0.8930648018558365,2.376664923120881,0.0,0.8664282342612515,0.8397916666666666,1.1218198896364833,0.9761028444174511,-0.14571704521903217,0.9685590277777778,0.9461595666359576,0.9461595666359576,0.2064849649248803,0.7004316438981015,,0.0,0.4,0.2,0.4,COMPLETE
7,0.20498144586554348,2026-09-28 12:41:30.021166,2026-09-28 12:42:07.802742,0 days 00:00:37.781576,256,128,1.5255188579331379e-05,4,100,1.0,5000,0.9010279256556393,2.3697164982243977,0.0,0.8666077128278198,0.8321875000000002,1.0236414600363728,0.9761028444174511,-0.0475386156189217,0.9773784722222223,0.9346034659439626,0.9346034659439626,0.20498144586554348,0.7083081963279223,,0.0,0.4,0.2,0.4,COMPLETE
8,0.21955128379074557,2026-09-28 12:42:07.803193,2026-09-28 12:43:25.604507,0 days 00:01:17.801314,256,128,0.0015766436357943082,4,1000,1.0,10000,0.901384041407796,2.1645066504964188,0.0,0.8895982707038981,0.8778125,1.0644909596840135,0.9761028444174511,-0.08838811526656243,0.9254513888888889,0.9376185733012535,0.9376185733012535,0.21955128379074557,0.6814401224540684,,0.0,0.4,0.2,0.4,COMPLETE
9,0.20696459022237856,2026-09-28 12:43:25.604851,2026-09-28 12:44:14.025210,0 days 00:00:48.420359,1024,128,1.8503766823590136e-05,4,1000,1.0,5000,0.9002510512335913,2.3176633247328677,0.0,0.867677608950129,0.8351041666666669,1.022336843135299,0.9761028444174511,-0.046233998717847946,0.9683854166666667,0.9455348051498936,0.9455348051498936,0.20696459022237856,0.7005322667883653,,0.0,0.4,0.2,0.4,COMPLETE
