number,value,datetime_start,datetime_complete,duration,params_batch_size,params_default_distribution,params_discriminator_dim,params_discriminator_lr,params_epochs,params_generator_dim,params_generator_lr,params_pac,user_attrs_corr_similarity,user_attrs_dcr,user_attrs_dcr_norm,user_attrs_fidelity,user_attrs_ks_similarity,user_attrs_mean_f1_gap,user_attrs_mean_trtr_f1,user_attrs_mean_tstr_f1,user_attrs_mia_auc,user_attrs_nndr,user_attrs_nndr_norm,user_attrs_objective,user_attrs_privacy_risk,user_attrs_sdv_quality,user_attrs_utility,user_attrs_w_fidelity,user_attrs_w_privacy_risk,user_attrs_w_utility,state
0,0.2949507683306326,2026-08-19 14:03:50.441531,2026-08-19 14:04:23.270910,0 days 00:00:32.829379,100,norm,"[256, 256, 256]",2.0511104188433963e-05,350,"[256, 256]",2.0513382630874486e-05,1,0.7863525828974836,2.49206871346806,0.0,0.7449270142241995,0.7035014455509155,0.6537586353176743,0.9411162314388121,0.2873575961211377,0.9856055363321798,0.9507328400206757,0.9507328400206757,0.2949507683306326,0.7075829161598872,,0.3462413646823257,0.4,0.2,0.4,COMPLETE
1,0.33926251675936686,2026-08-19 14:04:23.271795,2026-08-19 14:04:49.571428,0 days 00:00:26.299633,100,beta,"[256, 256, 256]",8.168455894760161e-05,300,"[128, 128]",5.4041038546473305e-05,10,0.7837370295583105,2.532815638447103,0.0,0.8089902622895953,0.8342434950208801,0.6057520720178347,0.9411162314388121,0.33536415942097736,0.9929411764705883,0.9543559716286907,0.9543559716286907,0.33926251675936686,0.710163796746687,,0.39424792798216535,0.4,0.2,0.4,COMPLETE
2,0.3338627958693533,2026-08-19 14:04:49.571967,2026-08-19 14:05:19.931837,0 days 00:00:30.359870,500,norm,"[256, 256]",0.000658628931758311,600,"[256, 256]",1.1715937392307055e-05,1,0.8062072373843115,2.3528009520947397,0.0,0.8428723305456732,0.8795374237070349,0.666068146109209,0.9411162314388121,0.27504808532960306,0.9364705882352942,0.9464696819716166,0.9464696819716166,0.3338627958693533,0.6842943895261622,,0.33393185389079105,0.4,0.2,0.4,COMPLETE
3,0.489090260902823,2026-08-19 14:05:19.932468,2026-08-19 14:05:30.763634,0 days 00:00:10.831166,500,truncnorm,"[256, 256]",0.00045443839603360173,200,"[256, 256, 256]",3.488976654890367e-05,1,0.8096693596635123,2.3890585945303244,0.0,0.8556859487042263,0.9017025377449404,0.2821837850187788,0.9411162314388121,0.6589324464200332,0.9743944636678201,0.9521473632570994,0.9521473632570994,0.489090260902823,0.7015530228567803,,0.7178162149812213,0.4,0.2,0.4,COMPLETE
4,0.5446752313759212,2026-08-19 14:05:30.764306,2026-08-19 14:05:59.374168,0 days 00:00:28.609862,200,gamma,"[256, 256]",0.00017643967683381525,650,"[128, 128]",0.0005323617594751496,1,0.8209897769144388,2.041186103654305,0.0,0.8297046539567375,0.8384195309990363,0.11570414352672409,0.9411162314388121,0.8254120879120879,0.9594463667820069,0.916994398035274,0.916994398035274,0.5446752313759212,0.7046248639804213,,0.8842958564732759,0.4,0.2,0.4,COMPLETE
5,0.3269239668730455,2026-08-19 14:05:59.375196,2026-08-19 14:06:37.643557,0 days 00:00:38.268361,100,norm,"[128, 128]",1.1557352816269867e-05,450,"[128, 128]",1.6435497475111308e-05,1,0.7967994540999068,3.610345306212175,0.0,0.6674328141042418,0.5380661741085769,0.49559109022934805,0.9411162314388121,0.445525141209464,1.0,0.9697879553847993,0.9697879553847993,0.3269239668730455,0.7090636133845603,,0.5044089097706519,0.4,0.2,0.4,COMPLETE
6,0.2420865690756348,2026-08-19 14:06:37.644091,2026-08-19 14:07:22.513385,0 days 00:00:44.869294,100,beta,"[256, 256, 256]",0.00011986281799901183,550,"[256, 256]",0.0006097025297491432,5,0.7765129443391682,2.464526719385705,0.0,0.7649027940455879,0.7532926437520078,0.8031851969560534,0.9411162314388121,0.13793103448275862,0.9939100346020762,0.9465088950004761,0.9465088950004761,0.2420865690756348,0.7130023488008952,,0.1968148030439466,0.4,0.2,0.4,COMPLETE
7,0.40536923932709834,2026-08-19 14:07:22.513857,2026-08-19 14:07:49.971191,0 days 00:00:27.457334,100,norm,"[128, 128]",5.336533066379606e-05,350,"[128, 128]",0.0002547052623339115,5,0.7927724051462974,2.711869064659919,0.0,0.764841069261231,0.7369097333761645,0.3965811333054922,0.9411162314388121,0.5445350981333198,0.9970934256055363,0.9629101250892753,0.9629101250892753,0.40536923932709834,0.7096736752759856,,0.6034188666945077,0.4,0.2,0.4,COMPLETE
8,0.310679850367646,2026-08-19 14:07:49.971909,2026-08-19 14:08:00.072835,0 days 00:00:10.100926,200,gamma,"[256, 256]",0.00033361013094697806,200,"[256, 256]",0.00022093834415066264,5,0.7971498010939265,3.2388975293272444,0.0,0.753698575458624,0.7102473498233214,0.6224909953364455,0.9411162314388121,0.31862523610236654,0.9910034602076124,0.9549527389922642,0.9549527389922642,0.310679850367646,0.7090159084061269,,0.3775090046635545,0.4,0.2,0.4,COMPLETE
9,0.3237495895474136,2026-08-19 14:08:00.073480,2026-08-19 14:08:07.964734,0 days 00:00:07.891254,500,beta,"[256, 256, 256]",0.00024092145436664767,100,"[256, 256]",2.2321987366901545e-05,1,0.7953488811427083,2.7950716598571557,0.0,0.8016256130737633,0.8079023450048184,0.6388942421295153,0.9411162314388121,0.3022219893092967,0.9842214532871971,0.9513197749739007,0.9513197749739007,0.3237495895474136,0.7067147941514282,,0.3611057578704847,0.4,0.2,0.4,COMPLETE
10,0.41692138734529083,2026-08-19 14:08:07.965339,2026-08-19 14:08:44.443989,0 days 00:00:36.478650,200,gamma,"[256, 256]",3.5266643547961975e-05,800,"[256, 256, 256]",9.007312889255122e-05,10,0.7835424573754258,2.925544460400476,0.0,0.7790182572774977,0.7744940571795695,0.3815705091342833,0.9411162314388121,0.5595457223045288,0.9943252595155709,0.9562469006593685,0.9562469006593685,0.41692138734529083,0.7102885595599748,,0.6184294908657166,0.4,0.2,0.4,COMPLETE
11,0.5403229154771215,2026-08-19 14:08:44.444996,2026-08-19 14:09:21.861154,0 days 00:00:37.416158,200,truncnorm,"[256, 256]",0.0007791470666172787,800,"[256, 256, 256]",0.0009547981240330119,1,0.8821665514760453,1.7539803807883763,0.0,0.8429464302513539,0.8037263090266624,0.13542615879958686,0.9411162314388121,0.8056900726392252,0.987128027681661,0.9337934944096781,0.9337934944096781,0.5403229154771215,0.7134259655179271,,0.8645738412004131,0.4,0.2,0.4,COMPLETE
12,0.49529658504464014,2026-08-19 14:09:21.861720,2026-08-19 14:09:57.292490,0 days 00:00:35.430770,200,truncnorm,"[256, 256]",0.0008340811494009137,800,"[256, 256, 256]",0.0008568137966118563,1,0.8523866113851528,1.8895854487883001,0.0,0.809746148609377,0.7671056858336012,0.21606915045952768,0.9411162314388121,0.7250470809792843,0.9698269896193771,0.9134747457773019,0.9134747457773019,0.49529658504464014,0.710871071076498,,0.7839308495404723,0.4,0.2,0.4,COMPLETE
13,0.520512054762045,2026-08-19 14:09:57.293402,2026-08-19 14:10:27.984639,0 days 00:00:30.691237,200,gamma,"[256, 256]",0.00016425863136152204,650,"[256, 256, 256]",0.0003933844222174345,1,0.8361213641408942,2.989684235348164,0.0,0.7890854170527792,0.7420494699646643,0.13496389691506996,0.9411162314388121,0.806152334523742,0.9864359861591696,0.9584507553813025,0.9584507553813025,0.520512054762045,0.7056827664651941,,0.8650361030849301,0.4,0.2,0.4,COMPLETE
14,0.5055853069833035,2026-08-19 14:10:27.985237,2026-08-19 14:10:58.355299,0 days 00:00:30.370062,200,truncnorm,"[256, 256]",0.0009929803273512783,700,"[128, 128]",0.0009883835191592137,10,0.8179623422176753,2.475583579671108,0.0,0.8241755173985903,0.8303886925795054,0.21214187246445304,0.9411162314388121,0.728974358974359,0.9572318339100346,0.9415838733442004,0.9415838733442004,0.5055853069833035,0.6961407549517572,,0.787858127535547,0.4,0.2,0.4,COMPLETE
15,0.5537115174528132,2026-08-19 14:10:58.356014,2026-08-19 14:11:30.042093,0 days 00:00:31.686079,200,truncnorm,"[256, 256]",0.00023895253706027953,700,"[256, 256, 256]",0.00015826670367907321,1,0.8628164891463531,2.3061405207271566,0.0,0.8456388902525854,0.8284612913588177,0.12248980851828588,0.9411162314388121,0.8186264229205261,0.9162629757785468,0.9346363722824657,0.9346363722824657,0.5537115174528132,0.6777405762045337,,0.8775101914817142,0.4,0.2,0.4,COMPLETE
16,0.3253180881046924,2026-08-19 14:11:30.043390,2026-08-19 14:11:53.461757,0 days 00:00:23.418367,200,gamma,"[128, 128]",0.00019690982560035172,500,"[128, 128]",0.00010505049485248214,1,0.7965691034275482,2.4391864389189317,0.0,0.8253645388644326,0.8541599743013172,0.6684811452444036,0.9411162314388121,0.27263508619440824,0.9453287197231834,0.9516267104833205,0.9516267104833205,0.3253180881046924,0.6871763467165957,,0.3315188547555964,0.4,0.2,0.4,COMPLETE
17,0.42244436458522416,2026-08-19 14:11:53.463567,2026-08-19 14:12:24.881722,0 days 00:00:31.418155,200,truncnorm,"[256, 256]",0.00010766071937007403,700,"[128, 128]",0.0001557660422186356,1,0.797158449936999,2.5480805416665637,0.0,0.826944146266283,0.8567298425955671,0.41750880438310906,0.9411162314388121,0.523607427055703,0.9815916955017301,0.947156623035459,0.947156623035459,0.42244436458522416,0.7066488608402273,,0.582491195616891,0.4,0.2,0.4,COMPLETE
18,0.5685300211535939,2026-08-19 14:12:24.882751,2026-08-19 14:12:57.740867,0 days 00:00:32.858116,200,gamma,"[256, 256]",0.0003479905481396287,700,"[256, 256, 256]",0.00033729496029479456,10,0.8381683162786371,2.493054601085605,0.0,0.8106678394756501,0.7831673626726631,0.042950513538748826,0.9411162314388121,0.8981657179000632,0.9540484429065744,0.9474655844915127,0.9474655844915127,0.5685300211535939,0.6927845461058334,,0.9570494864612512,0.4,0.2,0.4,COMPLETE
19,0.43788474761519736,2026-08-19 14:12:57.741511,2026-08-19 14:13:29.861299,0 days 00:00:32.119788,200,gamma,"[128, 128]",0.00044958921656498,700,"[256, 256, 256]",0.0002925764756094048,10,0.8010506293419615,3.232924010381876,0.0,0.7933939301544373,0.7857372309669131,0.34676824414213775,0.9411162314388121,0.5943479872966743,0.9820069204152249,0.9572527541966672,0.9572527541966672,0.43788474761519736,0.7038276339486123,,0.6532317558578622,0.4,0.2,0.4,COMPLETE
