number,value,datetime_start,datetime_complete,duration,params_batch_size,params_epochs,params_hidden_dim,params_lambda_gp,params_latent_dim,params_lr,params_n_critic,user_attrs_corr_similarity,user_attrs_dcr,user_attrs_dcr_norm,user_attrs_fidelity,user_attrs_ks_similarity,user_attrs_mean_f1_gap,user_attrs_mean_trtr_f1,user_attrs_mean_tstr_f1,user_attrs_mia_auc,user_attrs_nndr,user_attrs_nndr_norm,user_attrs_objective,user_attrs_privacy_risk,user_attrs_sdv_quality,user_attrs_utility,user_attrs_w_fidelity,user_attrs_w_privacy_risk,user_attrs_w_utility,state
0,0.22854770891131124,2026-08-20 10:59:03.170584,2026-08-20 10:59:26.093546,0 days 00:00:22.922962,32,900,128,5.034443102887247,128,0.00044447541666908124,9,0.9349621312839063,1.3492034875253396,0.0,0.877053825038034,0.8191455187921618,0.9411162314388121,0.9411162314388121,0.0,0.9994463667820069,0.9019551358303864,0.9019551358303864,0.22854770891131124,0.7291366426418875,,0.05888376856118793,0.4,0.2,0.4,COMPLETE
1,0.17081627969940702,2026-08-20 10:59:26.093731,2026-08-20 10:59:29.561885,0 days 00:00:03.468154,128,500,256,10.770454329858621,64,0.0002157696745589684,2,0.7318138868851973,1.7219158381022253,0.0,0.727134055553103,0.7224542242210087,0.9411162314388121,0.9411162314388121,0.0,1.0,0.9401525008948447,0.9401525008948447,0.17081627969940702,0.7179542497315465,,0.05888376856118793,0.4,0.2,0.4,COMPLETE
2,0.1031655077446404,2026-08-20 10:59:29.562072,2026-08-20 10:59:38.116780,0 days 00:00:08.554708,64,1300,256,10.408361292114133,64,5.595074635794791e-05,2,0.6633635128362307,1.5971157582969018,0.0,0.5613637352167019,0.4593639575971731,0.9411162314388121,0.9411162314388121,0.0,1.0,0.917775103891407,0.917775103891407,0.1031655077446404,0.7246674688325778,,0.05888376856118793,0.4,0.2,0.4,COMPLETE
3,0.12086622343008072,2026-08-20 10:59:38.116981,2026-08-20 10:59:41.678112,0 days 00:00:03.561131,32,200,64,18.51561046543922,64,0.0003313483615508946,6,0.7023182893054974,1.3758985946797473,0.0,0.6007576027317721,0.4991969161580469,0.9411162314388121,0.9411162314388121,0.0,1.0,0.9501612485482778,0.9501612485482778,0.12086622343008072,0.7149516254355166,,0.05888376856118793,0.4,0.2,0.4,COMPLETE
4,-0.03776861037660412,2026-08-20 10:59:41.678304,2026-08-20 10:59:43.080819,0 days 00:00:01.402515,256,300,128,19.75085179540983,64,0.0002306261812167793,1,0.25557125554089843,8.800656252838746,0.0,0.19797515555715017,0.14037905557340188,0.9411162314388121,0.9411162314388121,0.0,1.0,0.9914636662676773,0.9914636662676773,-0.03776861037660412,0.7025609001196969,,0.05888376856118793,0.4,0.2,0.4,COMPLETE
5,0.22756724385893504,2026-08-20 10:59:43.081003,2026-08-20 11:00:02.205693,0 days 00:00:19.124690,128,1600,256,2.207608655434449,64,0.0001145420156259939,4,0.9322484659936056,1.3090542185459415,0.0,0.873448357635415,0.8146482492772243,0.9411162314388121,0.9411162314388121,0.0,1.0,0.9105732230048982,0.9105732230048982,0.22756724385893504,0.7268280330985306,,0.05888376856118793,0.4,0.2,0.4,COMPLETE
6,0.1779042472081194,2026-08-20 11:00:02.205893,2026-08-20 11:00:14.407082,0 days 00:00:12.201189,256,700,256,9.123279348812442,128,6.90150658179192e-05,6,0.759886490754782,1.5083410227739946,0.0,0.7475950282235201,0.7353035656922582,0.9411162314388121,0.9411162314388121,0.0,1.0,0.9218788082372704,0.9218788082372704,0.1779042472081194,0.723436357528819,,0.05888376856118793,0.4,0.2,0.4,COMPLETE
7,0.12617443180730295,2026-08-20 11:00:14.407285,2026-08-20 11:00:16.458850,0 days 00:00:02.051565,128,200,128,4.0632044578260835,64,1.3514082247401414e-05,3,0.7551884483136748,1.0653295141182795,0.0,0.6247834307100016,0.4943784131063284,0.9411162314388121,0.9411162314388121,0.0,1.0,0.8784592016471183,0.8784592016471183,0.12617443180730295,0.7364622395058644,,0.05888376856118793,0.4,0.2,0.4,COMPLETE
8,0.07037306266673485,2026-08-20 11:00:16.459046,2026-08-20 11:00:33.718375,0 days 00:00:17.259329,128,1900,128,9.11504798389887,64,1.5380658115982014e-05,3,0.6100763041995568,1.7426472603729215,0.0,0.4728826750679763,0.33568904593639576,0.9411162314388121,0.9411162314388121,0.0,1.0,0.9611080869178192,0.9611080869178192,0.07037306266673485,0.7116675739246543,,0.05888376856118793,0.4,0.2,0.4,COMPLETE
9,0.14815701330447434,2026-08-20 11:00:33.718571,2026-08-20 11:00:53.303249,0 days 00:00:19.584678,32,1700,64,19.463859571698254,128,0.00015646172845245517,4,0.7511752072118625,1.9099186832223414,0.0,0.6717649245182344,0.5923546418246064,0.9411162314388121,0.9411162314388121,0.0,0.9997231833910035,0.9311642401967627,0.9311642401967627,0.14815701330447434,0.7205123196364729,,0.05888376856118793,0.4,0.2,0.4,COMPLETE
10,0.1258983085411788,2026-08-20 11:00:53.303445,2026-08-20 11:01:20.636897,0 days 00:00:27.333452,32,1000,128,14.876971008933179,32,3.085303885624063e-05,10,0.7573527781049603,1.2789425613266894,0.0,0.616228589502207,0.4751044008994539,0.9411162314388121,0.9411162314388121,0.0,1.0,0.9308894219303467,0.9308894219303467,0.1258983085411788,0.7207331734208959,,0.05888376856118793,0.4,0.2,0.4,COMPLETE
11,0.22677940872554092,2026-08-20 11:01:20.637093,2026-08-20 11:01:58.956237,0 days 00:00:38.319144,64,1400,256,1.6326934084567155,128,0.00011120357873223684,10,0.9402812823057597,1.3832719025962334,0.0,0.8718431788978205,0.8034050754898812,0.9411162314388121,0.9411162314388121,0.0,1.0,0.908143829032293,0.908143829032293,0.22677940872554092,0.7275568512903121,,0.05888376856118793,0.4,0.2,0.4,COMPLETE
12,0.22148995967726123,2026-08-20 11:01:58.956438,2026-08-20 11:02:21.374853,0 days 00:00:22.418415,32,1000,256,4.6586726811965065,32,0.0003850035490253294,8,0.9462247960832928,1.3556490990082997,0.0,0.859556342789478,0.7728878894956632,0.9411162314388121,0.9411162314388121,0.0,1.0,0.9018985856165803,0.9018985856165803,0.22148995967726123,0.7294304243150258,,0.05888376856118793,0.4,0.2,0.4,COMPLETE
13,0.22935615254449374,2026-08-20 11:02:21.375046,2026-08-20 11:02:46.678025,0 days 00:00:25.302979,128,1500,128,5.315641221366691,128,0.0004621829569039802,6,0.9457940503499608,1.3080126217539452,0.0,0.8786149821296865,0.811435913909412,0.9411162314388121,0.9411162314388121,0.0,1.0,0.9059442044690663,0.9059442044690663,0.22935615254449374,0.7282167386592802,,0.05888376856118793,0.4,0.2,0.4,COMPLETE
14,0.22726978550551333,2026-08-20 11:02:46.678221,2026-08-20 11:03:08.808127,0 days 00:00:22.129906,128,1000,128,6.374560572211356,128,0.0004179685398527039,8,0.9554078836841015,1.3458978791035574,0.0,0.8750698268404445,0.7947317699967876,0.9411162314388121,0.9411162314388121,0.0,0.9998615916955018,0.8945751085735087,0.8945751085735087,0.22726978550551333,0.7315582632756983,,0.05888376856118793,0.4,0.2,0.4,COMPLETE
15,0.2277829783140415,2026-08-20 11:03:08.808323,2026-08-20 11:03:52.341730,0 days 00:00:43.533407,32,2000,128,6.498322263774091,128,0.0004922695681401978,8,0.9478739599660613,1.3000406290422168,0.0,0.8769244518750963,0.8059749437841311,0.9411162314388121,0.9411162314388121,0.0,0.9999999999999999,0.8909948356587976,0.8909948356587976,0.2277829783140415,0.7327015493023608,,0.05888376856118793,0.4,0.2,0.4,COMPLETE
16,0.23326777427502268,2026-08-20 11:03:52.341923,2026-08-20 11:04:14.412928,0 days 00:00:22.071005,64,1300,128,7.27847593638622,128,0.00025944044444662625,6,0.9576948760584214,1.4074632290305737,0.0,0.8877777303517291,0.8178605846450367,0.9411162314388121,0.9411162314388121,0.0,1.0,0.9100529118309303,0.9100529118309303,0.23326777427502268,0.7269841264507209,,0.05888376856118793,0.4,0.2,0.4,COMPLETE
17,0.22606552638728916,2026-08-20 11:04:14.413131,2026-08-20 11:04:36.849770,0 days 00:00:22.436639,64,1300,128,13.14990085914668,128,0.000241548109379025,6,0.9435299417380798,1.3857580502948248,0.0,0.8700945564777774,0.7966591712174751,0.9411162314388121,0.9411162314388121,0.0,1.0,0.9079032728617169,0.9079032728617169,0.22606552638728916,0.7276290181414848,,0.05888376856118793,0.4,0.2,0.4,COMPLETE
18,0.1988703229380864,2026-08-20 11:04:36.849964,2026-08-20 11:04:59.851647,0 days 00:00:23.001683,64,1600,64,7.460629950216667,128,0.0001467154585567269,5,0.8349934446195368,1.5334849753985167,0.0,0.8016920323001314,0.768390619980726,0.9411162314388121,0.9411162314388121,0.0,1.0,0.910666709892645,0.910666709892645,0.1988703229380864,0.7267999870322066,,0.05888376856118793,0.4,0.2,0.4,COMPLETE
19,0.22172364904037303,2026-08-20 11:04:59.851842,2026-08-20 11:05:27.225594,0 days 00:00:27.373752,64,1400,128,12.920976705684382,32,0.00027647542322473367,7,0.9380251289483222,1.3123303487591766,0.0,0.8607568625788833,0.7834885962094442,0.9411162314388121,0.9411162314388121,0.0,1.0,0.8977899430724092,0.8977899430724092,0.22172364904037303,0.7306630170782773,,0.05888376856118793,0.4,0.2,0.4,COMPLETE
